1.972131137377773680e+00
2.068515306426394140e+00
-4.269718591757907689e+00
-3.845050160921956728e-01
-7.691858955448017454e+00
-1.987494484793229432e+00
-1.726582299488389927e+00
4.212836422346208032e+00
2.029443579432812950e+00
2.031618425538803674e+00
3.398347407226326444e-01
2.034066568574532941e+00
-3.077021662156017578e-01
1.351302021589007474e+00
1.919307549580171024e+00
-3.256486316809393156e+00
-4.870183288023440249e-01
2.242819771101691728e+00
2.930797707217128067e+00
-2.087655774730709624e+00
2.060103923097979184e+00
3.718268683891747806e+00
-1.353254242080109471e+00
2.067265584040034909e+00
1.847998718835069942e+00
7.602815680762490480e+00
-3.208763289687686537e+00
-7.578776269270637300e-01
-2.087935065205228202e+00
3.111864322071876687e-01
9.764256087540180706e-01
1.884012222126935754e+00
6.120497900009813641e-01
-2.087255502326803125e+00
-1.969182557239268938e+00
1.462674701471931682e+00
-3.546302196254982331e+00
-1.418581102061051924e+00
-1.513155875574813791e+00
-5.414028703405842968e+00
4.446259784729867270e+00
6.731849405111351992e-01
2.003867476942215120e+00
2.774785786109341235e+00
-1.764209229956828828e+00
4.832164517850871199e+00
3.481754260251927469e-01
1.939667802783249240e+00
-6.131246949221735854e+00
2.184779296818158745e+00
1.980317945429019177e+00
-1.335498135330762004e+00
-4.292804772636189981e+00
3.173659724283062644e+00
1.871604934369069939e+00
2.058883103836480544e+00
-2.774507851080999288e+00
-1.971645296855335516e+00
2.086060303362792023e+00
1.981856044795492711e+00
-1.523497262185367074e+00
-2.925832270864679785e+00
2.005690045780390562e+00
-2.754919110480668065e-01
2.085047982762288754e+00
-1.460040016502911486e+00
-4.079138691813050777e+00
2.021744110019677354e+00
-3.271890586693132263e+00
1.731032951877426562e+00
2.399345471738994817e+00
7.446727849246861375e-01
-2.374138266603922354e+00
1.879176295343545133e+00
-2.805483249234294596e-01
-1.656298516334446358e+00
-2.755794888074247773e+00
1.070229471318256964e-01
-1.519950660996869818e+00
2.075957499662170136e+00
1.736066831675777689e+00
1.858555870264075205e+00
2.054231509014956103e+00
2.087955247056729746e+00
1.914453770971924040e+00
-1.187287355438213954e+00
3.180443855695402888e-01
1.989867141271087547e+00
-2.081046834395846368e+00
4.653247584906506917e-01
-1.144234406200316467e+00
1.274877735695018277e+00
-1.953301639053097283e+00
3.446247505108596343e+00
2.002966970172987970e+00
1.248544434989986129e+00
1.952396967249386828e+00
1.972244305705671996e+00
-2.577015446453900793e+00
-1.093600720578377539e+00
1.959444519481017721e+00
2.126133930654499959e+00
2.953528813768546701e-01
-2.159261220357350020e+00
-7.039961635650308303e+00
4.062441402870765050e-01
4.955716162604827391e-01
1.970335343284718377e+00
-1.966080524820910780e+00
1.981503063862571246e+00
1.893283406702604088e+00
1.904817721492352511e+00
1.359276377578168438e+00
2.002781426122327346e+00
2.339937971686447682e+00
-2.086549676312816182e+00
1.896187420119080036e+00
2.090092650119770745e+00
2.062986977359251295e+00
1.410180912305798895e+00
4.136789993091122497e+00
-3.439825466316615454e+00
3.105048982647449218e+00
1.478828794649438283e+00
1.871939455780907036e+00
-2.105531494168544793e+00
-3.029032443559278143e+00
1.684568474971259278e+00
1.133812793215873027e+00
4.115458258331468500e+00
2.066983289557247971e+00
1.950241103053251379e+00
1.156277212721938952e+00
5.589046773391985745e-01
1.070277613857091747e+00
1.892446649266512848e+00
-1.511351999833380422e+00
-1.849294005415608400e+00
2.009269405221993043e+00
1.871046242081680466e+00
2.030011717717486341e+00
4.404929597773152850e+00
2.020806605512771359e+00
5.610964761560292224e+00
2.367489277327686992e+00
5.524959044107556672e+00
-1.480076219085279643e+00
1.863144710724118580e+00
1.918776946290843943e+00
-3.043683368243609078e+00
1.868197694927477892e+00
1.947450890964021797e+00
-2.028164898281195061e+00
6.143231315412991833e+00
2.163721965502567901e+00
-2.006327665478891298e+00
1.901270851224241332e+00
2.191167793484941395e+00
1.534108359123958820e+00
2.169219482923324005e+00
-2.017485100676470466e+00
2.087993961845291846e+00
2.807494027096709033e+00
2.116601989504934167e+00
1.999621028674593903e+00
1.170978146004412634e+00
1.599179913462149827e+00
2.000354520155640081e+00
2.009178766204237299e+00
-1.604398996156988444e+00
1.822726017254753694e+00
-5.195391149469263503e+00
4.614157438811823830e+00
2.075446674368633282e+00
-3.697861246179679817e+00
2.112650979652055838e+00
-2.004109531277985745e+00
1.943056571902788798e+00
2.101202118353250548e+00
-1.024172482705545117e-01
-2.438202850958267387e+00
2.052024541925852041e+00
1.527500742571450409e+00
1.894300441034717952e+00
1.950305955430053695e+00
-4.493765690781781785e+00
-2.451846691021995817e+00
1.928697412732848004e+00
2.943118732296976070e+00
-5.024263839573846369e+00
2.420838188735351615e+00
-7.867911021401836624e-01
2.650742115153561368e-02
2.035454122500625740e+00
-2.688849028821617138e-01
1.727696187870806366e+00
2.328910191098462423e+00
5.380966157210941958e+00
-1.412013660102187984e+00
-2.795818186650014248e+00
1.915228999533225673e+00
-3.225322659767007605e-01
3.162786938808188619e-01
2.211256095265384580e+00
-2.407562172528381339e+00
2.015445722184955102e+00
-1.920242704140999068e+00
1.119436096578796835e+00
1.896950029242841396e+00
2.597408711509352486e+00
2.608277076372107040e+00
1.135601499071047238e-01
1.902973494596408965e+00
8.906385318873766277e-02
6.254048779295438010e-01
-1.434351353014296837e+00
1.761239052772837876e+00
1.800081073168907642e+00
1.774994751672459792e+00
2.743604622550142036e+00
-3.065687196670314307e+00
-1.966795823311065838e+00
1.841575583575899788e+00
2.054669439117843499e+00
-1.633615072134433133e+00
-1.890533020930122099e+00
2.061589336018993190e+00
2.054212963903638833e+00
2.000607406826876433e-01
2.107393947223608954e+00
-8.770627583998347188e-01
1.935911768825517409e+00
-2.020975330779490431e+00
2.018513463824814114e+00
2.001863716974644714e+00
2.064809815710886287e+00
-3.903964572899604413e+00
2.064695345679834482e+00
-2.023895608612140684e+00
1.946765158823209996e+00
2.095852689070917929e+00
1.988712828382541487e+00
2.073436655030089337e+00
6.193236449051893189e+00
1.572066893626664075e-01
-2.385399666032573585e+00
-9.353492865945553514e-02
2.254997430314596762e+00
5.175357437314001885e+00
2.127405422445573624e+00
-5.253237503626966287e-01
2.820448189386521420e+00
1.923377533389557748e+00
2.698200559871070325e+00
5.128201713884063651e+00
-1.878605030592062075e+00
9.492037831431814343e-01
-2.005811119937011444e+00
1.383582027604996378e+00
2.049633943769098909e+00
-1.824738193062621860e+00
-6.785016476690249876e-01
-1.957500757142290659e+00
1.904300231258609255e+00
4.365691212277837963e+00
-1.844683135293417653e+00
4.311727642280043682e+00
6.490223165501219915e-01
-2.053371364433884239e+00
5.250177364907357536e+00
-8.278283221837426931e-01
-1.003467591386734981e+01
-1.322395729549671772e+00
5.310001812659686848e+00
7.948225045416755563e+00
1.857351277815488144e+00
1.874059453929509900e+00
1.893325490379447196e+00
2.787225840458274102e-03
2.057042822755340783e+00
1.978606085883071852e+00
2.019375793365919769e+00
-6.186298587416325656e-01
4.409489792789733187e+00
-2.925273856965429076e+00
5.608956098891366260e+00
8.322602655788233772e-01
1.806183112517800504e+00
2.065430453782978404e+00
1.910665930968201476e+00
2.041412555537979401e+00
2.025102515531677749e+00
8.476170283118091842e-01
1.843446243363400239e+00
2.109454424849074528e+00
-1.902804272881297942e+00
-2.355758238953807648e+00
1.876428350409758083e+00
2.109177642137538555e+00
-4.832187352495770583e+00
-1.460088044004260732e+00
-1.971007967841224229e+00
-2.051908484925031750e+00
1.516043450459417130e+00
-1.899947201744013547e+00
2.053902567946856106e+00
4.719561322398369896e+00
-1.890036163631954480e+00
-3.593531301218496399e+00
5.849582246104670702e+00
-2.031057946995667773e+00
-8.906882583625892025e+00
1.761315507466506114e+00
5.654520710983226728e+00
-2.137915948910335651e+00
1.777674576399717488e+00
-1.894824024208604962e+00
2.072624546624751929e+00
1.608776038272495601e+00
-2.252094077580751641e+00
-4.541886929057692868e+00
2.063685507807362374e+00
-5.428322313374192021e+00
1.982987611522092353e+00
2.069739614270282857e+00
-2.390796024861560731e+00
6.589739632504312716e+00
1.917151236183497698e+00
1.995946641214300321e+00
7.004544096179612822e+00
4.895685023617472709e+00
1.987640960464892581e+00
1.925802950622339083e+00
-2.144381001881547455e+00
5.791537392742210244e+00
2.452233448576005781e+00
2.475312506066053686e+00
1.961001690144593690e+00
1.883135282100165231e+00
-9.266059720034387492e-01
4.086753530857554217e-01
-6.421986000047144039e-01
2.195217842411248288e+00
-4.989077009207898428e+00
-2.023649524414309564e+00
1.994192385241398302e+00
-8.541395988552820118e-01
2.433622498122131717e+00
-1.001967584038157888e+00
5.979309069103215357e+00
5.091417222018554511e+00
1.922274691903629318e+00
2.292507136412035518e+00
2.056554743443719246e+00
2.094327362817526517e+00
1.975772716229394765e+00
1.396607636923728357e+00
2.049738102396517547e+00
1.968321189514045999e+00
1.902104379665209732e+00
1.399965350074697357e+00
1.979148082158198374e+00
-2.074041626110429415e-01
1.895405860707475298e+00
-1.334893624290175163e-01
1.976006261812325082e+00
5.624082736099825119e+00
-6.302418531405782787e+00
-9.230990726428085491e-01
-1.833158777504952042e+00
2.672233811556570693e+00
-5.989970046493494626e-01
2.460953732537775052e-01
3.688675524727127009e+00
1.841297936179175698e+00
-1.061796101607080489e+00
-2.082087591540011662e+00
2.066356821483672057e+00
-4.764845755960122275e+00
-2.071396491171314302e+00
-1.648028737619607220e+00
1.994549865781035880e+00
2.745105037467022058e+00
2.160477974794434264e+00
2.027237525508016169e+00
5.570526921922857255e+00
2.806409182125457757e+00
-4.045652448089335884e+00
2.043117396016438825e+00
1.887044568216472928e+00
-2.006350099034950318e+00
-1.300755735666852431e+00
3.264430108426426891e+00
2.264327515740071739e+00
-2.124505682713450305e+00
1.862052264875049268e+00
2.074290891262159597e+00
1.932041860380557363e+00
-7.453231454288682833e+00
-3.089175797053410832e+00
1.969551880262477628e+00
-2.302959482841409944e+00
1.937150425314234425e+00
-2.843211838115043300e+00
3.703099132197356091e+00
3.593497937990461466e+00
1.906767418657713709e+00
2.027634983747863551e+00
-5.856982799437357556e+00
-2.012035662842634576e+00
2.134545208661719595e+00
-2.409267578381074415e+00
-5.781882100749953679e+00
1.946692206741834630e+00
3.336009871089465895e-01
1.973388902321925320e+00
2.027182809947818409e+00
1.830833484804789357e+00
1.951591065085151788e+00
2.010014244703257180e+00
4.470030001678426679e-01
1.889933645813218988e+00
-2.836572969816096190e+00
-2.688550243445281041e+00
1.080727114895123186e+00
-3.449143485856360769e+00
7.666771323009304862e-01
-1.008064959179753306e-01
1.993187802446890755e+00
-1.388555848362956535e+00
3.584550157797034009e-01
1.940279697317886631e+00
-2.690864205639451612e+00
2.082959713745030417e+00
-1.951228473516921857e+00
1.128335042511572350e+00
1.351096096912885791e+00
4.018657272050896623e+00
-4.561227773381091866e-01
-4.183555648489654111e+00
-2.080232186714759735e+00
5.159830847880044757e+00
-1.953678616684355163e+00
5.068111536257736915e+00
-3.936243201877771547e+00
1.876052617147786705e+00
2.132165037024087884e+00
1.958094324649248819e+00
2.154448308046946536e+00
3.083640621150127714e+00
-3.757320531236292283e+00
-4.044113875690678483e+00
-5.864187770523565213e+00
1.845216071358973586e+00
-1.908262514561516632e+00
3.451852865667079495e+00
2.029800327173332253e+00
-5.007595993611795304e-01
1.100599798968238563e+00
1.971369040485545288e+00
-8.069740553026875318e+00
1.987404985219923370e+00
-2.071725239593848134e+00
-3.229754186619991696e+00
-3.017063557121895556e+00
-2.320142438936682261e+00
1.426654467219175548e-01
3.447883079481209201e+00
1.903466240476349380e+00
2.005968595193234894e+00
6.558091601961227868e-01
2.035589073893039114e+00
2.129771347385365665e+00
2.131544895605256063e+00
-1.676784620460180841e+00
3.889020519564239109e+00
1.739821423851188431e+00
1.928196793546719023e+00
-1.073476527067166314e-01
3.725499351998507791e+00
-7.598719073317785622e-01
-1.972988484969409928e+00
-2.946249590619797853e+00
1.889942983903063922e+00
1.604015963417191770e+00
-3.147461966461465810e+00
3.749645563017973249e+00
4.820083327366543879e-01
2.760032539952714359e+00
2.613822874615733260e-01
1.943937753645695654e+00
1.247437447900755059e+00
-8.744382143456751466e-01
-7.985865801418472187e-02
2.434981788415141235e+00
1.807822776536719189e+00
1.915876389574394878e+00
-1.093714337649493995e+00
4.063575517571842433e+00
4.347254432824160020e+00
7.795570533403175517e+00
1.886529667815215472e+00
-3.279516282418200035e+00
1.787798739745488918e-01
-6.105426028971745467e+00
3.624192693500876139e+00
-1.943784392940113737e+00
2.065872075162817900e+00
2.007208185011953638e+00
1.821779080067260193e+00
2.060712781999477272e+00
-1.266616244431508997e+00
-1.364305462956128867e+00
2.607694025103116431e+00
1.988551733516465303e+00
-2.087660886150647377e-01
1.177204425044179104e+00
2.098978596487828252e+00
2.086311078573066524e+00
-2.716699909799570989e+00
3.734357147043100511e+00
5.467032726341495952e+00
-4.336074596585008933e+00
3.776506231456596696e-01
2.382800098051095272e+00
2.001536733096252352e+00
-2.110494124988349540e+00
3.125043375317023031e+00
2.002298486925003562e+00
3.561444264309237440e+00
-7.285982488781016286e+00
-1.518034545549913794e+00
2.006617000686159447e+00
-1.068720082965551876e+00
2.176104860925782258e+00
2.074991142263076682e+00
-3.488201056041217996e+00
5.955656586228680327e-02
1.320851153264807509e+00
1.981876487039287316e+00
-7.404866821709091163e+00
2.945080481972981445e+00
2.904113673145862773e-01
2.214801514032329166e+00
-1.061798349545703735e+00
2.024023903278115544e+00
-3.295745027744995115e-01
2.182592774530698776e+00
5.973392964382311376e+00
-4.607911176308030932e+00
1.295794083633586169e+00
1.806697780522588559e+00
-2.638883923647317165e+00
-2.368184775106006335e+00
1.838452635292202597e+00
6.455880146562720245e-01
2.567695716275573581e+00
2.097909794341842993e+00
1.859606012193699698e+00
1.988779243964015064e+00
2.047522319631472243e+00
-1.946523090249062449e+00
-2.001697952502898392e+00
2.182811451733671415e+00
1.295018626468108058e+00
1.799175742478675177e+00
3.113109492573707393e-01
1.963504291708878302e+00
1.966214418662347141e+00
1.821645034156628595e+00
-2.018059803345944481e+00
-1.848745826811785564e+00
1.303714107964882185e+00
2.924857617055679704e+00
2.004575777203726705e+00
2.283965055764761942e+00
2.009305984701980741e+00
-3.558387086363608454e+00
-2.148058517741652906e+00
1.949564781795165791e+00
2.316035779403996742e+00
-2.264947415672399877e+00
-9.008644426603886757e-01
1.995524636126918772e+00
2.040670109569898028e+00
-1.707075026282275143e+00
3.972260690119149729e+00
2.007826874914944160e+00
1.867463518933015321e+00
-7.539655559796900608e-01
1.866838962873138996e+00
5.239059239836524995e+00
-1.539023362131938910e+00
1.835555418894064150e+00
1.843883355122083900e+00
1.955105063727168968e+00
2.191782835957668762e+00
2.051585431365607004e+00
2.121058525181533483e+00
2.080163500481614136e+00
4.719914811141781463e+00
-3.283140889321015887e+00
1.924596555807852383e+00
4.420564399639985709e+00
2.234276227807258319e+00
-2.078134169666915554e+00
-4.362718980284597592e+00
2.104303892726047120e+00
1.859595811735298865e+00
7.058356030212224574e+00
2.094836011186269609e+00
3.483740798789655813e+00
4.002317200359636118e+00
2.118980886665904340e+00
-8.969738315693503994e-01
2.008986116456898507e+00
1.945302638154166708e+00
1.967508999787601631e+00
4.708940015745846530e+00
8.629693769348596444e-01
-2.865436984091337180e+00
1.930380017290605155e+00
-2.413209880348512193e-01
1.872378950079535809e+00
-2.060377864260943603e+00
-7.458098389721300181e-02
8.777775336070805512e-01
2.203368464136467697e+00
1.291240725301225245e+00
1.079003490870411142e+00
-3.537653822740052689e+00
-2.192742633337658287e+00
2.122747708253563292e+00
6.193109246851880911e+00
-4.239510628658527125e+00
1.940553363526892783e+00
1.990187712945851395e+00
1.812965305503960955e+00
1.905084788202065837e+00
2.073547956510322532e+00
-1.916794932624964032e+00
1.987876361816964144e+00
8.310302325048388727e-01
1.757203645584541896e+00
4.588578942395812876e-01
2.036658623433346804e+00
-3.436647567430822114e+00
2.090745125864959864e+00
2.075902946038997943e+00
3.429141178123644274e+00
1.421429440918893450e+00
1.965382673381493195e+00
1.936319161193546634e+00
3.362342402019261045e-01
-1.990799262400012593e+00
5.032414956185224497e+00
1.943100461782240718e+00
8.234305619007502575e-01
2.117065053720523338e+00
2.031070701783498578e+00
1.783872372520237892e+00
2.554132462734084896e+00
1.856232231477171535e+00
-3.168273784851863617e+00
2.057994355238092155e+00
1.991662705831138469e+00
6.396695625911451799e+00
1.964471295157669495e+00
1.585300266238139466e+00
1.950367560412098911e+00
1.980580191989568251e+00
1.803562514578978870e+00
2.303164619703033544e+00
-1.891617942678375908e+00
-2.514770622823560231e+00
1.964590061506135354e+00
5.323476477818434915e+00
9.015243470474827436e-01
-5.482549638026158467e-01
1.877074606043093619e+00
-3.275644001778370118e+00
1.942485307637163761e+00
4.135637982751468655e+00
1.850336207483886108e-01
2.018763772603057394e+00
-1.297881479060417842e+00
1.980896494988411138e+00
-1.078352831626502084e+00
1.957625909696919075e+00
1.992577718458628855e+00
1.897093313844407936e+00
1.909275950359386798e+00
-1.233217411550205256e+00
-1.531747877823283588e+00
3.209449224924572519e+00
4.088824044481167874e+00
2.632368390782980239e+00
7.947008095579880527e-01
2.058564996327025387e+00
-5.732244025359124251e+00
-9.026806622157297344e-01
2.354903867859764688e+00
6.577522528517183886e+00
9.634815442156416943e-01
1.974176418836709468e+00
1.957852755970467484e+00
1.360364724089325739e-01
1.314328650425030443e+00
1.871846733026451437e+00
-1.708287974919713514e+00
2.081846664264739299e+00
2.121110983080107371e+00
2.009915622004663227e+00
3.917796512233934880e+00
-2.011268976435968803e+00
1.893344787237329241e+00
-2.660724768335189339e+00
2.320148542010683990e+00
1.916557041601250955e+00
-1.220249319287681544e+00
2.043790847773871544e+00
7.943816656963333944e-01
-1.839411794820045021e+00
-3.176435613353453480e+00
6.724716963385905188e+00
1.783300555639545815e+00
-1.879854028681114508e+00
-1.549741279595655830e-01
6.716477814223779319e+00
1.158635504154211349e+00
-1.264638691782941304e+00
-2.942995710923049790e-01
1.306678393931213655e+00
-2.022182105687323705e+00
-2.218483410787530641e+00
1.906583701349917392e+00
-3.917000851816649920e+00
-5.289175738221436607e-01
2.026608461375608350e+00
-2.037618928906614446e+00
1.906781669660970513e+00
1.913650842053667755e+00
2.086606490132318914e+00
1.965351458301844545e+00
3.147166638742502798e+00
-1.084785269916093364e+00
-5.389499228566215550e+00
1.918878009412448460e+00
1.973000916789308334e+00
1.993472245157829281e+00
-4.250422365390023050e-01
4.482620105083578110e+00
7.489915394883729372e-01
-4.311695932712425794e+00
2.456536854088254174e+00
-6.203105549788889839e-01
-9.634135692216834190e-01
2.140861375386422516e+00
9.333467659148673157e-01
2.043364435399488865e+00
1.969176109575117017e+00
1.991253528297628472e+00
2.088171060688065239e+00
2.602164278138313414e+00
2.006347420369819723e+00
-2.213103776287641544e+00
2.147167331380778865e+00
2.002172292690019173e+00
1.950384353491694478e+00
3.794353678104989691e-01
1.856663893544189925e+00
1.996011143818344102e+00
2.154678113402767714e+00
1.822994107371119110e+00
2.068573164121547681e+00
1.876083152672659127e+00
-4.253672915206672678e-01
1.950383165223998461e+00
1.919783515254031014e+00
2.074502289705842273e+00
1.449399821987182313e-02
-2.028628099876285340e+00
2.026115245468615544e+00
-2.000470317279593235e+00
2.118740753821243050e+00
2.027018209855274034e+00
2.001761282363542449e+00
3.091566384877977747e+00
2.025557485062719376e+00
2.139071044694731860e+00
4.144065555169120785e+00
1.995424646958493087e+00
2.081106991131445927e+00
2.167252652274540115e+00
-1.613476753804459207e-01
2.015209853767373271e+00
-6.943730720507685916e-01
-3.844164461311713743e-01
-1.739923418685388690e+00
-1.332282517378388986e+00
-1.737814408419479761e+00
2.129206923521455241e+00
2.037067155572603649e+00
-2.156393972450238561e+00
1.983688026019518880e+00
1.977813176813727258e+00
2.143670470496747527e+00
1.927633555517364483e+00
1.971459185838395634e+00
7.926538849911150209e+00
-9.004471182827487041e-01
1.963402915277197458e+00
2.022021351650409748e+00
1.943469751513671184e+00
2.130595116106668740e+00
2.001654357399003992e+00
2.161925969423939442e+00
2.106010206336301760e+00
4.503128646163149229e-01
6.993146938419415592e-01
2.004088884958952210e+00
1.998461325724105286e+00
1.925399581098645285e+00
-6.025002367418132998e-01
2.831320140376790029e+00
1.957187278411300024e+00
1.753961559502491996e+00
-2.823698479533053973e+00
-4.197423116213158778e+00
1.077329634838550154e+00
-1.897290509839990591e+00
1.971870593600340893e+00
-2.742334748331810790e+00
2.123019565698889721e+00
-2.134977948994968955e+00
-1.807475206563752046e+00
2.155101432904381831e+00
2.072160834546623587e+00
-3.344283841979623917e-01
-9.398976253401125636e-01
1.787175472785956343e+00
1.971771866014879304e+00
7.440662326279456895e-01
2.585698270607657889e+00
2.034104984918054360e+00
-2.053318410015744000e+00
-1.700799353948525994e+00
1.952179312168409675e+00
2.034553486412910228e+00
-2.122845889950954579e+00
1.580576198592598680e-01
1.900921318167445806e+00
-5.704020897790280653e-01
-7.088017413043870008e+00
4.895495586177952774e+00
2.051968951979370459e+00
-1.731334975828954015e+00
1.988391175965491975e+00
-1.170388540239451602e+00
-1.926875709253804247e+00
-6.003939390480934613e-01
-5.718260743107191901e-01
-1.853015372135135230e+00
-2.263796465968523908e-01
1.892279920258284065e+00
-7.789235023474281316e-01
-3.278581783249921777e+00
1.974201604130975563e+00
-5.066144476394927487e+00
-1.971350572419419578e+00
2.094048717420681882e+00
-4.611972086806585658e+00
5.470802851832077707e+00
-2.067760335486960699e+00
-8.520152241004430138e+00
3.504874503028636568e+00
1.992116812516481428e+00
-2.305347161365701503e+00
1.911261234424412203e+00
-1.317897999066371728e+00
1.935929833072726369e+00
1.813076440744259443e+00
1.997999665899469868e+00
-4.774646752654924775e+00
2.426109557395769389e+00
2.044902778788648678e+00
8.053164647869703874e-02
2.154642541935889888e+00
2.091070100930045417e+00
5.187733753214781807e+00
6.456014643670786590e-01
-1.551623031163301025e+00
1.701557108159597709e+00
7.366565593474262208e+00
-4.813219748398819275e-01
7.455165990958752265e-02
-3.870865898159100982e-02
1.853710547902507777e+00
-1.586420239060277737e+00
1.660548215438500286e+00
2.095532570265470795e+00
1.994252161043190252e+00
2.160732931743013729e+00
5.665070687061702914e-01
-1.167348492910076363e+00
2.057237084818793527e+00
2.122914117338317919e+00
-1.773085871337953257e-01
-2.989315035225312833e+00
-1.469746560385705614e+00
4.031606916864859613e+00
-1.806937986119369732e+00
2.269892615103233258e+00
-8.178816425192680928e-01
-2.017017912528678902e+00
5.298743570054927687e+00
-4.623855486184909935e+00
-1.835913255896731044e+00
2.025346171006455087e+00
-2.872969548091096392e+00
-8.350336718745781095e-01
-8.596711749473141539e-01
2.034723557017628082e+00
1.948849901034367615e+00
-2.586147249234087120e+00
1.640857360473225168e-01
1.264538085650600774e+00
2.051728239815886479e+00
2.950687218578726068e+00
-9.102899841677380977e-01
1.926302788672399569e+00
1.768506436259972503e+00
3.612098978938046212e+00
-9.186316473931498416e-01
1.937064004997238076e+00
1.960220354213235483e+00
2.919609197138863799e+00
2.062895287336615979e+00
-2.319637996659701162e+00
1.416290617672254282e+00
2.018579831718010809e+00
2.087678851406522540e+00
2.000376960162556284e+00
1.204132207826855261e+00
1.112996125825729488e+00
1.790044497462617512e+00
2.055686489176617116e+00
2.000460534776346222e+00
1.972032943872858768e+00
2.164385388684610056e+00
1.962627768074627133e+00
2.076081143754691549e+00
7.654960309132386342e+00
2.130725824941883229e+00
2.016863454186254234e+00
6.953384173723856643e-01
-1.208525660100647547e+00
4.156779499622382801e-01
-4.935656519619575633e+00
2.013921846933670601e+00
2.074705296988426539e+00
2.014683050015290355e+00
3.950087240336984107e-01
1.974417014748296673e+00
2.040456919904559463e+00
1.966488977697274487e+00
2.077142360556096357e+00
2.175201119129687832e+00
-7.785068914439267074e-01
2.085818097061423515e+00
-3.881087216929218542e+00
2.277989413949192521e+00
4.689865321585296343e+00
5.448673831940979539e+00
3.955151810372210974e+00
2.050362987796813918e+00
-2.543224798840174827e+00
-2.120307584791885080e+00
1.981227271393836808e+00
3.498748077625573494e+00
-1.497856259548808522e+00
-1.824872285215813905e+00
2.015037548980767479e+00
4.755411090048660583e+00
2.002625630899689035e+00
-5.339265318375341351e+00
-2.238764323181479554e+00
7.431237722149417024e+00
2.084748370837909537e+00
-2.070600022704850218e+00
2.520054311384551493e+00
2.017784465764215440e+00
4.640178635824562470e+00
1.988471059605156688e+00
2.121983441544865734e+00
1.956795567775263311e+00
-1.288125834251089952e+00
1.219549257898804528e+00
6.242191829950181070e-01
-7.463041553851634813e-01
3.058236913820893577e+00
2.037293948741205618e+00
2.042368924821558185e+00
1.983516163053331560e+00
6.417236924365592454e-01
-6.017118774081950505e+00
2.007096958326229696e+00
-1.958394901159297374e+00
2.195279488802567069e+00
1.501302754496973257e+00
2.093788111193118251e+00
6.510592321857531672e+00
1.905427662334458816e+00
-2.131668124779729556e+00
2.029781005654113013e+00
2.191191691986742018e+00
2.029788975514488669e+00
2.020184814159989184e+00
2.192455527319558506e+00
-4.375766186611336650e+00
3.814581807956675119e-01
4.226108780684627142e+00
2.228796528252215303e+00
2.055726433149393628e+00
-3.680980212701571830e+00
1.967011925420267815e+00
2.015351184934823792e+00
-4.160190061946329010e+00
1.494289977628627808e+00
-2.602699043014310210e+00
1.771063822338415639e+00
3.264059340130089915e+00
2.096119322934023366e+00
1.902521901048199293e+00
2.056981606312050292e+00
-6.836906123226461629e-01
1.908297629443585608e+00
3.716818178745245227e+00
2.018851334662908670e+00
-1.746075637425605009e+00
-1.732365140303932183e+00
-4.833728770700826516e+00
2.008884981899758060e+00
-4.003710335085822747e-01
1.192906093362900988e+00
-7.117954968469435428e-01
-2.055566319349784621e+00
-3.314772995333965078e+00
2.008784704810390398e+00
-2.168801050818376375e+00
-1.912406434542031297e+00
-1.081718409126923408e+00
-1.969659841784638710e+00
1.949106655311257486e+00
2.078598464303858862e+00
3.934562327948001759e+00
5.208444663751417458e+00
2.227557176569379571e+00
3.483857333708394455e-01
2.099764674537783815e+00
9.208485392433287675e-01
7.728772277626807519e-01
8.336820163454292665e-01
-2.060352106234671243e+00
1.873548840966608120e+00
-2.380203410907910655e+00
2.148445971970586399e+00
4.138008813019150578e-01
1.979792625712967213e+00
1.993853603131358954e+00
2.066219132775371836e+00
1.462675779579990731e+00
-9.187544808872725177e-01
-2.606876000663085335e+00
-1.977343648364402240e+00
1.954796327804008138e+00
2.001440850116429360e+00
1.905396962818293627e+00
-2.018155362749279202e+00
-1.244173280702459250e+00
2.050899303400129270e+00
1.881493035449654627e+00
3.204488910842075100e+00
-2.459084889924748829e+00
-2.003600100312962873e+00
3.954615424137503332e+00
1.967829898090645235e+00
2.150753071561179119e+00
-2.878530558449177601e+00
5.270066179604158130e-01
1.897268004721426982e+00
2.117315683142850347e+00
3.813758220439536828e+00
-3.579411598355503044e-01
2.065735853598478222e+00
-1.950675515673928606e+00
-3.417486665699919879e+00
1.992101376499554544e+00
1.836731044998302753e+00
2.056972844055194205e+00
-5.572060832809424928e-03
-3.073534093311773852e+00
-2.887855099750761045e+00
3.380518659959231426e-02
-8.344017934049888230e-02
1.967224283253401929e+00
8.120013900575653309e-01
5.203076869384962722e-01
1.998040388195093220e+00
2.049003167085111432e+00
-7.137938513228009318e-01
-2.097726378864698482e+00
4.706592205263070205e+00
-2.169677695241602589e+00
2.004165629431025497e+00
2.153859150192252159e+00
-2.058228663980626649e+00
2.707332197312745770e+00
1.920339437670558702e+00
-2.203239697395950714e+00
1.968075098562418690e+00
2.096861197524517273e+00
7.356790320365037772e+00
-1.553662164797721568e+00
-4.389670674654089666e+00
-2.117204468468573797e+00
2.852802088427893068e+00
-1.981231111886184948e+00
2.659611415040004090e+00
4.693580224116885802e+00
5.885346396015219694e-01
1.901294560886036766e+00
-2.267240943370570250e+00
-2.905844927391610266e+00
-2.052440462970743784e+00
-2.743116118849639129e+00
1.845851683327817572e+00
4.224394600917872111e+00
-1.896910481452448005e+00
1.361610884074213601e+00
-4.640217405925405103e+00
-1.565313711445414535e+00
-1.297011211226630323e+00
-2.958860729861283900e+00
-3.252225278253391139e+00
2.683150386107384211e+00
2.843193504722957843e-01
-1.985239425566088123e+00
1.932402601185149837e+00
2.827470109685328747e+00
4.727104737778587307e+00
-4.230988479791972345e+00
3.059481618220901034e+00
2.104791755216077309e+00
-2.107493761648514319e+00
2.076515934104421923e+00
3.605279769308497584e-02
1.709907403200394693e+00
-3.267804555605382077e+00
-5.252051269063350958e+00
2.482190588112461516e+00
-1.980277487692867933e+00
1.935980638348285598e+00
9.729287963105599513e-01
1.840045030710617091e+00
1.877993086819411683e+00
1.982596855172657602e+00
-1.841330644715987175e+00
1.897768217091853504e+00
1.942180349697470776e+00
1.952215686882620149e+00
2.016072665178014311e+00
1.638959465548641692e+00
1.570781111964099086e+00
-5.763639296527896860e+00
4.851642247373178840e+00
1.992271039260435916e+00
-3.694183200495382735e+00
-5.524779510984391351e+00
2.020318430857300562e+00
-3.207236776131712652e+00
-5.611805404652847606e-01
1.988183767945902014e+00
2.009892329097641372e+00
-1.909455280358971940e+00
2.144295197283275112e+00
1.187156133207132758e+00
5.355388630583632903e-01
1.886391424536588923e+00
-2.071911683109163960e+00
-1.690843075062759215e+00
1.961938190454265207e+00
1.175142236608457402e+00
-2.775945572898740110e+00
3.349499405570031563e+00
-4.559350018746134658e+00
6.578576929628870751e+00
2.467242011993052042e+00
-3.045870302270043517e+00
-1.291306042551981559e+00
2.108331351215722460e+00
-3.846782191253591776e+00
-3.370951774950989299e-01
-6.267661572093752298e-02
-3.227805077343082196e+00
2.128307486123695913e+00
-1.300558115605975784e+00
-3.112994228710675770e+00
2.092208761529774641e+00
-1.875542920544722270e+00
1.255343696804326892e-01
1.814686797395024920e+00
1.950046916525539631e+00
2.450385521317357262e-01
1.833423963801336098e+00
1.863206529449337401e+00
3.283090054623891696e+00
-8.718988379483807449e-01
2.226335112279045347e+00
1.917157270293764926e+00
-3.171978781435272232e+00
-3.896003602580512482e+00
-2.196325910952511951e+00
2.144662909276335849e+00
-5.869761948237333549e+00
2.124211726206807871e+00
-3.344425440748009848e+00
2.044391878105966676e+00
8.973345708275619614e+00
2.009235802609333099e+00
2.152703164186295481e+00
-2.015116454530818224e+00
-1.919109937651705788e+00
1.165133236148250706e+00
-2.538240565081403943e+00
1.011912232094038383e-01
-3.773469928430885911e-01
2.029118375924187756e+00
2.022105248811028044e+00
-1.888145072216301124e+00
-1.345663631954469253e+00
2.046886692649634742e+00
2.125392111879148338e+00
1.997502010657662197e+00
-3.988119496712637435e+00
1.870008393593956431e+00
-2.068396339903481262e+00
-3.592475726363828059e+00
-8.664234852481567106e-01
1.973557796798619313e+00
-5.751071504318478134e+00
9.601754288601036524e-01
2.012745558476575880e+00
-4.342564547619890414e-01
3.805100508155384365e+00
5.950317022241195630e+00
-1.979067814101282963e+00
2.401835073003854681e+00
1.078764595412397664e+00
1.955756137672639117e+00
7.687851075268097301e-01
4.794893217876771807e+00
1.812443697735365733e+00
2.677764141232166217e+00
-2.106013368053365920e+00
6.703233154532905580e+00
1.934651181349993365e+00
2.148348804895428898e+00
-1.454310224088919856e+00
-3.184145689219503028e-01
1.944248648127071766e+00
2.022039710995539252e+00
1.877004571717352910e+00
2.449063886898229736e+00
-1.001314091129796635e+00
2.277121197049074119e+00
2.017146015995348929e+00
5.983176219429697795e-01
2.135430970953424268e+00
-3.167790611779390808e+00
-7.007911023133555073e-01
2.145826322254247298e+00
3.536705807560176079e-02
3.863755158507814702e+00
-3.194705038861349600e+00
-1.594306155254462620e+00
2.228556273076111705e+00
2.135582710993762401e+00
-4.359002306454349274e+00
1.990812072945564948e+00
2.346030608686173302e+00
-1.884596517775691815e+00
1.921348067800360493e+00
-2.813157708108604993e+00
1.987670866938131775e+00
-4.572397882287907223e+00
2.579407318984993758e+00
1.983475322687836107e+00
2.044075022238033057e+00
-6.899815462168662705e+00
1.759909487494654146e+00
-5.163528418113266794e-01
-2.603109682976756822e+00
-6.229203580887385794e-01
1.989748976633053390e+00
3.251916267390155824e+00
5.282206615943949579e-01
2.072479133411265995e+00
2.055206877922985953e+00
-1.871287828048437518e+00
-1.275756462726734597e+00
1.910741478775968227e+00
1.980240005087864352e+00
1.964388557065568808e+00
4.196291780194013832e+00
-2.919539809782935702e+00
-9.277728363525410415e-01
1.992921010046044827e+00
2.255601113262593049e-01
-1.666740485496574165e+00
-6.663786305099296925e+00
-4.477647168365969321e+00
-2.012429565846324042e+00
-1.863333888973101704e+00
-2.525657874051401741e+00
1.457673257403280687e+00
1.880237567222228456e+00
-1.882964435413524651e+00
1.964818255286177928e+00
-3.409414728250880433e+00
-3.320216879394700449e+00
-3.731425714124962045e+00
-2.046011785616503431e+00
1.906420118173856926e+00
3.864228888346468160e+00
3.304241315129996970e+00
-3.937972310037213042e+00
1.892294714564923153e+00
-9.375289749538813222e-01
-2.160182395029391245e+00
1.882140784712015513e+00
1.695596110545207758e+00
-4.017886708757796299e+00
6.043489071124489298e-01
-1.927879928017419142e-01
1.987413583668764305e+00
2.042345387614400654e+00
-3.490830144725451945e-01
-2.149310135851163039e+00
2.172677446836404513e+00
1.626211147550167713e+00
-2.190839550062462671e+00
-1.148020595277016387e+00
2.181881192997717100e+00
2.008251104706831658e+00
2.202758638828381521e+00
1.604358784652969216e+00
2.016180858344306159e+00
2.061941092340593862e+00
2.007448892679290608e+00
1.506723918880598756e+00
2.086212343329523211e+00
-7.336548145001184351e-02
3.009213251599753836e+00
1.905703815926281797e+00
1.931261866133891836e+00
1.582647310140288921e+00
1.169379936190330510e-01
-1.000441475286810267e+00
-4.681260075543904442e+00
2.504154994183256377e+00
1.702491117494426387e+00
2.035121265340354313e+00
-1.605750936186533639e+00
-1.478313113021665126e+00
-1.916897629857809982e+00
-2.296278890849369425e+00
1.994923484776947253e+00
-1.576049203148876254e-01
1.744231460727339922e+00
9.971525482195722212e-01
1.399850964434242728e+00
-5.634907643201639615e+00
2.069432247414867199e+00
2.065352999047882498e+00
-6.677027277050896492e-01
-2.568124501904582857e+00
-7.668705769414199125e-01
4.951568864430021533e-01
1.876674111958806179e+00
2.153984155341823747e+00
-2.714594410081774267e-01
3.280446625562601359e-01
-2.048214255961030350e+00
-2.049901860612552529e+00
2.505540550045612935e+00
1.770389320793661181e+00
-5.273140947356332653e+00
5.767834887004266164e+00
2.014032237930637237e+00
-4.583986710842101076e+00
-2.166999507948874637e+00
5.529787189783107237e+00
-1.960001807275155272e+00
2.056554422354429423e+00
-2.562330020084353066e+00
2.389635771475403236e-01
1.730467345873418550e+00
-1.611134616877003989e+00
1.913601187534414994e-01
3.949395224562396223e+00
-1.635039611609382604e+00
-3.930118251761074433e-01
-7.480757350653547411e-01
-1.962989886988575794e+00
1.326678999821696348e+00
1.891376294142636638e+00
-1.754368095562621299e+00
2.043132192842076478e+00
-2.439915012734136468e+00
2.165267565355870616e+00
-2.043769952062302053e+00
5.433926841700396082e-01
-2.875026092320811522e+00
-2.183498326875698226e+00
2.037550270962248611e+00
3.385330170470268740e+00
6.430863676114655370e-01
3.517102678827628726e+00
2.960348640504058437e+00
-1.953776720502599096e+00
2.020569111402565898e+00
-2.152758329398001269e+00
1.984840710156601684e+00
1.157949765667189101e+00
2.003782402375013927e+00
4.938969785972007642e+00
2.028580205652163126e+00
3.750838459298541316e+00
1.837117660739714164e+00
2.735542043348957453e+00
2.266382579052220958e+00
1.993192184791842347e+00
4.818624651563921391e-01
2.009243205437613700e+00
2.127753840981149835e+00
2.084949049612450978e+00
-2.199906890576431184e+00
-1.601605819498693517e+00
-1.616282348273124336e+00
1.929999526448395342e+00
2.093301461370240535e+00
2.091661965522964906e+00
2.063214214247490741e+00
2.942406064113839648e+00
6.262880246366338888e+00
-3.912495434317849075e+00
1.902116775016023942e+00
3.092662162939401771e+00
-4.248390905642484228e+00
1.805294418794931577e+00
2.058592790920558802e+00
8.374753546133765880e+00
5.691661060214951107e+00
2.071063531851880857e+00
1.953458363701179312e+00
1.887497520055441580e+00
-2.148669291899822031e+00
3.632031548228776607e+00
-2.409893301594100201e+00
1.850835995242616105e+00
-1.139881941156127176e+00
-7.096114283811506829e-02
-1.966892795283348372e+00
-5.402442047992901397e-01
3.212907472835139888e+00
2.335101814945522936e+00
-7.789966085691256703e-01
-1.920806073085924437e+00
1.909670336537637514e+00
1.970303663638981240e+00
1.958061567210781506e+00
-1.973342515081860649e+00
2.204967491341489616e+00
1.965707201950305905e+00
-4.381921617096013577e+00
1.928330975846459294e+00
-1.212106441500422349e+00
1.868987307091119821e+00
1.918920311563733216e+00
1.993356091102116645e+00
-2.028414069246590845e+00
-2.069452601033304973e+00
2.184441527313124798e+00
1.693376263181472607e+00
-8.306854316215588341e+00
1.921649268374009845e+00
7.078781321264506765e-01
-2.347311349177763073e+00
1.853731560479661367e+00
-2.115737117193354333e+00
2.063166736041344596e+00
2.102729032142785393e+00
-7.910966329944760789e-01
1.749134669907473683e+00
-2.979075069752261218e+00
2.699044110331803470e+00
3.068551001996609462e-01
2.071983196955639261e+00
1.880925676794627188e+00
-1.909371244177789251e+00
-3.246115081739945118e+00
1.894106084305031024e+00
-2.972016777307509905e+00
2.026283912018343791e+00
-4.251036902106991811e+00
-1.742191241641374289e+00
-1.538204415002523973e-01
-6.295288973349983941e-01
1.954354725457819963e+00
-1.936543455000750313e+00
2.029293337543119691e+00
-1.551195831842532069e+00
-4.029623408712005528e+00
2.745401845489183756e+00
-1.848026813703442350e+00
2.025923495867263835e+00
1.892724017131666381e+00
2.011503382175657606e+00
2.057719771689549226e+00
-3.515080145250115251e+00
2.163775408113495669e+00
2.477012968793793402e+00
1.811058229521054885e+00
1.575348051886911460e-01
6.819461383080398509e-01
-4.124455880615747638e+00
2.039101303934264919e+00
-2.211881565395142690e+00
1.409253165942797370e+00
2.068112096642459985e+00
-2.741373554173757832e+00
-2.774099289464854401e+00
2.219115824410317295e+00
-1.673613563697553985e+00
-1.429440513523817735e+00
1.717593192386226431e+00
3.762642106226246952e+00
-2.370952668571953303e+00
-1.450030956629965839e+00
1.952945759729123099e+00
2.012817010811388752e+00
-7.971125266551630784e-01
-1.928949030561686540e+00
5.312707900337306555e+00
1.769897148251715402e+00
1.952310217863306940e+00
2.092323480327576313e+00
1.954378443993610714e+00
-4.959367071521112003e+00
2.098154010827683269e+00
2.015106974727919997e+00
-2.216214794708522895e+00
1.968575447321595062e+00
1.096468711476762947e-01
2.041980916350691899e+00
2.660722741814621095e+00
1.853717050043956371e+00
-2.954748079102818448e+00
7.855981495114638946e-01
-6.414218233995533147e+00
-1.760543197928886805e+00
5.692852022664405265e-01
2.120009241134427569e+00
2.525699091810257091e+00
2.018307105692444647e+00
-3.974919904901906609e+00
9.067403065556995934e-01
-2.068905236265262015e+00
-2.007902201895439109e+00
9.797977750612039127e-01
1.996953636108368180e+00
1.726827964097195522e+00
1.849968560449729127e+00
2.037789485635963516e+00
1.819211015500665551e+00
-2.432478846815410378e+00
1.983647545130431400e+00
-2.057707012399351498e+00
2.143319812733894825e+00
2.032853171745856447e+00
2.735658031167205628e+00
-2.001882415958558870e+00
-2.421156781524967272e+00
-1.847984920019941635e+00
-3.592167250021603309e+00
2.026035405888604313e+00
2.131161087320996739e+00
1.783484875140135095e+00
-1.994944422873614842e+00
-2.043199636493629789e+00
1.914766289636205210e+00
-3.129776439791287501e-01
2.992644740952256299e+00
1.910805765249724786e+00
2.382280073604992943e+00
1.906875047702821790e+00
1.255972778317327787e+00
1.116344194554739211e+00
2.909131030518997907e+00
2.178055495850214296e+00
-1.448303739699206449e+00
-1.578966408827241263e+00
-2.595606277664727068e-01
3.660880607130287956e+00
-4.871870406417307287e+00
-5.912823264108015703e-02
4.184580339083974643e+00
1.909184188157301731e+00
2.002208676016154154e+00
2.014931533898062010e+00
1.839786162618136434e+00
-3.576716551318389392e+00
-1.962034244416285933e+00
-1.970730333506790277e+00
-4.887843381947726051e+00
4.978442310240899227e-01
2.025077170766567125e+00
1.954667063288880069e+00
1.917227298963220639e+00
-2.360792340461409289e+00
2.056385124715548240e+00
-1.062922335555203990e+00
-4.115402186866035095e+00
1.959824888915524532e+00
3.158686794707063150e+00
-8.957733647038523817e-01
2.109835914289805991e+00
-1.921698077127637960e+00
1.880003488967559422e+00
2.202531166497718740e+00
-2.068449654557020345e+00
-1.663718093664682041e+00
1.940669836223140932e+00
1.403519277699321277e+00
-1.023688935070601103e+00
1.976812120811470841e+00
-4.310350518348069926e+00
2.049791138314808858e+00
1.815569540695230799e+00
1.931003295458737279e+00
-2.055247186546752758e+00
1.884810176490355094e+00
1.871060000709977134e+00
-1.982453645084265803e+00
3.473283323143917301e+00
2.120029923030806618e+00
1.881462101374227869e+00
2.148662337942726541e+00
2.032492301793328515e+00
6.039407357126828302e+00
-1.421818546591155252e+00
-2.680355762268754827e+00
-2.332616087508938008e-01
8.512515555445214765e-01
-1.890678425534703111e+00
4.987173485151084051e+00
-6.179280415456357645e+00
4.090239692260919213e+00
2.000644724735903601e+00
-1.917367900072482145e+00
2.008859800188118605e+00
7.481993196400512636e-01
-1.262386708546021641e-01
-4.004356598099056974e+00
3.031273936277319780e+00
-2.135187035747819984e+00
1.966921687303330835e+00
-7.078489308027630322e+00
1.996162256906128141e+00
3.149793426572101929e+00
1.921241412372198365e+00
2.087949217494438958e+00
2.036648649310457415e+00
-7.333321271083409476e-01
2.008302623265923348e+00
2.049494794291266242e+00
-2.433883800482693260e+00
5.094585624073296515e+00
1.999915439721505539e+00
-2.295858209189589161e+00
2.059370795985887348e+00
2.135727404536483132e+00
-4.019870197419646018e+00
-1.964949628675898952e+00
-2.905134147165572500e+00
2.073528429379812632e+00
1.266552132705073497e+00
2.002518948008591426e+00
1.009820317877479168e+00
1.991303097689956836e+00
1.975984202019005931e+00
-2.066798243248914257e+00
5.706935551113561100e-01
-2.379132188180252072e+00
2.235185679630141475e+00
2.121191261985338361e+00
1.918514175733059712e+00
2.014465096615678963e+00
3.622211741088355641e+00
2.630558765873743710e+00
-3.100215162793579893e+00
1.034451970285715117e+00
-2.103661202788940088e+00
-4.798631706234878003e+00
-6.348250050736864436e-02
1.973393536039573570e+00
-2.235079655161674062e+00
-3.257511039582190904e+00
-1.927094085151533021e+00
-2.656622015539169546e+00
-2.493420635085729309e+00
8.015709561544204220e+00
2.142707276591945043e+00
2.023765703276466432e+00
-3.730912294985233579e+00
1.942036841197006591e+00
7.602792447630226658e-01
-1.936419806608534300e+00
2.076093465772831603e+00
9.101511065719923854e-01
2.109148274979947502e+00
1.857701732339885670e+00
2.054726522674357181e+00
-2.530605640455740879e-01
-3.569635243587717444e+00
-3.247974051213464164e-01
-1.562943512006075508e+00
1.948437444064882396e+00
-4.581532333691514247e-01
-2.087442884092931550e+00
2.025298948868952120e+00
1.366990747128166817e+00
-5.956207079986999275e-01
2.857848386450613010e+00
-2.570450479171100699e+00
1.953483746506747165e+00
1.425495098703422059e+00
-5.720352624642682571e+00
-1.750521806214091924e+00
1.927374068190192968e+00
2.298151233190857123e+00
-3.046868903048696176e+00
2.068615207881288054e+00
-1.995827581537656492e+00
7.870548067539149262e-01
-1.826531674851795461e+00
5.546506180686138210e-01
2.080965679865219187e+00
-1.898145913049447797e+00
2.088394667815607786e+00
-1.986057167819831992e+00
2.873463119311142400e+00
1.971366815852342302e+00
-1.935554612696676058e+00
2.009762476694949562e+00
2.080033764465798019e+00
-3.565596598809297468e+00
3.449343520421113141e+00
2.198819551244562742e+00
1.946127971336421680e+00
2.063037014513710243e+00
2.139711295211515374e+00
2.209468760363016759e+00
-2.909145453673100956e-01
-1.989878181090412479e+00
-6.639346742253526834e-01
-1.558722319470715822e+00
1.996738933610057609e+00
-1.621635290936517926e+00
1.918379103165629873e+00
-2.737774520839199255e+00
-1.749166023416225624e+00
1.937964747246353259e+00
2.891394595494261033e+00
-2.741165935469699999e+00
1.930645823496951241e+00
3.614366586749673704e+00
-4.719004857172962031e-01
2.076398510647738505e+00
-1.985732059377453229e+00
-2.457035236690724211e+00
2.155147140993118882e+00
7.044977794867434036e-03
-1.947957186731781087e+00
-2.201718199996677949e+00
-2.951784410598092823e+00
-4.125249095606368654e-01
-3.165436050353673814e+00
1.968601287986014858e+00
2.125834319297224884e+00
1.054482059128776239e+00
2.100933377666570401e+00
1.479205783865789492e+00
-1.558823272514007430e+00
9.250215949899251999e-01
1.880256788445309857e+00
7.126431224844922419e-01
4.879393314903103906e+00
1.953765490194256493e+00
1.893973120890765083e+00
6.881575390565173311e-01
1.814252040902367691e+00
-1.016501688486044497e+00
-1.133182264231416880e+00
4.681941811071788528e+00
-1.063796654533013974e+00
2.080912995228926032e+00
-6.292045053125725929e+00
-7.959671413635105441e-01
-4.683809942399493664e+00
2.504596142778995560e+00
1.802088693768885364e+00
8.366891313708633149e-01
-2.024883045378267798e+00
-4.241054007025120143e+00
-5.120555493678359049e+00
-1.390801316179166136e+00
1.947484942064620972e+00
-9.572083257692698410e-01
1.921146237772053400e+00
3.312335831312345213e+00
2.063090047926126491e+00
2.075966974462833736e+00
-1.198589626716456857e+00
3.079570741130911671e+00
1.953291692919980616e+00
2.906665190378300956e+00
3.139619180945619981e+00
2.122560246131746098e+00
-3.396343314884795461e+00
1.326356846154345265e-02
-2.118741918548993741e+00
-2.122250363393008321e+00
-3.150457085011486136e+00
-1.178105411762720101e+00
-1.871684983146201686e+00
2.172438731977293536e+00
1.916489179551396305e+00
-6.990595609855385639e-01
1.892926614780535033e+00
-7.975082633623455486e+00
-2.085672520859599643e+00
1.882165912955234388e+00
1.020801918878799119e+00
-1.353602113315045763e+00
5.564260626986536895e-01
-1.997909353507171026e+00
2.047413694312990806e+00
2.029639464745428334e+00
-1.970350864913586797e+00
-3.491701899292085187e+00
2.504479269373133810e-01
9.021925968267805462e-01
2.015548214218243928e+00
2.051501097650626271e+00
-4.786140919192741983e+00
-3.582297865203466714e+00
-2.063584563546281725e+00
1.313096542307632397e+00
1.847969667041035935e+00
-2.000130832783520773e+00
6.634628708401136166e+00
-1.751756153673956096e+00
1.865702591232232255e+00
-1.497214006342351134e+00
3.958447163055629936e+00
1.727141431120174375e-01
2.068170298315182176e+00
1.354599362062209877e+00
2.134184028794853472e+00
1.981922830076817466e+00
9.812460815056680552e-01
2.062150843334652262e+00
4.729110560584524614e-01
-3.560474718576718711e+00
-2.171462442240525093e+00
1.851326557540032614e+00
-2.944012356354206439e-01
3.439595905960203037e+00
1.625269808475901634e+00
1.778799202562493242e+00
3.514948921011176619e+00
1.105373119453848307e+00
-1.823427424808170771e+00
-1.332738133566906624e+00
1.907525703472338963e+00
1.912521563656604195e+00
-2.454134491325824285e+00
-1.948275612457349260e+00
-1.353458858074050308e+00
2.110833202915586515e+00
3.945982049904346312e+00
1.934184968885767741e+00
2.097307267049543178e+00
1.865831388047823447e+00
1.858425953234800643e+00
-1.629006981481467276e-01
2.133082168745128460e+00
8.972530025059113346e-01
2.193429732609432303e+00
2.036552371645686144e+00
3.280745452631470549e-01
1.959400033119699680e+00
2.017151788907721510e+00
-2.899426709594284723e+00
2.133942951196887705e+00
1.954831205611188505e+00
1.914420089933945635e+00
3.220162182133385897e-01
-4.103403953496378875e+00
2.063318792898406251e+00
1.837277469247080131e+00
-4.735503186153857541e-02
2.000323092771482791e+00
1.922037757561166904e+00
3.909585912883071224e-01
2.030265003212455177e+00
2.132052816827262109e+00
1.989280033024672267e+00
-2.120888859235487534e+00
1.928074769266933108e+00
-1.670487682711676136e+00
-3.124332068553290043e+00
2.178738792439748106e+00
-6.001894133762302630e+00
3.782893914791138901e+00
-5.332160970649979070e+00
1.978737512624230144e+00
2.321452801628182794e+00
2.025111561676392391e+00
-3.696638539981259797e+00
2.157367098056567567e+00
1.867026265004064989e+00
1.786059462287445943e+00
2.038340877752372826e+00
2.176644777933574304e-01
-7.544258630187270498e-01
1.084836048673524234e+00
-2.152060084129229889e+00
1.855710327458995446e+00
2.492561495646503200e+00
3.644302035809875662e+00
1.754439982980652069e+00
4.409124397836444942e+00
2.157992610007067213e+00
-5.522365454239030136e+00
-6.759779983256168023e+00
2.223078429047993687e+00
2.031238999248824673e+00
-8.241075260454877593e-01
2.038699557388168326e+00
1.888375940023062416e+00
1.959584933033587939e+00
-1.986560772266999564e+00
-1.087884029639279326e+00
7.312073038198450003e-01
-2.075017478697526840e+00
1.084725656888467338e+00
1.486306556219961772e+00
8.388215452390488380e-01
1.801273734176138452e+00
-6.060200328571252903e+00
5.921001927926670128e-01
1.713347237488450858e+00
2.088733871960284372e+00
2.153940293907632419e+00
-6.702658030812596035e-01
4.331699030662160332e+00
-5.439541488681719494e-01
2.940431455198661670e+00
1.255940809685300419e+00
2.019903248179219180e+00
-2.122865346312861945e+00
-6.588845843449925299e-02
-6.280866825325547964e+00
3.584845889439537636e+00
1.829745400440627723e+00
1.883019901147322095e+00
1.978341332053508372e+00
-1.156679093697638327e+00
2.139609228799332019e+00
1.874291540174230608e+00
2.693732843384111578e-02
-1.919846451074965321e+00
-2.233341375572928555e+00
2.023992407188405007e+00
-2.063561759965633513e+00
3.272030678588286445e+00
2.975455641891534553e-01
1.985591716529639061e+00
1.989995317092035032e+00
1.806179142840984353e+00
-7.275451739734832904e-03
6.196427195292997681e+00
2.943241087505230058e-01
2.587421800820583484e-01
-3.925502737619483540e+00
-1.548827109831002691e+00
1.932138747583060256e+00
2.169417319191264237e+00
-2.048306931219792681e-01
2.994106955616355203e-01
-2.033352866623121091e+00
-3.247760380923347262e-02
2.023333091064508871e+00
3.603503429585786400e+00
1.968994161016156319e+00
1.973725327287022324e+00
2.094136189179879537e+00
2.024387335124408160e+00
1.791462312610724306e+00
5.425549023915920976e+00
-2.086144485143229144e+00
2.019935194094079289e+00
2.017840835001418309e+00
-1.613520552123788310e+00
-1.995713542044788014e+00
-4.177219019678299894e+00
1.982335917981131734e+00
2.025007932831620061e-01
1.747337080962802158e+00
-2.096341878470399323e+00
-4.878288409039749141e+00
1.909274257045846301e+00
1.882989172110486109e+00
2.025257394534948574e+00
2.009161989679750349e+00
4.085132539450593292e+00
1.858516742156340884e+00
1.798880298676632350e+00
1.940209952648768832e+00
1.372779571560890588e+00
-1.865040949952411209e+00
2.077262485256469393e+00
-1.868833051135512680e+00
1.880070097692248421e+00
1.925184134237548417e+00
2.861048703890527012e+00
2.140397912863487129e+00
-4.689124723950872209e+00
2.073847731023270580e+00
2.219017322989904617e+00
9.872395456522330415e-01
1.907619602547215631e+00
-4.622323170870646925e-01
1.917777228648936072e+00
-3.417210972735275298e+00
1.970646733677845930e+00
-2.036722822057277060e+00
-2.771321032583673016e+00
1.806445595046817232e+00
-3.452022144148268801e+00
1.926690458368152781e+00
-2.137101944087635541e+00
-1.763191101769984392e+00
5.111680507910714155e+00
1.002406140908028487e+00
1.967095581190163589e+00
4.132158708458730345e+00
3.355757775949861799e+00
1.892765259567516845e+00
-2.049193347463643899e+00
2.188681190279906374e+00
-6.036373064291814750e+00
-1.193164199341477105e-01
2.145659280194413654e+00
1.777229893611520506e+00
2.880123772882972499e+00
-1.897765139870185802e+00
-8.008270456102573043e-01
-1.379721804150795039e+00
2.037435060657099672e+00
-2.066150166966954860e+00
-2.172832379998951957e+00
-1.278404921058358790e+00
-2.511452474797115197e+00
1.990516019394976688e+00
2.028411554474538470e+00
-4.762348664313103441e+00
-4.785581896001298019e-01
1.920931776562089022e+00
2.015993835522187361e+00
-2.158064749306969787e+00
-4.016482730639397758e+00
1.505793124605783406e+00
-4.184461860973422986e+00
-2.770540768794365505e+00
-2.342708975048305220e+00
3.149268082768010402e+00
-5.051600827608268673e+00
1.873573516814525552e+00
-4.691290082593252642e+00
-4.644853773179000278e+00
2.016926190695609300e+00
2.446527903222982303e+00
1.929610623801403912e+00
-1.040947507978544850e+00
2.027721481429756167e+00
3.541175919344367706e+00
1.399641773486631768e-01
-2.552041111146310826e+00
-2.261960365359317660e+00
4.924886444012538944e-01
-4.001772404723034526e+00
1.922361408200135013e+00
1.937678672754318487e+00
8.912707093021898785e-01
1.975051666039750131e+00
1.892863194159852158e+00
2.032696175893156099e+00
1.921793931575488168e+00
1.937665502977809595e+00
1.031855327742577710e+00
1.820031896471721033e+00
-7.539739571244497007e-02
-6.036444573709032722e-04
1.783154075959995533e+00
2.667453727689401255e+00
1.259643651086972405e+00
-2.095454541138677129e+00
1.979254383719298405e+00
1.850382878999319303e+00
5.609526534998907632e-01
1.207520302340234331e+00
3.244010445778465979e+00
1.967885146305563548e+00
1.983621502902776834e+00
1.864522969805351149e+00
2.026236193921496564e+00
1.212935426138147088e+00
1.951306386462873466e+00
-2.088285868938561940e+00
2.239783378584069062e+00
1.916385608190705359e+00
1.087057434098292363e+00
3.791456680928348977e+00
2.046340664737235304e+00
1.966128474126006997e+00
-3.218772884009840851e+00
2.044313442791729329e+00
1.197951065610300070e+00
2.030855413104257323e+00
-1.566317630932233307e+00
5.022746255848314689e+00
-3.135799342363724929e+00
-3.893444083823862201e+00
4.169362834884433155e+00
1.991188116743833225e+00
9.523070437686956824e-01
5.396258435600039149e+00
2.113310902298905503e-01
-4.962083267933030228e+00
1.899186426767413449e+00
9.764940953324343642e-01
1.922986561213999579e+00
-1.354818063404252537e-01
1.962807624719518085e+00
2.166526775447733755e+00
2.062911221165867559e+00
6.723774796891250904e-01
2.139539655644672411e+00
1.847596652500766101e+00
-2.390723855436664991e+00
-8.150444248984820561e-01
2.849926877492591881e+00
2.852689276727899959e+00
1.939047831274380851e+00
-3.286890405228382050e+00
1.976281455724208547e+00
1.648956816991067331e+00
-3.476068244839669585e+00
-1.866212570629993017e+00
6.886674612635282910e-01
-1.507872959096978605e+00
1.960304796457355447e+00
1.939519032924687636e+00
5.497834509022975880e+00
-2.952928150127761775e+00
-5.244158772799294432e-01
-2.284653507507540038e+00
-4.274648070902427932e+00
1.230753952348803582e+00
2.004359811639186528e+00
1.994118138989743327e+00
4.971356056976897975e+00
-1.661700773986000801e+00
1.423988863420557305e+00
1.965287190314550791e+00
-4.461256425751312094e+00
-8.919307202621431507e-01
2.069156497769565117e+00
2.033825296987809672e+00
1.792126822588282042e+00
1.997280875881490836e+00
4.437076119842892075e-01
1.999846199326746010e+00
-1.818832650233250359e+00
-1.891800266638535621e+00
-2.009383695529575853e+00
9.422061370462311292e-01
-2.641490825159525713e+00
7.964139742604379180e-01
1.956865261896529873e+00
-1.371464314523308248e-01
1.191085862359152481e+00
2.030079048795522478e+00
1.829260601689916221e+00
2.062410845805175530e+00
2.029515767849866315e+00
-2.548507839678086473e+00
-1.888072212904275959e+00
-5.523490957129401302e+00
2.073201479271866710e+00
2.105995854864241235e+00
2.199285317728471689e+00
2.011319969274842467e+00
2.054480917893339864e+00
2.042284887786548264e+00
-2.087697666831289656e+00
-1.616238721996464012e+00
-1.110967765006272701e-01
2.043938142010373937e+00
1.872637830170982065e+00
2.451520133608183549e+00
-4.742724480663212283e+00
1.857998634246405434e+00
2.316053702220109312e+00
2.026859233176944830e+00
-1.566387057824411233e+00
-1.885011699148776421e-01
-1.306911593325249532e+00
8.263061409921167444e-01
-4.355554222023048094e-01
7.300545405469703875e-01
1.992548998441111996e+00
1.961060476283493781e+00
1.875722246732439036e+00
-2.099556526446290761e+00
2.065011266753158381e+00
2.078897993355785623e+00
1.839897171999996139e+00
2.011586185704646201e+00
-1.935726994537745771e+00
-1.949832906911292962e+00
2.098997982456821454e+00
2.043189758967100644e+00
1.914059767637181109e+00
-2.757064946561651020e+00
1.749182057761547338e+00
-3.909748850147682475e+00
1.808802301309872629e+00
2.156468811505069194e+00
4.465941097189204401e-01
1.873756139175846158e+00
-3.436038938075845373e+00
2.158095122214841677e+00
-4.003945326556386242e+00
2.060805857934597363e+00
-1.667550143368755400e+00
1.988520892757640324e+00
1.968697475399855179e+00
-6.367536387297999534e-01
1.916605429798063032e+00
1.144403720548783365e+00
1.826601102476093086e+00
2.100634075247313159e+00
1.844136958795719927e+00
6.234988730724289496e+00
-6.228259389530572065e-05
-2.810790755294286125e+00
2.099949161027602429e+00
2.034251944525807598e+00
-2.527612597770132030e+00
2.035893059152404039e+00
-1.520669353825842673e+00
2.039857777543117034e+00
1.976085502808407224e+00
-1.073591262585229744e+00
9.405159377612657412e-01
1.833259223093228973e+00
-3.464348364741814290e+00
3.722391716068886858e+00
-2.548038798207076017e+00
1.881537983742714193e+00
-2.011078096940820181e+00
1.820196138802004482e+00
-4.250337600753349321e+00
1.978460824171204502e+00
2.020869958367363939e+00
-4.689447139675188003e-01
-1.871159692833461063e+00
-2.286486306877796526e+00
-2.035011485886446536e+00
1.988273150821045387e+00
1.999664530422277986e+00
1.859414351845501301e+00
3.970175632583067493e+00
1.450181228819283241e+00
2.342144206542040585e-01
2.133769829725790768e+00
-5.106747495740873610e+00
1.978743172823667074e+00
2.069956561123215799e+00
5.229207576825722015e+00
1.973596500464775971e+00
1.951329161111472255e+00
2.012803548150345456e+00
2.001178355944856602e+00
-3.339946099692940873e+00
2.046446172773035865e+00
-1.943631333450170473e+00
1.889813131490689413e+00
1.634561547373339252e+00
-1.858702959169989066e+00
2.973484311438529204e+00
-8.362150007835470689e+00
2.020189840271078285e+00
-2.948317770002119254e+00
1.944360175183995620e+00
2.185963364373435081e+00
2.170074922606868739e+00
2.051636349271081183e+00
2.036983766024204279e+00
3.713789444158904773e-01
1.948001743535999974e+00
-8.603557535896979580e-01
2.255155366690234087e-01
1.912513310095938612e+00
5.628290220064277705e+00
2.027610399803805308e+00
3.489550454020648118e+00
1.702815519869267102e-01
-2.014038622924705924e-01
-6.228798466284091617e+00
-2.129971076323815993e+00
6.207054517283363548e-01
2.009416340099859699e+00
-1.339496475707863787e+00
2.111089787446486454e+00
1.881480518591746698e+00
-1.857041595222044261e+00
-7.035493437091870916e+00
2.037069655072523133e+00
-1.833202103172245412e+00
2.021945979713373198e+00
2.812883101407907205e+00
1.308346537741793325e+00
-1.048853056614191370e+00
1.898505166840284364e+00
5.826822965109922592e+00
2.044067287180334258e+00
-2.093239142987193269e+00
2.923710249933791694e+00
1.928107783197889002e+00
-1.235427627061758127e-02
2.015839498590067169e+00
1.949181377977193153e+00
-1.655771047230071513e+00
-1.366501470699091336e-01
1.971387531423541617e+00
1.840268691327509698e+00
-2.181304129697970495e+00
-2.886869796802885357e+00
-5.813727291244680906e+00
2.053800537992932718e+00
-2.008174751815996473e+00
-1.614394792396284029e+00
2.104155716246739694e+00
-2.066999968615002015e+00
3.470624093821245815e+00
1.238603925295980623e+00
2.088789106014242503e+00
1.988342227247638094e+00
3.801189500271410004e+00
-2.015170027229428396e+00
-1.458501781303057632e+00
2.004706368747165346e+00
1.924197856102591198e+00
1.864983365733978493e+00
2.019403559185942498e+00
4.004983591877329663e-01
2.022493222541859925e+00
2.096451958836820673e+00
3.473880577376351475e+00
3.978145352497588494e-01
9.475279191467096407e-01
2.106280730170554616e+00
1.967218943201084702e+00
5.224200518628876466e-01
1.927851147512994245e+00
5.539928601151666854e+00
-4.292379202474454480e+00
-1.547982118543778540e+00
1.960537273942298819e+00
1.882362751550182844e+00
3.158704475724393390e+00
1.885782755147860978e+00
2.041188573025192632e+00
-1.134799613576568333e+00
2.746466479909691061e-01
2.070313925977483649e+00
-1.093032629217565166e+00
-3.035278283347465633e-01
5.653787311906998125e-01
-2.231062476509732662e+00
3.394124139733869505e+00
1.937436959212610388e+00
1.890266971294328968e+00
1.894898942552984300e+00
1.921323115508820401e+00
4.627851225941106428e-01
-1.976446753734689699e+00
2.470420333207978547e-01
1.936959318156042720e+00
-8.198630204371976760e+00
-1.668198076976356581e-01
1.781117907247007803e+00
1.957646305962943867e+00
1.814349913413069171e+00
2.033572029207677989e+00
-2.107791792729839742e+00
1.796049591452495875e+00
5.197723082757035762e+00
1.027499950854827038e+00
6.021529108619937176e+00
-1.226892319519113261e+00
2.289576090700733424e+00
1.848068139555299805e+00
1.919302905196637488e+00
-8.672409403380260784e+00
1.999776721680142533e+00
-3.476758680364806064e+00
3.012731028060973593e+00
-2.091472308133193625e+00
2.660296272887940461e+00
1.843144819653084632e+00
-1.982917546000103837e+00
-8.707426660224740766e-01
9.868579883002325248e-01
2.083710005567154244e+00
-1.622941603852016579e+00
9.347894879772340737e-02
5.686436110514709874e-01
-1.931195592457880528e+00
2.868594995373298318e+00
-7.588913624431110616e-01
-8.443258880194780547e-01
1.841465194743868272e+00
2.948597452112539097e-01
1.943965888568302880e+00
5.424189054343740324e+00
2.673886316743017577e+00
1.941816583532785190e+00
2.180996800727231233e-01
-8.779883008933873079e-01
3.851420750293181428e+00
-3.351697323252683880e+00
2.159301988063090150e+00
-1.175988652006165314e+00
1.964719019897170238e+00
-1.165801994482474901e+00
5.029887737766573608e+00
1.819052660123198883e+00
1.973387297784652272e+00
1.986540565839798322e+00
8.768788594161395222e-01
1.171286256948470328e+00
4.621975524315566908e-01
2.133069707603170162e+00
-1.955218639736193920e+00
4.278276321056911691e+00
1.972645699878566194e+00
-4.508000596872226984e-01
-7.040316114252963553e-01
-2.082676535570493925e+00
2.056013082962232286e+00
2.135291805355770567e+00
-2.970018310596147071e+00
3.775265433320267316e+00
-3.918912782616857271e+00
3.578919427155715649e-01
-2.558720906629881497e+00
-1.917118217268966918e+00
-5.525174978218541089e-01
1.796843163433354151e+00
1.523413826464952603e+00
-2.195205161004875727e+00
3.351310240329935297e+00
1.810355726303989110e+00
-1.425408712815237511e+00
3.668983259880595593e+00
2.077841782524605385e+00
-4.439941991513840946e+00
1.952417142845025211e+00
2.046451923580371091e+00
1.832419955638132425e+00
2.002243417824471905e+00
5.977128728771635702e-01
2.203907073646381942e+00
2.003200912244189169e+00
2.907120814779079465e-01
1.945036200547622052e+00
-8.180891367201395536e-02
1.981917615440676572e+00
2.051152926538317267e+00
-1.053712644885941074e+00
-2.566200645200815256e+00
2.127451657491913561e+00
2.117403268309824949e+00
1.866312211768315299e+00
-2.014339078799952887e+00
1.839799738627843739e+00
2.612509011861750885e+00
1.885216196601913863e+00
-1.444510933404809627e+00
-5.192791498989939303e-01
-7.070357912999720718e-01
-5.374194442495102919e+00
7.338137893118037991e-02
1.132026988413874058e+00
2.061874323114113672e+00
-2.825299380042470831e-01
2.055930820565929018e+00
-1.257135873820850014e+00
3.685602047245359003e+00
2.017165371489171743e+00
-4.052561414860289535e-01
1.988288228456942752e+00
1.339512740794082113e+00
7.961697973550934115e-01
2.012069934101650581e+00
9.444154228773234960e-01
-4.911383790369585056e-01
-2.239990833092416089e+00
1.852016624280283796e+00
-1.948154656424984532e+00
-7.925783786194004477e-02
-4.118766645196716425e-01
2.185847950713230237e+00
1.988642250087991892e+00
2.060943354291400187e+00
-3.620334445000548962e-02
1.919993542192582225e+00
3.184205127143426850e+00
-1.107984791256388268e+00
1.981168212782819182e+00
-3.246301369121864067e+00
3.072438861803226118e+00
2.210214873162910987e+00
-2.792612608176373801e+00
-1.585237439159634665e+00
2.832691573468208990e-01
2.017970924526749421e+00
1.947600707871183889e+00
2.515928723773650511e+00
-1.524160154316371030e-01
-3.932632026077362286e-01
1.926914784939951941e+00
2.891604096109551048e+00
2.209669215224611349e+00
2.008428824809773250e+00
1.130155552183958134e+00
2.061288650908565945e+00
-2.106842329350036458e+00
-1.337390940879976231e+00
-5.135388144142488676e-01
9.080037931498726067e+00
4.164581027957265036e+00
-3.978102816412850129e-01
3.096935901046602879e+00
1.991081085467298228e+00
5.878471907931602125e+00
3.471421267741611860e+00
2.028316780959117605e+00
5.614617354418454553e+00
-1.102797855202275024e+00
1.837158609416812860e+00
5.858037677461080506e+00
-2.048842998766884360e+00
4.740539339237194838e+00
-1.844680314675211763e+00
-4.033450287019310077e-01
2.095969096179506330e+00
-1.892391245311715542e+00
1.280505205895062337e+00
-4.994189467545425032e+00
1.818098007710792885e+00
-1.467263027177186263e+00
4.118159272645979807e-01
8.580189157241167042e-01
2.371126613832835073e+00
-1.190104421801360779e+00
2.037442590831222589e+00
-2.156125308183419076e+00
1.945173524167037593e+00
3.956135328077125646e+00
2.009197379579114262e+00
8.297749023217915187e-01
4.100587290820280062e-01
2.070212114844375506e+00
-2.046862848377071220e+00
2.431706747605661967e+00
4.716396830678458052e+00
-1.360789095378955427e+00
2.278330972176654701e+00
-9.588788960395464578e-01
7.091873425627419181e+00
-1.955687146038592061e+00
1.997190571716739527e+00
-3.749904699230440119e+00
-9.455445531010668869e-01
2.089745847099000908e+00
1.354353520971107172e-01
4.558054265366757285e+00
3.675886412958847771e+00
2.284905637701777792e+00
-5.009545372036771305e+00
1.915238233026784753e+00
1.796054999630427140e+00
-1.847599312972137309e+00
-5.632956185275225458e+00
-2.806206584545636318e-01
2.000692049924341909e+00
1.887248537624188316e+00
-9.087818052041352068e-01
-1.918545435838397983e+00
2.526451096347084313e+00
2.037395700650920904e+00
1.886691778385110263e+00
2.713106568299730181e+00
1.943080072631463873e+00
-3.541330600258032035e+00
4.213367945647304325e+00
1.996108520182971358e+00
-2.599883740891729467e+00
-1.616161542912438964e+00
-1.203449915125525349e+00
2.103888045854870104e+00
-2.745841680150560293e+00
1.789843980191501593e+00
-6.484722729792772311e-01
1.550703619395333632e+00
1.927876855627472130e+00
-5.882792386988827671e-01
1.532104983554450683e+00
-3.346166633348386377e+00
9.919478334055068514e-01
2.077589254518248829e+00
1.924620613430746197e+00
-4.148623237094662963e-01
2.086337904542011401e+00
3.476787552993667596e+00
2.187036141771053543e+00
1.949941508386444866e+00
2.045175803734547326e+00
2.057869517156227346e+00
-1.544119669019900609e+00
-3.914027367530233725e+00
1.965402035982727558e+00
-2.927212282756719297e+00
1.970077988408947434e+00
1.989755068053249865e+00
1.592099956313157039e+00
5.363900526625255516e+00
2.007647507245951868e+00
1.006890999104839812e+00
1.946489335002682841e+00
-1.959635108340211263e+00
1.083157807434109721e+00
1.936864767620169792e+00
1.872860420881142574e+00
1.936952910879835343e+00
2.088123385653801733e+00
2.502626751530373284e+00
-1.942304269243239512e+00
-1.776441765461343358e+00
7.574909604530240259e-02
1.298933161536689029e+00
2.151315957889221142e+00
-1.404360821245759505e-01
1.849311134971436843e+00
2.050847988919165754e+00
1.517173430681444390e+00
2.107657631847179136e+00
-3.498983752733918484e-01
1.973658996332434690e+00
1.999790707127818701e+00
2.388115309030041544e+00
-9.251949592967855240e-01
