2.120625294273049466e+00
1.288827629711714717e+00
1.082219906771798801e+00
2.102536889031789258e+00
1.908015314628403569e+00
-2.671135722331849038e+00
-1.854075154048845819e+00
1.847323418719573285e+00
-7.000412177713178918e-01
8.277008872183705401e-01
-1.099605157215119533e+00
1.933604247788848651e+00
1.576825686120009840e+00
2.265456895270877791e+00
2.123255483127855392e+00
-1.228842691645454899e+00
4.125883481760325822e+00
-2.840904602399187073e+00
-2.778028424057876755e+00
-8.329519168012906150e+00
2.033119422651825214e+00
-1.852186168012132317e+00
-3.627285604708105016e+00
2.011216304194154425e+00
3.761748328262163987e+00
1.417599901601801049e+00
3.166066818996471355e+00
1.803471595724487120e+00
1.930763788140248183e+00
3.283877249933392140e+00
-2.881832783062181047e+00
5.752478086373333355e+00
-2.204958818645791130e+00
1.992883926801437111e+00
1.596294647477497719e+00
-6.503177518559616566e+00
-2.052471092344555714e+00
1.076146337989976498e+00
-2.113691473304774693e+00
-1.959350543958294333e+00
1.968325728890346626e+00
2.064439695672024122e+00
-6.384323470592230265e+00
1.955233798833142300e+00
1.870415742728127162e+00
4.730973781242036935e+00
1.986921627405767943e+00
2.139206771498505688e+00
2.107390813233196880e+00
1.982751058728954074e+00
-3.338976298172219304e-01
-4.930879550356626950e+00
2.042558835388495364e+00
-1.969518240693833633e+00
-1.281554025541339570e+00
3.018103535752136413e+00
1.923422435700971711e+00
-3.964056840440800755e+00
-1.772310792633977616e+00
2.655018124757772657e+00
2.082104222685158490e+00
2.300652340602562074e+00
-4.281942044961192906e+00
2.007265445817195459e+00
1.970230803761122695e+00
-5.096981007780353679e+00
-4.283425013742200527e+00
3.873618081763796628e+00
2.768039106738320321e+00
-1.934358008929356387e+00
-7.163480776377526560e+00
2.233544176791636193e+00
-6.416243160871156093e+00
2.106670360561859745e+00
-6.798817995198699116e+00
1.908250282719600843e+00
2.135365266477029067e+00
1.939180599613126832e+00
3.992433029933907918e+00
-2.585197014275131711e+00
-9.535166332088006180e-02
-6.200687466707641843e-02
2.112914947299222135e+00
2.212438605634224897e-01
1.952918188003949451e+00
-2.605757866066003459e+00
6.325902410664995257e-01
-1.372010836747837637e+00
-1.124523851639810529e-01
1.834472269495716068e+00
1.903828085541231063e+00
2.079410430437480972e+00
-8.371573942359056275e-01
4.934922023623872001e+00
-4.329314867846290049e+00
-2.723052603181489228e+00
1.068306559753653850e+00
-9.451898967516132455e-01
-2.150368231035864941e+00
-6.021454176787066181e+00
-2.021597017522485551e+00
1.853083453669818415e+00
2.071017448570631192e+00
2.233325869591269885e+00
2.204436685995637468e+00
-3.129532048256448151e-01
1.941167818797611799e+00
7.764771862744721531e+00
8.397357003354662952e-01
1.983521247293498657e+00
1.990807204395434571e+00
3.093840222646381477e+00
2.088286423944271331e+00
1.996355492600682346e+00
1.469208566899038448e+00
-2.540147906746617945e+00
2.009839786640456261e+00
-5.559739014494657905e-01
-1.905063359488518682e+00
1.784971230446070534e+00
-4.508034702444079778e-01
-2.036742082623830274e+00
2.790776249523452712e+00
2.099899095358110035e+00
3.802467753818497442e+00
1.184974683927318972e+00
-1.030573399436559789e+00
2.072251289794364126e+00
-8.461367778083231928e-01
5.379641290251522712e+00
-2.065904883737507358e+00
2.017526262761689892e+00
-1.895166042874526946e+00
1.755365385217637852e+00
-4.827449621335283547e-01
1.869307511749459527e+00
-5.011045851300717224e-01
-2.443080517658788864e+00
2.074958917175099948e+00
1.922254889743979067e+00
1.958615984293731405e+00
2.032321751716491764e+00
-1.321603532258444957e+00
3.249712508878395134e+00
2.645922813472057378e+00
-3.480257985389022757e+00
2.015340193204346431e+00
2.015973557962157603e+00
1.975802080999716326e+00
-2.699473648401745418e+00
1.916906810844038578e+00
1.283066437727941267e+00
-8.221336273328190281e-01
-8.838171140738779741e-01
1.920016154297764732e+00
1.613904160996944448e+00
-2.068900685278070029e-01
6.642689563813264364e+00
2.509549191132769419e-01
2.003245236166052212e+00
2.007681230053174115e+00
-1.119594557180323191e+00
3.695600004319392173e+00
1.374876900559985460e+00
-4.899620274855884361e+00
1.014950764803866257e+00
-2.918688365328625522e+00
2.084639012669166291e+00
9.204576487348646863e-01
2.042191617088075617e+00
1.880030975488149014e+00
-3.715120196339035008e+00
1.279610855508197753e+00
2.030282643122009123e+00
3.400388679131749470e+00
-1.959637254538732387e+00
2.651411148101675774e+00
1.631068146456553070e+00
2.015640958998240695e+00
-6.251582445295530199e+00
1.974087372910921401e+00
2.122114264221495183e+00
1.736241194079685690e-01
2.127892302367805133e+00
2.086546253128997552e+00
1.947112673306671482e+00
1.992629257733581127e+00
2.030375594557830787e+00
-5.654828198166669928e+00
-5.813352619718843428e-01
-1.644695870869785637e+00
-2.400973716513040479e+00
2.122869008159250725e+00
-1.465892700376673963e+00
8.505250082178145155e-01
2.022432895583715862e+00
1.952010529723251064e+00
-1.095651457949140317e+00
1.520695598523593262e+00
-1.952368671713865744e+00
3.331707697146097047e+00
1.963950880365372909e+00
2.052269431104910780e+00
-1.965766661753545641e+00
1.972348803082744739e+00
-4.520514361308083373e+00
2.044043250080444185e+00
1.965308727770670671e+00
-1.533743706699250531e+00
8.913405911248482028e-01
1.868068078935339438e+00
-1.844164462347772648e+00
-1.894368814051082595e+00
1.753536412194915295e+00
4.899747821779522283e+00
1.944597551466288765e+00
2.055967491945429160e+00
-1.638098949371891155e-01
5.389504134588150031e-01
4.660473344820236230e-01
1.982847034958255650e+00
2.960467449287773611e+00
-2.038940409315395996e+00
-4.769022927078573559e+00
1.840954497146413349e+00
-1.094878552710485398e+00
8.913414072050924730e-01
-3.163176170932328279e+00
2.054264089388071923e+00
-2.744950700738744143e+00
2.154413532773522988e+00
2.156834988618518079e+00
-6.748980625153698787e-01
6.882747852665207500e-01
1.927429075798391622e+00
2.038205158515121518e+00
2.019430168369053646e+00
-5.361706568784212479e-01
-2.146540778186597276e+00
-9.591014762865144316e-01
1.947591510360210609e+00
1.921084680116921017e+00
1.824850202071809591e+00
-8.359181389452103872e-01
1.920338568816143621e+00
1.948735921801440618e+00
2.082287198965315334e+00
2.010657305650377591e+00
-2.245754194643215240e-01
2.172278558887787092e+00
-2.322300812776016077e+00
1.601222205634936335e+00
2.019233541848344249e+00
2.129440848590979041e+00
1.883730903559525993e+00
5.840889532503680925e+00
-2.897242804529130744e+00
2.087801020485865244e+00
2.107085703473911664e+00
1.034974998024096982e+00
-1.357501913337800126e+00
5.454626533441854219e-01
1.919075302618611145e+00
1.940227939927484213e+00
1.767220176639880957e+00
1.846802048430039145e+00
1.875767869667005039e+00
-8.474349707190299341e+00
2.089358943028460036e+00
-1.892654996771697684e+00
-2.232992355760705205e+00
2.002291890718304934e+00
2.822213645907367674e+00
-7.048333673419797663e-01
2.013661037165527912e+00
-4.525849129527789033e-02
-1.400212849640593671e+00
2.841755809588689452e+00
-1.997210937387955187e+00
-2.196708406453534934e+00
1.941414014119344111e+00
-1.974500382523621145e+00
1.763841944455629474e+00
-8.957658754649171495e-01
-6.203958769221921798e+00
-1.146751534207266499e+00
-2.396612805163571558e+00
2.533482974101528562e+00
-8.044277065682550187e-01
1.925677442726830613e+00
3.414496539014757470e-01
1.380677094834130036e+00
3.685712032383346326e+00
1.955201870945032949e+00
1.978463030119949950e+00
-2.844310164761682636e+00
-1.231824743176120895e+00
-4.001321895169970944e+00
-1.805673109073800742e+00
-9.893430061419621335e-01
2.099671663503000385e+00
4.263038514998946482e+00
-2.028695414930827834e+00
-1.104047401584169918e+00
2.052231159686022099e+00
1.870913012154943544e+00
1.991865330180163429e+00
1.829614563125414151e+00
2.005024235155580037e+00
1.930072622083428557e+00
-1.994661616140671834e+00
-2.369062282862385960e+00
1.979090710524315622e+00
1.974607352158102458e+00
-2.102327830585748458e+00
1.901175201894556466e+00
-9.402800262619319671e-01
1.961762480246443952e+00
-6.936208531205176442e+00
1.958980716721010262e+00
1.935695481094569903e+00
4.137331396277038387e+00
-2.005932109733678192e+00
1.507516262767573390e-01
-7.383899730207104994e+00
1.963314626770541471e+00
-6.265204361724114435e+00
2.001409927242919107e+00
1.641735416780700341e+00
6.463767712658915698e+00
1.149030145715201234e+00
-2.442344272445726272e+00
2.859319133233103827e+00
2.059603211420224511e+00
-1.031241293296557116e+00
-3.532648520763260969e+00
-1.289194996386752390e+00
-1.246863200730996768e+00
6.678141819359376896e+00
-1.030937182380351480e+00
-1.729072183447861288e+00
2.747592404357446783e-01
5.023510427066328887e+00
-3.498339983484080484e+00
1.923500891296604287e+00
1.895669787236888171e+00
4.605257873558168846e+00
1.986551894159123588e+00
-5.048558956323732083e+00
2.055901497649633036e+00
4.829481441615558479e-01
1.951436325313381959e+00
-4.710295441970794528e+00
-2.043572041717171217e+00
5.014264925984015520e+00
2.024121540894029625e+00
2.077214257049039503e+00
-1.950160430597990269e+00
2.106543825435565065e+00
1.971577342516655840e+00
-1.788476769735209970e+00
2.073073005916734601e+00
-5.792245480728147378e+00
6.102318097286952181e+00
2.083617488546261498e+00
1.832365020902745334e+00
2.006375607276124740e+00
1.865063666203037096e+00
8.480742716031000050e-01
-2.068411951947724869e+00
-2.034798517886047708e+00
3.606098032744187165e-01
1.989538911010706013e+00
1.909241512332619628e+00
5.842724363687438860e+00
1.920708053378448188e+00
3.118483790757647256e+00
-1.940979350423384764e+00
2.325964618390386818e+00
-1.798904208108460079e+00
-2.521842033252178705e+00
2.043174253321976774e+00
3.097334096915671964e+00
9.716730809763198806e-01
8.488025242496040346e-02
-1.981577692939166635e+00
-1.836348728518347517e+00
-9.470058524398647926e-01
1.945208437734505802e+00
1.888689371073363654e+00
-7.857232319888641570e+00
-4.409848788669047615e+00
2.119402650089786011e+00
-2.078834508044246299e+00
2.028694983792858952e+00
-1.914554155941653235e+00
-9.677722272385150815e-01
4.519217691296938400e-01
-1.786097221461363960e+00
2.103288653441437450e+00
3.897109189798664275e+00
1.873271198800044113e+00
1.885096646159422074e+00
-4.668629101178397786e-03
3.582227061806967511e-02
7.074720490314539978e-01
4.067521055978193800e+00
2.098469062839313004e+00
4.837015107276225301e+00
1.933334050823334760e+00
1.716392443384375799e+00
4.193210712307097410e+00
9.721812736254709097e-01
4.252209016624039668e-03
2.130206049406738966e+00
1.977611466517707806e+00
2.779914230160823951e+00
9.897023809168030706e-01
4.051117748160229404e+00
2.141114655962378155e+00
1.914405709368679931e+00
-2.426248799471603323e+00
2.001186860918202637e+00
2.054250755661062300e+00
2.404931750918416711e+00
1.894436078672488755e+00
4.779232615283854457e+00
-4.711800360916117647e+00
2.134336080729586360e+00
6.407822945659480851e+00
-2.310755939045570528e+00
-2.031105054842696322e+00
9.993428509747153132e-01
2.003849538285628729e+00
1.971624460441009141e+00
2.095045222986720912e+00
6.065066427093286805e+00
1.970086724894728247e+00
-1.960017744977835541e+00
1.859137628774580886e+00
-2.177026276264910631e+00
2.109871112567383911e+00
2.049610034798953873e+00
-2.002976877398734867e+00
1.739950622071032571e+00
-2.037441866122029488e+00
3.662925506028674061e+00
6.288908012305164386e-01
2.065018367614188222e+00
5.006671604916854701e-01
8.750762296548277863e-01
1.925020531239476362e+00
2.062051590840858761e+00
1.297154858664283816e+00
1.577388466879514173e+00
1.763090894454363955e+00
2.016279506529667920e+00
5.400728438069032578e+00
-6.075143650977490317e+00
1.982074284852747947e+00
9.555777090350278113e-01
2.033949074896991505e+00
2.033204196631110960e+00
5.254844497436417239e-01
2.005839130484871724e+00
3.237843487778789608e+00
-1.870515486954367423e+00
2.005468810381771050e+00
3.025201933603184346e-01
1.954629872485141417e+00
6.104211142092420772e+00
1.407193404303789697e+00
1.965841521554917426e+00
-2.127738520436227354e+00
-1.933873468426599462e+00
1.919443084627740603e+00
-2.160551454834962914e+00
-1.657445090238578000e+00
-1.910145547029395097e+00
1.983229230960841472e+00
1.958708865330744286e+00
-4.675171684065059452e+00
2.041150532303522169e+00
1.873796220833619852e+00
-2.037447128195739865e-01
2.017056171079589344e+00
2.065546428695775649e+00
1.923268739354695667e+00
-1.865141224059069014e+00
3.100101880772467400e+00
-1.015005499125178068e-01
-2.222390043205721533e+00
1.921374312489117386e+00
-6.737260682901017539e+00
2.668641056929614841e+00
4.357327697459074223e+00
1.874927383800238712e+00
2.039901632976035994e+00
-2.029795275391419906e+00
-2.128443083687439508e+00
1.338428969361623366e+00
4.433560466770797959e+00
1.900590061494572325e+00
-8.660459588406253795e-02
4.710592638440213697e+00
-7.245362198807607512e-02
1.953345510892882775e+00
-1.283564682246868927e+00
-1.113430356219565098e+00
1.970105617601720205e+00
2.039592149534889653e+00
-2.238132152861465052e+00
1.985656434775393109e+00
1.592163667718535125e+00
3.478542366753835324e+00
1.876494281623970251e+00
-2.098379441336755136e+00
2.050730271687219552e+00
4.802226356291732778e-01
1.836222112376373339e+00
-7.808473609422670325e-01
-1.284835164233684379e+00
2.106070591896870070e+00
1.888375498984433021e+00
-2.684124228897339481e+00
-2.241078839137323087e+00
-4.348135878486562689e+00
-1.954129966627826676e-01
2.058242106870272536e+00
-2.119475557950055489e+00
-1.352859235053077425e-01
4.698592278741761774e+00
1.855114524152635003e+00
2.121890018543982404e+00
2.101668653164739275e+00
2.830170918103748212e-01
1.894886616685820480e+00
1.005970951596088625e+00
3.402919590211826772e+00
2.030841183096280034e+00
-1.358567854499455718e+00
2.518123903505953720e+00
1.878968676678596461e+00
-2.207298930838109019e+00
2.111115928254719609e+00
1.978288988284598870e+00
1.653501161029843625e-01
2.793547967876589322e+00
4.972072298391442047e+00
1.871892237579169338e+00
-2.091079000454636017e+00
-2.325483457896946327e-01
2.964310278116196073e+00
3.431217014157931899e+00
1.988268779035526679e+00
1.890795271405292910e+00
3.684157148839549922e+00
3.240900002950807490e+00
-2.614402139612677090e+00
1.639007612769008304e+00
6.347991824127150462e-01
2.066742731480475825e+00
1.932658085239885581e+00
1.707772296176671700e+00
-1.884956042803692000e+00
2.129366566818685857e+00
-3.249690887978633924e+00
-2.010746595693391203e+00
-2.619276709111553636e+00
-2.048986116998952056e+00
-1.889743823520440236e+00
-1.924778368166777387e+00
1.975576593136622039e+00
2.117098846276946666e+00
-2.029741034904407881e-01
3.929692920713571125e-01
-6.587158418614722066e+00
3.744879731233422326e+00
3.793863642301626538e+00
2.326565249347636311e+00
-3.339837703983529416e+00
1.537850477193457577e+00
4.240307269327045603e+00
1.749394454338548233e+00
4.937322775002769504e+00
8.194650700511812991e-01
1.859977163320111426e+00
-4.035959018110040208e-01
1.887892295351092375e+00
8.767278671883764751e-01
3.714931653912723064e+00
1.956487502243946519e+00
-3.613250455946671380e+00
-3.104959101198632609e+00
-2.018534881330891206e+00
3.164247909665002245e-01
2.111622428260794049e+00
-2.673521391339315656e+00
-3.582928727383985823e+00
5.144666507692729596e+00
-6.131158507184372164e-01
-1.413377266665103438e+00
1.984710994052224953e+00
-5.266636305861329692e-01
2.037838684254114519e+00
-7.309512097745828330e-01
-1.961231101070561866e+00
-2.842566080459349442e-01
2.134144482512366992e+00
1.860606653534290889e+00
-1.380659863323427938e+00
3.620793881919111001e-01
-7.950030190221585968e+00
4.716005208536296678e+00
1.901771474479956980e+00
4.143759642246347408e-01
2.758615857982286146e-01
-2.032663155737472582e+00
-2.023975514855011593e+00
-4.752847016617511855e+00
7.994026617107966581e-01
-2.075167524727172808e+00
1.867664525948228960e+00
-7.967484738689882828e-01
-2.780310276537517389e+00
3.387385025296267393e+00
2.637364470098976454e+00
2.167297976134774373e+00
7.177191333332488821e-01
2.017041922423163047e+00
2.104583667600461894e+00
2.120534224934258027e+00
2.375747370471285258e+00
-1.595788463549590031e+00
-1.276408102143575807e+00
1.898050064897532918e+00
-4.025194132250572210e+00
9.928362002340569425e-01
5.723445741386954388e-01
4.310235214126954872e+00
1.989245706842800665e+00
5.959329101561761100e-01
-2.010019618000615793e+00
1.813303700933079021e+00
-3.014050641422602261e+00
1.943394020749460882e+00
-1.749851699633564461e-01
-1.960614022705648551e+00
2.125679214864296007e+00
2.060664553993216241e+00
1.119825487890408588e+00
-1.931211833104381936e+00
2.010101971981476776e+00
1.927283120805012295e+00
5.025064631134577020e+00
-2.765906887490286348e+00
1.252853121347742071e+00
-3.902647390697924074e-02
2.356651744369588020e+00
2.604232738822481075e+00
-3.037279012006857126e-01
6.844783888218533008e+00
1.842408818322058828e+00
2.824142581128987750e+00
2.005572423524425663e+00
-3.138838093465861068e+00
1.810919126736059148e+00
2.089613130195010715e+00
6.109472317688357634e+00
7.269271106596233434e-01
2.054488858769974335e+00
-1.939574606569407500e+00
3.490704692231263451e+00
-2.240188096364780446e+00
-2.053038684819150639e+00
2.365949177025541417e+00
-1.740429796066073731e+00
-1.951878545981647450e+00
9.288739858490765444e-01
1.835541750735144140e+00
2.126003884476467931e+00
-5.599540828230462175e+00
-1.865879280911833416e+00
2.189085723213619161e+00
-2.026416884048931166e+00
2.030974831419465332e+00
1.974995537483915653e+00
1.828831012190469618e+00
2.059300720044325850e+00
-4.591768101598638019e+00
2.002427669827036461e+00
1.826441407062533440e+00
1.778272839614180256e+00
-2.316605969401176246e+00
1.401337565112072969e+00
2.019323709154809077e+00
2.061833901889686960e+00
-2.688666793429638435e+00
1.963757577855984149e+00
1.810060183644004228e+00
1.957174793225828990e+00
1.991094682393608872e+00
-1.666087681433206513e-01
4.063092047375083560e+00
2.054975779307984585e+00
3.645767169711540134e+00
1.889535223856020796e+00
-2.945311469743336907e-01
2.118253480082345153e+00
4.813183284835260700e+00
-2.378474816968234151e+00
3.292823739515098769e+00
2.779532249933162724e+00
-5.747487255131270345e+00
-3.877212508147049430e+00
-3.973087477794319700e+00
2.093107811934882712e+00
1.771701504129654881e+00
-8.130137498268470708e-02
-1.315653547890398567e+00
1.976401850673938698e+00
2.953338744707674213e+00
5.618861685344525569e-02
2.105719785249174691e+00
1.006970818248443811e+00
-1.959476416208691507e+00
2.057341160648345824e+00
2.065561220353824279e+00
2.042833152304469824e+00
2.128235296471403970e+00
3.447412376778816068e+00
3.544143755176464711e-02
1.969955269413702581e+00
1.599941817350279516e+00
1.103905786955808654e+00
-1.145153644445336960e+00
-5.930212080195699897e+00
2.189542520893498434e+00
1.816007579152913776e+00
1.761838760395020298e+00
-1.106905679569207379e+00
-5.517757625901200669e-01
-1.052851235714090006e+00
2.019669593902542637e+00
-2.023614728784150163e+00
1.923610776617524110e+00
1.860130077524298153e+00
1.871447428129464186e+00
-5.117150214011772391e+00
2.115115044097438002e+00
8.992595792526902887e-01
1.983581933322295487e+00
-1.896310749804524409e+00
1.997656727122140374e+00
1.794046261321429858e+00
1.982152250863677301e+00
1.984074047168452815e+00
1.186567484867457001e+00
1.863100859870171710e+00
1.579895668659001551e+00
7.664149849281005622e-01
-1.781409942107476496e+00
1.889234518971373067e+00
2.032463712751787277e+00
5.700530896835911854e+00
2.170899930050592452e+00
-6.917790531283640743e-01
1.841566202231930127e+00
-4.962117451098581711e+00
1.947084285948148086e+00
1.925693626086109278e+00
-2.209688387222398909e+00
-9.402031503853999217e-01
2.005316812466106491e+00
1.875654392443726337e+00
2.009335702165337523e+00
1.187724311173284475e+00
-1.181013780727905527e+00
-3.208428319573203846e-01
-8.195083579700606080e-01
4.944031925729929000e+00
2.484980485621763879e-01
-2.722842859289934747e+00
3.165288761818828789e+00
2.644061834154817880e+00
-2.612888005321838403e+00
2.014392430712054871e+00
-2.492003697461691925e+00
2.099418414059373017e+00
2.037384890211042521e+00
2.010476400288344401e+00
-1.907257311448979364e-01
4.622048516879683433e+00
-1.995981238892520215e+00
-6.897281490378494029e-01
2.039704015275471072e+00
2.081750234425896906e+00
-9.183599924920545776e-01
1.999382822842933338e+00
-2.211887327054608221e+00
1.983266604865022265e+00
1.868757845088544034e+00
-4.113859098918073443e+00
2.409901052755943240e+00
-2.908440507396601760e+00
1.192678973729545344e+00
1.980260168565240342e+00
1.276378554344387517e+00
-1.386926893202923949e+00
1.939986522207824526e+00
-2.046814255484934009e+00
1.879034907489527839e+00
1.955360443399355219e+00
2.604987785737056250e+00
2.051180841905508867e+00
2.035193848584465393e+00
-8.232938605417531974e+00
-6.352985373695738680e+00
7.133934249724114274e-01
-7.519206476628093050e-01
1.794348889755309040e+00
2.382383706471493529e-02
-1.922368352503353695e+00
4.052142418369316657e-01
-1.908279287783620770e+00
2.444960648850869056e+00
1.533310971302069170e+00
2.006588500052479240e+00
3.051316020921968963e+00
1.946644148534860230e+00
1.686733091761883019e+00
1.735210953513216081e+00
-6.271547277197638159e+00
3.808024575332390693e+00
1.939626502256747376e+00
-1.495347416245500272e+00
2.021570985453320368e+00
1.260505139636641125e+00
3.706950349192066341e+00
6.797241972290598566e-01
1.969484332287771311e+00
3.539057379427409167e+00
-3.059128682490515505e+00
5.195696894943545585e-01
4.450537344368538761e+00
5.114851574707875770e+00
2.093468828625552280e+00
1.890666035472958084e+00
2.924236570841569627e-01
-2.493236307554212772e+00
-1.169362988875663589e+00
-1.571940165236466180e+00
-2.654374371465926252e+00
2.128485214652807933e+00
-1.086907569663631223e+00
1.778600893210873224e+00
-4.230972057104681383e+00
1.409184722813043189e+00
2.013552686613997889e+00
1.903512215262444851e+00
2.040605907110829786e+00
-2.227971991780875349e+00
1.832028121924792696e+00
2.091251515576699305e+00
1.899126052002750420e+00
1.899190552327099990e+00
2.024443064108753632e+00
-5.462368007321817487e+00
1.937307632513238786e+00
2.071414090233953065e+00
2.163043559627607415e+00
-1.917459639824765638e+00
2.025304711842884409e+00
1.926319529307247924e+00
1.951827474131761386e+00
-5.520598402276357675e+00
1.461953590666284608e+00
1.970182074913777059e+00
2.070269061274729427e+00
3.203256402293486182e+00
-1.219000732664617948e+00
1.897020897104011450e+00
2.018418882879503773e+00
5.291536383865503623e+00
-2.103109419957672088e+00
1.928664225345035899e+00
-1.631890661992530411e+00
6.109355362412048684e+00
-3.656388224694222533e+00
1.914212789406360082e+00
-1.430312352108104923e+00
-1.159671819417602112e+00
6.580585725781529227e-01
2.365029422511608637e+00
-4.078883342044115068e+00
2.019555181381558207e+00
7.405874258077467243e-01
-2.759384683376242098e+00
2.076007331202740058e+00
-6.837052519980447052e+00
2.203833900429731152e+00
1.527649547363856053e+00
2.025070124663070015e+00
2.087538909290247435e+00
2.210857308318109560e+00
-2.317898920749075664e+00
2.121341540788800994e+00
2.018612788524666080e+00
2.759531908859135907e+00
1.935953376233295442e+00
-1.916515034971383091e+00
9.556499147898572133e+00
-4.624172948203007505e-01
1.976782600282583902e+00
4.912323138403356992e+00
4.079362461847003019e+00
2.150548138911032581e+00
-4.239760900900219731e+00
-1.775737411121946607e+00
-1.347162297673819342e+00
2.045579665043169015e+00
-1.647694681453671040e+00
-2.000913470626851431e+00
-9.065989748325644637e-01
9.966004856343364526e-01
2.005171503806109978e+00
-1.878440702723413347e+00
2.075403908775518502e+00
2.970244877344942580e+00
-1.320579821391483444e+00
2.029958592367510306e+00
-1.588018088299242847e-01
2.821462700054929496e+00
4.219575597556349145e+00
1.977398250601934304e+00
4.636086431028472177e+00
1.968200402197062715e+00
2.043134256912847668e+00
2.022873085138146898e+00
-2.071878233561406546e+00
2.006249934455186512e+00
2.008171932833664908e+00
-2.861329711662838893e-01
-1.892981213465030566e+00
-1.465093228865780084e+00
2.069965785789391610e+00
-6.580807029897253191e-01
4.604177531935794043e+00
-1.653040865788257374e+00
2.106622281958187681e+00
2.116341950224779556e+00
4.343991792777549321e+00
2.075956537762399190e+00
1.937898825748772813e+00
1.126021244040125158e+00
2.027587328980387849e+00
-6.248079103197648365e+00
2.910414423916279247e+00
-2.024997129756536118e+00
1.717238374348609847e-02
-2.558849059802235537e+00
2.012067515260733241e+00
2.240129833310588126e+00
1.904359097554916280e+00
-5.783411067903054814e+00
1.966059211868799617e+00
-2.000318756095686989e+00
1.874549709722137969e+00
-2.106920689914538958e+00
3.516781792410348384e+00
2.150988363160755146e+00
-1.966224830098641574e+00
-1.961110913987687221e+00
4.035659351524899741e+00
2.107776111222038562e+00
1.883714990546135004e+00
-1.211894787657515904e+00
1.978905424082634257e+00
1.405063860827356459e+00
7.324701856246922382e-01
-6.860105527167712935e+00
1.927042518075321009e+00
1.976411747306027866e+00
1.931633508477634154e+00
3.164411805794625998e+00
1.045777024101850694e+00
-2.207857653506888895e-01
8.591238726829807382e-01
1.974810790235194347e+00
-1.650315123026379949e+00
1.979836410557199722e+00
2.066460317014267023e+00
1.967941556314136253e+00
2.143880889601528672e+00
-1.637810952232759298e+00
1.982853904229798347e+00
1.969303564148170427e+00
3.012967275040355108e+00
1.959079790089637951e+00
1.902148081035420546e+00
2.005451663699205689e+00
4.107532613295980184e+00
-4.245114605388780049e+00
1.968456085880361917e+00
1.971108405065715719e+00
1.930735434035101505e+00
-1.433267463770423245e+00
2.023365324921786890e+00
-1.795737112740730446e+00
3.204655580540973325e+00
-2.255914118275951452e+00
-1.943084643483860008e+00
1.933301963786654643e+00
2.133846653750242517e+00
1.946353012656013792e+00
-3.597234971668862968e+00
2.180877193137614967e+00
-2.663357633483820042e+00
2.044854406481815712e+00
2.032929615244901900e+00
-3.333754449300276868e+00
-2.732694435147814183e+00
1.841185777829462689e+00
1.496434608968499225e+00
1.852198249033868871e+00
1.966299217195201177e+00
2.008363610795388166e+00
5.856512001492688579e-01
3.971243046158675849e+00
-3.630680264651466427e+00
2.109928812264056930e+00
2.050058031542766557e+00
2.015784644196318531e+00
-3.441610081623348805e+00
1.550830755064537048e+00
2.053165705767230786e+00
-2.829417057532546576e+00
4.187830692676309141e+00
2.994195047970235279e+00
2.063303324889483648e+00
-4.424296401901933962e+00
-6.294778571720411442e+00
1.851902136443800417e+00
1.999574357145248671e+00
-2.185938680732125050e+00
-5.638378707679927437e-01
-4.864262475746884418e-01
1.947781643748416558e+00
-2.122849550024024978e+00
-3.864406064015770248e+00
2.110120887216371699e+00
-5.617757027242811674e+00
-8.067269090392056863e-02
2.804020446366695118e+00
4.276665835644282154e+00
5.364408360833141209e+00
2.202465614474555800e+00
-4.292135538261132588e-01
2.040304999198751190e+00
1.371240597986950860e+00
2.059984153404961660e+00
3.670916993822155860e-01
1.925137025903424171e+00
2.197109096367177550e+00
7.936244849590563533e-01
-1.955368810689556369e+00
-1.991068868813372195e+00
2.126128418595428116e+00
4.891943282389225267e+00
1.386939461158537501e+00
2.023380713487215488e+00
5.511648285136756087e+00
-2.048244492102233583e+00
-2.063759762447850754e+00
1.900858694635102042e+00
3.087022984676360604e+00
2.133519596629970039e+00
1.918478367411753593e+00
2.313608420015127010e+00
2.676345636180086807e+00
2.106599214207338200e+00
-4.277361073719757600e-01
1.972237137242744076e+00
1.962044018981359272e+00
2.129155092393465232e+00
2.023521555223542823e+00
2.132434936916026480e+00
2.186188222089020083e+00
1.916111697853788209e+00
3.266423088249070794e+00
2.086078291252198014e+00
2.106708113960170381e-01
1.989555957732754621e+00
-1.740226604173876757e+00
-5.359928914560181390e-01
-1.261458751385278410e+00
1.781539178825075620e+00
-3.462540875264929152e+00
-1.877179284354892230e+00
-2.095369882989464472e+00
-1.990543747816676534e+00
2.034206680335891360e+00
-1.557251018485455329e+00
1.983443443828252661e+00
2.010321575091210011e+00
-2.053929917246559711e+00
2.035549727464004643e+00
1.900890823811689057e+00
-3.867016548524106145e+00
1.652471712946088189e+00
2.070000150850898279e+00
5.118272726812299389e+00
-1.110669147433177351e+00
1.892779382009574185e+00
2.032087607714106792e+00
1.916942384118343057e+00
-1.302214105047895032e+00
-2.099801206860695824e-01
3.894393103946132584e+00
-2.080367783743522825e+00
1.942188563066964857e+00
-1.960850293886073237e+00
-1.472878274714958913e+00
1.793222114399621647e+00
-3.981051678062993204e+00
1.995245011880322217e+00
2.020229871470871963e+00
-2.687316817873247388e+00
5.579414588918242546e-02
1.380647690042535736e+00
-8.374290016087400090e-01
1.859201439399539968e+00
1.931784996047992475e+00
-2.075663556497750584e+00
-3.936682408574242231e+00
1.215233534379489111e+00
-3.248427185311679288e+00
2.243011658737587233e+00
1.058029892492360569e+00
3.670000063768418919e+00
2.075870316790391801e+00
-2.095695799377340407e+00
2.139175625641204448e+00
2.029927646619157589e+00
2.076964796770200739e+00
2.002954797043744239e+00
-1.519483543443608031e+00
2.041790407996411094e+00
2.331991822654461810e+00
1.907793344560746007e+00
2.554062865238215796e+00
-2.113054674307383696e+00
2.041506439747940771e+00
2.049060554118511401e+00
-1.251025731809174424e-01
-5.319619311318905197e+00
2.066443817369554292e+00
4.380326769905184214e+00
2.095728490591573845e+00
-2.152412571784124484e+00
-1.768046019900390842e-01
2.082010197123669748e+00
3.708237759323272265e+00
6.752142368249665072e-01
-3.390948014090382490e+00
2.076087737069100214e+00
1.710001742030889726e+00
6.221409212645813369e+00
-3.867411795457139867e+00
-2.741328159709047974e+00
1.978535563601447667e+00
2.155486095226122778e+00
-2.349225497856767486e+00
2.162833723014213838e+00
2.185554659951981282e+00
2.111618240109482514e+00
-6.377978470190033278e-01
-4.242350248931865409e+00
3.210694278825440229e+00
2.034758655078780620e+00
2.290506201897615224e+00
1.171996896369573271e+00
2.136177758603776233e+00
-1.798031818553094352e+00
2.078934170042419982e+00
3.519889972493941421e+00
3.235145556569337000e+00
2.994409947804999028e+00
1.875612471544096271e+00
4.503749993372338500e-01
-1.807314517917222030e-01
-1.903722572507811073e+00
2.324937059573979781e+00
2.907406717358848702e+00
8.472309280006786736e-01
1.900207554421483147e+00
1.835907432475781143e+00
2.083806457441348847e+00
1.974603435941180374e+00
1.676357434697982374e+00
-6.750697499866913365e-01
1.808209239013979452e+00
2.161115936057216746e+00
-2.072649174047416776e-01
6.263192880969477905e+00
2.033676959965318165e+00
1.934626388996368851e+00
-1.967506586077715891e+00
2.051130124729736881e+00
1.977894076153128733e+00
-1.487375969360835493e+00
3.130498970004578663e+00
-2.270857715904257113e+00
2.005989032176612952e+00
1.996985823536386206e+00
-1.724054438133598488e+00
-1.226832698007707112e+00
-3.275952494044132468e+00
-1.385688599440384472e+00
-3.257111643720061345e+00
-1.018318258355936035e+00
-1.879980283718810652e+00
-1.944064246723339773e+00
5.429587488662955819e-01
-2.423114654409618485e+00
-3.740104355605730291e+00
-2.602650322391450111e+00
-5.197297351553326061e-01
-1.564972665520811268e-01
1.965711493420705169e+00
-1.043524489565222924e+00
2.086011555342750512e+00
-2.006766074528555599e+00
-9.176862725368688523e-01
8.018502249043247820e-01
5.930014646181894777e-01
1.921886113120346407e+00
-1.832899503190431323e-01
8.186481575950131928e-01
-6.748228445627465710e+00
2.144206941098421471e+00
-2.032279335245950058e+00
3.879707258387971258e+00
1.949498471151890122e+00
-4.159023074383716434e+00
-3.489099770824040547e+00
-5.694226217792806466e+00
-1.661688821256857906e+00
7.810301007985112065e-01
1.978399106671506313e+00
1.980300673554567403e+00
2.037877691494649479e+00
2.020122536557846349e+00
2.155086129211798429e+00
2.097107303149173596e+00
1.196058943199317381e-01
-3.982684327711902394e+00
1.693363665577171551e+00
1.991112423098682305e+00
2.057981533031417953e+00
2.058640880333540313e+00
4.593984968123584700e+00
1.895883026472970023e+00
1.964243128945829531e+00
2.982613559321613650e+00
-5.169696555169358554e+00
2.139055248018392863e+00
-3.210046653211040990e+00
-1.796974667886857002e+00
3.361857604721917525e+00
2.129973621829796659e+00
1.957579398125177894e+00
9.877966334454856279e-01
2.015616252828233979e+00
-3.444745282548640652e+00
1.934702562979816687e+00
-1.924071785897372155e+00
1.939625799187178368e+00
1.301772678224211166e+00
1.104709140509927134e-01
-1.434079552561874360e-01
2.129453606276562994e+00
1.925471739617596656e+00
1.418767953715818209e-01
1.908214188895434038e+00
1.994649326356323860e+00
-2.025871192127557840e+00
1.292501616755019400e+00
2.849573857667060395e+00
-2.087076770138088122e+00
1.347826102289958472e+00
1.974895701900945655e+00
1.997085487515529278e+00
2.050027801898508972e+00
6.265733375040307251e+00
2.043213165844521395e+00
-5.637616675761088381e+00
2.127842011017015089e+00
-3.806117455472609823e+00
2.580107635945739220e-01
1.970589992551573966e+00
6.759628606555947439e-01
-1.859213425052326674e+00
-1.930363208659335195e+00
7.500102468229524755e-01
1.910042376027084154e+00
-2.755418665484356655e+00
3.148941327716309413e+00
-4.448856206378455358e-01
2.116066225764803743e+00
1.851731008084779528e+00
2.150875898038277612e+00
3.329630620606422120e+00
-1.292932624464452118e+00
2.088972208282750653e+00
5.332534622423393822e-01
-7.450156780597266604e+00
1.850912302566086076e+00
2.082812449008241362e+00
-1.975303670247474663e+00
-1.403586701514465407e+00
2.043505181383001634e+00
-2.121470248579203410e+00
2.043113533979028063e+00
1.979824471506377082e+00
-2.755626755463423727e+00
5.361180321556503259e+00
2.060209954259323073e+00
2.021957455354987498e+00
4.775197071425373530e+00
2.063954742903072681e+00
2.082730735616630025e+00
-1.944715597487427505e+00
-7.352568450557803725e-01
-5.362241593519141425e+00
1.448156243105551688e+00
2.570328446464431149e+00
-4.076521402806084993e+00
-7.097140778302046815e-01
2.085165231896796367e+00
-2.616757823673264038e+00
4.957362589486115745e+00
-2.327665120497786067e-01
-1.212397552722077609e+00
-2.549801305636257620e+00
5.005061136920694320e-01
1.850039050206425895e+00
1.707147535103285652e+00
-3.058101789651579860e+00
-1.255890320414417616e+00
-1.446767191363088401e+00
1.043370556621895151e+00
-4.817088391342002396e+00
-3.514081936411290741e+00
4.302602722988976280e-01
-2.890215906322257222e+00
-3.640629001878657789e+00
3.480606181278669831e-01
2.659740375063796236e+00
-1.613494278502215273e+00
1.212809333932131750e+00
2.294823742274284761e+00
1.232226703132905721e+00
7.207258170605708170e-01
-2.104695644129807253e+00
-3.327128218949825467e+00
8.598790996632552641e-01
1.489872020060550639e+00
1.374588523205667379e+00
1.028049516565785027e+00
3.380188857707238648e-01
5.976785952015420733e+00
2.096169900345107528e+00
2.267157056406475579e+00
5.682122024205549238e-01
2.158335518909406947e-01
-1.860921300078422380e+00
-2.094379887973587540e+00
-2.495871314030258414e+00
5.710387847875880496e+00
2.084830725717747857e+00
-8.586663312979445628e-01
2.082474826535084755e+00
2.092748476201227170e+00
1.945306490322148640e+00
3.606899970097340091e+00
1.852664031813129553e+00
-2.889128370513208033e+00
1.905301090200585357e+00
-3.331538563257394614e+00
-1.023007477327289916e+00
4.633500684994015240e-01
2.058591699876128445e+00
1.841043826547067663e+00
-3.874603189517665802e-01
2.115055969665542879e+00
1.973354725079149885e+00
1.966197874731174355e+00
-2.511809909592890300e-01
3.203421864709845579e+00
2.125705032520350812e+00
1.986431704743522264e+00
4.359644227480787837e-01
4.894175063562558492e+00
1.751783430910371919e-01
2.137256826655669961e+00
2.184910560552873360e+00
-4.233489569062034441e+00
1.882607695615271748e+00
1.010866101732166733e+00
1.880211908267152676e+00
2.967517158056367066e+00
4.364032367569453896e+00
1.795570507523691628e+00
2.221550910592821726e+00
2.101495954613596062e+00
-1.537326947674547917e+00
5.179246119879928223e+00
-3.656864406529365397e+00
-5.620578111860084825e+00
8.043622238315148998e-01
1.680706082633021403e-01
-3.036017549199701904e+00
-1.003161945946835498e+00
1.958544898554824165e+00
-7.572298558040216676e+00
-1.953136136398978540e+00
1.845339273965466820e+00
2.821129232215653371e-01
2.513367949499315301e+00
9.827019965709811178e-01
6.803130123083002800e+00
-4.042120610997299579e+00
5.479564280665069731e+00
1.488163420663708436e+00
2.116640091511710509e+00
3.205598843211804327e-01
1.859097434151834261e+00
2.194308238674429035e+00
3.847462184273688912e+00
1.962615250152283553e+00
1.928032935612487453e+00
1.833527622348736674e+00
1.934585059219264824e+00
-6.294694272409860680e+00
-2.297792874325105039e+00
4.809566981136272901e-01
-2.939496910718808032e+00
-2.011821790493034889e+00
-3.335531121954412370e+00
1.967645071999860606e+00
-1.517438697088464128e+00
2.104137312614821287e+00
2.171173844279429499e+00
1.798203172383987525e+00
-2.021719845392012882e+00
2.039018670438748071e+00
2.070110321180235857e+00
1.991497496209559293e+00
3.434323205822890301e+00
1.873671659632306641e+00
-2.039395282876824922e+00
-3.880887804124098089e-02
1.929891536835362187e+00
-1.318566678913275281e+00
2.198502499406966404e+00
1.966695420355716317e+00
-3.856998965064926566e+00
-3.208998680194240505e-01
2.176977819597644803e+00
2.138683682648263584e+00
-2.181038306105483660e+00
-2.010217979742340955e+00
2.097026377025311028e+00
-2.033653845776181690e+00
1.863505793252309362e+00
5.306126213590777185e-01
1.960052143478375530e+00
-2.013032738383417342e-01
2.062643430056962046e+00
-3.466251411908224611e+00
8.161030807383456320e+00
-1.939671314199953311e+00
1.458359580770885788e+00
2.098032312659493748e+00
2.814892998970567994e+00
1.904511594880335945e+00
2.064368494686844802e+00
3.435533588359512613e+00
1.903299909782981247e+00
-3.123770550667818835e+00
-3.334109205923291297e-01
2.402003079553892917e+00
1.842737927262987130e+00
1.843803076490146076e+00
3.940751586884180035e+00
6.191394048218642254e+00
2.057150300837761847e+00
4.725897286260981822e+00
-2.018766310374347395e+00
2.237590097387808452e+00
-2.264579080265013644e+00
4.809408995786421670e+00
2.042805455860481789e+00
-1.390844972526637413e+01
1.922912827212152509e+00
-2.069547259760356805e+00
1.987439745724611573e+00
5.676385671901184038e-01
1.855576274279777893e+00
4.740606596386231608e+00
-1.013312178517570938e+00
2.002554530660542564e+00
2.009605183185059207e+00
-6.199242590382341156e-01
-9.217250744111027405e-02
-3.132785104156737610e+00
2.042451280984491913e+00
-5.636553483617269267e-01
1.900275343654454607e+00
-2.003179407019350045e+00
2.103688894411375632e+00
-4.991121470784131375e+00
-3.546846852727153721e+00
7.007352564778979165e-01
-4.615744238839025293e+00
-1.969347547080108729e+00
-3.111922635633348477e+00
-1.250830961339687020e-01
4.576490726533681830e-01
2.028002385648810080e+00
1.967130177619563769e+00
1.903928104292648138e+00
-3.956893723780506633e+00
-2.028190835198991682e+00
-9.021988070717299468e-01
2.061042964892206175e+00
4.233683541897478086e+00
6.645947868099000289e-01
-1.328775550711923437e+00
1.993600254235582847e+00
-5.829127986806536654e+00
1.991822813686824567e+00
-1.668818670340781463e+00
1.897768715610150592e+00
-8.563191795020345110e-01
-2.860356293081685486e+00
-1.871944168087865235e+00
-4.608922437702331898e+00
1.907518279756188040e+00
2.700340802407449559e+00
2.036494080911960047e+00
2.086640544498542749e+00
2.011552505039207350e+00
-1.923732101805993189e+00
1.935528508182135177e+00
2.158284366703067114e+00
-1.315763328810488075e-01
-4.132906535169754703e-01
2.180269202605419565e+00
1.944522425293595758e+00
4.577334002858447271e+00
1.863698269787118278e+00
-2.071721948885752340e+00
1.983906385999065991e+00
-3.666379112065921486e+00
-5.605255157359917639e+00
-4.477098224072008081e-01
1.990980985506757950e+00
-9.724462069693446509e+00
1.344455428177930401e+00
2.171539915995845504e+00
1.936415468170577636e+00
-1.215948548761991654e+00
-5.729619485491141972e-01
2.094049394228914007e+00
1.985188608911198527e+00
1.467474642963624731e+00
2.712638871872550705e+00
-8.644404990298374392e-01
1.839175576121628630e+00
5.098493404287456343e+00
-7.191151535866254774e-01
-8.013400893287696558e-01
-6.802142127416350714e-01
1.074688380322969206e+00
-2.853036050628253051e+00
-2.694591367959555672e+00
2.195861476110189336e+00
-5.411649082636275088e-01
-2.126706532395910454e+00
1.994975061718622156e+00
2.055906768935905848e+00
-4.077405887198505274e-01
-2.085432345194448533e+00
-1.649616973759939320e+00
1.722813919003902683e+00
8.221467633135328690e-01
-2.090085730755002924e+00
1.870138771979803272e+00
2.053515706902178994e+00
1.763577385422912425e+00
1.991661751471148101e+00
-5.407115046777578371e+00
-3.884982428947397759e-01
6.883246243784104657e+00
2.014959759615743806e+00
-8.643757155922775492e-01
1.805161616672756653e+00
1.812478334267182856e+00
-2.087375043558215015e+00
-1.182716109533935800e+00
-9.581353078463999973e-01
2.015868477890102373e+00
-1.591641454817894097e+00
1.853959560291507103e+00
-1.956434539705448117e+00
-1.866622475108541401e+00
-2.285003123874590258e+00
2.045215825597368031e+00
-9.139918095544403709e-01
-4.712174104270922648e+00
2.142048681440577251e+00
1.144008258029478586e+00
-1.893333614999975989e+00
3.873143556066735105e+00
-1.133569506166322682e+00
4.060823521883004439e+00
1.875375879445985827e+00
1.764022625527140509e+00
-1.981859264514438390e+00
1.784703196467487984e+00
2.144671755878911235e+00
-1.984513517081314182e+00
2.052246393742052977e+00
6.710247978963318483e-01
1.602358680087487164e+00
-4.762089808308956229e+00
-4.204439095121124126e+00
1.230088940942229703e-01
-3.188844113768051436e+00
2.093078526153455687e+00
-5.203990430159617375e-01
1.855101892299556798e+00
-2.363363797739026051e+00
-2.041385368717366866e+00
-1.752361594094022701e+00
1.903678330877291103e+00
4.848800243197128323e-01
1.987495342245738428e+00
6.882505095319488841e-01
-1.643561700130085068e+00
1.670021182929012804e+00
-1.513355541522274361e+00
2.103371315113500284e+00
2.074044556669746076e+00
1.999089712723034040e+00
1.893787471730868033e+00
2.018980779252478541e+00
-3.690451725478707257e-01
-3.397921048189166959e-01
3.989384972381589733e+00
2.031549403742674453e+00
-1.696597976565986654e+00
1.863371771806393573e+00
1.062247052758869437e+00
-2.019239114874364027e+00
-2.782379046518766330e+00
-5.306384794939888572e+00
2.009063673181242571e+00
8.897320509633982466e-01
2.086967025678690302e+00
2.003342195344624876e+00
1.973170553841727015e+00
7.086402668850803055e-01
5.869157370815161201e+00
2.475689037007128279e-01
-6.706686364998873273e+00
-2.199199203943346781e+00
1.953861699340141866e+00
-2.060173982838048978e+00
-2.266063718250933778e+00
-6.188583480474527221e+00
1.730753351078127444e+00
1.973709147303540412e+00
1.624307133745022114e+00
8.683728849247738246e-01
2.626768105731009051e+00
6.927811504425193334e+00
2.123616465309313472e+00
-1.558922729688122510e+00
-4.395203599593921595e+00
1.908640682063028393e+00
1.176079600739556197e+00
1.389094688411232958e+00
2.206912587797253522e+00
1.577629506065233223e+00
2.069447499656849043e+00
2.242366660627092556e-01
2.014538210868605628e+00
2.143238259129041978e+00
2.083037067761675853e+00
1.997419751732526949e+00
-2.689259970069862948e+00
5.328821876875887043e+00
1.958947549997296367e+00
1.943729798344875359e+00
-1.569472536244698402e+00
-5.978622856571872646e+00
4.390208109375837608e+00
1.952083913518718683e+00
2.114496462616995309e+00
1.951748756932310203e+00
7.319860468074509408e-01
-3.761452210131409402e+00
-2.905768404308604058e-01
-5.525892234395447744e+00
3.875117658867740289e+00
1.961904892861794591e+00
-3.002132722164779999e+00
3.013401061985059748e+00
5.841552250106422095e-01
-2.062665590746119548e+00
2.009796746976408421e+00
1.846333647163705294e+00
1.926683077136706057e+00
2.567563715614649578e+00
8.214208343729366701e-01
2.018459811109237112e+00
3.531862065362479264e+00
-4.954005742483543528e+00
5.662550108208856514e+00
-1.437560169038657243e+00
-2.082086368845171620e+00
2.156708193289375686e+00
4.686473341694027184e+00
-1.580117278343143639e+00
-2.959807812016978179e+00
1.990459398823912762e+00
2.070631326724528432e+00
2.748794589665660926e+00
-3.459118881888310959e+00
1.026930173922228029e+01
-2.034788729212625213e+00
-2.362319589223489835e+00
1.824437190418013444e+00
4.187107179594152129e+00
3.641806088168723088e-01
1.002285606954981922e+00
2.165524439615984065e+00
1.630464426389034216e+00
2.808244048966919593e+00
-1.828865665674395791e+00
-3.047945008919410448e+00
2.609161369470086034e-01
-1.671986866343250444e+00
6.879394437424393161e-01
3.414223415005494200e+00
1.980776776352874968e+00
-3.747145396733277956e+00
-6.212269123154151806e+00
-1.358334111214402506e+00
4.526907275300606770e+00
2.153164122572707839e+00
4.068469365609947985e+00
-2.107700042550599395e+00
2.065130684949277651e+00
2.165040729475539827e+00
6.610837929845679861e-01
-4.712695790613159907e+00
-1.821456119018080466e+00
2.037759400137181043e+00
-4.876252594903796478e+00
-6.480427603767877631e-01
-4.747863926850633298e+00
-5.959964853421266806e-01
1.988445167347876907e+00
2.051725834476189281e+00
3.456050683028554893e+00
-6.845311590725705955e-03
2.118744818826398646e+00
1.966397315701479798e+00
-9.943337354192717470e+00
-3.719405389535777040e+00
2.089402699372639560e+00
-1.632815521603794950e+00
2.065316094994565699e+00
2.283564487687383515e+00
-6.344981991275551181e-01
1.956164201752038923e-01
-1.957691499620637599e+00
1.589316158326956163e+00
-8.927431507391785370e-01
1.968850697935103700e+00
-2.178662345491867214e+00
2.060388070872176236e+00
-2.162788877635244411e+00
1.945377240634943439e+00
1.969305904554088826e+00
2.462083768476283296e+00
-4.239460718535768891e+00
-2.085068004955530796e+00
4.228875841606103414e+00
-4.765145489626225306e+00
1.712433357679599491e-02
9.073648717131939989e+00
2.166468254260025539e+00
2.703754570452503003e+00
2.039772807885606110e+00
1.962822632303330428e+00
1.994856287313743426e+00
1.968987055771545869e+00
1.997031212676502410e+00
-1.063430439483247003e+00
-2.906339956316336792e+00
2.126292657385209672e+00
2.005484686934106531e+00
-4.291461521177771132e+00
-8.185166339575280503e-01
1.788292162990638978e+00
-9.734930282958684788e-01
1.824033803044182278e+00
-1.673781983813995788e+00
2.227189113081567307e+00
7.888630791780852913e-01
3.153822674638387946e-01
2.026647089395705592e+00
2.120274086917167455e+00
1.977562590023410394e+00
9.707960362875993621e-01
2.019150858710037078e+00
-1.963766929405839079e+00
1.831143801219541789e+00
4.326960655969969594e+00
1.952756996141161494e+00
-2.770185956625903945e+00
-2.002833992537176755e+00
1.912427793944896592e+00
-2.252537927216162750e+00
2.068790628260796183e+00
1.934339595982213167e+00
-1.891485624163348422e+00
2.758008719056126989e-01
1.975149757676610163e+00
2.062562746486400922e+00
-6.218390374236745899e+00
2.014087151621094307e+00
1.793525993997804546e+00
-2.711904252223432454e+00
2.005300689081237486e+00
2.015780883837963611e+00
-1.957951024516666694e+00
-2.032282156971643605e+00
1.630820488477234376e+00
2.022636911584823505e+00
1.780659278540686952e+00
1.864038024477898237e+00
9.618849509500570605e+00
3.092339625638998335e+00
1.926451896429659083e+00
1.975966670448634499e+00
2.002129696660268188e+00
-4.864761056788003968e-01
2.049041728863561396e+00
3.387613632859751256e+00
2.138380064471280040e+00
2.013652066653156769e+00
1.288924835389311796e-01
-1.913003765330155259e+00
2.201702001597013680e+00
-2.092130424336067662e+00
8.484247561165472185e-01
2.189910279059459342e+00
-3.075554502035010795e+00
2.090055815728577127e+00
-2.085721182296596421e+00
2.097776106524300577e+00
-3.400351726578274558e+00
-2.914088421700227194e+00
2.046586676216361145e+00
-1.365583995946578755e+00
1.145163047695793468e+00
1.388845465235729382e+00
-1.185392742854082027e+00
-8.444199352516683632e-01
2.653230693619616609e+00
-1.998910559305506984e+00
1.982486478903741967e+00
1.907987627849106360e+00
-2.419222584781107077e+00
2.880036010713242778e+00
-1.228989439902694158e+00
3.211177951774029538e+00
-4.556435647722858917e+00
7.894319777319863674e-01
4.566867519824899802e+00
2.362154154508569803e+00
2.213842984585990159e+00
2.134383576640018543e+00
1.281328091853722206e+00
2.137720712199586703e+00
2.230009535120234254e+00
6.260972980052696979e-01
-2.331716987490680904e+00
1.745446764361183734e+00
3.217076058618639767e-01
-3.390459312734475095e-01
2.261821268024507781e+00
5.733198212178396425e-01
2.051463864357412348e+00
-1.519149484345093892e+00
1.702485352102603766e+00
1.858656646935068490e+00
2.131032551696680155e+00
-1.086221532550063706e+00
-4.221206490177852544e+00
3.042628710948227955e+00
4.694624604252512157e+00
-2.551369199126327647e+00
1.958197328916909230e+00
-1.609652011445905639e-01
1.956143054967253825e+00
2.527472075058096124e+00
2.012229419614052439e+00
1.953140555940530598e+00
4.845565454394408000e+00
-1.932484337802446994e+00
3.171463135378568277e-01
2.050427418436638227e+00
1.890005724657295882e+00
-2.196755993041246136e+00
-2.606927989393532208e+00
-1.654337487099692749e+00
-2.176498047159203253e+00
5.550652676246262685e-01
1.066056890904596433e+00
2.035518838065943914e+00
1.751310128417433276e+00
-9.625948390548613731e-02
3.613957174226305025e+00
2.766530280384475127e+00
-6.452904908381510429e-01
2.029280722008783400e+00
1.976745099250785342e+00
1.989893528658910782e+00
1.944988470768877820e+00
1.959848312994635799e+00
9.851666736595086071e-01
1.943501316489158581e+00
4.527511194853415244e-01
-1.861954058956344360e+00
7.236411384262789737e-01
6.263986677135413572e+00
-6.170650434715236887e-01
1.963669250789281451e+00
-3.116839817114573918e+00
-2.220112320049305143e+00
2.131335313773153217e+00
4.110695450925591743e+00
8.138471048441284772e-01
-6.584590542200205121e+00
9.134740739575187840e-01
-2.759561205745459489e+00
2.050841236357762831e+00
-4.357688150468190358e+00
1.946826253251840333e+00
1.799766132853359180e+00
2.494180375879769151e+00
2.001085209334029447e+00
-5.759392967894640947e-01
2.187314937257796466e+00
-2.424372004252056012e+00
-2.147847098916990216e+00
2.113241402819697079e+00
-4.525184614057153887e-02
-3.975278284812767460e+00
1.987298397325173216e+00
-1.971026531579170182e+00
1.166654768554915345e+00
-1.267373133209320248e-02
2.807866015917799718e+00
-1.671493072965645421e+00
-8.706858239798306309e-01
2.186128817485786247e+00
-2.091219537146374652e+00
2.697442247201847110e+00
2.997883519571263200e+00
-2.050989297538699851e+00
2.063122106392187849e+00
1.980677543857337852e+00
2.840990056463092994e+00
1.288493699007274840e+00
-5.780797842425423383e+00
-2.975922283020967285e+00
-4.926524102243033276e+00
2.044712628757876516e+00
1.819302793211695413e+00
1.898877010766948370e+00
-4.469295105888996034e+00
2.237510385629612131e+00
3.614520017128160845e+00
2.030181321396798300e+00
-2.166113601629029439e+00
-3.804704446124281603e+00
1.974140645967996210e+00
4.451960647606969523e-01
5.741983449715844401e+00
2.077747789962935965e+00
1.833435251853018144e+00
1.912375509055641576e+00
9.921618885159266821e-02
1.882558794509642697e+00
1.289723993409534142e+00
2.110411569751905247e+00
2.207168909205025287e+00
-8.768068457545543648e-01
-7.868281136136430209e-01
4.493288022531574555e+00
-2.869782632158277003e-01
1.992611550762079853e+00
1.972855043477072190e+00
-7.660062646569529843e-01
-2.525906808250236946e+00
1.750511651886692999e+00
-1.424546987466714931e+00
1.959747154160285554e+00
1.903773741523738572e+00
-1.611919064557694847e+00
2.041488574822962310e+00
1.219898023708850809e+00
2.103527681280795925e+00
-3.768137457261134138e+00
5.802813782507551643e+00
-2.165895174195752726e-01
2.052460187038378958e+00
2.044262844093697407e+00
1.801903446361842187e+00
1.996127467576170433e+00
1.921761886788965201e+00
1.827610396971786733e+00
2.113306201985363675e+00
2.033945618366071351e+00
1.482759507683006017e+00
1.188550169819205804e+00
1.991132385298749918e+00
1.968255727908055031e+00
-6.887124333489428318e-01
-2.177612882344104772e+00
-1.960696554370814138e+00
-1.274611573514108809e+00
-2.569148809560043656e+00
1.932072519214285355e+00
5.290491734255495793e-01
-5.910369233263335076e-01
2.173652590869174617e+00
1.957412830561463313e+00
2.088305776672324310e+00
3.026955255284746293e+00
-4.247789352514225181e-01
-1.901463267932360424e+00
5.207177978207802038e-01
2.226746406533659101e-02
2.028303888277664946e+00
-1.107106731040895797e-01
2.038149638260580154e+00
1.950660978737466023e+00
2.070332029136336072e+00
-3.411297008597509617e+00
2.929738368389093850e+00
1.041097425513951347e+00
1.861000498456160557e+00
2.295267913303603358e+00
2.036939374846363116e+00
1.924277230908168379e+00
-2.007756266317765714e+00
6.870113072417333155e-02
2.014390620917281272e+00
1.954651289101255296e+00
2.235725190891598047e+00
-2.237628390875468387e+00
5.961236134793742814e+00
-3.732025544054079269e+00
8.440131639910605221e-01
-6.847251578200694855e-01
2.034330892262976143e+00
1.910782467982139021e+00
-2.111710493998138372e+00
-6.646509916169289767e+00
3.080988408281633895e+00
-5.220802278052861567e+00
2.106511744800471320e+00
5.822270250599212105e+00
-2.014011534035333284e+00
-2.308053754427293658e+00
1.451438859563894512e+00
2.107672596822856015e+00
5.590968349744197319e+00
2.007631456890169641e+00
2.022791886366715364e+00
2.119130384032123171e+00
-3.724586930115400207e+00
-1.783773364418967056e+00
-1.989673441594456582e+00
1.793300637377874374e+00
6.490095970140687953e-01
8.733984445211436798e-01
9.692755939713322277e-01
1.869657298397086720e+00
7.987448953877890334e-01
1.972413455325700893e+00
1.199068910766942331e+00
1.963837780766744645e+00
2.079929008082064712e+00
2.136392056986502030e+00
1.859339277260682266e+00
1.972994907226109262e+00
1.951277676531764094e+00
-3.367598076691327713e-02
-1.209006097695366627e-01
-2.093450868802227416e-01
-5.918433492555181807e-01
2.132741897492460126e+00
3.045534087355224351e+00
-3.033460190361709774e+00
-1.660282870542859168e+00
2.022217514197604427e+00
1.862486874927726355e+00
1.682386992572651785e+00
1.870785597730925343e+00
-1.994380010631054079e+00
-2.001600410925480578e+00
1.903470383600156302e+00
1.573884085873490157e+00
-7.500521250181921395e+00
-3.833887473164044213e+00
-6.119481346202498839e-01
-3.108569459504802346e+00
5.546654763150066891e+00
-8.578646075160179407e+00
2.843906708235637293e+00
2.132779028048505054e+00
2.414767803189324713e+00
7.931529459154778028e-01
-6.162532804449833534e+00
1.326258801321182235e+00
2.045581538337733374e+00
-1.956295481465725405e+00
2.648678406762922322e+00
1.956940988386759450e+00
9.029996075759638696e-01
-2.297484464602985277e+00
2.113322626673084237e+00
2.000603749919159569e+00
3.485002512820341458e+00
-1.969688983447391850e+00
2.099958648234882652e+00
2.001364893281849078e+00
6.121620237266675701e+00
1.888712935233594514e+00
2.487413862806004961e+00
2.042582500187114292e+00
2.063124002391475642e+00
2.017523895810158674e+00
1.520126810076380064e+00
2.073071481980187425e+00
1.796868873352668983e+00
2.015577294696312194e+00
2.224452942475820816e+00
-1.838411466858528742e+00
-4.928225705455030692e+00
3.586977096134136733e+00
1.976689389568207389e+00
1.264593393685916833e+00
2.193993032425030520e+00
1.977057471128464750e+00
2.057979517337475084e+00
-2.056899987551494835e+00
2.342475391052853073e+00
3.221264074437507063e-01
-3.636016686676600829e-01
-2.590663445648877961e+00
5.973475517305949722e+00
-5.809117218420736251e-01
-1.999446036418281780e+00
-2.014385250470136057e+00
2.001257697495517185e+00
1.949217226448620055e+00
1.834066609793097991e+00
2.028030710421864224e+00
7.635632766604243393e-01
1.983883572564291597e+00
1.989032218234717542e+00
-2.210332848105841741e+00
-1.005587829301671565e+00
1.863708377555807427e+00
1.450759719651925295e+00
-2.008376680043601148e+00
1.919719924848498183e+00
1.848454763764925568e+00
2.116577526084496341e+00
-5.757417005800178345e+00
-2.420997841374916248e+00
-4.586945763944346721e-01
-1.310453372454995824e+00
-3.601497179722255026e+00
2.602966668162395969e+00
-2.901370044751037103e+00
1.094467722331403881e+00
2.131827141782959512e+00
2.592619612846779109e+00
-3.256773100861880099e+00
2.008609065525307269e+00
2.039509708471878291e+00
3.229589776595095607e+00
2.055398639575552355e+00
-2.442786195769928170e+00
2.231167940164998864e+00
4.175868885002138597e+00
1.927701237078811802e+00
-1.848333844611710797e+00
-2.788762686884505015e+00
2.000406260760600574e+00
-5.415900509298929855e-01
1.875627703960309312e+00
1.989159508817568867e+00
1.930620688251128536e+00
1.125912161271205081e+00
1.868980374880024886e+00
2.203900546683248862e+00
2.020598999118086603e+00
1.966815023685775543e+00
1.259443751319207605e+00
-3.527951014338349678e-01
1.997477518164848087e+00
-4.404784656315092750e-01
-1.049744646910156121e+00
1.790487747881470026e+00
-2.191164894332326529e+00
1.809114804894587980e+00
-3.213019067032615084e+00
-1.468123868259301856e+00
3.301961344031849599e+00
2.118225754871917665e+00
2.083835898702577794e+00
1.016732464580718809e-01
3.190373350693573418e+00
1.866293101989995540e+00
-2.123657505928171929e+00
1.928603919993105320e+00
-5.384325627049266760e-01
-2.367481653308031841e+00
3.176903728780864355e+00
3.191522231123357756e+00
2.014747696446154368e+00
6.944062142654602310e-01
1.733668149137100656e+00
-5.617947020071865083e+00
1.968043801643872603e+00
6.441696488353355621e-01
-1.880190268539746690e+00
2.045285970549833188e+00
1.309447115351039415e+00
-3.174860426823633119e+00
4.795252647919193478e+00
1.928505494913659524e+00
1.061411680318438966e-01
-2.681018728122917416e+00
-4.293427548814223726e+00
-1.688463995101903592e+00
2.139355240538675318e+00
5.446229187083187817e+00
1.929412120461487579e+00
2.111967757824429359e+00
1.629142233302788845e-01
-7.876746094585387326e+00
2.120194446449901182e+00
2.258558255025755912e+00
-1.051512729982908123e+00
1.994256504879336145e+00
-2.087123709376417224e+00
8.156093031341971056e-01
-2.002835505293970364e+00
1.927887989085499854e+00
2.025592696744258348e+00
3.000480852437436674e+00
3.600937134291440245e+00
9.961902203666572753e-02
3.272646147387200166e+00
-1.926206483870632091e+00
1.818392307819015397e+00
-2.107320344491025566e+00
-7.200697776234998848e-01
2.049406821625840536e+00
-2.111226186813164762e+00
1.895393035637510604e+00
-2.422773575300122939e+00
2.014800489317811305e+00
2.040825515191317052e+00
3.024981588851438641e-01
1.856469922541797324e+00
1.850044920417059258e+00
8.321694075772754218e-01
1.921098493716727473e+00
1.909609961659159749e+00
2.848393031421636579e+00
2.012647972124744111e+00
-4.271361134085244871e+00
4.439409160399900856e+00
2.198861147539196814e+00
-2.079413541653202024e+00
2.336139648813258252e-01
-2.404173906092908375e+00
-2.124746224773741865e+00
2.008954570121139205e-01
-1.022860491468716493e+00
2.015305816739544564e+00
1.513204971383037556e+00
2.766080097495367873e+00
-1.345329720146226427e+00
2.164571480477175403e+00
1.983958849446184391e+00
-3.968945267462151705e+00
1.996530920255663144e+00
1.710959062020086741e+00
2.009328310836367759e+00
4.378258354041432376e+00
1.877339471560898421e+00
1.513216600845706861e+00
-4.764316792908143139e-01
1.842419754682794952e+00
1.030359596929568244e+00
-2.312248779425223333e+00
2.033583683252026209e+00
1.606228031781385290e+00
-2.512999731223077404e+00
-4.582109070791158700e+00
7.614205789840982064e+00
2.266127547634171790e+00
4.037042228647458875e-01
-1.922012937012037348e+00
1.957947264791434661e+00
2.041359759307468380e+00
1.975717053439997040e+00
2.026320132943241870e+00
1.960635583979167595e+00
-9.993928784371846064e-01
4.687801600217393450e+00
2.969450349204347361e+00
6.124010330399951130e+00
8.249754074421966621e-01
-2.102776433739803608e+00
3.834387611552169339e+00
-1.946073908553529686e+00
-1.959751797645498783e+00
2.101016353286008442e+00
1.935791315458006645e+00
2.048739432199808697e+00
1.899023138573517899e+00
-1.922681864513653194e+00
-1.930608375843472224e+00
2.484622713740154976e-01
9.545426039242939087e-01
1.980933729786784614e+00
-2.074250809351244840e+00
9.498771614469202484e-01
5.394741967990673182e+00
1.917162326627208868e+00
1.022510393608803102e-02
-1.250311560064961469e+00
1.720326326194564048e+00
8.498730239197038738e-01
3.057240714754529520e+00
2.064369836766221766e+00
-1.831939863501959032e+00
1.845014175745301133e+00
1.422783839361385194e+00
3.414631932570735273e+00
1.913623829546932553e+00
2.079294248410414436e+00
1.971505509129003242e+00
2.040662876673933201e+00
2.044305643440870845e+00
-2.131444543092468002e+00
-2.379787162784366306e+00
2.059964122868542802e+00
-1.067541529996987038e+00
-5.048194002976297945e+00
-2.026209909488956740e+00
1.719125512422273516e+00
3.663139816310477581e+00
-4.120952607060168305e+00
-1.931360514776519821e+00
2.007580011595387681e+00
2.129850016794978984e+00
2.001164712051874961e+00
-3.834709260192545877e+00
5.253431901657957148e+00
4.690657999628063957e-01
1.966296102998259743e+00
-1.960405457020971909e+00
5.532658030629106882e+00
1.959878090949416896e+00
2.000891755857849841e+00
-1.385851813767971841e+00
2.101836090028585069e+00
2.020440964096900771e+00
3.762955716557764063e+00
5.445625088065832564e+00
-1.396363948483789308e+00
-2.697930099272070947e+00
9.941714840130143616e-01
2.018117515728779399e+00
2.097064673716423577e+00
-5.249686495111173912e+00
-3.098338404038433858e+00
1.655720327736197151e+00
-2.354669191491341351e+00
1.225242117491057492e+00
-9.332792839345356306e-01
-4.708728148048151319e+00
2.017161355563776848e+00
-5.375189701261502417e-01
1.094185181643539728e+00
-1.898074114257472189e+00
-2.036359847578292470e+00
1.888145018669776798e+00
-1.704647549771888704e+00
-2.488515212146375610e+00
4.831895703452956603e+00
3.094379905050540280e+00
2.752080650251948146e+00
6.030347857761748920e-02
-5.024749905950911533e+00
-2.013319674632944700e+00
-2.184178354715416326e+00
-4.080323588139421531e+00
2.007256743684475708e+00
-3.084019495053103577e-01
3.281833902277655923e+00
1.257697755121571559e+00
2.066336503165020044e+00
2.096418779524051423e+00
1.890049823901458259e+00
5.449707045329911514e-02
1.869292486303941958e+00
2.027138265584602195e+00
1.952741368309507175e+00
2.082047629120587384e+00
6.680247735895827432e+00
-7.908708546348791613e-01
-1.916316882505706642e+00
-1.382347407209741252e+00
-1.059485019066623401e+00
2.038699793685591288e+00
2.106792841447259867e+00
3.438372908546063478e+00
-1.683869223659140713e-01
2.061793485194657549e+00
-7.594403446778716926e-01
1.883246396083322560e+00
2.061331569397785834e+00
1.977218011247615870e+00
2.041392126207597357e+00
1.966369260189410939e+00
2.055208658167913871e+00
2.682957562156785603e+00
3.949829068728652803e+00
-5.149197617286630502e-01
2.150506248639045825e+00
4.703407322852198647e+00
4.105656918091442620e+00
-4.035819973282361861e-01
2.036316613027274514e+00
2.120811616876342676e+00
2.035464965844810958e+00
1.890238512609913268e+00
8.355531380858893797e-01
2.022369583535302162e+00
1.973601693675936186e+00
1.857313893494241475e+00
-3.464039952479029516e+00
1.635926063564257404e+00
2.926289345943564602e-01
-1.868320857813225544e+00
-2.204877597188990013e+00
1.507438277020727524e+00
2.047835509985552971e+00
2.045473091416664335e+00
2.025311806124142411e+00
1.784468262086321921e+00
1.980073208402612917e+00
1.954867806449841261e+00
2.838008194268828444e-01
3.212085928867889795e+00
2.070329824554073106e+00
2.561110357652194303e-01
1.509164901789043389e+00
1.765140047439567983e+00
-1.295043500689743388e+00
2.143465878641297007e+00
-1.642781101690756751e+00
1.625047047536548384e+00
1.834546981202675342e+00
-8.553018511431658144e-01
1.963700664364410819e+00
2.077575967225887776e+00
7.620664662320112415e-01
1.997478993778020850e+00
3.270935970703411577e+00
1.641904542413035628e+00
-9.710870014286610008e-01
1.972498022301579335e+00
1.718045091320185680e+00
-1.883575945482738101e+00
1.963459231695809271e+00
2.093383310967211752e+00
1.996962202365464067e+00
2.141611803154085170e+00
1.775684462201785330e+00
2.024725145842401375e+00
1.888445508038012033e+00
2.044933680883300742e+00
3.585599612238428158e+00
2.335811946968564978e+00
-3.896716542322420374e+00
-3.125649189989490040e+00
5.915289131226163510e-01
-2.198038089639092973e+00
1.915197419994456363e+00
-2.715965545455897079e+00
-2.690341705960723306e+00
2.059378595416914592e+00
3.406536318627955584e+00
6.677581659187636909e-03
5.568186592842742755e+00
-6.015915522815560301e-01
-2.451032396447831718e-01
1.739334040358547995e+00
1.625956223384706079e-01
-1.744744478534934196e+00
-2.819476518263320131e+00
-8.165291578405915462e-01
-1.798920728790438961e+00
2.046219850356098657e+00
1.131664947571687230e-01
2.164634452964287359e+00
1.949029653797882622e+00
2.793964965265225420e+00
2.048661110194115231e+00
-8.100676071985464244e-01
-2.216362120540950720e+00
2.111754536708440266e+00
4.532213777951275446e+00
2.152235299850097761e+00
1.816356246659673435e+00
1.839602522507005622e+00
1.723199038549226403e+00
2.111538273835916080e+00
-3.893716871578855709e+00
2.136047371437770792e+00
2.027259401193700405e+00
4.071555471904815704e+00
6.178561942452800437e-01
5.329169299726381759e-01
-1.961787011894983834e+00
-2.011314701172794539e+00
2.141019932245095792e+00
2.118497529395908519e+00
2.047259040275549058e+00
1.797630230483643565e+00
-1.637269965397634364e+00
1.948365267888137575e+00
-5.797588728742992803e-01
-4.129012221730436139e+00
2.061122110198332802e+00
1.526217279486039136e+00
-1.858437994623119538e+00
-5.351348945338394003e+00
1.985497566119065471e+00
-7.309427143928663717e-02
2.607036984921504263e+00
2.017700585871931906e+00
2.010958842407254199e+00
-1.626812250851828345e+00
-3.813825598812952578e+00
-2.477094083742139574e+00
-1.924498125206147714e+00
1.987193843157550432e+00
4.041397956429390592e-02
-1.287092091765738688e+00
2.086519549536159701e+00
3.631327521557463633e+00
1.914260748750956198e+00
6.310219749807903789e-01
-2.679077961402806629e+00
1.933506692095782187e+00
-2.108313148393552883e+00
-1.838023933272247668e+00
2.493721851547628710e+00
-3.268037891539948170e+00
2.070524214845945288e+00
-1.465585368874977812e+00
2.096284678765288234e+00
-1.202359248424273996e+00
-1.891950532400675788e+00
-5.790032311332867998e+00
-1.982884593078246160e+00
-3.259828826098743360e+00
1.646885787363733811e-01
1.922997520219068557e+00
-1.647460687927241541e+00
1.968536148038723121e+00
-1.978071881471399340e+00
5.887549502851663341e+00
3.371244497301108201e+00
-3.918891170708718619e+00
1.993014852232561473e+00
-4.723775034979449394e+00
2.097195714673598665e+00
4.571120502229361726e+00
2.146216671597380721e+00
2.012454086581179080e+00
-1.731189344542348518e+00
1.838438916498276732e-01
2.083078110918928694e+00
1.834028903856646631e+00
2.045930756359441549e+00
1.965754741034289710e+00
-2.046949949976420324e+00
2.066683058389383820e+00
1.976517948268923908e+00
1.964348499431924022e+00
-1.998266605557828646e+00
1.362145275461180027e+00
1.844065098353617316e+00
-2.257268568719181800e+00
-2.630864333299320901e+00
-4.653762022803121567e+00
2.000381185976873422e+00
-1.819771755725131834e+00
2.087707495956256931e+00
1.732898345810841123e+00
2.153910680007891543e+00
1.968722802035361097e+00
-8.794223327765767761e-01
1.423188042728828151e+00
-1.489608553493988241e+00
1.916691372205203248e+00
-7.145774322868427841e-01
2.793757223460436201e+00
2.033572001756307035e+00
-6.145761719053937533e+00
3.026532373292602607e+00
-4.587119192001475554e+00
1.908518802525022817e+00
3.182949247011718441e+00
4.425189278348258703e+00
1.875225658788950867e+00
-2.220831692359150011e+00
-1.642205165327111027e+00
-1.370794871013585103e+00
2.041528138382619151e+00
2.687381681606110795e-01
1.156032854215162997e+00
2.105007039696604743e+00
-2.123823895244725257e+00
7.417937495190347619e-01
1.676127559463903849e-01
2.189685509903659177e+00
1.902806577886986705e+00
-2.910314590836312831e+00
-7.482611315435548915e-01
-2.065161592386990375e+00
2.093486964537662587e+00
3.717006808862310940e+00
-2.166979848364411598e+00
2.003489521356947467e+00
-3.607372743663682435e+00
7.232876790380685650e-01
-1.563042599316772918e-01
-2.597687773748936557e+00
1.890237727993588912e+00
2.090195061844361657e+00
1.536149832895733702e+00
-5.853024498041694557e-01
-2.360186004471005905e+00
1.318954289279073766e+00
-2.110326201422710657e+00
-1.941802498565608159e+00
-9.949383850284656550e-01
2.006033121676632724e+00
-2.279733128491336025e+00
-3.187333132212727627e+00
3.773215046351016788e+00
-2.153450131056262151e+00
2.137959397589787258e+00
-1.267347867938642292e+00
1.923375747211204745e+00
-1.951810405675008520e+00
-1.903973639370305282e+00
