2.066103367886449771e+00
-1.203235446464983482e+00
-3.784302828376858940e+00
1.088279776236544372e+00
1.927372072372124379e+00
-1.960265880123963633e-01
-2.579500921240021616e-01
1.339653272086221980e+00
1.826497938270424726e+00
1.794118904112088853e+00
-2.029265241222807159e+00
-1.747892796511928637e+00
-2.121502222050611675e+00
2.734738443358404769e+00
4.231901525147049981e+00
-2.061696011354667846e+00
2.019175941752126668e+00
9.095275845743957532e-01
-1.023036680670913912e+00
-1.055516945345536861e+00
-4.527092534065225493e+00
-1.092004249805991867e+00
3.760170686886651570e+00
2.146402815160432631e+00
-1.692656385396227758e+00
1.535199365907627289e+00
3.600881325969443325e-01
4.104207575455587786e+00
-8.445198648024312860e+00
2.055795101245308398e+00
-1.074397365760110912e+00
-1.884090116042930196e+00
5.462598033093285288e+00
2.135955724865771010e+00
3.160930192270302808e+00
-2.059788305050528123e+00
-4.382744559768726234e+00
1.974043384620820518e+00
2.105487685909069207e+00
1.895065883958563013e+00
-1.848208627771390278e+00
4.977366030161387567e-01
8.965229911471615409e+00
1.907179331242934150e+00
1.970925521189930585e+00
-3.364544274468394214e+00
2.114730531029065830e+00
1.899402456671474670e+00
-2.873806888815685578e+00
-1.372996693617612785e+00
2.193039833336484001e+00
1.366840480420157267e+00
1.919057643504459731e+00
3.466652231469472767e+00
-1.117575330343005824e+00
-2.114084850692761197e+00
2.843646671902708700e-01
1.894109992952841992e+00
6.062021699676151343e+00
1.963263642520779673e+00
1.059292291666739105e+00
3.171732895121284646e+00
2.086173115158880265e+00
2.933879288068321323e+00
2.040750471288187207e+00
1.860487265081058439e+00
-3.275625306224724032e+00
2.023957901591252106e+00
1.862783492753625203e-01
1.896927658404324646e+00
9.120508034280228049e-01
-3.085902237692432770e+00
1.986877484538512428e+00
-1.955365876979603845e+00
-2.262027804178687429e+00
2.036631274313481121e+00
-2.838717938409604180e+00
-1.417964578582870394e-01
1.989192083579442549e+00
2.722470988937841341e+00
5.143653884395823717e+00
-3.353623124939496769e+00
1.946784396196801659e+00
9.432921465447456910e-01
-6.417708798298263351e-02
1.900581908024952416e+00
-2.903193747021068472e+00
2.664793900809373284e+00
1.972604281359193079e+00
-2.003287986723060410e+00
5.511447627090312329e-01
-2.501098368427138841e+00
2.004634827080943982e+00
2.143389143234047278e+00
-2.557695845623051412e+00
7.401463145477395145e+00
1.877735352948411318e+00
1.616370888984743459e+00
1.041211641984421954e+00
2.020132330451370528e+00
2.000343913218452840e+00
-5.317202436509335106e-01
-1.913002281496223311e+00
1.962462941032818931e+00
1.915634014252178163e+00
1.992301308251828607e+00
-1.943951657369856978e+00
1.984335321054099710e+00
2.032567228212181831e+00
1.920727027233292139e+00
1.842723249808687402e+00
2.108579750128301011e+00
-2.515163958696301716e+00
-1.959571371775312265e+00
1.911065507270030217e+00
-1.195251367171689338e+00
6.125578734327092878e-01
3.043040364154858679e+00
-3.569637005144347341e+00
5.885080172648043950e-01
4.014145692602364868e+00
2.051704825321444492e+00
2.555100208850308086e+00
3.777415436444633734e+00
-2.798233159123342251e+00
-5.487586522053201854e+00
-3.096132438166969258e+00
-6.293911554738279790e+00
2.015885004161706906e+00
-1.820896093398236104e+00
2.060753850148610677e+00
1.888213945314611841e+00
1.472879573519159546e+00
3.870012173319093307e+00
-2.391501587687470398e-01
2.056980422443904999e+00
-6.573182115108764378e-01
2.797839095814724786e+00
1.492237784271928769e+00
-9.354403969306914757e-01
1.409732359900112364e+00
-2.223536294703731375e+00
-1.772666385588979043e-01
-4.650245077640465574e+00
-1.805014320893546242e-01
1.974622269642616557e+00
-2.125128970845568066e+00
1.879048939790019634e+00
-1.004554051309113349e-01
-1.184558211680162731e+00
1.965827188944406556e+00
1.904353763161393154e+00
1.926650513596306569e+00
2.080036139856761501e+00
1.990858052820680735e+00
-3.525742543389796424e+00
-4.572307687961106870e-01
2.024941593467897150e+00
-1.875474847609523321e+00
-1.257925583163145067e+00
-9.449538722199550822e-01
2.130915569290656730e+00
1.869365077327995728e+00
1.928388430707008938e+00
1.940821556314993757e+00
1.871988517401926400e+00
2.054915374661552274e+00
1.875386501921091353e+00
-2.056099291113362426e+00
7.028629800137811134e-01
-1.954717741235441508e+00
4.187217005506516543e+00
2.047859912370368907e+00
-2.037507113433854045e+00
-5.852254630816358105e-01
2.210805839496486680e+00
-3.715713786944078834e+00
3.817912043182925430e+00
1.581425240058912163e+00
2.098310764738779088e+00
1.958173031928743812e+00
1.825560920334084347e+00
2.037063681433241680e+00
1.344918328510275485e+00
2.019720875548283168e+00
1.973710425269932678e+00
-3.487438216180483996e-01
1.955439092280530033e+00
-1.221360930080863660e+00
-3.365123593990344553e+00
6.155870766171978037e-01
1.861048959158674965e+00
-2.010868016876212305e+00
2.635674906650061766e-01
-1.821826704562197419e+00
1.964803690995154506e+00
3.808102161423672083e-01
1.621078037255344384e+00
-2.151106207226947120e+00
-1.585553813661922662e-01
-2.021405765358313289e+00
-3.279204058333314187e+00
-2.594515872051574856e-01
9.884419962257791070e-01
1.880681630031518115e+00
-5.620236850963681974e+00
2.100471655404814175e+00
-4.889424287864436280e+00
2.156464593217703118e+00
2.015149963123866517e+00
2.079524764444060647e+00
-3.111974609142652337e+00
2.149333558298942570e+00
-2.054704670775949538e+00
2.101209535889749347e+00
2.034937535947646037e+00
1.983798661614047720e+00
1.974451946054315288e+00
2.025881066192288138e+00
2.033260904918834822e+00
2.246780519503320250e-01
-4.964578550837905446e+00
1.860622917427615430e+00
1.970175581217746830e+00
2.126725561891656735e+00
3.213972079559486161e+00
2.153915332354982670e+00
4.434680733902012228e+00
2.212676735565620501e+00
2.047224434262891357e+00
-5.553642946150780801e-01
-3.952485271201237715e+00
2.035041367778727572e+00
6.522584757312210435e+00
3.665794824672461427e+00
1.998221980828142730e+00
2.093850568032746828e+00
1.707586278450754058e+00
2.059103052503756803e+00
1.948534817694538068e+00
-6.687109769834101436e-02
1.875227617020649218e+00
2.129173387116608307e+00
-2.031454584260590224e+00
-3.580952475073140295e-01
-1.933777692845547014e+00
2.112741012680706021e+00
-1.981409417880284796e+00
-7.701264924347727137e-01
-2.027872644493744936e+00
1.955700279511989326e+00
1.852278728227087390e+00
2.189924005222017911e+00
2.070483949672142110e+00
-1.341431529028024761e+00
2.077716752591281413e+00
-1.924165022761868959e+00
-2.039802015080613540e+00
-6.525831510842122540e+00
4.044475722587704603e+00
-2.069164305082260125e+00
5.034255262989178803e+00
1.651550536738105590e+00
-1.018421117893341332e+00
1.989642909189305087e+00
1.957737431399306116e+00
2.115140139792988538e+00
1.224877220594184246e+00
-2.133350869262267135e+00
-2.704968703901106331e+00
2.206035160757656044e+00
-1.499715954581717359e-01
1.776965582250450204e+00
-2.060287343117478631e+00
7.093289104137572298e-01
2.900772247699252127e+00
-1.832620420540126638e+00
1.239058379285816081e+00
-2.107022631823860959e+00
-2.156210371468130660e+00
4.392001385201302344e-02
1.996245655853754908e+00
1.242857753291290557e+00
2.106960697544824068e+00
-4.329144418306780651e+00
3.432937115078316559e+00
-6.678035270310387350e-01
-8.807990739367884458e+00
-1.420272121191095804e+00
2.158238103937261787e+00
4.055688857134284397e+00
2.126433216701600681e+00
1.986790497176321502e+00
6.733635859294174741e-01
1.826433576145162219e+00
-2.938624881851008119e+00
6.090863241167793873e+00
-2.047148029971661121e+00
2.014665427146974164e+00
2.019451399422505400e+00
2.082681499453888918e+00
1.871240691664329825e+00
4.044018621301251892e-01
-8.080406935637272081e-01
1.907293454764971807e+00
-6.209342499415409833e+00
-9.178522592601653929e-02
2.165476796438570162e+00
1.964903599980401205e+00
-9.687216837176693129e-01
2.918165676541993658e+00
1.808859206802324815e+00
2.077835240782513360e+00
2.025866372733700516e+00
1.778777340441733523e+00
2.053137016118751657e+00
-2.079466838293707820e+00
1.996070427866607266e+00
2.264971219986641748e-01
-5.790328507018470461e+00
-2.232149704483723518e+00
1.957318799608832816e+00
1.997207858957696702e+00
1.934033041859027691e+00
3.938003056656148804e+00
-7.802710619300147199e-01
1.934669770517748022e+00
1.981369036407688133e+00
4.261064911278909406e+00
-6.617205541782300582e-02
-1.971116365992148456e+00
2.085574384591359909e+00
2.090121733214431288e+00
2.011107410744146673e+00
-2.112329517027040193e+00
1.842705803727704650e+00
2.014425017257888584e+00
2.019193875346052547e+00
4.537018234571359443e+00
4.684345128786942425e+00
-1.998208842642392957e+00
1.785698532119195381e+00
6.012131378777525015e+00
2.429906342211608727e+00
1.937469172085409141e+00
2.189385407310512122e+00
2.894648599679487511e+00
-2.268857920629247182e+00
1.843399781371825030e+00
4.154107254341352085e-01
2.067058475228231718e+00
1.950440918763965303e+00
1.026455864612043634e+00
1.909590652457973547e+00
2.111736092979059620e+00
5.667844278113285839e+00
1.886478427935173841e+00
-5.871737548174968957e+00
1.283934505278268301e-01
-2.037200625752020766e+00
-2.177551219728757204e+00
-4.990012389629073120e+00
-3.467743363883200036e+00
-1.790426338529524930e+00
2.110851530900906159e+00
5.216401056943814618e-01
-2.002500423395165541e+00
2.148402048300465328e+00
2.132402917237880224e+00
-1.599300795936918096e+00
-9.277106157356429517e-01
4.662961205662698450e-01
1.966648952211679902e+00
-1.668497326248583823e+00
-5.639035135224622353e-02
-5.051279248247070086e+00
-2.031096474456984602e+00
3.338141677232867366e+00
2.019108719738426760e+00
1.402730523755836289e+00
-1.995404794628770739e+00
1.779213867357356982e+00
3.767884222478770084e+00
7.172545335947118517e+00
3.759879723987687772e+00
-5.013258229298130919e-01
-2.325346841003627318e+00
-1.144047042958945104e+00
2.033993228817056576e+00
-5.082029980415549986e+00
1.832027907410499479e+00
9.502863382115157576e-01
-4.024946977543660154e+00
-3.784455215538711670e+00
1.954918333232536387e+00
2.733204874421339081e+00
1.944073654139184315e+00
-3.005725101927199994e+00
1.715939787002063177e+00
1.907445803573676546e+00
1.945033831456553397e+00
1.935412304737016198e+00
1.400559440208390516e+00
1.964232467089179757e+00
-2.094584418267121606e+00
-4.575027197423358061e+00
1.926185962973985477e+00
-2.001644882458528230e+00
1.844397548648402330e+00
2.479952401239533533e+00
-1.002859863091603909e+00
-3.684568174008719499e+00
1.965162126581876167e+00
2.117231557635117944e+00
1.979585469538395648e+00
2.025251208328277652e+00
3.328277435947727181e+00
2.745183249601524267e+00
-5.629314545946370707e+00
1.403202347089128166e+00
1.916658595852675395e+00
2.052815615647227698e+00
1.901826615778017704e+00
-4.410474261021565257e-01
-6.229903089552657480e-01
1.826777793656201077e+00
1.906947717341162418e+00
2.619960633627645308e+00
-9.928064483501430892e-01
-3.971920107652190168e+00
-2.233860542036253172e+00
7.385015031955269649e+00
1.927560933029394130e+00
-6.631273211782753307e-01
1.962852437920062032e+00
1.970258534425770813e+00
2.983610004663746373e+00
-8.804467326254476756e-02
2.807044612620097190e+00
-8.454053373658430015e-01
-2.045873551999288331e+00
1.885185658947841736e+00
1.875852706200113129e+00
4.735293504218746063e-01
1.961049170374730144e+00
1.948481271821037586e+00
5.711775516378908568e-01
-2.953925529537969830e+00
1.992302545675708858e+00
-1.479042982045103427e+00
2.098573569834543573e+00
1.402351584091850345e+00
-3.418107386489174893e+00
-1.496771291271366433e+00
1.822243677835365450e+00
2.005274162971587781e+00
1.927211575431868607e+00
-7.989598792441832131e-01
2.043017777965416837e+00
1.945150146901601707e+00
1.943335767207866827e+00
3.156434413581980181e+00
1.587548791580045249e+00
2.145214027161076231e+00
-6.638470459778504917e-01
2.045497388533397132e+00
6.885290753973674072e+00
2.872740572497002876e-01
2.040927557059879494e+00
2.024900257469082643e+00
-4.053645908493479944e+00
2.033836208055114003e+00
-3.277306995449798421e+00
2.005166695885596706e+00
1.813001057287859208e+00
2.044378070797110869e+00
2.121923098206631941e+00
-2.570913375205583939e+00
-1.148934488793322384e+00
5.340034120615106517e+00
-2.435819282326932900e+00
2.072058508702196988e+00
9.714927120656932091e-01
1.767054339046569833e+00
4.284371399752828324e+00
-3.140583849506108916e+00
-4.057340074983462053e+00
3.219603753136650592e+00
2.198059260348143251e+00
1.954291982576768394e+00
-6.245632523474690112e-01
2.024022325428742608e+00
2.129807267619104660e+00
5.037163838068534627e-01
-1.293580816146471801e-01
1.316010677981055199e+00
-1.458074059276471601e+00
2.173281422331993173e+00
2.043794186455361039e+00
7.271122834705787685e-01
1.809864915915246453e+00
-4.880929175344008719e+00
-1.608810324296079397e+00
1.830073686008228062e+00
8.995848810868238843e-01
2.188403449817216906e+00
1.962282654869966114e+00
-1.096371037108457847e-01
2.159561728439758355e+00
3.806799533870978358e+00
-1.380994473096432695e-01
1.916500798361589819e+00
1.414526342853337892e+00
-1.513633132945887416e+00
1.953434404278437952e+00
-1.302257629795596783e-01
-1.924630521012241857e+00
1.641192535668050567e+00
3.325003518802965630e+00
2.050874538695838467e+00
-2.150676940045222807e+00
2.515839489103712800e+00
2.813010376179888361e+00
2.232527392424371371e+00
6.729821954274358475e+00
-2.937158345226135170e-01
3.790510041414966391e+00
-2.158407605736340606e+00
1.891213081720172662e+00
1.873328899252024504e+00
1.752017103257742514e+00
-2.885797497119000354e+00
4.853177818235248075e+00
-1.981154615437862310e+00
1.776614558106753616e+00
2.002626267707123375e+00
2.001192197891474400e+00
5.853404530890732538e+00
1.925634152602809568e+00
-4.744644687441796904e+00
1.951689120872602601e+00
1.893396199469716823e+00
2.337420535856636339e-01
1.984172756124110704e+00
-4.316144620677768273e+00
1.991581398984729523e+00
-7.393795597504934092e-01
4.565971349894816456e+00
-1.831459222198252412e+00
6.677328087976639459e-01
3.613698626938123049e+00
-2.062564721949121438e+00
-3.489602008928681109e-01
4.973615010361304378e+00
3.531193594943638381e+00
-1.407741268638073917e+00
2.010265663539286152e+00
-5.748387329239486476e+00
1.917371459655773602e+00
1.922201447655365936e+00
2.044302768864358910e+00
2.023653163595723115e+00
9.840195813762602217e-01
1.484948087840260778e+00
-6.101672913999417469e-02
1.922086530850479758e+00
1.990411799950283056e+00
-4.271505758005686992e+00
1.392038102961913104e+00
2.095484720624821051e+00
-3.399682404806809721e+00
-2.693570868787415140e+00
1.153630239591737716e+00
3.938357260587510122e+00
7.525394379333679495e+00
1.949797877854748673e+00
-2.193405467203802139e+00
2.293439192237035407e+00
-1.109863236917745022e+00
-1.607576265244306524e-01
2.107752791500284051e+00
-9.178169558362495595e-01
-1.477655525177488993e+00
2.002901191389289792e+00
1.889540755175111997e+00
-1.170553021287900730e+00
2.092299263905780471e+00
2.044437091528562789e+00
-2.086809188383756286e+00
2.188408589944432769e+00
-5.051560870467104891e+00
-2.008114204165035943e+00
3.688036057448757621e+00
-1.872760793980210003e+00
2.221897942344658539e+00
-2.214029554775369668e+00
1.730649068362068776e+00
1.956019327572552147e+00
2.020902125886960832e+00
1.667325162825680662e+00
2.665239600913789531e+00
-1.918166709046469132e+00
-9.884144816877380446e-01
-3.402418494285052386e+00
-2.881825043299424571e+00
7.859070512210599713e-01
-1.481964073185603636e+00
2.073246989700416876e+00
2.172839888913437711e+00
2.819013349359009712e+00
1.986259209104726642e+00
-2.510284109243701600e+00
2.029161955947149654e+00
1.994904042596283844e+00
1.545306812868669333e+00
1.998381852439536921e+00
2.039581477317474079e+00
-2.638259268539759006e+00
-1.174986538707065709e+00
2.726746249674478761e+00
-2.019186521717862171e+00
2.015251679758586434e+00
3.369484971735736245e+00
-2.258158471679998947e+00
1.913451257597299726e+00
1.864108199327805915e+00
-2.069921558789806770e+00
-2.591930971704923398e-02
-8.957485311350827928e-01
2.426273501221544837e+00
3.699614836873077017e+00
2.121799513006651594e+00
1.997263909477208665e+00
2.096479363801336149e+00
1.820232427223991367e+00
1.256913513100573532e+00
-2.527107757705366331e-01
2.688759412407221383e+00
2.151134841710233836e+00
3.765616839755107081e-01
4.442020315258895735e+00
-1.184756019237511726e+00
9.603849903564614099e-01
-6.836598975745452611e-01
1.862385629880162874e+00
1.983930154443241278e+00
-1.522583183481447833e+00
8.308050955593646592e-01
1.768707878151636992e+00
-4.143360468713071398e+00
-2.319030760331530328e+00
6.275604923721730399e-01
-1.384991702124846347e+00
1.925504269722025263e+00
-7.243203207185457515e+00
-2.319868757455914476e+00
2.801689507907076937e+00
-6.023639361115430413e-01
2.230604839350523338e+00
2.055973804283507622e+00
-1.836696691601775733e+00
1.939553306867973559e+00
6.093684392374766334e-01
2.021081374981896772e+00
1.992711658401817854e+00
-4.101324713241109032e-01
-1.289221020038976984e-01
2.255294358950569844e+00
-2.939468729041601502e+00
2.026463617352645130e+00
2.011824707940220058e+00
1.323319321675019422e+00
1.941221712299074920e+00
1.238146655425445219e+00
1.992283096276102450e+00
2.119623387044352825e+00
1.989242131201445440e+00
1.988116987615288433e+00
1.150377945040472083e+00
-1.473386089059339987e+00
2.037403640916608083e+00
-1.286142912422949258e-01
-2.373082876360932403e+00
5.086963489239288982e+00
-1.003047831846079818e+00
1.989754551219097722e+00
8.762965393014780779e-02
6.102498748344771240e-01
2.132179536919893703e+00
2.149396130716886955e+00
-3.018503153080012602e+00
2.125804501366378219e+00
2.193175430235946077e+00
-2.431752171650661154e+00
-1.894038023999952580e+00
2.035765381779471639e+00
9.291824766095543517e-03
1.991120485740997648e+00
4.695948995884816624e-01
-1.561180804181508730e+00
7.318062826403657350e-01
2.115431654726366517e+00
3.556612815467631528e+00
-4.839795185067889527e+00
-9.474471316488777273e-01
3.954175242718913630e+00
-5.280947039800197584e-02
2.055838908828677258e+00
-3.610970207486199346e+00
-1.976309632674014605e+00
-2.851449019932793316e+00
-1.266217845423050825e+00
-5.327534889877531654e+00
4.679633779091743051e+00
1.937653546410271765e+00
5.646670617348790167e-01
-1.686235402138995809e+00
3.405923244688460194e+00
1.950164943039296217e+00
5.889610273961129572e+00
-1.521150375619680251e+00
2.136679750602120453e+00
2.134595280602792577e+00
2.986376911105923071e+00
-1.802085393513297218e+00
1.524741465232187121e+00
1.945150023646938786e+00
5.416918557466803286e-01
1.948955248082065772e+00
1.819386951177328626e+00
1.900632439145794494e+00
1.973468073907006293e+00
2.023583008462598531e+00
8.112540220869940422e-01
-4.261118967782930866e+00
1.956932521214179044e+00
2.141315293070575887e+00
1.833226262417817054e+00
5.341217010392237396e-01
-6.678721602620815156e-01
3.244289695187470013e-01
-2.846439772673506674e+00
-4.923468297471012889e+00
6.180539899555603789e-01
2.473891485981123850e+00
1.874977467608924142e+00
2.587302748507720906e+00
-8.496785693082976820e+00
5.646723601647227753e+00
2.404709104072554560e+00
2.555342059408513222e+00
-2.159298035310198038e+00
1.964272853109944927e+00
1.852004356857072542e+00
1.823113610072415902e+00
1.303441329465441667e+00
1.985440570234709767e+00
-2.019669416240284843e+00
1.866255078225359743e+00
2.495624334077684026e+00
2.033472480175781971e+00
2.010535480695621491e+00
1.922456730872328379e+00
2.020351081346766886e+00
1.717371525152957545e+00
2.002681723114588141e+00
2.046987756464878849e+00
2.393321977800770384e+00
-1.713114139825955284e+00
1.919749840616023384e+00
1.992150473379275422e+00
-3.879488003116274619e+00
4.037893580399805060e+00
1.861499982316419333e+00
-2.168702465323146811e-01
8.986576674178042845e-01
-2.342810693725164484e+00
2.194786084594452458e+00
-2.138474180287834869e+00
-1.903490490150165693e+00
2.066630119262014009e+00
2.019157729921743361e+00
-2.018074414446477061e+00
-4.040323855637562467e+00
1.911656166729039263e+00
-2.912738778011117802e+00
-2.052383163034001701e+00
-7.213698005342026320e-01
3.608753899214149352e-01
2.352540250325216853e-01
1.995568693729838472e+00
-7.106649806825213744e-01
-5.729101295102155156e+00
-2.114089598423935623e+00
1.948023600550996104e+00
-4.797358825647458858e+00
1.909513111376506256e+00
-1.689461052313799616e+00
-2.415695571635295025e+00
-5.335022059784116699e+00
1.891193918107932026e+00
-4.082358454095945888e+00
2.036689156288488345e+00
-1.961576985514634330e+00
1.759429567845735676e+00
-2.146418784821584325e+00
6.292473521607942821e+00
-1.901238220358119957e+00
2.123824897182809313e+00
2.001389007078162141e+00
1.903690023415538057e+00
9.539016136072684393e-01
-1.942451533405946229e+00
2.092552137929951428e+00
-1.956680294152604249e+00
2.297327378353214655e+00
1.924692749078628085e+00
-2.119645262870152091e+00
-5.265392407723036960e+00
-4.982861396384841157e+00
1.882060240206846258e+00
-3.441252853939701373e-01
-2.272418103218940555e+00
-2.459101151241992189e-01
1.955039804879139753e+00
4.385578656734172576e+00
1.932085091626670081e+00
-1.930931251022964368e+00
1.984491793369173029e+00
1.848831970009024994e+00
-4.131600252817594132e+00
-2.928399389708677414e-01
2.003711540417858483e+00
2.168145330928720416e+00
2.866714175766294392e+00
9.277233176038306439e-01
2.095457161950811553e+00
-4.365649065825837560e+00
2.732482796629148947e+00
1.997817962259490265e+00
-4.093602215414423595e-01
2.020335584293084796e+00
1.621197287703331380e+00
1.592986257286638452e+00
-7.279447019748161551e+00
2.021233617122561110e+00
1.905356808543885450e+00
-5.187543246972667887e+00
7.257233756603231001e+00
2.056242263496155243e+00
2.102441226670145991e+00
3.232223610525545965e+00
2.107366506640245607e+00
1.946199550377299969e+00
2.225137240581471332e+00
2.076965959838412257e+00
1.983042081217884167e+00
2.007060099096807715e+00
-1.927851424690523396e+00
3.385822153093381193e+00
1.938423364348690559e+00
-2.006044197203557644e+00
2.011945862637410709e+00
-5.223810851402718031e-02
-1.674201375421143556e+00
2.508367249179122016e+00
1.754147861997700453e+00
1.959276495326591983e+00
1.927680083928412724e+00
1.906089933196799979e+00
-4.095009389410217082e+00
-1.973691227438949536e+00
1.986386526231364247e+00
-9.650086377356560385e-01
-2.005646369783645078e+00
1.977153986035547373e+00
-2.983829411074369276e+00
1.991236550208447698e+00
-3.960930367464755797e+00
1.432686733459036077e+00
-3.451020282036110221e+00
1.907475805724663687e+00
2.074898004665847395e+00
2.059092616981694768e+00
-3.336950252794028238e+00
1.869227583218854072e+00
-2.165743720164083008e+00
-4.930516356293397351e+00
1.873291079360451583e+00
2.014730828503787041e+00
2.024207661191497643e+00
1.992542761473175883e+00
-2.000904103882755081e+00
2.160208319902119811e+00
-2.200048725970669972e-01
-3.054600879526147672e+00
1.887525174835530839e+00
1.869020600864314430e+00
-1.808245928410773473e+00
-3.451935495833246215e+00
1.974279173065142556e+00
1.913834101698966172e+00
1.923703402964563214e+00
4.612719776345232670e-01
3.550801369158375742e+00
2.072592408867643954e+00
4.145716825557953733e+00
1.755022236977855865e+00
1.356572175673525837e+00
-1.099086083251643586e+00
4.156377750072255406e-01
-1.045635913373760495e+00
1.879410794035805132e+00
-6.358578682656030878e+00
2.010471349046484502e+00
1.948670362746120155e+00
-2.000916780428532160e+00
-1.732924257404230284e+00
2.149266713348223057e+00
1.976754884724543082e+00
2.608933455603303031e+00
2.035858059706891598e+00
-2.326193681444339578e-01
3.791088478068361800e-01
-1.760995179325962390e+00
2.154425359355968794e+00
9.312093791106628160e-01
3.937319088554708912e+00
2.133529601891750449e+00
2.052241229454297766e+00
2.013311087588752990e+00
4.197966439985856724e+00
-1.551491007501426989e+00
2.002879665282670363e+00
2.272887956907364337e+00
1.943085958201832719e+00
-1.558899747516600875e+00
2.195830270898240677e+00
1.965487843650588484e+00
-3.309828802112343649e+00
-2.128246567867043915e+00
-1.754428052564620089e+00
1.996139503058822928e+00
1.925721851892853609e+00
1.982077717373134762e+00
2.988343927629196539e+00
2.024119893327648079e+00
2.092768312407728981e+00
2.685526852357401406e+00
1.939114840916577265e+00
7.801208510535682095e-01
2.105693602966753009e+00
2.816959816744802669e+00
-2.164842289065809222e+00
1.717355144855018834e+00
-3.141319864111695725e-01
-2.704730207410909748e-01
2.081525716921712732e+00
2.047076066771126968e+00
1.696626974752933004e+00
4.540320260088179793e+00
1.875654735173529097e+00
2.181839350304307423e+00
2.055542729576112504e-02
1.887028433664094784e+00
1.946562918122838992e+00
-2.072976676687164233e+00
2.047414429353140441e+00
9.525342797005194317e-02
1.979807782364747304e+00
-5.625727625701701928e-01
1.987423764987927166e+00
3.262264201588627621e+00
-4.918967138564410035e+00
1.072910813376541039e+00
-2.127709621441011389e+00
-5.540861500037772558e-01
-6.901739753286653678e-02
1.769647567159728041e+00
1.849337185983750187e+00
5.692997871287816536e-02
-1.367618694826826076e+00
-1.178479631631846880e+00
1.797207117646688168e+00
1.364062568310337564e+00
1.999926845226574157e+00
1.018761667927905901e+00
-5.198496366762329401e+00
-1.911084474080425810e+00
2.352149743322845765e+00
2.112195458786951363e+00
7.636748121285056312e-01
-5.087945014776598995e+00
1.991861681872121759e+00
1.186049697578935636e+00
2.022919296550061752e+00
2.027104783643644659e+00
1.922994267182406292e+00
5.806461504850709554e-01
1.789385991153966016e+00
1.988845160639160392e+00
2.079288092781174768e+00
2.163753246287247745e+00
-5.779511556638835534e-01
-1.619389473565227000e+00
4.666784214880127735e+00
1.993381065317175960e+00
2.069572216575050749e+00
-2.212675463891207173e+00
-3.262433997757224091e+00
2.064193846855663317e+00
1.937633048980523798e+00
5.757581675078886629e-01
-2.067451747647734095e+00
4.385815242254786916e+00
1.989664206495844301e+00
2.023360097837612503e+00
1.857251373927131688e+00
-1.988193833469570571e+00
2.136239203196892866e+00
2.134473836012916070e+00
-4.460218922318510137e-01
2.047646050387275096e+00
-9.102429170416515003e-01
-1.742607478668065646e+00
-2.022817545022467911e+00
2.005692722435545861e+00
1.407570503681471630e+00
-2.029411814049653096e+00
-2.751586363072022756e+00
-2.128281445648170678e+00
-8.461009550997566908e-01
-2.005686233735647583e+00
-2.088928001222897457e+00
4.354151597299210863e+00
1.955818904089828614e+00
2.001311717353667419e+00
2.107727839740205500e+00
1.956688347385281634e+00
2.098350349367086753e+00
-2.745114371054875324e+00
-1.924369482297873191e+00
-1.202340406264768291e-01
1.958539030771159872e+00
-2.029539433623053668e+00
1.210600253481964039e-01
2.081565014588641738e+00
-5.610210656497848447e+00
-5.120093824183047815e+00
1.806741318882118863e+00
1.597729742890028115e+00
-3.045838634926596455e-01
2.075187800340051680e+00
2.063868123748023198e+00
1.844373979613526782e+00
7.922517226539673718e-01
1.430873184691481947e+00
1.940357208133860922e+00
-4.458447987873381813e-01
1.987442698764617877e+00
-2.485175705793746248e-01
1.856386201694956828e+00
-2.223091546816700514e+00
1.869881584524764495e+00
-1.417638493873867755e+00
-1.946632344688062455e+00
-6.001526186245075500e+00
2.032762976440543046e+00
2.011623486024648688e+00
2.018523528395502087e+00
-2.016942046137580657e+00
-1.906680859222543045e+00
3.010791469253127239e+00
1.689350204315647641e+00
5.322484749520871583e-01
-1.176363349494904620e+00
2.135657639502906768e+00
-2.036427224747109577e+00
-8.416853972325037958e-01
2.081119778341097515e+00
2.171661917632973449e+00
-2.145067550857265637e+00
3.758120250279041397e+00
1.863487376101976123e+00
9.288066729203788841e-01
5.038305800831162085e-01
2.155477069676634105e+00
-1.102720451148282876e+00
-3.330388836162705424e+00
9.974391105784841116e-01
-1.434937896251053058e+00
2.118979841993405167e+00
-8.928935690869965747e-01
4.954875115753892834e-01
-2.147830325732590140e+00
5.322479606808037111e+00
-1.289220683707654191e-01
4.358851131776525500e-01
1.863014762126022239e+00
2.134971615781646292e+00
-4.557936746301320952e+00
-1.903766353194002781e+00
1.923478453004958011e+00
-3.128325021603993950e+00
-3.244190737855030982e+00
-4.219311460043939088e-01
2.117936671377161240e+00
-1.628193028215259686e+00
-1.090038604433483327e+00
-2.426449976382779372e+00
2.069556927746967645e+00
2.371637977554484245e+00
-2.157108903447181980e+00
1.182016831606062190e+00
4.983642652405864126e+00
3.706260406194173740e+00
2.045793301089605887e+00
2.029180953309998703e+00
8.710805084588292280e-01
1.965695656407555836e+00
-1.929080391854951282e+00
1.912543862894545477e+00
-2.486112784157148425e+00
8.373715006449095055e-02
2.048745775066207919e+00
1.910065157568293426e+00
1.987818200899606369e+00
-3.337193072377740322e+00
1.675926254329343834e+00
2.179323673208674261e+00
1.993021030905397950e+00
2.105743507950782689e+00
2.534353850717232071e+00
5.027118316886850735e+00
-1.919371175420483411e+00
2.027862281039110037e+00
-5.110799711377863375e+00
-2.199553474776743123e+00
-9.730149873630875579e-01
2.050248055920166568e+00
4.714419221187350573e+00
1.924946304002199682e+00
-6.547120206490457672e-01
2.564549008072576797e+00
-2.751213242537913217e+00
-5.964033812852554739e+00
-1.660130140125854581e+00
-1.979825688458755950e+00
1.727704727227480141e+00
2.000539899698725588e+00
-2.572280872401635499e+00
4.194116790399071704e+00
1.987567266331319749e+00
2.093900897183436083e+00
4.698341998706172973e+00
1.890397053008724626e+00
3.205493720985091777e+00
1.759162239203857947e+00
1.997447053668048200e+00
2.082071107382513997e+00
-5.358326203932562315e+00
-1.692947518155028808e-01
-3.114409903574617555e-01
-2.169177769125350430e+00
5.588607707545909520e-01
1.958674435495059152e+00
1.947911946029180275e+00
-2.297296949359270091e+00
-3.693626529984059270e-01
6.976903061277781148e+00
2.108496961855350182e+00
1.246217421114742319e+00
1.337720787115207033e+00
4.208424879129429641e+00
-3.311613219538682706e+00
-3.786378652902435693e+00
-2.094038347857533289e+00
2.016784739890701506e+00
1.904841898507134923e+00
-5.439836149661578801e+00
1.720774182407314612e+00
5.961357971460944372e-01
-4.739916070910564772e-01
1.929313402468499694e+00
2.040709168920092687e+00
1.939037361220625533e+00
4.066309847579351988e+00
-3.801516678242000680e+00
4.525271223232464335e-01
1.356261030432037717e+00
8.637933830226021681e-02
1.091387428920224778e+00
2.095520357972672443e+00
1.864228989335953823e+00
-1.928148326194189854e+00
1.948067698472966347e+00
-8.302789393457249423e-01
3.618239613107448793e+00
2.096804889212942502e+00
-2.649475881894178819e+00
2.104513789993305295e+00
4.860570975077511235e+00
5.029238778770641627e-01
-1.254302473889570502e+00
7.114296856755788490e-01
1.889587810950055902e+00
1.964421125272478141e+00
5.704809972521166644e-02
-1.223489667040246198e+00
5.914841778965433505e+00
1.947215009827634180e+00
1.874517319347968280e+00
-1.629622296143858673e+00
-1.474610932628652282e+00
-6.290475903179770789e+00
-1.991401961424000833e+00
-6.878685636949340321e+00
2.240071373083656336e+00
4.826351935346223643e-01
-2.165700305672233039e+00
2.031312394125964538e+00
3.100286556256435233e+00
-1.978216960295056337e+00
1.079307561229547963e+00
1.247056591578207030e+00
-3.214092016295602150e+00
6.382410987567830318e+00
-6.191171423182314726e+00
1.992535387761865673e+00
1.476368193210963797e+00
2.527522307884323638e+00
2.073104998508391805e+00
2.084971768869294362e+00
-1.255766174820258874e+00
-1.571727424669191908e+00
1.888346061358683547e+00
-6.006189191605658451e+00
-2.859714612109569121e+00
2.037741017904380225e+00
8.681893715732613703e-01
2.000812512733384008e+00
1.307900410980319839e+00
7.143731163667139228e+00
2.021128402526657819e+00
1.903220360309594739e+00
1.368811115197336115e+00
1.238414247137381796e+00
1.967813122470556619e+00
1.540574947986266041e+00
2.532868651663807036e+00
2.085605114011716221e+00
-2.056065982079996246e+00
1.988741499755294351e+00
1.968591235274262274e+00
-4.938328560131164835e+00
3.667106612564007273e-01
-2.058784179021841965e+00
1.933033309425169710e+00
1.508702817395856766e+00
2.077545784848342514e+00
-1.816485946336639623e+00
2.009525918337212946e+00
7.375829795167073044e+00
1.118494759658522630e+00
-1.787443745272053963e+00
-5.910604329715544836e+00
-1.753750383705236171e+00
-4.375165474145887856e+00
-5.731418637160117235e-01
-1.264418352961523606e+00
-2.178359005466753651e+00
1.966780777480100495e+00
1.892860168929570097e+00
-7.666543535017944500e-01
2.824112280395753238e+00
1.851178041160467025e+00
1.122378059412777462e+00
1.989281195596019680e+00
1.025661293105370186e-01
1.673885564042092877e+00
2.034179894616567008e+00
1.166648196272757287e+00
1.774925990180720170e+00
2.010662207404856350e+00
2.312509080343489121e+00
2.054507909474023286e+00
2.140282561914999437e+00
1.954060741103173182e+00
2.045987069542857473e+00
1.689642109069311449e+00
2.011049106588277624e+00
-3.029016235899986587e+00
1.664580162001481067e+00
-2.877177428011156723e-01
2.759359481394556113e+00
1.902688169550491804e+00
4.944646894110645841e-01
-2.250249941204344850e+00
-7.937265239924518045e-01
1.995620358257129912e+00
-3.568368784984738973e-01
1.946850280779392151e+00
2.558702153286644965e+00
2.154399466108326333e+00
-1.489762848628272796e+00
1.993697124822098266e+00
-2.056103492643450270e+00
-1.937828389351547109e+00
5.976334631275399545e-01
2.973863085266650330e+00
2.005850839313638279e+00
-3.600547093322095660e-01
2.470468887030582983e-02
-6.844123084696031034e-01
-2.581729676500224890e+00
-3.983753212824193035e+00
9.909896632274812767e-01
2.056143334725722305e+00
2.027960425612958861e+00
-2.068554494050452330e+00
1.891450111884793284e+00
2.217764815253924215e+00
-2.094671675673601907e+00
1.090268671467563566e+00
1.958883986296375834e+00
2.541144203944204261e+00
-5.567553578867804553e+00
8.351142093531307431e-01
1.931513304864518332e+00
-8.917313704856424383e-01
-1.079913953930170312e+00
1.866128645393925201e+00
1.915759221523912981e+00
2.054833504478138728e+00
6.638682665488769841e-01
1.926978753268894673e+00
3.111593270912575981e+00
2.047273537439953106e+00
1.450856533075546517e+00
1.883074823863380987e+00
-5.021674315465929794e+00
-1.962184196264848302e+00
1.948343015049851079e+00
2.233781944740783398e+00
8.010656982774055912e-01
3.260693708337519592e+00
1.988850214244350045e+00
1.906309126515491670e+00
1.963326401779152075e+00
2.208457648304579468e+00
1.334168093440821767e+00
-3.412768395425088919e+00
-3.165189187778576496e-01
2.020657458889455249e+00
-1.211660059524942490e+00
2.078706083141041994e+00
-2.106884077198486693e+00
-1.415456028790184284e+00
-5.033636250597705697e+00
1.577013803837556072e+00
2.162963274361064059e+00
-9.206584585658109665e-01
2.089712482046254038e+00
-1.324735162329851557e+00
-4.812227340792476937e+00
-5.378061610431112527e+00
-1.665833699152102110e+00
-2.074152506052601819e+00
1.842346333816536674e+00
1.967930555744531018e+00
2.008968420489872120e+00
-1.147757568585049626e+00
-5.747774580915754328e+00
-5.307626839223942738e+00
-2.004319140928538800e+00
3.229944223936653813e+00
1.955565606736802797e+00
1.963451550711613258e+00
1.883795750500109278e+00
1.983608862562779684e+00
1.840323939577638290e+00
1.929189693783542214e+00
-1.802090347865532349e+00
2.068791959818508386e-01
1.994301050182942125e+00
4.908851474412340821e+00
6.423611906090703982e+00
-2.823790019278702879e+00
-2.730198017456385795e+00
1.910882556730313153e+00
-2.123326276105506505e+00
2.092119611647992095e+00
1.966257265622899819e+00
-1.660918568349910585e+00
-3.029141391016145324e+00
7.258576355048258932e+00
1.903728704149368012e+00
2.153927014981261490e+00
1.431547532969481562e-01
2.906559881504709342e+00
-2.759272732466155453e+00
1.763314572912113576e+00
-2.310877895897607726e+00
-4.891229299456793633e+00
-2.255012026817238002e-01
2.093851613049756200e+00
-2.726440224304436111e+00
4.920637761906565544e+00
1.743629897585847743e+00
-4.040862771782086860e+00
1.916151547644201703e+00
-1.969633420954280734e+00
5.010516086435483629e+00
3.892451070563633930e-01
-1.257191875884732024e+00
2.935218475546625960e-01
1.955537450210867334e+00
-4.096091181340990595e+00
2.029591533349736743e+00
-1.962295147278269702e+00
2.695564180941738996e+00
-3.041116594221835001e+00
2.056177301331499674e+00
-4.182942729222628664e+00
2.072997478681714245e+00
-3.564229642175414270e+00
2.029269716274562541e+00
1.868923801866611001e+00
2.150339841995512646e+00
1.814498615458958408e+00
-2.071594695738003367e+00
-3.408035442163224626e+00
2.072867987525682576e+00
-3.329714391706795951e+00
2.144911897523750888e+00
-7.411365119881133667e-01
-2.201611536098796673e+00
-2.420392084694673596e+00
1.844675006198660094e+00
1.941780503902536648e+00
2.128469322697655652e+00
1.143200991082028217e+00
2.047935951390455589e+00
1.951362296890694292e+00
1.871770782264311039e+00
-3.089312063500954331e+00
2.142651294212395641e+00
1.519400350776916708e+00
2.232783450057824304e+00
-1.132322161138971550e+00
-1.050953000902723034e+00
1.997290338085693007e+00
4.108677052777172101e+00
-2.106126307777592022e+00
-1.873290262824524710e+00
-8.811471379744779675e-01
2.025689189584414684e+00
1.846089472879357540e+00
2.025155470558297477e+00
2.008164754176005928e+00
1.986356745205684948e+00
-1.543635704661653563e+00
1.160094194416633862e+00
-1.798484857546545301e+00
2.769461051389467521e+00
-2.292233035867151880e+00
9.857710167377328192e-01
2.087106036947857568e+00
-1.383765349997980731e+00
1.689660527311694249e+00
6.604167293676850396e-03
-1.005934403505409858e+00
1.024606305744679480e+00
4.472871384179361587e-01
1.956277398511175658e+00
3.436605736102594122e+00
2.065307751081446597e+00
-1.463090639209576382e+00
2.868789864489970753e+00
-1.379589197117752963e+00
-1.705117939109932479e+00
1.604515781434194821e+00
2.909159680450786212e+00
1.768417982338806649e+00
1.930006538210979894e+00
-2.911350714479818080e+00
4.341835719452753040e+00
1.841176317015654762e+00
3.324300369904224617e+00
1.985329548214399331e+00
-2.201567196208165988e+00
-3.813234614550399026e+00
2.062330339876555119e+00
9.272975154778418272e+00
-1.895828426120031995e+00
4.579522892452192906e+00
2.123285618398239816e+00
8.112435745811815702e-01
1.886271570662507946e+00
2.479832495750934562e+00
-2.533933532681489798e+00
-6.516951762078042609e-01
1.988180513670733118e+00
3.394249851025283315e-01
2.026180575387027005e+00
2.034036489155458316e+00
-4.861344872789008953e+00
-3.273404274603458619e-02
2.865638705981327305e+00
-1.072136930537529675e+00
2.094569744787329935e+00
2.170210833104833537e+00
2.139734540824661302e+00
1.946938722323525939e+00
-2.196806413826732474e+00
-2.661307577701190752e+00
-9.177825048192702617e-01
2.154754990729512265e+00
2.048934081086333681e+00
1.976074771360858850e+00
3.450143088583116913e-01
-1.620232624943937605e+00
7.438461532723780190e-01
-2.476889758613520232e-01
-1.961211694054938892e+00
2.644245893627014787e+00
-1.964171416168555728e+00
-6.531125326419244814e+00
2.029488960594313607e+00
-6.321534553187667660e-01
3.710950742164458305e+00
2.091029386168952620e+00
2.070118236947674717e+00
8.311736889245013860e-01
1.337126096986914092e+00
1.960663127254686833e+00
2.071998015277524363e+00
8.999367092019270320e-01
1.908545971775631678e+00
1.899711423621765372e+00
-2.014387643597493671e+00
9.427863141440566697e-01
2.057474487952577036e+00
2.695981614097183732e-01
-2.042832883995088000e+00
-1.166563600953967050e+00
6.157043995953223714e+00
2.004631383543015399e+00
2.098309970567644900e+00
1.812317118426042484e+00
1.932540893803138760e+00
2.400365600815813405e+00
-1.667257606357300137e+00
-6.971672883728918801e-01
4.938607897079738129e-01
3.982952743426898312e+00
6.134536430682812735e+00
2.013412900791964333e+00
-3.646583023713652061e+00
1.304568561048262687e+00
4.448406316829742746e-01
-1.620194392818315732e-01
4.483235510920614786e+00
-2.018766590846492459e+00
2.021651880992209271e+00
2.064530693856177379e+00
2.912179599816552944e+00
-1.831829024833666331e-01
2.048442012893379793e+00
4.133322332618172723e+00
1.866397430341963704e+00
1.967799651236791236e+00
3.436603023683337810e+00
1.839680814789848462e+00
-2.130499855668824161e+00
-1.965598024505202268e+00
1.859254994681299067e+00
2.024772992067793709e+00
6.721540051718678299e+00
-2.310448668002704764e+00
2.079408449836152695e+00
-1.474898097372498329e+00
-3.034285226736187502e-01
1.827331599213442459e+00
-9.675822662053874534e-01
2.604251463120001553e+00
-2.634116001420160114e+00
3.455481802553912907e+00
-2.456090246119727316e-01
2.652606403414891734e+00
-4.657242506298149287e+00
3.936358216680613253e+00
-6.959270586927240876e-01
-2.108990058828926095e+00
1.869499181777771302e+00
1.971896737009001921e+00
2.108188836033387137e+00
-2.137535614445962295e+00
4.988667835483902024e+00
2.039754050770470339e+00
2.035691301620436100e+00
-5.569705013817863870e-01
-6.848646618989761237e+00
3.096793781266424794e+00
-5.247718433454710230e+00
1.880626401202754927e+00
1.614639458049874854e+00
-1.913118069825603618e+00
1.212605224510120872e+00
-3.144670473094802521e+00
1.973714516424345700e+00
2.175527419541786855e+00
-1.954672224001836156e+00
-8.045310248499892847e-01
1.946208140080774474e+00
1.975185880617882583e+00
2.371860256516374665e+00
2.026960934998731201e+00
4.640385609229270791e+00
-1.912740485193398010e+00
2.031530430539839394e+00
1.954166292759410117e+00
-7.648577553806521490e-01
-2.970509111384408207e+00
2.104000280674986900e+00
1.893419223126184603e+00
1.471748421321202205e+00
-7.610951407806062496e-01
2.258029936686955175e+00
2.067880803802212508e+00
2.055454641788223125e+00
2.064382204738270499e+00
-1.854080012906798025e+00
2.686609014044420096e+00
7.268002658488412759e-01
2.043463801259187029e+00
1.772153823711797527e+00
1.012147423014952002e-01
2.092748360061287727e+00
2.066717550219472344e+00
-2.012428264955336665e+00
2.006691331872769712e+00
2.459451643413805400e+00
3.030495780320907606e+00
3.786202644794163241e+00
2.374470271879465244e+00
-1.434118739467060255e+00
1.773339796364184151e+00
-6.287322485684730677e-02
1.916696272326232409e+00
3.296140061816871913e+00
-3.705931684732400644e+00
-9.365992470703389527e-02
3.151394836738251826e+00
2.139989639214365802e+00
1.959478789926852205e+00
1.984666968536803688e+00
2.007458829786909149e+00
8.470694764145452194e-01
-1.018372384088152671e+00
4.177827339892817848e-01
1.950414569763865069e+00
-6.300501298169037812e-01
-1.163203914248955417e+00
1.723239696219533101e+00
-3.666696157571045944e+00
-1.728150643185717983e-01
2.048339744346488800e+00
-2.297707749882446748e+00
1.930924651851361196e+00
1.818764305655350189e+00
3.523383134041560449e+00
3.552009907633484787e+00
2.013272389472068546e+00
4.649479740011871698e+00
7.688772238285228600e-01
3.314455528363276837e+00
-9.320563532348398184e-01
-5.729659334565042617e-01
-3.136568304188705802e+00
-8.795836581902634066e-01
3.037699045368171369e+00
2.136396989835310123e+00
1.995202046806469731e+00
-1.161634719808504412e+00
-4.557101815198580042e+00
1.923611077314589357e+00
1.926974791263663445e+00
2.105184674113528054e+00
3.399090767727087847e+00
2.007994985027039103e+00
-7.969328497625209895e-01
7.103718200650066539e-02
1.974262261756383419e+00
2.068507193257564936e+00
-1.941393373200851036e+00
1.362530601106569650e-01
-4.449013443422365377e+00
-3.142002299376984276e+00
1.977667449934040977e+00
-1.750385401426013121e-01
2.144021508568540124e+00
3.123775896015323461e+00
8.782266614969422847e-01
-3.328904830564883177e+00
2.066950783396822811e+00
1.995951767861311232e+00
2.062110756484086593e+00
1.755217690771482264e+00
2.139377891176146740e+00
1.944828831229567623e+00
-5.417500932217800269e+00
-2.028198077163491320e+00
2.074035679785013908e+00
1.399343223240477219e+00
-2.033525604324128988e+00
-2.947492387331548946e-01
-9.488582793128503834e-01
1.942056549924106701e+00
9.089937919733421801e-01
1.153798365729880482e+00
1.328965831418372989e+00
-1.872484190331880627e-01
-5.010527783463969431e-01
-4.743782503072028867e+00
-9.238984095876683345e-01
2.094860093436441417e+00
9.623576868097487136e+00
-2.028919690048584634e+00
6.187527881177595779e-01
2.731391140355400982e+00
1.874631370233158068e+00
-3.499563226762904544e-01
-1.443208104103752554e+00
2.102144406651156761e+00
1.859941469755706178e+00
-2.809059748558623060e+00
-5.856889210362821174e-01
-1.057105119084569500e+00
2.518380279589806925e+00
1.994372744625252158e+00
2.200980925749311368e+00
2.036509851771024504e+00
1.861536212377114197e+00
1.331313603558800462e+00
-1.086050760920138358e-01
1.865499436667051647e+00
1.931878598379709544e+00
1.968646892347960975e+00
-4.466046558934598787e-01
1.986703328858364648e+00
1.914142359351235889e+00
1.901633112685877425e+00
-3.198055043379525841e+00
-5.278685538306431280e-01
1.908766847591711446e+00
2.056012023513023035e+00
-1.940874123835984344e+00
-3.683695885484836730e+00
2.978773830183537363e+00
1.851697995635584126e+00
-1.430925263117835133e-01
-2.710415022912325611e+00
1.972640162545290954e+00
2.098168127703689656e+00
4.808812870307689558e+00
4.144439576542182202e+00
2.014345450551823458e+00
1.874289910453385888e+00
2.099863426843231462e+00
2.064821557801774343e+00
2.203582374570759228e+00
2.030309955473498018e+00
-1.543136338655604956e+00
-5.542938449560790293e-01
1.169256699865894422e+00
-2.371317885282338001e+00
-1.928360368651291346e+00
-2.740590998436288395e+00
3.639400027676876981e+00
6.097560482124588788e-01
-9.836973733327030178e-01
1.884167520340128243e+00
3.391940096559149076e+00
2.036211429365866188e+00
-2.090122424437057536e+00
2.030517588064993273e+00
2.081716017486931136e+00
1.751863724964703550e+00
5.288371748230513703e+00
-2.156871437085575938e+00
1.904995154601829999e+00
2.003204743191238535e+00
2.150644047887992016e+00
4.447292511696950612e+00
1.510843012122804252e+00
-5.783933417471792682e-01
-4.621584003494259463e+00
-1.466399222910437228e+00
1.792836647320056542e+00
-8.321103930389404102e-01
1.993693991898756623e+00
2.067273096017232970e+00
1.994761304197206764e+00
2.031435832765700500e+00
2.115204424991576460e+00
-3.846752655116580932e-01
2.140742246717795005e+00
3.590576655534022388e-01
2.020351192642099392e+00
-5.657302015609727341e+00
-2.064614706310815340e+00
-2.979240813563324153e+00
1.974603646845183746e+00
-1.239854504429166893e+00
-3.718463703380741947e+00
8.239471484047360406e-01
1.946400491861779880e+00
1.953034540033504740e+00
-4.468591990631283650e+00
-2.039249486375512177e+00
2.025438891708849276e+00
1.905812404905014024e+00
1.974807121957676381e+00
2.056194357614678392e+00
-7.130623892356614535e-01
-4.435280592618992546e-02
2.536055760201287423e+00
1.943813690986737619e+00
-1.829541570077368062e+00
-2.732450374478235577e+00
2.092372470887827962e+00
2.046914073224789465e+00
-1.048907014400028981e+00
1.464594870876837041e+00
-4.188334884353563936e+00
6.857813377665783250e+00
-2.062117915130247336e+00
-9.601348964176100731e-01
1.781521201002882915e+00
1.899836373546010870e+00
-2.710701594388403635e+00
7.677122460080453292e-01
-3.741816579521477060e+00
2.488987171060444759e+00
3.626913653256802039e+00
-4.924396993260837796e+00
-1.919430501995645910e+00
2.064603221936068600e+00
-2.113770376721245903e+00
1.908130109314291500e+00
1.999569206255831899e+00
-8.198668987740656000e-01
-1.720331210598054477e-03
5.531654809938395090e+00
-5.498239189350450751e+00
2.028938848676405282e+00
1.996342585898478017e+00
1.966956862698204578e+00
4.080527810552352364e+00
2.077868734916709315e+00
7.518954995519904205e-01
-1.562792375462509931e+00
3.454401228833439141e-01
2.106389943056070191e+00
2.016877179587816205e+00
1.990584428445338228e+00
1.589631960634749763e+00
1.988238115947709828e+00
1.779116324909566504e+00
1.943632547938063837e+00
1.849165834116601292e+00
2.009529457544423359e+00
-2.150903694437916069e+00
2.041917122377583826e+00
-3.306892046131475915e+00
1.228049525831368533e-01
2.028366320224163299e+00
1.767804751593148982e+00
2.141722287977707584e+00
2.009678662555845374e+00
-7.776702725150915541e+00
2.017945031192524663e+00
2.064408372167477523e+00
1.992437284669526631e+00
2.029431646963992364e+00
-7.841247140703647700e-01
2.094226148508109731e+00
-6.386402187261651875e+00
-2.305122942968409028e+00
3.316744680893830122e+00
-7.114950999561708400e+00
-2.381976621365349267e+00
-2.015864501117824226e+00
3.817363418306136680e+00
-9.554489210343528605e-01
2.122329156183155874e+00
1.917598017115374587e+00
1.800271483976285891e+00
3.488041551425565601e+00
2.179690762980046603e+00
-1.210622406781012073e+00
6.111551419078409264e-01
1.767337205771143838e+00
-6.956181973741020208e-01
-4.650764404291978238e+00
-2.460065698595915507e+00
-2.089440130161183351e+00
4.325121742798486935e+00
1.748484928264629978e+00
1.168100367413441587e+00
1.970683497102415860e+00
1.080378925206818330e+00
1.486958344092287998e+00
2.013585351171302662e+00
3.702697305815755846e-01
1.982663349628171368e+00
1.953267748512999002e+00
-2.013294740534565364e+00
4.269335111908421077e+00
2.136299463079226246e+00
1.936328565361781440e+00
1.930922968842426979e+00
2.080527425041937217e+00
-4.126801382705588495e+00
1.880246646917091313e+00
6.086742504098587858e-01
-1.264740758040989288e+00
2.033283494272120517e+00
-4.684125099366305278e-01
2.122469752834133416e+00
1.999787696475139542e+00
-1.917080111920187013e+00
-1.139972879452232135e+00
1.858888228435644940e+00
-3.634772901594814920e-01
-4.558495791058366109e+00
4.570249126827514274e+00
-1.047067579402754731e-02
1.822314083744233981e+00
2.080310186109236792e+00
4.052475258348145815e+00
2.128080076742755899e+00
-2.102612917189832675e+00
1.260628264848062230e+00
2.182098901917552958e+00
-1.851421743790363506e+00
2.021935864953297468e+00
9.236040007878607572e-01
1.861769898617449126e+00
1.942310876331987179e+00
5.834948445829682306e+00
-2.547466631009655647e+00
4.234466026505855074e-02
-3.245652320291911863e+00
3.122195985925007911e+00
1.179475866883238577e+00
-7.267740513614184827e-01
1.364931800312098709e+00
-9.751664174690908293e-01
2.134128621330384501e+00
1.949025466711143739e+00
1.993613408351591509e+00
1.844180205118793214e+00
-2.123103042331922374e+00
-2.012309479185257821e+00
1.981365433450642755e+00
4.502691634587137948e+00
-6.113696839646440395e+00
1.922408369014708462e+00
3.097061281082150064e+00
-2.935436345784380840e+00
-2.292696665573932702e+00
1.948692814895646386e+00
1.844026729730842140e+00
2.006860972465952297e+00
5.366212509535543962e-01
-4.155384076901288415e-01
2.094526214739387715e+00
-2.096308996501852207e+00
-7.626966403533907979e-01
1.292003285152819148e+00
-2.056040247514774877e-01
2.019759927372319019e+00
1.968068546421057885e+00
-3.049855043758490147e+00
2.067482933725277139e+00
4.742719764157762974e+00
1.840366626372075043e+00
-1.992786481617604188e+00
1.251738591254689226e+00
2.071597360733541393e+00
2.195464642475211559e+00
1.793200243160216090e+00
2.090934552080568665e+00
2.043901848564484425e+00
2.588835299762264341e+00
2.073890624373754932e+00
2.794670265760072603e+00
-2.009126780682274571e+00
8.643237551444733491e-01
2.112928784365318613e+00
-2.179486216847169811e+00
1.878546638694059689e+00
2.082942654361363388e+00
2.881142108217761511e+00
1.978434393040252592e+00
2.620591320456905349e-01
1.959759733024013739e+00
2.057431695578446185e+00
-2.033061730512272014e+00
2.095751950411591569e+00
-2.545489445260540329e+00
-3.847653268748199906e+00
7.229538087764550092e+00
2.066250002042215428e+00
-3.599228409839184906e+00
1.914424100091881131e+00
-5.193370736457234710e-03
1.265886173249787472e+00
-2.102571890610759109e+00
1.848690719134122862e+00
-1.534785122665066392e+00
4.525435066058312028e-01
2.151597249913054455e+00
-4.952090889740081714e+00
-1.860663839938845765e+00
-1.994785304576668361e+00
2.051373775749659956e+00
1.990254890752987560e+00
-1.903863458350227411e+00
-1.948929032393026617e+00
1.943977070165346266e+00
1.827352737170067076e+00
3.396506225664754908e+00
4.711513407377122320e+00
1.856878004470184251e+00
-2.059180583104267104e+00
2.119248880677024438e+00
-5.761640637738371318e+00
-5.659539491430202851e+00
-2.703692711312615682e+00
7.188198561003549258e-01
-6.261369737089101051e+00
-2.127455117306015442e+00
3.137126430586026693e+00
-2.840578669257847633e+00
2.086037082530687314e+00
2.040395685995007646e+00
2.023022820244533282e+00
1.131368766842708373e+00
-2.071190912389255789e+00
1.730102379235571419e+00
2.036237546938739484e+00
2.059219035284478583e+00
1.967048019917582602e+00
2.113735946371708696e+00
1.416908441753970127e+00
1.954965415452730726e+00
-4.675547125691725370e+00
-5.856048011316519641e+00
-2.034730427631564975e+00
1.952419979928306182e+00
2.132540860712976105e+00
2.190525559531564692e+00
2.232838086748250461e+00
-2.459669872744352503e-01
1.648401147017875656e+00
-4.166599323831954749e+00
1.971472287278244057e-02
1.034615531906688535e+00
3.974627527074193756e-01
-4.848247883462440733e+00
-5.941656275498409245e-01
1.843435357128117236e+00
-1.683693760161666386e+00
1.821396716901595880e+00
1.854982807641615050e+00
9.544604537570527958e-01
1.832827509563627721e+00
-2.035580500956807981e+00
-4.037102226986615250e+00
-4.502896954915824423e+00
1.981445179126598788e+00
-2.217075852922506307e+00
2.039047391523514996e+00
1.854215437374667097e+00
-1.974130464723871992e+00
2.097801088364892319e+00
2.329449895752097710e+00
5.739222212391785760e+00
-1.865283673461278990e+00
-2.476138801014413637e+00
2.224868938536659790e+00
-3.053107805592430779e+00
2.200956664877315561e+00
1.923685774254745517e+00
2.428380142830748878e-01
-1.915885703799317552e+00
2.052086538891249479e+00
2.108111587031932466e+00
-2.126053340608759612e+00
2.064142204080503973e+00
-1.998205711065616175e+00
-2.158490991723069019e+00
-2.454153124317427714e+00
1.940265932500688351e+00
2.164443826997918485e+00
-2.645255573717585351e-01
6.821791693838851200e-01
2.000361342190650760e+00
-6.650486349254685070e-01
1.066505432725205038e+00
7.042656576364798582e+00
-1.904233646534744473e+00
-3.467245190261722065e+00
-1.892630482855273577e+00
2.550123808704813477e+00
1.896626514261275709e+00
-1.997731340632704411e+00
2.036515716594838654e+00
-1.983034419220471190e+00
1.893380594946748152e+00
1.915176536591171264e+00
1.567659909129202889e-01
2.306347730673413920e+00
2.163239023955494389e+00
2.020077638216084104e+00
6.060352030481809038e+00
2.051365665734671495e+00
2.182571971960553192e+00
1.565630399441794607e+00
1.996458418767138365e+00
2.090028986010705303e+00
2.080137727021231342e+00
2.158518264783168217e+00
1.979542080346494481e+00
1.465530251788514926e+00
1.934520697108664367e+00
-2.284579231593699689e+00
1.972085450486278146e+00
-2.858692069617647658e+00
-1.434424151903371136e+00
-1.831350785067419107e+00
5.431302410234247757e-01
2.452955720639806270e+00
-3.735961539885256782e-02
2.406446542182973936e-01
-4.822761551401759661e+00
-1.702224359028318146e+00
2.060568672614054631e+00
1.905250927318590914e+00
1.234271501983491781e+00
2.144407941748773361e+00
-5.622097701553950166e+00
-4.914411111063385906e-01
1.852699448715796393e+00
1.822987639457532838e+00
1.789286207322445144e+00
1.958221209299806587e+00
2.197213247143925852e+00
-2.032301897364773957e+00
2.095325303958263330e+00
1.965094292887912708e+00
1.943673323224766047e+00
4.521649422823232456e+00
-4.023989174889118559e+00
2.022582859589741044e+00
1.759307143996724498e+00
1.823063392166293317e+00
-2.017561343351362169e+00
3.411896628058246339e-01
6.219660909003488225e-01
2.004621660556230367e+00
1.966622661502207547e+00
2.629184081615377755e-01
-1.803961878482251535e+00
-2.177005895657162515e+00
1.999093140173278549e+00
1.913923898936366275e+00
1.865465820562332899e+00
4.254080181776098257e+00
2.177009683831006459e+00
-1.472398550265045181e+00
-4.750603536885822820e+00
2.007334572104044756e+00
-2.123738050522511411e+00
2.093216053067016968e+00
1.965784413449331858e+00
-2.027181488811455878e+00
-1.674476485195055098e+00
7.897989856483504933e-01
8.753449065219514935e+00
-3.528743944456095960e+00
-4.382177755346404191e-01
2.004715493770355295e+00
3.460965188487403310e+00
-1.914687657565082635e+00
1.900595562340886335e+00
-2.091966298058763662e+00
4.518847390012071585e+00
-3.543498134859603965e+00
-2.076242469823165404e+00
-1.588407127227119187e+00
1.886791264410023095e+00
-1.128607496976102631e+00
4.424950726800639167e+00
1.958593825381956588e+00
2.264328252681362397e+00
1.169050068174690482e+00
1.894586851309649100e+00
2.124024313869855352e+00
1.861745563500962763e+00
2.123571128218276982e+00
-2.927536715381727550e+00
1.929464638718677794e+00
4.141682334893393325e+00
-1.962950787113446616e+00
3.621674609789737875e+00
1.916496417300607824e+00
1.906953284668560400e+00
4.592206494245951731e+00
-1.665182845235665177e+00
1.512237625010927289e+00
-3.052742837331364978e+00
1.974005368253058723e+00
7.162340648646613531e-03
2.114906118667061463e+00
9.957723708190420187e-01
2.142997076640878351e+00
-6.764101967925782333e+00
-1.907850911954428241e+00
6.504667578471740264e+00
3.128634028166688896e+00
2.144249872521731159e+00
-2.120719545112781379e+00
3.815576457684538347e+00
2.114552430946122996e+00
-6.420511687361503128e-01
-2.049258580380191930e+00
2.147034527957012440e+00
2.112850395059679531e+00
2.036958969398066532e+00
-2.073809212392691670e+00
-7.192968468269239635e-01
2.895503632576955866e+00
2.046647840250860551e+00
-1.277824593063169867e-01
-2.449011750961541445e+00
2.178639466054846707e+00
-1.635210518878617902e+00
3.985517926926314125e+00
-2.076266139741393069e+00
-2.015408805652568081e+00
2.039991752595855967e+00
4.930489908735547822e+00
1.879722940982062163e+00
2.006849113297022313e+00
1.887127013013748078e+00
4.328800541084628639e-01
-1.371907215565179583e-01
1.905504453320009839e+00
-2.966915122511872005e-02
-1.685486869596348303e+00
-3.334349930023900566e+00
2.078646696743228217e-01
-8.315630212962632495e-01
-1.299492546562986295e+00
2.084247067679614318e+00
2.155698687553825099e+00
5.984427345617940652e+00
-4.144108390978218814e+00
2.031444866809627658e+00
2.058536309293442557e+00
3.860521645751942010e+00
1.939319090939646939e+00
1.917556912539594149e+00
2.060431746858913726e+00
-1.641998460007643157e+00
6.418963631285700133e-01
1.909630270446043943e+00
1.936247109049560322e+00
1.958986823087170981e+00
-3.131033012653377856e+00
3.048338417251937216e+00
1.962016237936588414e+00
2.157771962726059201e+00
1.902207414895014548e+00
-9.154868344079725162e-01
-1.522835520965053036e+00
1.877927280823422640e+00
1.988331321766834137e+00
-5.610725983506578696e-02
-3.923038454978809986e-01
2.053756385724951006e+00
3.622868376997775641e+00
-1.655444114040819814e+00
4.092380316458797296e+00
5.067045387435371140e+00
6.472356294947130273e-01
2.114450369926525131e+00
3.234715783577811088e+00
2.019313414939319706e+00
1.873703880713697201e+00
-6.583873020206880256e+00
-3.452787405459181613e+00
-3.005883003495571915e-01
1.935855819620032836e+00
2.041706399746120226e+00
-2.118557051012075032e+00
1.851233540488208096e+00
1.984327528983669486e+00
-2.177768774662568241e+00
-5.350435615251410759e+00
2.316834971358053608e+00
1.858165083453254152e+00
2.055446732995420245e+00
5.560733531562957133e+00
3.080793164505019277e+00
-9.139017670627447298e-01
2.098473076699626461e+00
-1.894636041877835186e+00
1.744982341496376987e+00
1.982966627106242496e+00
8.901088403896724177e-01
2.143626469078196095e+00
-8.051107458877818646e-01
2.042472035534882657e+00
1.104510389009277609e-02
2.013812231261973729e+00
1.953893351539713663e+00
4.277724305332918142e+00
-4.423462809363853054e+00
-2.385309677641071602e+00
-4.060859886416145592e+00
-4.302619676421300388e-01
2.363943881949849057e+00
9.438377845817083056e+00
1.901864124104311937e+00
1.846616044814033186e+00
-3.988733767105789418e+00
2.102344819655034502e+00
7.231351893272146558e-01
-6.705774364029819523e+00
2.626317962152147523e+00
2.110961744231597326e+00
-2.827097873187077504e+00
1.945977739454381128e+00
1.752379577271708344e+00
2.485902083916672112e+00
1.898148864863806073e+00
-4.531868284138401926e+00
-3.097778856949097825e+00
2.118561907544043166e+00
4.319007369301437471e+00
5.501907508317071205e+00
2.021720496510494680e+00
1.783544342170041985e-01
-2.375730714922883458e+00
2.110361788813443162e+00
1.972614762883266648e+00
-1.134290419563565022e-01
-1.042201322862638335e+00
-2.506692388350775680e+00
-2.036555847732790525e+00
-1.831139281915513450e+00
1.900542928129293596e+00
7.058586525147677371e+00
1.921081506872089673e+00
2.053104051368507044e+00
1.905153940435547533e+00
-2.330283084055711496e-01
-2.138648085090995909e+00
-2.282816319677114514e+00
2.025046065140923446e+00
2.026672316805921970e+00
3.855716453585672276e+00
-1.748841821810527941e+00
8.469931153302383553e-01
-2.376454046453927216e+00
2.212165562233088689e+00
1.924393283250325215e+00
-4.815341856771982343e+00
4.773427729678789699e-01
-2.068599593454023999e+00
3.297759475039261368e+00
3.655562734903536004e+00
4.516105338170742556e+00
2.022902289348149640e+00
4.998986893529897557e+00
1.264582031372392334e+00
4.738119688481649661e+00
3.904455230739624749e+00
2.058826989934841922e+00
1.976284351552996865e+00
-3.449973832167468224e+00
2.525882479727052932e+00
2.150959774830118132e+00
1.894744233263004896e+00
-2.848382126026409278e+00
1.087084963704058493e+00
6.050593888016408073e+00
-6.192702323639593942e-01
-2.160038919811328118e+00
-2.226356073676783787e+00
1.986757133556869448e+00
-1.463855008087416643e+00
-4.048056738383668751e+00
-1.560671450498467561e+00
2.114052439177754650e+00
3.178089720376560123e+00
7.684758403427012219e-01
-1.100266775543389031e+00
2.075648605881122322e+00
1.983980412423298478e+00
-1.971401350400384889e+00
-1.394764695726332659e+00
-1.760779005228432226e+00
2.652317823629280369e+00
-2.007877666682818862e+00
-2.993373769300095688e+00
2.058908618242294430e+00
-2.767185500454251157e-01
-1.452974836310726658e+00
-1.583705369137417662e+00
2.280266471691031471e-01
-4.038590586774694069e-01
1.926576101789117867e+00
2.031442949473500459e+00
1.980315517250309076e+00
1.888693537449161797e+00
-5.604546860351172555e+00
1.563272062275408159e-01
2.067229927993152749e+00
1.982150752601295363e+00
-5.157722852844801587e+00
1.024578744278583198e+00
2.114404066325684006e+00
2.276744858558092943e+00
5.697904740643853216e-01
-3.446992612009672108e+00
1.841258291024295835e+00
1.887824635217453917e+00
1.841484323099032983e+00
1.865386560155916529e+00
1.889004474794655497e+00
-2.571598219293336207e+00
-1.963822659213518840e+00
-2.017480761166528413e+00
2.074387970681843107e+00
-1.957446016066016536e+00
1.678011176110972280e-01
1.925311327833854502e+00
1.591937936886977933e+00
-1.947542535223575566e+00
-9.952190295858670543e-02
1.677926129790532794e+00
2.102513339705532669e+00
-4.470633041100569027e-01
1.975327831064603412e+00
-2.882932206879220693e+00
2.011368018192255747e+00
-3.663950162184684167e+00
-6.979716959591641956e-01
-3.773523415169355744e+00
3.193955703541635494e+00
1.781984297069449052e+00
2.366546102567736121e+00
1.021405711001682759e+00
2.049499919085969513e+00
2.043025359304199817e+00
-1.805419524503872886e+00
-1.473487420918435931e-01
-2.464445132270434158e+00
3.047931934266633891e-01
1.811378902543777203e+00
1.489877447329231330e+00
2.063734968303887918e+00
-2.738820395039381239e+00
1.977315782298399105e+00
-6.237114913342689526e-01
3.769152646032702059e+00
5.458219370347892507e+00
-8.860251224270643267e-02
3.283451713100402181e+00
4.491478720819629622e+00
3.352148395704738770e-01
2.092351082854618127e+00
1.956371907461367243e+00
4.338302186010042583e+00
1.768737760571715834e+00
-2.109793519451438559e+00
2.056218842908635214e+00
-1.373242903504370949e+00
4.920413066880277242e+00
-2.750858473871180987e+00
1.925792852527086430e+00
1.864400070610580773e+00
-1.957608980086274375e+00
2.041577062194703363e+00
-8.850385975374195358e-01
1.450692057444834537e+00
2.100869919149391585e+00
6.895912836690783365e+00
1.806025339972479937e+00
-9.026710997385809510e-01
-7.065470886750239120e-03
8.970805706271608670e+00
2.458934573429666148e+00
-2.233259851700214238e+00
2.090442373124428155e+00
1.991763451221674419e+00
1.087529318438900994e+00
-3.818741928428761589e+00
5.456821207628327564e+00
2.217646141614592725e+00
-3.008836754956758952e+00
3.320233495717316963e+00
2.998358236560572987e+00
1.026944204841341302e-01
3.963684105913720668e-01
-1.121780364006694404e-02
1.770062320660901189e+00
2.070384836142190821e+00
-1.515281935698750804e+00
2.543068771344376700e+00
1.946080354809505142e+00
2.768771662326521721e+00
7.339016229816274217e-01
1.257269276196770758e+00
2.005857868871062433e+00
3.779640525957652208e+00
-1.783645386030632274e+00
-2.069476211029524837e+00
1.992648915309588320e+00
2.675841983063192764e+00
2.728614553928465192e+00
1.910931902498417934e+00
-1.194316280409605469e+00
1.767328283359261398e+00
-1.996626048087246863e+00
1.923026094447687573e+00
3.969285415073656509e+00
-2.065451921866277019e+00
-3.163777933156475264e+00
9.039909690239305018e-01
1.920346288528084866e+00
-1.663602269295227476e+00
2.041192155679034670e+00
1.926935580402535653e+00
-2.126764610554861878e+00
2.515966033174270144e+00
1.983858167833782327e+00
1.109424030795313376e+00
4.005417298762321998e+00
-2.015526165630626476e+00
1.680939317611974904e+00
-1.760221216881432404e+00
2.014869690203471286e+00
2.018490360170225983e+00
-3.486964366521650316e+00
-1.436343146598149323e+00
1.793035961336963080e+00
-1.270926499412327715e+00
-3.373438323964934149e+00
2.075054769309659264e+00
2.105134815239471990e+00
-3.149391563132049932e+00
1.127800914352359574e-01
-1.204264693778851036e+00
2.033228135738960329e+00
1.401941537469906462e+00
1.944912855956830278e+00
1.629260658030551534e+00
2.129634033135786808e+00
1.673270400213801856e-01
-2.409816348474473457e+00
5.337590902241122481e-02
-2.134429629542102247e-01
2.056230661988464270e+00
2.030541132221909351e+00
6.589092574696667981e+00
1.334602309442816104e+00
1.916060514440765639e+00
1.424388247667785823e+00
-1.937777558612097994e+00
1.863242300689409214e+00
-2.120702472195199029e+00
1.765802339225396089e+00
2.000747884688203193e+00
1.983377226834611706e+00
-5.790183242511183437e+00
-1.896934425883140429e+00
4.607020052050904368e+00
-7.648528871981717714e+00
7.892866556385331744e-01
1.270491310555305897e-01
-1.328349629464854242e+00
-2.108195239718781089e+00
7.180060929367234612e-01
5.630822048702711413e+00
-2.784447485879366191e+00
-3.140098667345850636e+00
2.830680485049959505e-01
1.151077831925882533e+00
1.586260407346324008e+00
-3.720016576834244582e+00
-2.692188456190511836e+00
1.826844291337610615e+00
-5.111965214091279464e+00
-6.473704232092456934e+00
-1.923657299158919365e+00
2.430318153855294927e+00
-2.298731864445250572e+00
-5.238922803108728488e+00
1.974918838999009774e+00
2.673763750224806390e+00
2.013034959301521098e+00
-7.250313714124865250e+00
2.075940372785404442e+00
1.009261688605189722e+00
1.518801707431173931e+00
1.914623401771117006e+00
4.839094187197273689e-01
1.990377024969367303e+00
8.716213988202813567e+00
1.925173761504827663e+00
2.034077244018350772e+00
2.014316929597820049e+00
2.112447409595764380e+00
5.960053099852157255e-01
5.398490139364628959e+00
-1.861025387507976525e+00
6.248571490068921541e-01
1.938378690060611920e+00
1.700633526300631804e+00
1.276914841956478419e+00
2.768537397689098789e+00
1.883339083046280837e+00
-2.031312149990454063e-01
2.055226129034295024e+00
5.427961232356380838e-01
1.900139935665114743e+00
1.322343072291632060e+00
-2.628243555870503734e+00
-1.855043539088640780e-01
1.852609831423938314e+00
2.133674164427018294e+00
1.961576817702704867e+00
9.139254120585850183e-01
-1.010046240138974039e+00
2.557040862778910295e+00
-1.560259169254628819e+00
-2.221377703111919732e-01
2.086898876509382994e+00
-1.893017830212162078e+00
1.160612870593555890e+00
5.509209128604975803e+00
-6.806874944211949163e-01
1.879850647775385575e+00
-4.288928127192508377e+00
-2.890401796980868188e+00
7.321063545798753402e+00
2.687314907205740067e+00
1.858250733521471743e+00
6.692613520423979168e+00
1.693325330695031106e+00
-8.823165846458682626e-01
-4.319037393517075607e+00
-3.009922182667172041e+00
7.979471791467711572e-01
-1.968844057339512510e+00
1.750601249253943337e+00
3.564549843288774333e+00
-2.524890966895400712e+00
1.938563435901207388e+00
1.318366433875770793e+00
1.969511239855806783e+00
2.017958547615759546e+00
4.787964628441322645e+00
4.362185453888676179e+00
-3.590089938464145813e+00
-1.978711776799636279e+00
1.857602254022217680e+00
1.928156143637598685e+00
2.058722050123722891e+00
-2.693553355753702583e+00
1.996944064990108458e+00
-2.110004798011616334e+00
-3.893717141400077075e+00
1.955212706286062918e+00
2.333087420567814707e+00
-4.530951479896058842e+00
9.474362843927337519e-01
1.935736401825470798e+00
1.968763247607981937e+00
-3.843802406375725678e+00
1.387203007200401128e+00
1.048039354574444859e-01
-2.148000619434419889e+00
