-7.918488682131644696e-01
9.384376943738443888e-01
-3.427408120558297910e-01
-2.010902520052997744e+00
2.012008354394025922e+00
3.778746009695546082e-01
2.103745427215419461e+00
1.926991631428918161e+00
1.522145971917883367e+00
2.935094276961060178e+00
2.174098612363549510e+00
2.012264770345669529e+00
2.008592597636574606e+00
2.046758119658659059e+00
-3.888948885674353484e+00
2.007854643916418436e+00
-6.201778706804336849e+00
-1.089192687663225190e+00
-2.290724640459432138e+00
2.023651390002635164e+00
2.104204709287384567e+00
2.502535963680447395e+00
2.345272819140743703e+00
1.878636962861263582e+00
-9.694988866336409217e-01
2.004287783608404983e+00
1.994965752580802665e+00
1.981814159173940437e+00
1.988875347279381200e+00
-3.687213413400289852e+00
-1.284520166788631901e+00
3.604924760281248641e+00
2.066365696275208830e+00
-2.266635922928569080e+00
5.439996338251734898e+00
1.929339517354707656e+00
1.886202707410130186e+00
2.002924197653582983e+00
-1.637931469129020989e+00
2.026131525417131041e+00
2.016256401602794845e+00
1.664346237285061481e+00
4.167504980102068046e+00
2.050866892971370703e+00
1.946243769431013737e+00
4.858800518096956012e+00
-1.570182577434133808e+00
1.987484863246147704e+00
2.100168914909366968e+00
2.238417768445994049e+00
-3.051712051715149698e+00
2.008584590082713728e+00
4.782690019655112756e+00
3.555634776167207356e+00
-3.566991847561896023e+00
-5.877979220938360783e+00
-8.742620057265990674e-01
5.634314213773224722e+00
-6.207491457851869399e+00
2.146331098275177762e+00
2.137238479485362497e+00
3.823679012155835721e+00
-1.927630576290038977e+00
1.984818821393352195e+00
2.152507929179960477e+00
3.523531601829783533e-01
2.110377140744538416e+00
4.399857384700130325e+00
-1.955441629716008878e+00
3.795167279242669167e+00
1.936120546025258404e+00
-2.375760148745881262e-01
-2.009484979841788643e+00
1.547618920993549807e+00
2.104950707572921687e+00
2.068352457880116901e+00
2.150048847649060235e+00
3.775276942608661646e+00
-3.071769039692948677e+00
1.898305130016588071e+00
1.867871209775846530e+00
-5.567932812893717553e+00
1.120195573175704062e+00
-1.795330610121476766e+00
2.076987267532190096e+00
2.041111024951668629e+00
9.784883248647744391e-01
-1.008525099140950454e+00
9.320317629567747009e-01
5.328961709262416413e-01
-2.460536850387340380e-01
1.836569937341563152e+00
2.087979080715659297e+00
1.925076691943888862e+00
2.340721293341842604e-02
1.902180766937545009e+00
1.325062519448376053e+00
-2.405477951499114475e+00
1.913531043920356778e+00
-2.829832964218959468e+00
-8.678585728925753973e-01
1.965379805484973152e+00
-2.401085383065288514e+00
1.834938040130706716e+00
1.883032861541325431e+00
-2.409601035263143842e+00
-2.856746554734085120e+00
4.048674063849432514e+00
2.047397586326215713e+00
-3.170457749425867888e+00
1.909382282477116721e+00
2.166121190903056881e+00
1.897896129300788770e+00
-3.948334575136663638e+00
1.867297096572483772e+00
6.201214622642140517e-01
-6.323528363950947195e+00
-4.071237959321674538e+00
1.339867044749492475e+00
2.111253628023512352e+00
-1.811775383927972438e+00
-1.946889521071358375e+00
2.214441503251731724e+00
1.822582481274658051e+00
1.867306452209084311e+00
2.106751525088794708e+00
2.069191522880921674e+00
-2.858936488267592502e+00
1.973666061517633574e+00
8.425765457460599350e+00
2.155586273360682092e+00
-1.995231673453265353e+00
-1.930719804340625290e+00
2.173633607125129874e+00
1.989366003748000766e+00
-2.823482159198693164e+00
-3.550347281761163654e+00
-1.761375521886439088e+00
-3.379101103994361033e+00
-1.839239907491968085e+00
-3.886670553606488276e+00
1.871963574488431314e+00
1.953189672926976428e+00
1.886649352533117108e-01
1.957665254500280394e+00
1.883764135786355709e+00
1.042526102300394442e+00
1.984790259612131624e+00
3.466671682040952440e+00
-3.834763385381863898e+00
8.092361081750654161e-01
3.917234411858935950e+00
-1.797966865582717899e+00
-2.042194024767901350e+00
1.903585129829086009e+00
1.977914191110440756e+00
1.978198197407638359e+00
2.105500640834120141e+00
1.985830706306661142e+00
-1.445919539090455119e+00
-1.987849232698676305e+00
2.043541830166109019e+00
4.971891843514081089e+00
-3.796288427674748833e-01
2.133361063318156781e+00
-3.638404413770091494e+00
2.102366164472803778e+00
2.176733873146030174e+00
-5.924369811864816704e+00
1.914191756844027648e+00
1.882508760517756397e+00
1.479130969524349970e+00
1.895234623149255615e+00
-3.101523429465178339e-01
3.835534621868477156e-01
7.645683366634346001e-01
2.463970510528273650e+00
-1.562465883676401601e+00
3.161564182812199864e+00
1.987042460332679283e+00
3.145141107300827521e+00
2.180838088426623855e+00
2.071801021725124592e+00
1.945455471875354059e+00
2.111628935075555713e+00
4.812924830668335652e+00
-2.009705211120547563e+00
1.860902081289428134e+00
1.166363919042101571e+00
-2.007778417038651231e+00
-1.534804336107424561e-01
1.922590673509789738e+00
-8.774860199804243033e-01
1.822500436796063550e+00
2.076452753387221684e+00
3.345141287405183128e+00
-1.894993477369515844e+00
2.020719419761766833e+00
-1.233485091813688872e-01
-5.572247196951444215e-01
2.047639580724549546e+00
1.753362266216409449e+00
-1.834359347906886040e+00
1.665941655762810836e+00
-2.785487213008395635e+00
1.890842622930861472e+00
4.185677027812473305e+00
-3.908748112760087157e+00
-1.188007799737818226e+00
1.995360994111230468e+00
-8.082440752370183557e-01
1.976418400094734462e+00
-8.346273279130846934e-01
1.924326901608677032e+00
-8.289063546011942174e-01
-2.066826169797168600e+00
2.068495871767646488e+00
-1.851706002385926864e+00
-4.551662868845074428e+00
-1.837590538787557515e+00
1.925661387596303342e+00
1.852292809398223827e+00
3.217882620145274153e+00
2.024954956048518273e+00
1.351897570161045836e+00
-4.953578869739315493e+00
5.177700932529595512e+00
1.674095836192273090e+00
1.903628934025080710e+00
1.869841249906322389e+00
-1.543895768923634115e+00
1.825278105303759224e+00
3.950848972842901929e-01
-3.966699770613771214e+00
1.910205384122748207e+00
1.946765468947714961e+00
2.052548102901812666e+00
-1.555355516646302005e+00
-3.578369493588163586e+00
1.854945858197045494e+00
1.971548481173537537e+00
1.991316653293806915e+00
9.962980920797104289e-01
1.169332653826858692e+00
2.032020389654094039e+00
1.967662852877708701e+00
-4.534443004539681965e+00
-2.022598655853046434e+00
7.644615025842747436e+00
-1.071326236897101741e-01
2.001096693080924194e+00
-5.956247439577689873e-01
2.042823106505842645e+00
-2.862684184048815972e+00
-1.818493505671984423e+00
5.787503806562672715e-01
1.850264051663248033e+00
2.687401261024143784e-01
2.099965132955886826e+00
-6.596185731820518594e-01
-3.738239776857665397e+00
2.110683467571934369e+00
1.854110400399132663e-01
-1.040776689177262515e+00
-4.304890545411529379e-01
1.990709468010736449e+00
3.689676321290955130e+00
1.922456810556823381e+00
6.711875156657072239e-01
1.995647926869130506e+00
1.310565271215681005e+00
6.553645598173181597e+00
1.986017915877003603e-01
1.946551415098573212e+00
3.142248318399617713e+00
3.576744513041062667e+00
2.873546017523938900e+00
1.946438582241349025e+00
-5.754402424109957614e+00
1.865623558305344876e+00
2.567439906679786610e+00
1.938013708056224305e+00
-2.053841808180178141e+00
1.969277491311641981e+00
1.538329731324696859e+00
2.145343242193692213e+00
5.164779379669607456e-02
1.953880880740463288e+00
2.039765900480179361e+00
-2.011559317759818555e+00
8.021497495840064218e-01
2.076880633237988327e+00
-7.439756059199702953e+00
1.992322168985477093e+00
-2.682445643375231281e+00
1.998359171747950969e+00
-2.173278428249012073e+00
1.717016037212566459e+00
5.658835962286759447e+00
1.720368496507385769e+00
-1.315105521210933048e+00
-3.770962228089816293e+00
5.372273870915943661e+00
2.202214531734570713e+00
1.942234645309349972e+00
-2.098217008687649709e+00
-7.021242323982995970e+00
1.988496653288239546e+00
-1.825585460277860061e+00
2.134941660716024092e+00
-3.136114771554156189e+00
-3.457111134358769267e+00
1.856994804096347540e+00
-3.323529585489628513e+00
2.622027485439891947e+00
-2.089163302953918944e+00
3.120770314375831855e+00
-1.080755689086844162e+00
4.698782339171100553e+00
-2.479271278708455206e+00
2.020131602294706230e+00
-3.763084263932371165e+00
-2.791425103642548589e-01
2.705946673334472585e+00
1.161252563811514982e+00
2.738249244344459488e+00
1.754662655683073114e+00
2.667096234794495313e+00
-2.740397219371771165e+00
1.839429358786695223e+00
-5.455213051996070206e+00
-1.870641305648760522e+00
1.952853470573499228e+00
-7.310567270020209563e+00
2.122676236803914041e+00
-1.068967096436904129e-01
2.140446697129918974e+00
7.777687899062861732e-01
2.023829397661146778e+00
2.061709315464440362e+00
-8.171905961957862674e-01
1.890460677514353760e+00
2.051081176515524795e+00
2.197231459889218197e+00
1.894586606713914989e+00
1.792075039114690460e+00
-4.365439542519647942e-01
3.808892089690505856e+00
8.413454908032513835e-01
2.076335413087920578e+00
2.041367082621227347e+00
1.497907604723332398e+00
-2.078457791402293697e+00
-4.214994586791523945e-01
4.724851850510235707e+00
2.113467282083936194e+00
1.918600445572992808e+00
-2.581440031955424541e-02
3.229524935841367572e+00
-4.993610651832829816e+00
-5.928662205159758170e-01
-1.069085567647562485e+01
1.945911437844875636e+00
1.994945013600832873e+00
-1.413326205473553809e+00
-5.921726046010219457e-01
1.862391787442575719e+00
-5.091489112812548345e-01
4.911639101717048206e+00
-4.021539111958993828e+00
1.953517316148773553e+00
-1.975934910048573245e+00
8.628488571027388421e-01
-4.485300798659435983e+00
4.164989194864086031e+00
-5.666138640477663913e+00
4.921909422817268287e-01
2.033647575496527082e+00
-1.954336341962840784e+00
1.181252471793828862e+00
1.998263986661785285e+00
1.844460269861625257e+00
2.183018249622858953e+00
1.979416418407700329e+00
-2.554461553396310425e+00
-9.932803595037946742e-01
5.965570355414815396e-01
-3.868449814040314294e+00
1.850090454100144388e+00
1.457141121559333952e+00
1.886147602102619114e+00
-2.088384191501473808e+00
9.730832533801442308e-01
1.583218675617611648e+00
2.109004658930185183e+00
-5.627294636223474367e-01
-9.163743213784801833e-01
-8.686733268765158833e-01
2.002755402823163777e+00
-7.712543609656685728e-01
1.382503172037008454e+00
-2.568106885820164109e+00
-8.757202274430091471e-01
2.099772735998622686e+00
1.180402906931354412e+00
1.971894759634723604e+00
-4.018525984641620141e+00
-1.861239456718925878e+00
1.436978453088077479e-01
3.497897124063474195e+00
5.890894784864139644e-02
2.049829791122475875e+00
2.787385996815813449e+00
1.947506590528800041e+00
-3.023958936962435118e+00
1.921705586860138926e+00
-1.504017996251691747e+00
2.119641858842420401e+00
1.998382207464723948e+00
1.856818868500060393e+00
1.811166844900721440e+00
2.139352517302009371e+00
-3.108274121359016817e+00
1.845636790027960439e+00
2.152225938034653563e+00
-1.861581598048947628e+00
-1.978323292991843507e+00
-2.038957714567635193e+00
-1.920741956951139251e+00
-1.389035206629277042e+00
1.956765956337310097e+00
-4.412638583913793822e-01
-1.519310027667654328e+00
-2.661737351177926314e-01
1.126440868949582397e+00
-1.680554288033718979e+00
2.173134788276987805e+00
-7.050929686494049164e+00
-7.340648966700734634e-01
-1.905056911482567950e+00
1.967108615458826648e+00
-1.054294462328204007e+00
-4.432475750154377891e+00
1.943796960391379169e+00
-4.239559149285616613e+00
1.934447423967475821e+00
-1.782755546913523004e+00
1.897611310448441779e+00
2.792561601259438753e+00
1.610288237072061701e-01
-2.025623595764035390e+00
-2.393536828277882389e+00
1.302196555345969342e+00
3.071802728279639627e+00
-1.580441604663247901e+00
2.534297612863873006e+00
2.043647755074755601e+00
-1.915347496045240794e+00
2.004106226331221929e+00
2.052529857706954619e+00
-3.463502190826459604e-01
1.948741571128652206e+00
2.585057941625093392e+00
2.344674902305558195e+00
2.126108524200637451e+00
3.279193066485170505e+00
2.071655124592260311e+00
1.971430312562932441e+00
2.050423753278300953e+00
9.992527111909732529e-01
-2.474079707576601450e+00
-3.092747915142484150e+00
-2.543538948613680795e+00
2.039138731436445529e+00
1.569099663166030112e+00
-9.953173668883186220e-01
1.989968641596917998e+00
1.950538032486742734e+00
1.791122229171964397e+00
1.251972873487614546e-01
1.185630556428219906e+00
-4.777976825413989381e+00
8.667431756856140979e-01
-1.926029304352260052e+00
3.507305356729560231e+00
2.004805935675674000e+00
1.814606391217203019e+00
-1.196346373354676640e+00
-2.136077137570882467e+00
-2.018123005264082614e+00
-2.397087946443228201e+00
1.963738235672125354e+00
1.885253246027954965e+00
-4.920052563918163813e+00
-2.078873306344227956e+00
1.997591142535111608e+00
2.088472587611944320e+00
1.044920004541686653e+00
4.459799068330815075e+00
6.901690834701652566e-01
1.832426408739914692e+00
-2.004769699424350016e+00
1.485559986486651329e+00
-8.726047314694158619e-01
-4.082724347922671582e-01
1.886103646351273033e+00
1.989523471217323536e+00
6.976760238006207704e-01
-3.337629211672561880e+00
-3.567646181274506390e+00
4.557267061627833238e-01
-7.507693965866228947e-01
-4.595857071352424383e-01
2.869531347196686344e+00
2.044973767509957518e+00
2.071924063812640160e+00
2.112739545632580374e+00
1.835819103613550940e+00
1.853718767329454176e+00
-6.758387454513297143e-01
1.909283595603826988e+00
6.841468871319558609e+00
2.015192791383408899e+00
2.008132299727557246e+00
1.262086375631539248e+00
1.808437785384738206e+00
2.134499917848708961e+00
1.838684632111506456e+00
1.389604126058690270e-01
4.853461444220734222e+00
1.991841250282816889e+00
1.927191913461463235e+00
-5.933048888890557038e+00
1.892360469767032427e+00
-1.780802384671533067e+00
-1.865315176504378947e+00
2.106958128458984891e+00
-1.444417436925972131e+00
2.057435023649909489e+00
2.101263752896650239e+00
-2.401962913412421408e+00
4.415570233578218762e+00
4.317686323701973805e+00
3.277374069980685256e+00
4.254882493710983038e-01
1.541967310230310195e+00
2.035979589493797537e+00
1.984254083162624305e+00
-2.129641780372558024e+00
-5.416458784863865894e+00
-1.936161890156568921e+00
1.891071311465269522e+00
-2.130567044809661859e+00
3.530027316439186436e+00
-1.442423794824974292e+00
-5.061364998532934756e+00
-1.948601785574942236e+00
1.469882072283767993e+00
-3.405470907972176220e-01
2.089927635168552733e+00
2.299987232857476194e+00
-7.692482786631626990e-01
6.801634996138610223e-01
1.976703159589863645e+00
1.968814110984263177e+00
-1.450165926963845164e+00
2.023730185321035879e+00
-5.121343619969942473e-01
2.179025466240362086e+00
-6.558244689990644360e+00
-3.408984993513090700e+00
1.829140351314313628e+00
1.878404119492433688e+00
-4.658742328152331247e+00
1.908480991510148383e+00
2.061443660439294057e+00
2.012009226335099932e+00
1.744193640620297359e+00
4.038701418741049487e+00
1.911764923332630151e+00
1.216174989149476637e+00
1.581591940812347774e+00
1.973270365583817076e+00
-1.187768046360375029e+00
1.966353268939339261e+00
1.899959022200710779e+00
2.046438941805894807e+00
2.067712244875188343e+00
-3.790836095061702049e-01
-3.435316694058694775e+00
2.008009749148947698e+00
-2.177374637079670272e+00
-2.259012248950209578e+00
1.963733863633094101e+00
1.951923832481153198e+00
2.175747732733697593e+00
2.030192786518166148e+00
-3.876569743404983726e+00
2.120854406649826274e+00
1.942150366393178063e+00
1.996755365647751024e+00
1.925811473576914290e+00
-1.467952659453255038e+00
1.941417128796290692e+00
1.727996788624652558e+00
1.933517580638929978e+00
-6.566965537422142507e-01
2.113230373781199045e+00
6.068120373284140445e-01
2.005520312168596497e+00
-5.090253482264672780e-02
2.949138599124172533e+00
9.543590812387527933e-01
1.773840277278760702e+00
-2.269101095697232395e+00
3.328603477689668466e+00
2.005200341354622218e+00
1.947266826690993380e+00
8.964264965562502852e-01
1.930143627981239396e+00
-4.019689764769260876e+00
1.112896253670941249e+00
2.201122498862204679e+00
1.203701114030028441e+00
2.026006739993029271e+00
1.090238276403514339e+00
1.856054047166241006e+00
7.736621359100073203e-01
-1.775667918571116166e+00
-3.963185945765769769e-01
-1.935399183395935863e+00
1.131136327608919245e+00
3.023617793533676767e+00
1.971792490834582301e+00
-7.448731641943310278e-01
-1.982237350690788658e+00
1.904778448538824609e+00
1.609969888063098598e+00
-2.043636830582707731e+00
1.863957546890564254e+00
-1.952493997677606341e+00
-6.524503311163338815e-01
3.368231723637527431e+00
2.009340357185310566e+00
-3.960099320950988044e+00
5.999122907813070338e-01
-5.696413681072183266e-01
-3.671378128260252893e+00
-4.084680825705287455e-01
-3.107707118920405853e-01
1.970369450944488010e+00
2.001709152626979016e+00
-1.888853317605692528e+00
5.962964211633174916e-01
2.031864807738975376e+00
1.936564478352726271e+00
-4.459559710295465607e+00
-5.989184589801283209e+00
-2.549336208002063842e+00
4.954745273278059470e-01
-3.550997930869391084e+00
-4.139214545237049236e+00
2.205193092913880548e+00
1.994351688154476943e+00
2.028082688616627660e+00
-5.261177153755850489e-01
1.017682794776175736e+00
-8.280786838940501493e-01
1.936508656398999939e+00
1.989337630839244531e+00
1.847240358634813395e+00
2.030346950293863806e+00
2.092484076544068206e+00
1.955397411786879536e+00
1.866297541667596871e+00
-3.911829191787427051e-01
1.192834881253275886e-01
2.117918802127696232e+00
1.946403248134211283e+00
-1.866874998291174981e+00
1.836706073206790801e+00
2.269746653859946228e+00
-2.756678479656978098e+00
7.766043857115380034e-01
2.114805190679726055e-01
2.118727701584020462e+00
7.037395188343230856e+00
4.248493726792999858e+00
9.096476230647987382e-01
-3.336275837485362494e+00
1.906447368523310093e+00
-1.223849187514590264e+00
2.155287840652682974e+00
5.278150022144046716e+00
8.254722780700582518e+00
2.800830411424211075e-01
4.424584896085777430e+00
1.918519880058343396e+00
1.945628157825772364e+00
5.464492575665545360e+00
2.137172588324914635e+00
3.316195751738846731e+00
5.887444594249779950e-01
2.037419056338338308e+00
1.908729073697905454e+00
-9.276566310408808080e-01
-1.987789372370424967e+00
2.005126498222173925e+00
-1.042229129984623415e-01
3.193145870870670588e+00
-2.071312900688237146e+00
2.162932014507124023e+00
2.496365197153169291e+00
2.119575092349141876e+00
-2.215893121530494891e+00
-3.189075425766313199e+00
1.877911809110204944e+00
2.031457037805771915e+00
2.230843427667597467e+00
1.848026154932515430e+00
-1.767669868444655901e+00
1.533870027739266728e+00
2.901132093449512617e+00
1.758996645893213140e+00
2.022478619204454375e+00
2.379497162723055226e+00
1.950270914981834025e+00
-1.664903105721505128e+00
-1.158785642215012679e+00
-2.324832133109826920e-02
8.095014736067877026e-01
-3.073665565406936917e+00
2.052854741881961598e+00
-1.419414088398886165e+00
-1.526276679468470121e+00
2.113394680535134018e+00
2.144303842254859926e+00
1.826743693057033324e+00
3.225149501911425132e-01
-4.469654616376477207e+00
2.017452784858558168e+00
-1.901000328668750461e+00
-1.079557675118440141e+00
2.077282744229886902e+00
-1.978920558532029528e+00
2.007668225353060443e+00
7.912143959889799127e-01
-2.169541035482775104e+00
1.907767102721933616e+00
1.991488511095655722e+00
-2.455179143625667582e+00
2.030051631976139692e+00
-1.040807385571699273e+00
-2.108477746836217914e+00
-1.722074213111817409e+00
2.073030528937001460e+00
-2.393295730577334468e-01
2.127145382560343023e+00
1.983933031189836438e+00
1.940881411787728494e-01
1.904248854735026697e+00
1.999980301494523882e+00
-1.290581077854274505e-01
-4.037648900491399573e+00
-7.279026965317077824e+00
2.018928909221706647e+00
1.940747682672135266e+00
1.868716271115560046e+00
-4.280329564913918361e+00
1.795223610460867869e+00
6.609199931168663333e-01
-2.777055028270802417e+00
1.930312799924931655e+00
1.995647063206542837e+00
2.058552236027457738e+00
1.926559025294914962e+00
2.141868103637953435e+00
-1.011516556159122393e+00
-1.227189640712496033e+00
1.689308805335247854e+00
-1.989573108545629632e+00
3.811503273655683088e+00
-1.943557737372576755e+00
-1.959614671586280332e+00
2.089230188497467555e+00
4.310635155508784067e+00
1.906147234114463407e+00
5.025564140961902293e-01
1.892525910405587375e+00
1.918255216407153352e+00
2.630549103988043314e+00
1.927628537288023969e+00
2.112138764431914950e+00
1.132718564349168844e+00
-1.393406464591543603e+00
3.056231004422348407e-01
2.028721393856058430e+00
1.915315531087904199e+00
-1.011625582848505900e+00
1.749562983546712358e+00
-1.538665887601242122e-01
-2.693819294695872557e+00
2.265630312643627242e+00
1.744211618080114157e+00
-8.817300964211657877e-02
1.213901531066843509e+00
-2.017365177843772894e-01
1.970561926437694567e+00
-2.008410210234570670e+00
-5.281076527012855237e+00
3.876098205095167337e+00
-1.979536087703480884e+00
-1.364208225256029028e+00
-1.977538274428550791e-01
1.802663059254478117e+00
2.101840495554320842e+00
1.930866331485864729e+00
1.849310546712034764e+00
1.886716371831048900e+00
-1.577425135359861841e+00
1.978573743834008969e+00
-8.181618086685149560e-01
1.989226537856347177e+00
-2.033140207014003664e+00
2.016516398182966796e+00
1.962363533589335240e+00
2.314223458921787824e+00
1.824340350316978165e+00
-4.443627588004783746e+00
2.056018552830520818e+00
4.746230440589250810e-01
2.046908603778166746e+00
1.892609432245061729e+00
-3.044605838319249247e-01
1.955867758112921351e+00
-3.937236605168828341e+00
4.688984649610319799e+00
2.242932423587018054e+00
8.686941917472219554e-01
-3.356176381306308798e+00
4.766310461555948841e+00
1.978406779040632113e+00
-1.375242870668072825e+00
2.025745300287253858e+00
2.162971253672176353e+00
-2.105883362628344191e+00
2.002699617708322943e+00
2.854913461802004893e+00
2.102143491942348064e+00
-6.252723858181785666e-02
1.942353633535543578e+00
4.711927940980831231e-01
1.990398325996470374e+00
-3.066180104805408035e+00
-3.256699777750578922e-02
-1.099393512381955151e+00
-2.179068187497455733e-01
3.579321138250608048e+00
2.170465462265914969e+00
-4.181966602555243995e+00
3.049387206485819846e+00
-5.317759710808238616e-01
5.973660803498347383e-01
2.786558969666653951e+00
-1.400858073539317461e+00
5.472299164483860334e-01
1.672657059635711985e+00
2.635220318091179070e+00
8.679941786173550611e-01
-1.684574402471027688e-01
2.952616494323479834e+00
-1.395051015637929770e-03
-1.907551158727647023e+00
1.903847990204964535e+00
-5.235856830265330331e+00
-2.624966145159030706e+00
1.881395498505897157e+00
-4.138326660236216203e-01
5.716104972495357206e-01
-8.173527499461434864e-01
-5.611571595111380262e+00
-1.923552211695892966e+00
8.609723893434803044e-01
-1.830309194840577636e+00
-7.746220731824060568e-01
2.223970234007180302e+00
1.780318839190202285e+00
3.334359169935973366e+00
2.026061834944155482e+00
1.890493381375259796e+00
1.975948624774149565e+00
7.775171995490902432e+00
4.602639599839578821e+00
-2.497422637728263783e+00
-2.044371461504405296e+00
2.030182781778369083e+00
-1.939813438220429509e+00
-2.561620854542818293e+00
-1.937354464604475801e+00
-6.103343324438613493e+00
4.002691588555042479e+00
2.056817500914781327e+00
7.848743744048013449e-01
1.961444265291505396e+00
3.190600855302309746e+00
4.881144223744595223e+00
1.812457060886144777e+00
-1.972228856794121521e+00
1.469430677403023022e+00
-3.146972371789461542e-01
4.833506216700079960e+00
1.808481313260661416e+00
1.965204012948174483e+00
2.034124038951820701e+00
-2.073218787985386058e+00
5.989676287998300097e+00
2.006635202926741357e+00
-3.638825030602909294e+00
3.589876522698408401e+00
-1.888930272949514322e+00
3.932023293281164733e+00
-1.423501024652256142e+00
-2.142129907417763768e+00
-2.191258600590327843e-01
2.224144928513569042e+00
8.883927997705065582e-01
-1.337937026590031664e+00
1.838423765423059963e+00
6.483836879473512838e+00
1.868855503622189662e+00
2.142445508838621393e+00
1.907307450041521024e+00
1.775271337119026294e+00
1.449550768912351018e+00
1.979319025648397901e+00
2.241225450580039968e+00
1.835277447548717467e+00
6.012365704096630736e+00
1.926677206602394055e+00
-2.232893349568755070e+00
2.646669989638168019e+00
1.703837683380170498e+00
-8.518543204940112190e+00
-2.472350561372336664e+00
2.026868385099481973e+00
-5.012353726019108002e+00
-2.054314813467541967e+00
-2.053531177893965776e+00
6.918204544500749620e+00
-3.965187361248982079e+00
1.811320427828290169e+00
7.106706544471819598e+00
-5.871316353243172248e-01
2.094846170738782209e+00
1.850078445271223337e+00
-5.485860019732826665e+00
2.253924196989188222e-01
-1.032795818340853378e-01
-1.925782329427368156e+00
1.946744934238609837e+00
-1.163312931664792993e+00
-2.179360866570003719e+00
3.205605703062299749e+00
1.718950390940934714e+00
1.774379323054463775e+00
-7.065031904277614405e-01
2.076007115081358823e+00
2.379451296539556449e+00
-1.538625430831185525e+00
2.038452199642060148e+00
2.110388382607771618e+00
2.045401638628174812e+00
2.154534791422638040e+00
2.220969447966282040e+00
-1.656224244986482130e+00
1.969580485100870471e+00
-5.907667128070984930e+00
-2.648881953854975713e+00
2.826054444927841747e+00
1.983017136627272414e+00
3.188853369272988125e+00
1.992870340692296072e+00
-2.704003004330384208e+00
-1.400079766726876951e+00
-5.361772402771480373e+00
2.039758263061631549e+00
-4.530048290150279655e+00
2.092199891194374661e+00
-3.060099535886636968e+00
1.971251626409573188e+00
1.905373356334932211e+00
-5.727786426993839441e+00
1.887914562264949137e+00
1.988772958842850880e+00
2.156836823688347060e+00
2.031921619292004877e+00
1.930379154590128099e+00
2.127817754537720152e+00
-1.772580423766961788e+00
4.151941203842465233e-01
-4.067618959982244320e+00
-1.878895997184575783e+00
1.797846656702755785e+00
2.079332783738872870e+00
1.921811836655367145e+00
1.890758670924633567e+00
-2.924039918612613143e+00
-1.440649007973020090e+00
-4.044923306974738786e+00
2.197537740331500622e+00
1.974321634156466665e+00
-2.707452412436529787e+00
3.533046886807406750e+00
-1.920497880300673144e+00
-2.000786405251930411e+00
-8.464910040194838503e-01
-4.120272913995574271e+00
-1.680784629950188958e+00
3.842957297947560691e-01
1.966604287717286459e+00
2.031431202907929112e+00
2.077400223093501808e+00
2.598944309394979335e-01
-2.041284015153569165e+00
1.760482226565790453e+00
-2.604802813187254151e-01
-2.998591959720512623e+00
5.290294094022636173e-01
2.088741618812546719e+00
-9.994182776431776993e-01
1.880698377420325640e+00
-2.370613811463548437e+00
-3.327496882132330747e+00
1.926202844252735247e+00
1.080861441973304249e+00
1.986478160665924309e+00
-8.974853104123464709e-01
1.996010285556770736e+00
4.232483673715327632e-01
-2.413407645777627231e+00
1.902908847087277033e+00
4.459299259165391049e+00
5.564901821906833579e-01
2.095904347095276954e+00
-4.353370548623398673e-01
2.000788785143798876e+00
2.031795306558013436e+00
2.856439915933421059e+00
3.625969144042865189e+00
1.977955682897351020e+00
-1.979146713784842193e+00
2.021724616982359279e+00
-3.016293437182329562e+00
7.749339578575737963e-01
2.094965967672796747e+00
2.079173474604000038e+00
5.527552368894778079e-01
2.086438147049770819e+00
2.100486317132224556e+00
-3.250053758535572879e+00
1.735144230012316324e+00
5.427774081465304157e+00
1.868477729188613434e+00
8.542787463516182678e-01
2.072611861498141472e+00
1.976092207627726749e+00
3.189767740472907676e+00
1.874541081466557069e+00
-7.092387817890148938e-01
3.053772728225707667e+00
1.998812253140526352e+00
9.287803951653370582e-01
4.317176650638686830e+00
2.078365208220078308e+00
3.989907622343780602e+00
1.913243980648627662e+00
-1.174073124103632626e+00
1.280385843153010739e-01
1.950965152752745180e+00
1.890011167203231146e+00
2.084331748784419513e+00
-1.828889154904159486e+00
-2.271750355584408965e+00
1.992386959527162826e+00
2.096588169081269104e+00
-3.307612292883201022e+00
1.617222090905717113e+00
-2.122522593164909654e+00
2.924587888128579394e+00
1.866372030886232380e+00
-4.883645286462019453e-01
-1.352433958112567058e+00
1.202041508330254471e+00
-5.665151280519160615e-01
2.044836212330233050e+00
-1.752209617008946729e+00
-2.013720364967432452e+00
1.132119552326194878e+00
-2.037229047401112325e+00
1.959526735993576185e+00
-4.166130727282893353e+00
2.172118273008816658e+00
3.365252564808399960e+00
1.550755537854951738e-01
2.254146397865754103e+00
8.693448377989102527e-01
-2.335106691509137633e+00
-3.236638908520222735e+00
1.971866301498174101e+00
6.142136498179443516e-01
-2.785281909953847279e+00
2.505759827097379322e+00
1.855401443025403330e+00
1.959686923532672376e+00
-1.957331181353638039e+00
-2.689427421047802191e+00
-4.247385337785484216e-01
-3.027285186058981559e+00
2.575327395860977919e+00
-5.846390576877012357e+00
5.916995830806821566e+00
1.030652753908861685e-01
-1.616905228194572608e+00
2.001622679384780223e+00
2.191587322743880684e+00
-9.184648395919573494e-01
7.465148868401914051e-01
-2.719353705168242819e+00
1.991562699433824690e+00
1.867268570318230125e+00
1.929862216081245085e+00
-2.266321407716130221e+00
-1.860926955509304870e+00
-6.493161017115235412e-01
2.025166132730705559e+00
2.106355240650745309e+00
1.943071165264527833e+00
5.241378449746181278e-01
-1.980041595839918456e+00
1.052466332708824170e+00
-2.592343178045092067e+00
1.919091849051062226e+00
1.924032897006236364e+00
1.456533568519605693e+00
4.689413820819072765e-01
-1.918948112299674102e+00
-6.357654820455589384e-01
2.067264032161136189e+00
2.014187769687200813e+00
-2.479115458751633971e-01
2.057809890876011849e+00
-1.990472839867232446e+00
-4.317380146351330161e+00
1.927648418355753845e+00
3.731658825410313796e+00
7.934125546697303744e-01
-1.900543423302776036e+00
-2.130181488235012299e+00
1.232770765797465140e+00
-2.186008639037943180e+00
5.834514243680212431e+00
8.502471605507161412e-02
1.114296713658349036e+00
1.967918537393516631e+00
1.238540117555387621e+00
1.918449034161661571e+00
2.095947582391042729e+00
-2.005400500854497281e+00
-2.496090343480331875e+00
1.943623157994537110e+00
3.496991923484926268e+00
-6.187061766966015508e-01
2.155869106541354441e+00
-7.077076097519569009e-01
-7.534189474402132269e+00
5.193052104905726551e-01
6.662841700521998645e-01
-4.305316439061564360e+00
-5.731736559457603075e-01
2.055174925171402656e+00
-2.342591913196733877e+00
2.001652705857993819e+00
-1.927480334339696455e+00
2.037227273049970311e+00
-4.651007600949857990e-01
-7.582307056972668047e-01
2.085145457941417479e+00
-2.038263989996750070e+00
1.896540274519140423e+00
1.974636625054389416e+00
1.997415687581914012e+00
-6.091988346572292379e-01
5.501818995587403061e-01
3.232085035489220548e+00
2.061425170091303549e+00
5.822890580193941901e+00
8.044251927907678734e+00
1.431664159748087473e+00
1.889370224808371912e+00
-2.993401328091454427e+00
-1.025643219674222673e+00
2.009730306806715827e+00
2.488113083964912098e-01
-2.733299983161956881e+00
1.770071707567102415e+00
1.889294982490782759e+00
-1.539864388679236473e+00
-9.714623698644479430e-03
1.947678226087378395e+00
1.964316825017581314e+00
5.757600068183621467e-01
-1.619165644868745257e-01
1.805902521767026148e+00
1.573469483945395986e+00
1.965660358551504228e+00
1.970650398664022473e+00
1.932031467185364226e+00
1.989716673264944058e+00
2.137161207307930244e+00
-1.404704323468387361e+00
-1.897398335867776620e+00
-3.141830551309250374e-01
2.051767895447663914e+00
2.054338145452113018e+00
1.906075329664076889e+00
-5.570083847750337824e-01
-1.981756580855010608e+00
-2.815638562889053453e+00
1.978404160991142913e+00
-1.856421687452926683e+00
-2.883247967979564841e+00
1.948547743594881698e+00
1.892077077749430236e+00
-1.808324700208960190e+00
1.792585898099382735e+00
-2.071652276822454564e+00
-2.819204199148432899e+00
-2.617659696432254268e+00
-2.873306473195138988e+00
2.103452290597006336e+00
-7.153865746296236838e-02
2.000111427546344967e+00
1.908487819841145905e+00
2.087923066860676968e+00
-2.029788288169070309e+00
4.243603866962174509e-01
1.953934361565506261e+00
4.152818197490727670e+00
2.720346019817369232e+00
8.343905257477459703e-01
-1.889827251730797908e+00
1.882892939646459540e+00
-1.841801493836219494e+00
2.293875591490225574e+00
8.410523455487469491e+00
-1.007349170811437933e+00
4.123528198289323932e+00
2.067329221475418422e+00
-1.634288260749173771e+00
-4.142236191108362497e+00
1.055208985284522699e-01
2.749315495675672683e+00
1.132193579418325768e+00
1.803813579840627179e+00
-9.041874758872339157e-01
1.503879200015522666e-01
8.328290313896520303e-01
3.866603757494468496e+00
2.093717625880696875e+00
2.117922734538320917e+00
1.862492234864376428e+00
-4.341252885046106513e+00
1.895470265471910665e+00
-4.394926296119663789e+00
1.839141083164331558e+00
-1.901125594313976652e+00
-2.011991488253585203e+00
-2.632758337286623007e+00
-9.449198425201947860e-01
1.979303419999784541e+00
3.458266533194388259e+00
1.939235038451637472e+00
-3.565939895365167978e+00
-4.757909390744188838e-01
-2.129774053820896906e+00
-2.704052655738856670e-01
3.110288353662305383e+00
2.020269171377627959e+00
-6.005217327142916561e-01
2.017172015176691868e+00
1.828154184168155227e+00
1.939941434750950044e+00
1.930113710743773137e+00
-8.863540337865691843e-01
3.010263860438138650e+00
-3.469889660674693732e-01
-1.940149299502606173e+00
1.456303864143604354e+00
-1.926782506907061654e+00
7.504430140132210880e+00
-1.941239301012344098e+00
1.885844514596645816e+00
2.066553875028121823e+00
-3.021935506065095645e+00
2.147958309590174419e+00
1.376406079063494658e+00
-3.675606394595710036e+00
-9.356582285755501438e-01
1.169852037660080168e-01
7.004007998503660737e+00
2.082393127867863569e+00
2.824710745030867276e+00
-1.956551730858106852e+00
1.956465989235968705e-01
2.003615605473858530e+00
2.072559791346932023e+00
2.081464052408947385e+00
7.673055079810595203e+00
2.024815733598511969e+00
3.073916118420305210e+00
1.855862948091366871e+00
-7.226243067309360946e+00
-2.246558569498751545e+00
-3.546745332487060587e+00
2.178053333468058295e+00
2.052391290541804025e+00
1.936886734192210024e+00
6.816178506293691861e-03
-2.021365098027141372e+00
1.166602709631147983e+00
3.375133198974432425e+00
-1.553712666333324943e+00
-2.708489458618306145e+00
-1.979771482381077918e+00
2.023181938480687059e+00
3.306361705592685052e+00
2.111268370654974635e+00
1.933109400213479656e+00
-3.434113026606797625e+00
1.978888893898436585e+00
4.537826663771888924e-01
2.650361008164794363e-01
6.051256247700400603e-01
1.354807462237796134e+00
1.999308059838281970e+00
1.663010779768236080e+00
1.874034871213246634e+00
6.704129637974721723e-01
-1.160701675372421970e+00
-2.327241489187181323e+00
-6.908725492923351030e-01
-1.363525820345637296e+00
-5.628652533118594370e+00
1.188600252394332202e+00
-1.991337011639877197e+00
1.192407710135418908e+00
-2.537112735058312918e+00
2.364913734283643265e+00
-2.034802972942977739e+00
2.019752071977171326e+00
1.487232267960370224e+00
2.400793089945136849e+00
-2.647172481230122720e+00
1.285652495679073803e+00
-4.907292295725775855e-01
4.346776473241223293e+00
-7.413214607359727149e-01
-1.372801714808135731e+00
1.916870267325468280e+00
5.059148181588346560e+00
1.985168881654368223e+00
1.202899955703423895e+00
1.945243591175628284e+00
3.765643263082897541e+00
3.083485241864941440e+00
1.981699871324871021e+00
-4.026156634067074580e-01
1.852084269715927212e+00
2.080430602142126606e+00
2.459285983523246788e+00
1.829963533913644413e+00
-8.795124639645495179e-01
1.761903590364578998e+00
3.721369835483580024e-01
1.978854459967480661e+00
-2.249848926564321339e+00
1.942813719089134361e+00
1.984775558582175359e+00
-1.970829582707046557e+00
9.591359874575189348e-01
1.949326981790563407e+00
-2.025367275931629241e+00
3.774087431126775805e+00
2.142156928134974603e+00
1.198937073473962944e-01
1.992915030969472090e+00
2.056927443564182223e+00
3.142701389938433287e+00
1.132230448597890904e+00
6.139722912575603431e+00
-2.039607728982305801e+00
1.960206643504658786e+00
-5.445691174825054048e+00
1.939786823216337330e+00
1.517425791305028415e+00
1.996125707124934978e+00
1.987916675397592314e+00
2.281785508547514940e+00
-2.340841914926880207e+00
-1.300218326012074321e+00
-3.310696895701399356e-01
1.971532443033150228e+00
-4.635161082813733513e-01
-1.898910580720884367e+00
-2.129898953081600599e+00
2.051607088262364265e+00
-4.435365028459143488e+00
1.927292532882531662e+00
-3.173424144731176622e+00
1.953395411564020412e+00
-2.178797538804462253e-01
-1.583144627879855770e+00
3.373277696886331611e+00
-5.102583790140574393e+00
1.876340146434209100e+00
-4.113002688915081251e+00
-1.944555074726904698e+00
2.232821231053289779e+00
2.127542228279504233e+00
1.969540980798990759e+00
5.271991071113310667e+00
1.799084306934363608e+00
2.077449106570214088e+00
-1.801695863333544478e+00
-9.948188477654100748e-01
1.704842478842909514e+00
-5.729577342161130460e+00
1.750039675120213634e+00
1.902671806093808371e+00
2.303053311040414108e+00
2.227542548322329896e+00
-1.948134389697558921e+00
-4.173808000884358549e+00
1.978540558022906515e+00
1.916999206178539472e+00
-1.367882664362209066e+00
-1.420897105512259451e+00
2.130478799516521526e+00
4.162659990776471641e-01
1.106299953934342328e+00
1.027738014554853141e+00
1.889955217518163755e+00
1.963244302253622342e+00
1.025368794911889925e+00
1.992693285830984040e+00
-4.916908318365465824e+00
3.883516685561968718e+00
2.589402892565678016e+00
-2.164953705477306034e+00
2.075720747673965860e+00
1.859940855577470575e+00
-1.461765218397047095e+00
1.459883644054540408e+00
4.149253216121797649e+00
-2.096122409552914956e+00
1.746153068130738895e+00
1.303384138524030789e+00
-1.004312555209472491e+00
1.990492975001935116e+00
2.108941708042937790e+00
2.026847925354625879e+00
-2.109890879420356136e+00
8.554719597897162409e-01
5.874224311806996113e+00
1.646203319233600748e+00
-2.010969786223673061e+00
2.113281399266451643e+00
-3.461570102738220189e+00
1.990067945969993923e+00
1.829372314619521767e+00
7.459448161778943209e-01
7.875888680103800832e-01
1.931202238576488872e+00
-2.101986500500480748e+00
-1.931333818250736689e+00
-5.875355651469551521e-01
-3.868517656968258223e+00
-2.032062110895483720e+00
-1.581622797150636028e+00
1.362530146541263587e+00
-5.200532491228782916e+00
8.483730933802449137e-01
-3.896473788088190116e+00
-5.711654815598634638e-01
-1.511990257461600651e+00
2.402847203105181073e+00
1.612218134750660892e-01
-3.836793772628154908e+00
5.658308421547162403e-01
2.002066639862296604e+00
2.016523579060824467e+00
2.097672076208061398e+00
1.949802650676551341e+00
3.535777646899290749e-01
-2.083905435063142075e+00
2.466032848249775089e+00
2.030990492022223926e+00
-2.082622936972577055e+00
-1.325387149025931244e+00
2.146734829635261743e+00
1.942890547293700587e+00
2.201145377375342882e+00
-3.019513435414277858e+00
6.707818335203020732e-01
4.691753957400071506e+00
1.947534785012877023e+00
2.187006551461539328e+00
-4.073208666295046854e+00
-3.585035021592732463e+00
8.292847771145943625e-01
1.839403884784205800e+00
-5.527305029586857543e-01
-4.948512584006087955e+00
4.895429460677096500e+00
2.031489822868169703e+00
1.772459007032807232e+00
2.073485105013360030e+00
-4.194838381820527040e+00
-1.160616320799843004e+00
-1.991337696768672005e+00
-7.093004617594877992e-01
1.848440508924633185e+00
1.872895257219688858e+00
1.948591193808868249e+00
2.146333688483040625e+00
3.008808916547399015e+00
-2.666284189274124028e+00
1.889134683990902452e+00
2.137541456007824969e+00
2.952997835358741607e-01
1.650727179980326031e+00
-1.761347037535715199e+00
1.989671336608928032e+00
3.156035878134643369e+00
1.973696532299071604e+00
-8.645938704492285964e+00
1.959827123973413077e+00
-2.023337544033155577e+00
-2.106239586171001044e+00
-2.153471973887020940e+00
2.035024853074622886e+00
1.869556610632889138e+00
2.013059285752550220e+00
-4.016841411015539265e+00
-9.547687993060038902e-01
3.642757756944602132e+00
1.916711902427248981e+00
-2.218621455191895464e+00
-1.960548444046563921e+00
-4.504370065432871328e+00
1.851954533915046497e+00
-1.052927777899229367e-01
-1.915978696165786310e+00
2.290584615270558011e+00
1.916511982424297988e+00
1.868271485580892399e+00
-6.352426466091598556e-01
-2.042360147496434575e+00
2.485801030280132995e+00
-1.998967004719570673e+00
1.778451366517285415e+00
-3.055256965988419893e+00
1.927359490347300586e+00
-3.165513341529466729e-01
-3.545795023553200309e+00
2.026939587987641289e+00
2.109731337457792399e+00
1.859510734730127623e+00
1.191761564277055818e+00
-9.121959667318703113e-01
1.769097166139709909e+00
2.017302271908919753e+00
1.487494680578583139e+00
-2.011633154771060639e+00
4.013345687316826726e+00
1.943580453067605518e+00
1.796691704535947176e+00
1.994379980242736661e+00
2.041840818670683344e+00
8.177583597631801204e-01
1.930761140044042534e+00
-2.125595451745077469e+00
2.125422818030574756e+00
3.954330688502813107e+00
1.892295198742426909e-01
2.033192507366249568e+00
-1.660697017926884511e+00
1.980674926649495848e+00
1.924169781164069892e+00
1.844428707024309277e+00
1.834398107240820863e+00
2.021371302792497548e+00
1.875785956075414651e+00
-1.553160974047858911e+00
1.357384537794493973e+00
1.986847553810152656e+00
1.694595824561709208e+00
-1.138429083159799404e+00
-2.016924708433431856e+00
-2.634682732132962002e+00
-2.107951061102055768e+00
1.010350112222669905e+00
2.046931934872442405e+00
-2.041307127514198072e+00
-1.526476333263708796e+00
4.002293391929164557e+00
1.921837153958404043e+00
1.157513417300566116e+00
2.048973304915698179e+00
1.867680004572323416e+00
1.810190677219472466e+00
-1.688205397617057235e+00
-2.095296822633119227e+00
1.932545181989232752e+00
9.394661303908237449e-02
2.004582930386948458e+00
2.361829767171458982e+00
-3.385803401904864618e+00
-1.865918225034506994e+00
-1.995393367312392918e+00
-2.126436367560256002e+00
2.153606255955077486e+00
3.344888428236755473e+00
-5.813753200753003725e+00
2.004843090273153550e+00
1.991173878798066621e+00
6.668912415224940382e+00
2.014873911790904693e+00
2.023739359110589664e+00
-7.329920842129501457e-01
-2.459434978030323293e+00
-1.891410377852695834e+00
-2.949525811126042285e+00
1.894455044656457865e+00
1.641031194575844676e+00
1.805044527785970576e+00
7.232162415669438627e-01
1.808880325459338190e+00
2.252739671718731351e+00
2.088858103703979285e+00
2.057060540505003754e+00
2.011823954391917191e+00
1.867538013112477691e+00
-2.891290511589655221e+00
3.397773197367147446e+00
-1.516518628338209940e+00
2.262582925681289936e+00
-1.847217153151724522e-01
2.068635000307858629e+00
2.024095091191540519e+00
-4.797345967608850792e+00
2.069820731924434831e+00
1.964409433533162108e+00
1.967849994318324081e+00
2.105960156328850807e+00
-1.939746844228182443e+00
-3.901238481784468082e-01
1.808238637189805598e+00
-8.668818962144013707e-01
1.979570260121678027e+00
2.173776332846526493e+00
-3.632097818204788275e+00
6.995764731194524522e-02
1.079092129824996249e+00
-6.505080001865685135e-01
2.043522576161191040e+00
-4.696476193149496936e-01
2.112463499387146726e+00
-1.972419518563983232e+00
-2.650445601150820951e-01
-6.907050251633704008e-01
1.992862011266488098e+00
2.146073709128331952e+00
-1.146874779616358531e+00
2.078713003579606422e+00
-4.993299582351246713e+00
-2.417591443455006761e+00
1.878777299920455945e+00
2.068806492484229764e+00
1.795110723605395808e+00
8.157897662123620997e-01
1.849030423302124415e+00
2.977901705813327249e-01
4.503404702823817551e+00
1.938848009250559334e+00
2.035668713085601045e+00
2.071747061381573829e+00
2.083892395168391420e+00
3.083184490590975990e+00
2.181120490286752478e+00
2.006705376437865951e+00
3.228255041502527511e+00
-6.501055695067788909e-01
1.941471594289361891e+00
-6.473723169497013208e-01
-2.120228006272996790e+00
2.049202765254896530e+00
-1.956012446993534271e+00
5.060470945924986808e+00
-7.348530511593683201e+00
3.491228154787674676e+00
-2.838769668689856140e-01
1.904897594397953808e+00
1.982228524809583892e+00
1.981304512407924268e+00
-4.176700264635247350e+00
-1.956881184040798916e+00
-2.476143023037961299e+00
-1.086796672197843927e+00
2.047023152742796448e+00
-1.974064487594652473e+00
-8.875541080113988901e-01
1.481815421565180868e+00
1.931404095723534331e+00
2.820711384704012392e+00
4.588318637684783430e-01
-2.502019750615414928e+00
-1.335926744153825840e-01
1.958351474124258917e+00
2.168545703927085899e+00
2.136424952932656218e+00
-1.679899913463653860e+00
2.008345913658605486e+00
-8.235944719405139391e-01
-3.267812255015630996e+00
1.990826466897174019e+00
4.942529154130870239e+00
1.927518808114792481e+00
8.829083318047097340e-01
-2.282671252024166542e+00
1.962847214215090119e+00
1.096079142852287788e-02
-2.211166440043400350e+00
-2.030172151474058939e+00
-1.926771859705012080e+00
3.174019737043242806e+00
-5.990940870563028486e-01
-2.445833689578235326e+00
-2.056075670402629285e+00
1.783181678809941717e+00
-1.134532364400814730e+00
-1.441233033671364350e+00
2.157021121891718352e+00
1.986819059863278225e+00
5.589867342848258147e-01
-1.894580186303053804e+00
-4.047455509741724744e-01
2.060511396637143555e+00
1.928556106788444469e+00
2.088523690195176030e+00
2.138685297795914320e+00
1.917569184263669513e+00
2.031893301573657773e+00
3.233010228659939145e+00
2.042773498545616295e+00
1.901397122225854108e+00
2.050846947027851197e+00
1.934837922351373640e+00
1.997021003066883349e+00
4.026997539652642510e-01
-1.240018773346998948e+00
2.123855389702931085e+00
1.629405936770835783e+00
-7.762801919154829200e-01
2.136173117051530568e+00
-1.996621866887281715e+00
2.197684747719956810e+00
2.019268264253385237e+00
1.907930354223633440e+00
-1.539029230239273627e+00
7.734000951682983294e-01
2.241143048389376613e+00
2.707678241575643963e-01
-5.495720590666809680e-02
1.975565693066828388e+00
1.295235482566622354e-01
1.940628816850345828e+00
-2.619391984165825971e+00
2.150574481809311322e+00
2.002506396084895446e+00
-2.028700748031605716e+00
3.267758874641910616e+00
-2.242853565171378794e+00
1.945033441916614425e+00
1.909222853502526629e+00
-2.614508156312992382e-01
1.947275233562659524e+00
-6.361337559111627016e+00
-4.695186179977171859e-02
2.016402221464503430e+00
-3.460222376358806251e+00
2.029109814860051042e+00
-1.524593604011716286e+00
-2.389101804462214318e+00
1.087530609565429351e+00
1.940353067555792732e+00
1.969488537434861408e+00
-4.814593463067174284e+00
3.707484845384862560e+00
2.187706149220217000e+00
2.163013556410481986e+00
1.838029265780197319e+00
-7.726026229877945573e-02
1.906304448337944324e+00
1.845159683180245480e+00
8.681534237218999084e-02
-9.142468000957053613e-04
-2.723237658713291598e+00
9.355193051639356661e-01
2.274131322711812064e+00
1.485053015785416930e+00
2.048344329219597526e+00
3.508269606567505861e+00
1.117010422813510040e+00
1.908605505909139577e+00
-1.644277902249073886e+00
-1.916879420168653647e+00
-1.993226053995420077e+00
3.990057576020730856e+00
-2.088048703424490782e+00
-2.579826013502563686e+00
2.673931237969840335e+00
1.979904471167519997e+00
5.533034174640565350e-01
-1.774572696315809051e+00
2.115320363281269600e+00
2.084229762990909673e+00
-5.914729927553370459e+00
2.081286075061835827e+00
1.507786776137715279e+00
8.116468091215384151e-01
-1.974316174043721617e+00
3.024091831751279269e+00
1.888643944044989809e+00
2.005160283881721739e+00
-4.711628208312603761e-01
2.521758509247685076e+00
5.109608020778519055e+00
-3.732652164507033188e+00
-1.705170465100810162e+00
-3.725172701706240375e+00
1.992483915754476032e+00
-2.006462591134362317e+00
1.967667555997530515e+00
-3.848864858547850876e+00
3.186191429001616449e+00
1.095476460543652220e+00
6.583774319464175129e-01
-2.043243429036170955e+00
-3.346106848796741140e+00
3.621521061856159740e+00
1.957683556527370916e+00
2.193074199419216441e+00
1.912311944100096195e+00
2.034628941239831623e-01
1.996612377221803403e+00
1.888341855599224184e+00
-5.951763479677767421e+00
1.984829296496287032e+00
2.535283912556619335e+00
2.092380761590050042e+00
1.889039395690456091e+00
1.521988084996504398e+00
-1.965864106763955954e+00
2.090336667572850082e+00
1.756755319311905428e+00
-3.505825310408601680e+00
2.005057807550338467e+00
2.153264920361158907e+00
2.142525340676187717e+00
-1.162270537295096773e+00
-1.944396964829389729e+00
1.955426137911254969e+00
5.351298086753534022e+00
1.728033396551151846e+00
3.770246444596590862e+00
-1.956296712904053159e+00
2.033622857641191217e+00
-2.332509460854663708e+00
-3.297898276062882772e+00
-3.755292921347880508e+00
-4.124276379197311937e-01
4.042464908882102748e+00
2.030984465538946626e+00
1.857016416836237749e+00
1.945331031636662988e+00
1.911508195241743424e+00
-2.583024425019890824e+00
-2.162751577293361649e+00
-2.076964219378280241e+00
2.020644437281049921e+00
-1.913809925037092574e+00
2.013377253070293360e+00
-1.414776983223225315e+00
2.090903920600257315e+00
1.614628282564127382e+00
1.956431346627823809e+00
-1.655529066475299960e+00
1.143345034361095802e+00
-4.960510025532819611e+00
2.995362865608364622e+00
2.398564860292648593e+00
1.869046398934162356e+00
1.955607690651537389e+00
2.022253582287906859e+00
2.003681574619943895e+00
1.989131802799649407e+00
3.187877683743485235e+00
2.096288542580485359e+00
2.155092907167528993e-01
-3.253687171940693457e-01
5.204957298047007797e+00
1.972011776158274499e+00
2.082829737910425028e+00
1.936490564125610048e+00
1.973657510115361724e+00
3.776565998714831007e+00
4.193176975248017690e+00
-3.410880750643307202e+00
-3.476244214433560575e+00
-5.091317100482164015e+00
2.088576884403901435e+00
3.639282842211700952e+00
2.021564429787881423e+00
5.727948213185104720e+00
2.805698654283580673e+00
-2.033792604070664201e+00
8.153456900297274546e-01
2.206577924268673385e+00
1.908590544629724217e+00
1.931691102902334478e+00
-5.105396207322837832e+00
2.120537300027258709e+00
1.806012489208700833e+00
1.990034939042472528e+00
5.333154400833776343e+00
-9.006404207159017794e-01
2.160103697498745312e+00
1.941935098505047641e+00
-1.580127893909530457e+00
2.024870666592611723e+00
1.948821745926299975e+00
2.027469041178761255e+00
3.071566592322917622e+00
-6.511865972964951677e-02
2.074996158718668937e+00
1.957776767976874277e+00
2.013549938848453014e+00
-1.980052473709027039e+00
1.870906686684649101e+00
1.912726512965278403e+00
1.962219954499426988e+00
2.081537037821734604e+00
-3.158680246608298603e+00
8.463096343989133796e-01
-8.123968700918801078e-01
1.976876717200686695e+00
-3.248841030622711123e+00
-2.879336610569216859e+00
7.629194195331652217e-01
3.940861894218533834e+00
2.001578766251831176e+00
2.186346292126892354e+00
-4.539645795629855263e-01
1.962499712118810802e+00
-1.739142383937427372e+00
2.208634031393730268e+00
1.832340812912768513e+00
1.979549641749564826e+00
-1.625468336894897003e+00
1.974344973992721686e+00
-3.442448163407143102e+00
-1.919347076606837454e+00
-4.923603149233689358e+00
2.101187360215951649e+00
2.482421102843239136e-01
2.148305840355666962e+00
-7.031932940586079539e+00
2.130160259156890223e+00
1.816969939133710188e+00
-2.078252523486540326e+00
2.083291417192867367e+00
2.667381397840551394e+00
2.054993997322371424e+00
1.664969081599472212e+00
-2.392120971759642778e+00
3.462297691632253427e-01
-1.965840160310158735e+00
-1.646735557898718616e+00
1.753263355761487841e+00
1.843175183472923528e+00
4.391425537899747766e+00
2.124022840940205992e+00
1.108729205492753556e+00
-2.163958495822611461e+00
3.137950769915422544e+00
2.024164302279583882e+00
1.914402875240620361e+00
2.002224554464286932e+00
-2.188588334168503291e+00
-2.866945279113362194e-02
1.905397320424743413e+00
2.230650174868634927e+00
2.065111654153366949e+00
1.952761973467804113e+00
3.916070724514604806e-01
6.074300660906390092e+00
-3.670192668480126486e+00
2.087612889553511764e+00
-1.233462657455598244e+00
4.016498005007056449e+00
2.068553363899769515e+00
2.139493807933377401e+00
-2.894415973466381686e+00
2.046711343575813302e+00
2.101735801421503069e+00
-6.406324583763363112e-01
-2.018158013080856072e+00
2.050484467066870931e+00
-2.106540606295510099e+00
2.011194736723016074e+00
2.037354999324202609e+00
2.154298376420186401e+00
3.405220547051128754e+00
1.891520969209784298e+00
-2.168498807342982282e-01
2.297715083141049774e+00
1.963313680594761967e+00
1.842614768952491211e+00
-2.104008760046239601e+00
1.977416516864802798e+00
4.391530161540041277e+00
2.655694318997064318e+00
2.330055194842274080e+00
2.077248659433592159e+00
-2.040975818383445883e+00
3.044460108663270326e+00
1.796037224994415205e+00
-1.485925383511018882e+00
2.037063728579926902e+00
1.962283962443052809e+00
1.838682547613242235e+00
-1.991207325405685014e+00
1.953331692287913590e+00
-5.399632316507971264e-02
1.900709446461810170e+00
-1.529077964197636419e+00
1.972395897195488468e+00
6.161368938526690542e+00
2.278528331400961005e+00
-1.852637277190820830e+00
-3.418831195812504831e+00
1.932499995050704023e+00
-3.593438507192106002e-01
-8.258156685931994367e-01
1.996666969155421523e+00
-2.390411263284327958e+00
-1.900476276352240257e+00
-1.869612029541057874e+00
1.692583021665814424e+00
2.148754734965120594e+00
2.255955962761984512e+00
-2.148323620247325039e+00
-2.756082088183601009e+00
-6.212685338283343572e-01
-4.144247452990224012e+00
-1.095415188325438827e+00
1.712625968190379488e+00
7.902979627467004997e-01
1.885441971336792033e+00
3.487585027823674189e+00
1.971484960341497672e+00
2.095482378665875611e+00
1.445874666942771558e+00
2.039957651898648194e+00
3.389531783286191535e-01
4.162440458738513316e-01
2.042852303716062856e+00
2.028678767505311509e+00
-6.869810778617688740e-01
7.491724141925940605e-01
4.090263634410357119e-01
1.940574673939923889e+00
-3.372657375590407902e+00
-1.957746483682641925e+00
2.531506260883847226e+00
1.179573009698646979e+00
2.071263187204084755e+00
1.184444179436069944e-01
2.229009315326950347e+00
-2.075297603139382829e+00
2.109152156957923907e+00
-1.796608350034582191e+00
2.034585899085183058e+00
5.190334671960104451e+00
2.078153988134513241e+00
2.002753534140177205e+00
-1.000519248186679255e-01
1.935360704115404396e+00
2.796943423219670766e-03
2.646231511390316538e+00
2.093050463866001021e+00
2.111466330355077137e+00
1.897699062537925974e+00
-9.961253686730229262e-01
4.425083481602805513e+00
1.138806606747519101e+00
1.846750467188686518e+00
-1.476110066677645660e+00
1.901353560278311372e+00
2.156670337283994598e+00
-5.831996194243838083e-01
-3.428927827579249410e+00
3.959588609495878320e+00
1.997082727226696441e+00
1.979358277300211633e+00
1.974477190218876466e+00
4.402210095087731645e+00
2.060728568859925502e+00
2.167146192329498788e+00
2.024518313801884961e+00
2.999904059574711734e+00
-7.952795501295616132e-02
-2.283597615269815861e+00
-2.961872070456037509e-01
-2.146562610369389557e+00
-1.383355676373029031e+00
-2.947008936734446305e+00
1.882805524196845104e+00
2.125682367190024458e+00
6.255269477991061422e-02
-5.509128918233472838e+00
6.349259394438150572e+00
1.887030937668776831e+00
-2.671610562833899305e+00
2.134816167844328039e+00
3.570503726304322889e+00
-1.868373107631872809e+00
-9.219107996911763969e-01
-4.886083259385300970e-01
-6.899871656385195839e-01
-3.755501115886143548e+00
-7.562626619852457210e-01
-2.171619593975844253e+00
-2.973249824061210411e+00
2.193553486100152661e+00
-4.899294237758682335e-01
1.420675479304648992e+00
3.722204649820008981e-01
2.025527599955571745e+00
1.580571137455729858e+00
-4.805839669177439433e+00
-1.545466683031949118e-01
1.261825506603427183e+00
7.051059637574583761e-01
5.084607171787911994e+00
-3.351483274094111953e-01
6.068936208617084382e+00
1.504526283346273807e+00
-1.412084343133915620e+00
1.943161877987166442e+00
2.023070819415774046e+00
2.000285162207570355e+00
1.935493777462546472e+00
1.976224555835499164e+00
6.618384004651443497e+00
1.987279491694053934e+00
1.899885567782499285e+00
-1.943637395901353315e+00
-3.908875980273402106e+00
1.997657101448600425e+00
1.944180155735933058e+00
1.838339312105970791e+00
1.831536960294358307e+00
-2.019069907381888296e+00
-1.643328150058023684e+00
1.371533799664170772e+00
-2.369031174333020573e+00
2.172006007734379907e+00
-2.057204254189066273e+00
2.167819214640536174e+00
2.081102059768563439e+00
-4.354387878921993860e+00
1.886521467712229949e+00
3.093714720641797533e-01
1.874230435219071955e+00
1.954379697027121665e+00
-1.268853545616275946e+00
2.933428308975781995e+00
2.090046045414309273e+00
1.121977331059710759e+00
-3.545543042293200831e+00
8.894586947200824878e-02
-1.573983072789797877e+00
1.888721140670543974e+00
-2.546805496462383189e+00
-2.212295794828016415e+00
2.497282988065514076e+00
-3.884903475529728922e+00
-2.074837170339201897e+00
2.009097687406768529e+00
2.055869961996218631e+00
-2.126776343214964893e+00
-1.172451042160416179e+00
-2.011039414181075013e+00
5.127519894049497040e+00
5.961920299774758014e+00
2.039095684658929208e+00
-4.140499033085839997e+00
1.905013876592888566e+00
-2.080810267350831300e+00
4.328461266482575454e+00
-3.523329162287618943e-01
1.883728643942821135e+00
2.109165917620417385e+00
5.708258377146510076e-01
2.828349628998989118e+00
-5.467355091759942276e+00
2.079212926557230112e+00
-2.114565758414558072e+00
2.035365979356809962e+00
1.080882281381568832e+00
1.809952133609615377e+00
2.121516190190389839e+00
2.049707242205110358e+00
2.081810323809164309e+00
2.013969790832141005e+00
1.788626279950896958e+00
-1.274935547487880960e+00
-1.407043960851644959e+00
-1.964677708180055937e+00
2.087734282522009988e+00
1.848233213674360220e+00
2.084749524931235776e+00
-3.688425560235771172e+00
-4.203132334528170588e+00
-2.089425221203616623e+00
2.137461567282915365e+00
-1.928261109782085869e+00
-8.516005706020507784e-03
2.093630279686157447e+00
-1.332351416384824017e+00
1.782436309993887136e+00
-2.929914430313171003e+00
1.986058568497593324e+00
-3.140858355497451182e-01
-5.523577332290483533e-01
-1.907142381956286492e+00
2.007632130345342603e+00
-1.972108178619064622e+00
-2.214362559382222262e+00
1.984628506655531810e+00
1.955945131939132553e+00
2.863718799305835283e+00
2.084224441721147958e+00
-2.996615830401395009e+00
2.010706430953244972e+00
4.037655571237150021e+00
-1.458119166563976110e+00
2.027847663493738573e+00
-3.450351151663020310e+00
-1.911335337439077353e+00
-1.206924010122013780e+00
-4.763461694852602624e-01
1.471391329898524614e+00
2.033139969001769742e+00
-7.596288272960670440e+00
-1.087427063817725026e+00
1.949413167404848934e+00
1.274731617588487076e+00
-1.820727946891622206e+00
1.854844434596713665e+00
8.602531379311935122e-01
2.092618332555093996e+00
1.999970167906156115e+00
2.096989327579799500e+00
-8.976418824164422716e-01
-2.082015412144109678e+00
1.710518923857085705e+00
2.097031339481679524e+00
-2.269676518425067346e+00
1.923597351049189053e+00
-7.317774237202780974e-01
1.817574322025743871e+00
-9.918863697725024409e-01
2.155858127259879353e+00
1.867273499315733609e-01
4.189130992054365343e+00
-1.723669862857090118e-01
-4.244857643740746589e+00
2.048981516406454428e+00
-1.884547992235927394e+00
1.836268728953005747e+00
2.054573214640063483e+00
2.021945662640419972e+00
-3.275814846463211971e-01
-2.097110820995524261e+00
1.823216648696455611e+00
6.335890204907858703e+00
-1.293571398437090680e+00
2.140900097447544059e+00
2.056813320914194332e+00
1.855108736483996434e+00
3.986575528592548157e+00
2.018725928805099823e+00
-1.037773368363359205e+00
-5.387781840010390511e+00
2.932776980252183030e+00
1.902726984613567263e+00
4.301807092446660263e+00
1.809637831862012991e+00
1.890202331045137907e+00
6.301638570306522524e-01
1.250668512214312855e+00
-1.861940583091951762e+00
1.857415591363220209e+00
2.048684471410569419e+00
2.800109802948926307e-01
2.075564026269285378e+00
3.266794138416405424e+00
1.539638900233224250e+00
-3.229764795161222946e-01
-3.160525942047393233e+00
1.930725022892070042e+00
1.925455597770897143e+00
-2.369429488782608395e+00
2.126688027942715387e+00
1.853901219519399346e+00
-2.015345146926253772e+00
-1.395528467688399221e+00
2.022122725679980970e+00
-4.053397694123098915e+00
-2.717806756485568798e+00
-3.356688895613353374e+00
1.955198946383025493e+00
1.962884407698453293e+00
2.056202587615872268e+00
4.913868260217602923e+00
1.978969107180108766e+00
2.072448142615991973e+00
2.075960787978365474e+00
-5.389817755213810457e+00
1.948864706733460572e+00
2.799113911783528863e+00
-5.637321117966177297e+00
-4.069675497770345984e+00
-2.711151899807478838e+00
2.092683374571767896e+00
2.067823741671056315e+00
1.170255386007238441e+00
4.180966192736998988e-01
2.158723506976319761e+00
1.839750306021802784e+00
2.152022733551546718e+00
-2.019712007261418307e+00
-3.677198945490010029e+00
-1.691313596685568132e+00
1.788727848850340862e+00
2.087109465935843122e+00
1.861482057770228904e+00
-7.933912996673644358e+00
-1.971447406775199473e+00
-2.098080011900072428e+00
-1.521038969460218659e+00
-1.887699033703410745e+00
2.482452209099518470e+00
1.912589170826838325e+00
4.174267089051345359e+00
-1.061421931816735720e+00
-2.458890796241008481e+00
-2.431458021407264969e+00
4.240646852889921270e+00
-2.802442631818449659e+00
-5.105883838497112137e+00
4.414387468790186730e+00
-1.619403482585753951e+00
1.868792862170574054e+00
2.613391518299457594e+00
-1.627634634622804333e+00
-6.748734732886498833e+00
-1.976571728994717336e+00
3.646639075776831440e+00
2.091393699553977026e+00
-2.028630606838259798e+00
2.057907745050695958e+00
6.502211001528708678e+00
1.966261473222148171e+00
-1.824148692295644469e+00
1.734540885169244984e+00
-2.604694688437926953e+00
2.007844612424881880e+00
-2.614805178192435853e-01
1.113463762626226039e+00
-1.023632127737202219e-01
2.053021070467433429e+00
4.557038763239220636e+00
2.021754742785961678e+00
7.032483519568404340e-01
-1.021557310330647894e+00
7.232006186263533198e-01
1.960758435024279267e+00
2.024397423502204862e+00
-1.312711658764418310e+00
-5.484835877784660640e-01
-1.971993778027115285e+00
1.979847349553330638e+00
1.951997940331256842e+00
4.684642718507582515e+00
2.070591099356471343e+00
-2.708048493158302095e-01
-2.331816987909276939e+00
1.909946138158963747e+00
1.977266047294817808e+00
-5.028803512098532380e+00
2.085950319983497003e+00
4.550032395792401374e+00
8.311092643631753374e-01
1.967819482234695050e+00
-1.768409258491869807e+00
1.785826225007978385e+00
2.028970945996515507e+00
-6.532301768061967717e-01
3.437136165733473803e+00
2.031442018641432590e+00
1.972002615033377815e+00
-1.971704584845962893e+00
4.834627373388718397e+00
1.826420688324362551e+00
-1.834341688438170248e+00
2.017088512351178586e+00
5.593049265001543979e-01
-2.869026493862576466e+00
-3.295867844232162724e+00
1.948597300506970775e+00
3.439793021748767110e-01
1.545398477927687253e+00
1.652596921599462476e+00
-8.850425710144698144e-01
3.953004013690382124e+00
-2.041481781528461603e+00
-8.043531591133376013e-01
-4.082532760676885530e+00
1.919593145134828927e+00
-2.036311226181513945e+00
-2.431055277345007593e+00
1.876997617969638599e+00
-1.988420032309032415e+00
2.178178243759684385e+00
2.046200967468372323e+00
-3.681623530229646057e+00
-5.538237274118051889e-01
2.136884575856088819e+00
1.675706877681645501e+00
2.045574170666339064e+00
3.673765513171765917e+00
-1.717756507516471354e+00
8.310140523707902904e-01
6.949208559587566114e+00
3.053405312250732528e+00
1.114467628685856360e+00
-1.889462755427433915e+00
1.890628381718394868e+00
9.456737134564795477e-01
-3.055612238308277995e+00
-2.046231126434445269e+00
2.047404977630010059e+00
1.986967076516515052e+00
-2.029387037348625800e+00
1.127001851086492756e+00
2.069710969061313133e+00
1.949405849388062606e+00
1.889990048258896493e+00
5.187965007271714946e+00
-7.357941703712355119e-01
-2.759101081256811749e+00
1.976571554851902945e+00
1.895028086779877663e+00
-8.999963562213183499e-01
3.787025023841940730e+00
-2.022062174215684571e+00
3.493745585274773413e-01
2.435997941402635369e+00
-1.515099003312769588e+00
-9.045069013749454934e-01
2.594345167802794894e+00
1.977645613225744725e+00
2.095845139701821402e+00
1.990050365230756180e+00
-6.238007152105707220e+00
-1.149093799864129295e-01
2.109169537956056661e+00
2.154098231947858100e+00
-3.645782655919719950e+00
2.022410182236982656e+00
-2.096181871985455913e+00
2.170707224058200602e+00
2.069016254735335458e+00
-2.043146095068441692e+00
-7.044322978703369820e-02
3.131684019788631979e+00
-4.499202996100880370e+00
1.987247029613012694e+00
2.000188245021004008e+00
-1.972955160801812324e+00
7.048025092030105299e+00
-4.582261832044638439e+00
-4.881348223776000417e+00
1.982243531477409393e+00
1.900101279817176803e+00
-3.517269636429851687e+00
1.983916593315098398e+00
1.780338503254994764e+00
1.920708625909403944e+00
4.631521473721709192e-01
-1.858024482011311651e+00
-5.321872232180071549e+00
1.950633657150069311e+00
1.486922068507492201e+00
8.878112617843355592e-01
-7.063644416702730133e-01
-1.643596446976475500e-01
2.016498475247975541e+00
-9.173242783227859853e-02
-1.948808556742643194e+00
4.037362074734105022e+00
2.000773662363947381e+00
2.007763751784005013e+00
3.714393533406528114e+00
-2.016697438080859772e+00
-2.606356028519414725e+00
8.194127912791865365e-01
6.106647830472567762e+00
1.930882732625083698e+00
1.911210447181368233e+00
3.449683145681117780e-01
-2.773280880182289465e+00
1.867209046759799707e+00
1.978411224344766906e+00
2.089314582791907515e+00
1.957577761914506276e+00
-5.807037517443873753e+00
5.327489653049510832e-01
1.993441370527071044e+00
-2.317559463471299264e-01
5.884648320403607080e-02
2.093107590789710315e+00
2.000986646849500783e+00
-9.837535539971689613e-02
2.125151524543512860e+00
1.300259003686731862e+00
-4.687988455449637826e+00
-3.463380030854104952e+00
2.090812003289622911e+00
-8.238342457981993050e-01
4.818068350179549597e+00
2.117841960776709165e+00
-1.591049221091024868e-01
-1.470834056325502903e+00
3.035508881295497785e-01
-1.225280689816353297e+00
-1.999787514479663075e+00
-5.416239186079334633e-01
-6.980966838185631573e-01
4.474205938391579096e+00
2.099157692464014069e+00
1.950634485808331986e+00
3.517058482566945976e+00
-1.166053609285095272e+00
1.935821231797838937e+00
-1.948062039109965893e+00
-1.687629798662478198e+00
3.607945745937101378e+00
-2.148150200755443162e+00
6.346510067149606638e-01
-1.814354260298794541e+00
-2.603112007738765943e+00
3.159694941130094747e+00
1.925881633885448307e+00
2.007735605183233574e+00
2.028480876960634394e+00
1.998528692497318460e+00
1.046744303277217014e+00
5.851811906247667006e-01
-2.030340558994705891e+00
-2.247422770030334860e+00
-1.864830261826199376e+00
2.629428820953813695e+00
2.022954501369088831e+00
1.956959753344750919e+00
-2.089693996625400452e+00
2.533129440045829739e+00
2.076615424199517612e+00
2.100251833347567487e+00
6.565634531234628923e+00
1.970732897376880732e+00
1.162107948657119527e+00
2.030608372223221547e+00
3.894509190357571704e+00
-4.000227953387315516e+00
-1.469467248660196734e+00
3.009957887059401926e+00
5.619031303910547726e-01
1.945381871511405514e+00
-4.775268482356507249e+00
2.045345087076066104e+00
1.913861179841787052e+00
2.027207001633901218e+00
-2.725963615820027997e+00
1.901181688094231381e+00
1.913019644054387625e+00
2.028802800880766810e+00
1.995266836474191230e+00
2.084121102647891632e+00
2.068697838185268534e+00
2.372877631916080199e-01
1.427264674801616007e+00
1.923216635821366260e+00
3.972934411989178294e+00
1.953085172593203689e+00
3.345793464308568055e+00
-4.915170220381575916e+00
-7.381362150493636420e+00
-2.425570895630065671e+00
6.322530587418803805e+00
-2.037610898297819606e+00
1.987236210957257221e+00
6.917287675686665249e-01
-3.270025574711763028e+00
-2.157207703258814391e+00
-1.979506118798390002e+00
2.075126397031366920e+00
2.290071893641220324e+00
1.915165625680333328e+00
2.113852364327208022e+00
2.217152233210577972e+00
1.987543725835597908e+00
-7.075503148011323962e-01
-4.394287330472635311e+00
2.082342054677778886e+00
1.890306262910293578e+00
1.906581263678181593e+00
2.047035610518168625e+00
-1.886193874793777869e+00
4.362026711136796631e-01
-1.704403873112505519e+00
2.254515737188406810e+00
-1.884581936876920771e+00
2.030881877565141824e+00
2.795275454237478474e+00
1.934310807684616051e+00
2.093388132841112359e+00
1.932124604862470507e+00
2.073441824974744829e+00
2.960217552704238031e+00
1.230329210038803467e+00
6.796613964504144567e-01
5.550925457077565461e+00
-4.153523072174161612e+00
6.881867218561051658e+00
2.045235493876555122e+00
1.955855741406389514e+00
4.864480405280383835e+00
2.729289162913568489e+00
1.899628422640840864e+00
3.951350360584998667e-01
3.411550442303689756e+00
1.944558885832951001e+00
2.074223517066082323e+00
2.037688805609002340e+00
-5.247339437747068125e+00
1.053054825018528717e+01
5.597764681536268938e+00
2.084522465418193971e+00
2.013895509982230436e+00
-6.508535639088717240e-01
1.359715061927309288e+00
1.994287423199880394e+00
1.907961666030844272e+00
-1.924304863882047245e+00
1.845885853398327336e+00
1.964808905916663795e+00
-5.447806975780080663e+00
2.012919724428363644e+00
2.522150916976418356e-01
2.790527636318294175e-02
2.868382337993193865e+00
-1.810169945123205171e+00
2.162457797376179602e+00
-1.956770807889389063e+00
-6.643187175848315196e-01
