1.808516917568779636e+00
2.041489106175357282e+00
-3.123720773829759434e+00
2.042004872230609447e+00
5.104548760501900873e+00
-2.164916706393156698e+00
1.964728821443328943e+00
1.910543106525833812e+00
2.063749912134229980e+00
2.251451994296711501e+00
1.910820470867418353e+00
1.929574345138125313e+00
-2.021693984561311108e+00
1.205881767970588436e+00
-8.473398182840052861e-01
-5.878452327901816155e+00
2.168706622466153089e+00
1.939441151959340637e+00
1.990970433520290461e+00
1.024067495503528269e+00
9.715461180011232045e+00
2.724076662237738589e+00
-2.998833909227440309e+00
-2.932929983486599390e+00
-5.906049409496834102e+00
2.162535285450981615e+00
1.875619441965866718e+00
6.488019642024024591e+00
-2.068488348376305908e+00
5.353832829400269055e-01
-1.165019070981738514e+00
-2.080012116320505644e+00
2.595059241510016435e+00
5.025941332302415354e+00
1.627317771392190693e+00
3.191633027899028363e+00
1.964591290786192435e+00
2.993083934506246546e+00
-1.503380610639185377e+00
5.764829901975139670e+00
1.894556933532161702e+00
1.934952485265467148e+00
2.003824022822106699e+00
-1.842205063467648340e+00
3.178452565306331579e+00
1.952455913325201520e+00
-1.147038072458799629e+00
2.111162408786619427e+00
-3.495849897253421101e+00
2.051618029492324524e+00
1.154134857804245406e+00
2.124295958277717222e+00
1.903909821070970398e+00
1.986315906137221088e+00
1.992556151149794896e+00
1.507183591118655519e+00
2.026048492543361057e+00
-2.002196951743944187e+00
1.966897817416443761e+00
1.926255945392131075e+00
1.629878288512713658e+00
1.969677642618127056e+00
-2.872970130494173713e+00
1.954935600399201556e+00
2.272808926696967546e+00
2.098156151104265899e+00
1.957888346367453236e+00
2.731035824212909580e-01
2.048624202104806002e+00
1.802029355813106415e+00
2.124428685430216124e+00
-2.069860824085894446e+00
-2.510334366323864863e+00
-5.563092352145128316e+00
2.929160849502219666e+00
3.187336730649637517e-01
-2.660968575856142770e+00
2.005384788510907956e+00
-6.885836930348581131e-01
2.653649103210208082e+00
7.278744131712033827e+00
4.434919120183010932e+00
2.004210690434289788e+00
3.607914573078883969e+00
3.603693011682253200e+00
2.515712279484079161e+00
1.899590898869133682e+00
1.916003357683098818e+00
6.581447488004255053e-01
7.103309029026347865e-01
2.121733734843962438e+00
-2.040780298251401170e+00
-1.692681372993807942e+00
1.798620095839568833e+00
-1.995940864328519915e+00
1.954321169857549556e+00
1.862800365468566755e+00
-6.418694563205896486e+00
5.670570940509072955e+00
-3.407500443393638889e+00
-4.699323603685853779e-02
4.941415565325270265e+00
2.007330109744339453e+00
-1.797377720784104849e+00
-9.357739902751797345e+00
2.215817071440070229e+00
-1.983856901938571449e+00
4.146184778155729056e+00
-3.250762834509246524e+00
4.370006221318744721e+00
5.061096887871109118e+00
-3.554137249658793962e+00
4.731471094356384910e+00
1.957397610878335970e+00
2.007444661556580190e+00
-1.285687966878811483e+00
4.189679008911987301e-01
8.420481705132780714e-01
2.015359778073323671e+00
1.981766200529010202e+00
5.176677342558518191e+00
2.049356555335758667e+00
1.925528986215184757e+00
-1.382439287546102236e-01
-5.080919806885903611e+00
2.069150353619658489e+00
2.074930152512466819e+00
1.925930615335259555e+00
-2.711638638194429074e+00
2.114220777485941394e+00
1.996656203112256112e+00
2.170787495901284281e+00
-3.876125925239836345e+00
-2.041036821949714142e+00
-2.733044885199641172e+00
-2.035657263686744045e+00
-2.066884362990666801e+00
-2.726061853920521472e+00
2.604909361255953182e-01
2.319138154987617551e+00
-1.615999107465180551e-01
1.704171346812834553e+00
2.082878701493513063e+00
-4.591749492082137785e-01
3.106023508932743704e-01
1.926631783284723509e+00
-1.970399260983242362e+00
1.332246366430900775e+00
3.417118767308745753e+00
2.048206774355053383e+00
-1.841166614371487986e+00
-2.018663012329900752e+00
7.762516527206754224e-01
-3.901096504089024641e+00
-2.760153091206534626e+00
2.086290153983994422e+00
2.187143600922139441e+00
-5.807616142216540212e+00
4.784784306903210327e-01
1.866961298112624457e+00
3.654957687084194440e+00
-3.060003187702190708e+00
-2.187580699401125095e+00
1.676735527426781669e+00
1.897595683232998542e+00
1.846592193444270169e+00
7.992805401582209202e-01
-5.837943123151366764e-01
1.821974714047516652e+00
2.136356076649228886e+00
-2.904410753392434597e+00
1.845373054690047754e+00
-3.567559217417555661e+00
-3.963383177079965236e+00
2.100509425447226519e+00
-2.188160058712625422e-01
-8.061792670822698348e-01
7.263853338317908248e-01
2.079268436547919929e+00
1.879310816440148191e+00
1.993061357040151416e+00
1.927239615720487853e+00
-4.366269028551863052e+00
-5.440896436628964494e+00
2.053401460197110673e+00
-2.038653816307142375e+00
1.912492037266983580e+00
-1.854895296390722592e+00
-3.063581862493803820e-01
1.921644220453539997e+00
2.382027317820789025e-01
1.872972148796733016e+00
5.902917960799815011e-01
2.143885402705104859e+00
2.073442975646724307e+00
1.951227493983258787e+00
4.050936387065203981e+00
-5.094989698306656933e+00
-1.774621335694627877e+00
1.997145140637168303e+00
-1.210535465997613969e+00
2.003781551469263178e+00
1.978280552779832835e+00
2.223032167194900932e+00
3.144673735380203894e+00
-2.104886418413447036e+00
1.883635520166340394e+00
-4.525879031227753591e-01
6.475055055317432418e-01
-4.414731603063195564e+00
1.937532683549680668e+00
3.065331414369860674e+00
5.772609228122064451e+00
3.541877107831040483e+00
2.035208381233107211e+00
1.010017011359821471e+00
1.992972060484388130e+00
-2.082261385385876462e+00
1.846109805530561809e+00
-1.876462340167002640e+00
1.898686178956955573e+00
1.426935639889411300e+00
-6.592454205379278065e+00
-6.938180469647023951e-01
3.749987228643953951e+00
2.156517763119606634e+00
1.959577040939550541e+00
-1.986356253409323314e+00
1.974337479101241133e+00
8.967405577782006088e-01
-4.840310652004294889e-01
-9.887725574999710609e-01
5.266507201419024398e+00
2.102012565086877505e+00
1.302498797682945186e+00
2.030629690943027033e+00
-3.105357501646623941e+00
1.262400904527077594e-01
-1.980889263767898756e+00
2.634862569630092466e+00
2.001616643169768395e+00
-3.576117355658887220e+00
2.016832896494989313e+00
-2.146515066200805233e+00
1.867143876728954544e+00
-3.932063542969286729e+00
2.134279809239413961e+00
1.909046670398736545e+00
-1.958074615511228300e+00
1.885889244881706617e+00
2.661325345639835138e+00
-1.819367185774030338e+00
-2.992893111457439304e+00
-2.335476706232004762e+00
2.226825307170360535e+00
2.765368546999568800e+00
-1.927813020472468164e+00
1.880491230209183184e+00
-1.994461979626339643e+00
-2.078772745377397868e+00
-6.035652870504943479e+00
4.155713637508689828e+00
-5.630582373724040135e-01
-2.217816919581407031e+00
7.824032454163318828e-01
1.913637088378116635e+00
1.993084740188834969e+00
2.182632204707052548e+00
3.463021810844010950e+00
2.200026687006105597e+00
-5.426504763502581596e+00
4.586395724973685972e+00
-1.790105797940077181e+00
5.113551713264853360e-01
1.808838396027607542e+00
-3.114861893338811250e+00
-1.456324763343647799e+00
1.849662634938709971e+00
-5.952384579407194565e+00
4.606554081764961062e+00
2.130723176523399154e+00
-7.007510592041403807e-01
2.295795419871224485e+00
-4.543715113860165467e+00
3.148134992808032884e+00
2.373132204087944341e+00
1.899132598073799194e+00
2.014791216244636196e+00
2.064759487230039436e+00
1.912449537507897590e+00
-3.173307779829636743e+00
6.158413835004328263e-01
-7.318281309663970946e-01
1.992823195343839560e+00
-2.130544448433083105e+00
-1.288361130830464996e+00
-1.133781468008045606e-01
-3.735787773314075189e+00
2.681306191517868420e+00
3.001333500049789382e+00
-3.589761316609141328e-01
2.845085010820302074e+00
2.069956581479048374e+00
-4.157912752057967509e+00
-4.331909996753176451e+00
-1.301154089146025594e+00
-1.706824535611032034e-01
1.917284718282969758e+00
-1.921540265714810847e+00
-2.580264282560657207e+00
-1.909585786939893559e+00
3.291829676389190773e-01
-6.310784164964799992e+00
7.781922435615851175e-01
7.816146558042150749e-01
-2.975486721980562965e+00
-1.744398759317383085e+00
1.986508329104471837e+00
6.684819038616653941e-01
2.156860772303894613e+00
-4.238656049155559380e+00
5.438002798442511665e-01
-2.799506536329903206e+00
2.670862741643243332e+00
2.261109637659218130e+00
2.000080306548453368e+00
-1.720207495036376599e+00
-2.413890745269201332e+00
1.889833581391085371e+00
1.926594641082015835e+00
1.991364972489068075e+00
5.757492950289144762e-01
5.878146101097109222e-01
2.150276485028812967e+00
-2.009741604719181840e+00
1.987180639802697879e+00
1.944044820170246490e+00
2.015537743043110286e+00
1.890362677670082814e+00
2.884873091548478818e+00
3.857011435121455278e+00
-5.357301535008961224e+00
-1.905415554218465868e+00
1.967837717867573666e+00
1.831247342199444184e+00
2.089974930686625765e+00
1.963712372623744207e+00
-2.954268230537576145e-01
4.349650514842363869e+00
1.362876438948279700e+00
2.196771090171512952e+00
2.011583161542410902e+00
2.008426295689627494e+00
1.092546835057180976e+00
2.116345467236949052e+00
-4.834462445293694066e-01
2.013454977756151454e+00
-3.301095824519816535e+00
1.803534297683353937e+00
-2.065902788859045991e+00
2.326280502604968881e+00
-4.208641857623056648e-01
2.001910819296769173e+00
-2.212238931118730711e-01
-1.888257442701067212e+00
3.865831141330589915e+00
-5.236213103120251233e+00
1.950452258288139173e+00
-1.167105848386468692e+00
1.491969477505911135e+00
7.608003341456233137e-01
-6.614869424499543182e-01
-4.519483183617444944e+00
3.425643431588741183e+00
2.032526999494173037e+00
2.104406085841728391e+00
3.601247457448280898e+00
2.643312604140719557e+00
1.962458472871390303e+00
7.167654089223148839e-01
6.314528978977421048e+00
2.137474595415328249e+00
1.983118964839817977e+00
-4.660358319921273029e+00
-3.580238605059106849e+00
1.961368219147217928e+00
2.000485903111755004e+00
2.161475959797232449e-01
1.940596615110677936e+00
-3.118324709187920263e+00
-6.279622389062012866e-01
-3.731988403498400331e+00
2.123942175687576928e+00
3.486615939124152241e+00
9.607246220993816976e-01
-1.260243555018064843e+00
1.888379684978875428e+00
-3.223176829973517954e+00
-4.126253024312790396e-01
-2.032956586462340898e+00
2.095191615129735840e+00
1.432653139482815030e+00
3.827231978671820301e+00
-1.600665169181226144e+00
4.715958492710561778e+00
7.572166882510720232e-01
-5.159718300796285653e-04
-4.965027821055243429e+00
2.118652759134447283e+00
3.387421362179147799e+00
2.049427392508381907e+00
2.029624967831192173e+00
1.948887031997156960e+00
-4.225172138001875299e-01
-2.029809000267474239e+00
-2.667018520652776559e+00
5.293618001756318137e+00
1.938835635666463331e+00
2.056632881002273372e+00
-3.608273697863344953e+00
1.928398480744656140e+00
-2.767869478917491799e-01
2.569872410580035016e+00
2.025284064637689951e+00
-1.914047809521375099e+00
1.979232417002516620e+00
-3.292390509891926165e+00
-1.528761483976983637e+00
1.946824434267025561e+00
-3.724983181748246164e+00
2.131840298006292045e+00
1.958246243320548974e+00
-7.089925922328765839e-01
1.901280068092033870e+00
1.641550874354731349e+00
1.858487321473867082e+00
-4.584212637187041750e+00
-1.071618139860746277e+00
-1.965051732570410659e+00
2.100629518508519311e+00
-3.905729619263047070e+00
2.001368641478908028e+00
1.962556151932362658e+00
-1.923560818314706378e+00
-4.384267999407118754e-01
1.864153010209186334e+00
1.784206558397547715e+00
1.978992760571691267e+00
-4.082512398487754268e+00
-2.717025792118349159e+00
2.705966730881808058e+00
2.002329947409616562e+00
-2.132159422277513539e+00
1.105881048535611200e+00
2.889568508931468216e-01
2.253095626873853785e+00
1.426050292417447185e+00
1.445218398935965265e+00
1.974727370295949580e+00
3.284526570683852675e+00
-1.633514085647598188e-02
1.884928509198213309e+00
1.973397561660632293e+00
1.130444940755171102e+00
2.108333709023998193e+00
3.112039736543938950e+00
-3.884570889128679205e+00
2.257855730395148974e+00
4.605559144591681899e-03
2.274266677868119757e+00
2.048420355360054401e+00
7.575389887758152696e-01
1.874218276965428087e+00
2.024154365187063931e+00
1.091789562121461832e-01
-4.667047241769171073e+00
-4.481321341989636053e+00
2.126836101865277495e+00
-9.443256839389059243e-01
2.129349057045187621e+00
2.054161709158080384e+00
1.996661773710155741e+00
7.426175943936809132e-01
2.278621996727971943e+00
1.524290217055788155e+00
-2.543388651353857277e+00
3.346206083671379172e+00
-1.980153875058811908e+00
-2.158693717668893619e+00
2.003354387121581315e+00
1.949281691789968685e+00
-5.398923595367830508e-01
3.439648506433771846e+00
2.073004618460081439e+00
-3.909655840687612738e+00
6.359010715864784613e-01
3.008543494173041566e+00
3.990688694660049052e+00
1.988911439282251559e+00
1.919991339194254021e+00
2.009984078680216335e+00
1.326247434736462560e+00
1.126437679675295067e+00
-1.449350204095436911e+00
2.024743130252196988e+00
-3.019763922281498481e+00
1.006131476461011642e+00
-5.610878838475290564e-01
1.997447879766911960e+00
6.546598792862476021e-03
1.954032217994318588e+00
2.307520110155049764e+00
-2.046408928668872917e+00
1.685695982360549738e+00
-1.285995461845747423e+00
2.117886024731305383e+00
-3.530463559358537839e+00
-2.225739334699409433e+00
2.009474591497577123e+00
1.943183410353410245e+00
-3.909184174599266148e-01
2.091969392018772300e+00
-3.989660169635714126e+00
-2.062267120944465848e+00
1.887450404293054218e+00
-4.092595054692324652e+00
-2.682477260057612334e+00
-6.948702578842249622e-01
7.463335044752129610e-01
8.064026067888856453e-01
-1.923617009036067582e+00
1.941904391170687694e+00
7.300378368052166778e+00
-1.852606533464093541e+00
3.714662637994968541e+00
3.144455845860548049e+00
1.972752931574927038e+00
2.142330365917425095e+00
1.854014285723904809e+00
1.772588355744502131e+00
-1.897819324636377036e+00
2.927894648676810263e+00
2.019907721447417703e+00
-7.160999788181104941e-01
-3.603826934826871442e-01
2.014003947413940399e+00
1.806575698843964517e+00
2.046867162507743032e+00
2.875677394181746838e+00
1.999291940994480932e+00
-4.930007696159028896e-01
2.354506255040463181e+00
-1.647575932641830665e+00
2.614773022305662220e+00
2.083619787441450377e+00
3.496481150276972150e-01
-2.168600156424378422e+00
4.707201265540163604e+00
2.104671185568566028e+00
-6.726333305551488451e+00
8.688388673222421588e+00
1.946153738313899373e+00
2.119012236850406072e+00
-1.567142446151545077e+00
2.006289973159974593e+00
-1.948374869512247587e+00
-1.909890603889237815e+00
2.028644968606002852e+00
1.781862566620101784e+00
2.059358055191788939e+00
1.906359606043189103e+00
-2.665138949006687241e+00
1.944868836705109905e+00
-2.094298009412607492e-02
1.398347743208957494e+00
-2.016897422430860676e+00
8.998725611419400305e-02
2.034624715485707114e+00
1.967528217998773643e+00
1.872114875970794623e+00
3.706000498611841110e+00
1.962644501329834146e+00
-8.531387203185951673e-01
1.505642843245753815e+00
1.904040512064735902e+00
-2.311716323595577993e+00
5.197848102088968858e-01
-4.616425125317953793e+00
-7.067494076622766741e+00
2.017838810639033031e+00
-4.850412038473437271e+00
-1.475020425864024265e+00
3.209567851148293904e+00
-1.608767278962150993e+00
1.919906912741380811e+00
1.944233569898889735e+00
2.583937786402545012e+00
1.842979711715198698e+00
-2.652857358716329994e+00
1.953197309683016414e+00
2.177866885401107400e+00
-5.999895044316179149e-01
-2.041093985610821449e+00
-2.394051656365513203e+00
1.925066368906021896e+00
-1.912784975987843472e+00
1.261391220501762778e+00
-6.841458497822994200e-01
-2.035185868596228964e+00
-2.499369656585650468e+00
3.994604401024965057e+00
-1.901115317308644803e+00
-2.059944315116044145e+00
-5.909104251345442815e-01
2.001265876548735889e+00
4.771790471558914337e-01
2.207205093554712505e+00
-3.400154413397757924e-01
5.920007136422942295e+00
-1.332466433974816677e+00
-4.074235778715867617e+00
-5.611613117613358792e-01
2.062890753142450517e+00
-8.042385808211574005e-01
-1.979757951922709980e+00
2.129304055007396279e+00
2.023501897328285892e+00
2.011027115571632162e+00
-6.492403124031177475e-01
4.306941732385081156e-01
3.489829594071585106e+00
1.989442320725351765e+00
-2.785855908362261601e+00
1.854479675894589619e+00
1.988772474697872328e+00
2.593060833318596270e+00
-7.750507233609169044e-02
-3.558949303158169819e+00
2.048534044850939928e+00
2.029189445560090288e+00
2.113716047265507214e+00
2.051230647051288436e+00
4.359355234274840066e-04
-1.940996412440187502e+00
1.844169275915191752e+00
2.130835942826637019e+00
1.909385710511370071e+00
2.142830059667505171e+00
1.965581953081790623e+00
2.071744457298540620e+00
6.179630359073531309e+00
2.297142500000194598e+00
-6.845256587180976737e-01
-1.872850887434962308e+00
-3.980508550368051512e+00
-2.411337423823624704e+00
-3.109455951036514509e+00
1.917880831903251426e+00
2.183488640775003375e+00
1.958615572509226688e+00
-2.765506706026046757e+00
-2.885923655218537665e+00
2.090117643487668708e+00
4.975166783995432773e+00
-1.142278391386527758e+00
1.941260217974522417e+00
-1.004826361744459995e-01
2.996325067894099803e+00
-9.391851644226922868e-01
5.625765830583958405e+00
4.352748064398584305e+00
6.693474570175773408e+00
2.912994169781492060e-01
-4.977465538798323541e-01
-4.642120610222947308e-01
1.972898770228125098e+00
2.141359198282050791e+00
1.947759783812541556e+00
2.157233594969885537e+00
-2.335412290302185667e+00
6.031723996467469817e+00
1.985901468903216838e+00
-3.437415084827976308e+00
2.903280855471616125e-03
-3.728305630211312227e+00
1.883434748680818061e+00
-9.310759724223627298e-03
1.981944645964681451e+00
-1.846752829903398618e+00
2.054734265983519936e+00
1.565694689185563204e+00
1.913645125623643750e+00
1.954389063896787571e+00
2.266774767550471470e+00
-2.809177475200514973e+00
1.652941262178567516e+00
1.366466185384247689e+00
-4.092881157872721332e+00
2.160702176119493778e+00
5.287597109703742193e-01
4.207984274844704053e+00
-1.678501383660377266e+00
1.964892743610320514e+00
-1.818883073405641149e+00
-1.889495695824418231e+00
2.127256784821310642e+00
-2.009282485936099150e+00
2.096693058895048978e+00
2.029649451109081681e+00
2.542292646671310274e-01
2.037449917657737419e+00
1.211931976284397194e+00
-1.955487261682961275e+00
-1.078947204300488405e+00
1.910870102656885949e+00
1.923102808758276661e+00
1.584081551164934432e+00
-2.583930591352121553e+00
2.159143026523045350e+00
-2.523065986947236272e+00
-1.868982790470314015e+00
1.597774334759056059e+00
-2.000066470305274624e+00
1.831843751827792577e+00
1.836226667736447493e-01
-9.239644459833205037e-01
2.048564383090508034e+00
2.092670363039656145e+00
1.961277063272414134e+00
1.867428523822438180e+00
-4.133281118101551854e+00
1.944834814283983082e+00
2.106398289709153993e+00
1.982121075256991327e+00
1.907961386602332166e+00
2.045531991915193082e+00
-2.038848428147256975e+00
-2.716466973719520173e+00
-2.745569800440677000e+00
-1.110605469665490563e+00
6.183351380699515509e+00
3.798254236150030216e+00
6.071068151960187231e-01
-2.752433853169725886e+00
-3.308262646182490219e+00
-3.029390142279490661e+00
2.093282850344904578e+00
6.608867486500586974e-01
-8.480291084593181150e-01
1.963064268864426198e+00
-8.529009235772553321e-01
2.340013795475640812e+00
1.551520794996164909e+00
-1.174008887339838658e+00
-2.615503685922019095e+00
2.071288698048934229e+00
-3.835049656542818930e+00
2.092850630205550289e+00
2.469196497971105853e+00
1.936562507601672367e+00
1.874540922448784785e+00
1.967991782389921340e+00
1.922381871465730585e+00
1.970723762931301914e+00
1.867448304291320138e+00
3.947453339236594694e+00
-9.567463868363142998e-01
2.146650532443754145e+00
2.801472730534857014e+00
-9.090544902526281890e-01
1.840749012905293913e+00
1.119361783034969582e+00
1.869244675107526454e+00
1.990973488234644151e+00
1.430187227513272541e+00
1.647582277690060326e-01
3.045106571189225342e+00
1.979975522111501185e+00
-2.137728562211758110e+00
-1.881586985998383810e+00
1.998568201168357872e+00
-2.060125171568764735e+00
2.006841292025903556e+00
3.183697886191957926e-01
2.113168922568797736e+00
-2.220544256999138266e+00
2.864987428576328821e+00
1.190497031312883536e+00
1.013999905322961803e+00
7.673481216162998386e+00
2.031647504827097439e+00
4.408828096223430748e+00
2.577428143344870026e+00
-2.421268247625009973e-01
1.951722033741410289e+00
1.969341118714866390e+00
2.127101445134364610e+00
2.105926790042463193e+00
4.175711498839865143e+00
2.068572097845414515e+00
-2.297791245244924063e+00
1.836779869724932901e+00
-5.227011675916355848e+00
-2.067366973410218467e+00
1.949799349863405640e+00
5.702386678176945445e+00
-1.950643389215013013e+00
-2.836971427754134689e-01
2.060514853836239890e+00
-1.756155932603894909e+00
1.922380391169492997e+00
1.977344805770419933e+00
-7.123950973326862446e-01
2.012728479122125158e+00
2.011933353107854927e+00
1.981011543071862890e+00
1.974204143826850721e+00
2.008252734701606812e+00
-1.567271205195362338e+00
8.002765421406916602e-01
-4.314068276130884172e+00
-1.622480918165259522e+00
-4.069433342634176110e-01
-1.619071502794011241e+00
2.069020158422710587e+00
1.994830396724970534e+00
1.796513711236485067e+00
-3.884249265564232445e+00
2.035984875666264848e+00
4.923838939342978449e+00
2.240925373787896913e+00
-7.933092391604551707e+00
6.541355027827073343e+00
1.897563146871837914e+00
2.529195454766364204e+00
2.028213218507687099e+00
2.144099152181567991e+00
5.827452368143371669e-02
1.008610889404157440e+00
2.090397481311228933e+00
-8.803130492904089888e-01
-1.256546434822939595e+00
2.143003699323890565e+00
-3.494814480732437723e+00
-4.596400684399821301e+00
1.850351437386029030e+00
6.603733842355103967e-01
2.025948371407181536e+00
-2.578127158638030103e+00
2.375210565745109470e+00
2.051172304674957925e+00
-6.153867715618712708e-01
8.692263978240417188e+00
7.357735650654627646e-01
2.023014924474551446e+00
-1.920093464358051616e+00
8.702542151133436654e-01
2.134893605998762656e+00
-1.006835553950225393e+00
2.132629641084676120e+00
-2.034104972463418370e+00
-2.125780001849950196e+00
-5.446257685972174301e+00
6.899975859433503445e+00
2.041052453923201337e+00
-2.756213870334881300e+00
-3.919742901605651753e+00
5.035190044514425978e+00
1.964439966134026827e+00
-3.670975271353356995e+00
4.290609661090945437e+00
1.965573641237209346e+00
1.491780257257861564e+00
2.190490895565210483e+00
3.110907322611574877e+00
-9.660857686073415218e-02
-7.318506686530468208e-01
-1.840907191238988716e+00
2.090521747821587617e+00
-9.428642662140555020e-01
2.227410526205896524e+00
2.309837294350539416e+00
-1.899906700599009346e+00
-2.526647679591177642e+00
-3.374948323351092405e+00
2.184419266598002451e+00
-4.609355853961210059e-01
1.951745941331381795e+00
2.026744732423191309e+00
-5.368603541401326673e-01
6.918518313946570686e+00
-3.563678222100019166e+00
-1.071921795761271889e+00
1.838186971918063906e+00
1.987823918605364781e+00
-8.803000672367108592e+00
-2.001961865924917205e+00
-3.367790726581753047e-01
5.270010119302851237e+00
5.933204747161779480e+00
-1.724567560192536764e+00
2.205911477845047930e+00
-4.187663016246646386e+00
-2.105121776445451509e+00
2.150991307002045438e+00
1.924566766567137321e+00
2.054607157059494593e+00
-1.275309644481463112e+00
1.522702422890627738e-01
-9.626674338570435641e-01
1.896776523982838025e+00
1.831834111060755887e+00
1.905371619828505114e+00
2.154961231702698488e+00
1.899039559849648784e+00
2.131972627121186736e+00
9.544528489745474076e-01
4.640091928448256686e-01
3.562796298467172385e-01
-1.718056118215111505e+00
2.000182625644411516e+00
2.074681332035134496e+00
3.642159373135077871e+00
7.510717118095235900e-01
3.705964194254657507e+00
-1.976581244383437408e+00
1.888123327750433678e+00
2.068086039200805804e+00
1.815071785575238295e+00
1.021921800229828925e+00
-2.931715160483284066e+00
9.019960069377067624e-01
-2.156661815022665074e+00
1.978224017756447850e+00
-2.790927546104953194e-01
3.469018680857156589e+00
2.082824105395130854e+00
1.348634801433699515e+00
1.891031917157443010e+00
3.226619062461442589e+00
2.132113848119351562e+00
2.060968533567583805e+00
3.731341943487352375e-01
1.985619890250206909e+00
-5.496308699488821503e+00
-2.136256061751599766e+00
2.184869097509489322e+00
1.991148120098689356e+00
1.978387874231360977e+00
6.971538260299187106e-01
2.286479039262527380e+00
2.128113588604317208e+00
1.959026541257160137e+00
-2.021964359550445955e+00
-1.988023790489302112e+00
1.962625224760398801e+00
2.042242708013275010e+00
1.936265937198418385e-01
-5.484843919599698969e-01
1.964562798728094473e+00
1.852602626832005051e+00
-2.066990103910093968e+00
3.178366662103623064e+00
2.095929873039283020e+00
-4.632056203353527302e+00
-1.904300690863689471e+00
1.954839863552019219e+00
1.227812599875528043e+00
1.893981087975135980e+00
-2.156300088740076060e+00
-4.536334679412899362e+00
-9.045648780583289694e-01
5.037345188161944876e+00
2.052652888913554463e+00
-2.002779360954343169e+00
2.948484348960368706e+00
1.984204842556805071e+00
-4.304864801052082912e-01
2.009722671571260832e+00
1.276970823033531044e+00
-6.007150574710912849e+00
1.902959030137073126e+00
-5.056211726339784995e+00
1.992359437776094921e+00
1.989896824427262567e+00
-2.194013029268706116e+00
9.032933564037449736e-01
-2.015768635121277352e+00
1.985737944559186952e+00
2.125561411396584610e+00
1.893471512026669856e+00
-1.916735394371609225e+00
1.999861486771502994e+00
1.907007115414620646e+00
-2.057367107059374867e+00
2.064695651656577535e+00
2.045810846151487894e+00
-3.349771527084967726e+00
1.959102199762911445e+00
1.368458298037211307e+00
-2.194291905008990184e+00
-2.252421211234405529e+00
7.058786746620629993e-01
1.314770357042172488e+00
-2.014908400171285585e+00
-2.449747282829867423e+00
-7.021265606015013816e+00
1.946337118100991637e+00
9.068984963325699145e-01
1.912664335674695959e+00
2.104520892522468767e+00
1.918108761546960972e+00
-1.963035491272155930e+00
2.437821841953215607e+00
1.832664529695399391e+00
-2.267498288128869000e+00
-2.067547570549535862e+00
-2.259067074144090803e+00
-2.222380994532079157e+00
-6.347931220954305953e-01
-1.728812065864377079e+00
-2.026190626129829919e+00
1.873324791295100100e+00
8.280541948068576019e-02
3.631587247549979747e+00
-1.659097728303306485e-01
3.109937175188809189e+00
3.187257502347474514e+00
2.734021929113235050e-01
2.068400032076410433e+00
2.161174886343797841e+00
2.082435511784936910e+00
-8.900347013085416759e-01
-1.766943670856498949e+00
-1.766637639063167065e+00
2.009145443675302012e+00
-2.083523985467463646e+00
1.872884521462244267e+00
-3.135377937241823343e+00
7.214149750896525770e-02
2.079085923979588468e+00
-8.011571252506275442e-01
2.037311538926954935e+00
-1.335303684395967583e+00
2.106003202521979922e+00
1.934698571194037875e+00
-1.933845194090059394e+00
-2.258840509766917748e+00
1.083943008030109567e+00
-1.076570834291660672e+00
1.871274142860410272e+00
-9.431552127401348073e-01
-3.806265111115293698e-02
2.065984473456291326e+00
-2.811229312509012424e+00
6.479445620366480085e+00
1.260286613353825746e+00
-4.613543828981835127e+00
1.919545256033970748e+00
-1.145721719448996812e+00
-1.362754898565414763e+00
1.975923830150043248e+00
1.570065576821968012e+00
2.437161388258260342e+00
8.006000341666635878e-01
-7.969639440102933570e-01
-4.257268705912442108e+00
1.821299840269755999e+00
3.924046934257256147e+00
1.527855432932857749e+00
6.075524545850697899e-01
2.060675388506575612e+00
2.035705731554013465e+00
2.014489126536930019e+00
4.824964674875557163e-02
-2.244769128614000131e+00
3.558483726243414136e+00
2.465395180359562843e+00
1.976490035480287233e+00
2.027637678587075776e+00
2.133072406244920671e+00
1.882477665549502133e+00
2.025779568538241371e+00
2.066444587027795432e+00
-2.079874380998068428e+00
1.868938300273797815e+00
5.426246114973655388e+00
2.250424989150847377e-01
1.988092647086331599e+00
-2.837021111398172479e+00
1.925417936628724958e+00
1.951569857390538676e+00
-2.263580517564280470e+00
-1.945457082720734920e+00
-2.485001350556655275e+00
7.428940702506273142e-02
2.201681700686009435e+00
2.054219249355678123e+00
-2.225273272710794448e+00
4.115010089513497782e+00
2.643862151549453365e+00
2.029462755951900732e+00
2.148225714266119191e+00
4.787458174756691776e+00
-1.775015950319817293e+00
1.903384403798915825e+00
1.989611715106238687e+00
2.091696568661616240e+00
-6.869628040971670124e+00
-1.994890692455895786e+00
6.941934111440437150e+00
3.663281086150990795e+00
2.112427008998288169e+00
1.977320814455343356e+00
1.996845769030391793e+00
-1.997193871556644629e+00
-2.085066099403526607e+00
-2.080858862385634112e+00
1.372578096403516357e+00
3.698745941403547288e-01
-6.997231152704156409e-01
-3.289424918914686469e+00
1.952572164866626103e+00
-4.430479765380791690e+00
2.166496234016503486e+00
3.711396526653694128e-01
-3.364603414263258152e+00
2.028699222774940303e+00
1.523549745814038570e+00
-1.341779463067421130e+00
4.441387871925373432e+00
-1.971331138947103767e+00
-2.018969208109027136e+00
1.892371222488685278e+00
-1.966038804959626018e+00
2.088466312966271499e+00
2.142938349207758275e+00
1.923067185537629786e+00
2.085376167931663360e+00
-1.927380973168512757e+00
4.343971710959102950e+00
-1.985574785385204821e+00
1.998872490685958958e+00
1.905102324348344256e+00
2.074621468162984428e+00
2.053052887228944634e+00
1.980104048290734831e+00
3.181988978239030708e+00
1.680167314996365180e+00
-3.020811594443413739e+00
-6.758538306914506633e-01
7.023421788065173921e+00
-2.169741319670861479e+00
1.903506075655027052e+00
-3.615538513930285802e+00
-1.356334332145163191e-01
-2.049735112641200008e+00
5.297651016448352568e-01
-1.926276931050808328e+00
2.032258441399068971e+00
-1.537586869474404150e+00
1.985276496292762483e+00
-5.410273376963973924e+00
1.955107870618953081e+00
1.885602336221995801e+00
-2.151233280978326778e+00
-1.995297351079930781e+00
-2.087844042239108244e+00
2.060761209917736370e+00
6.078374578711683851e-01
-5.121392376143466763e+00
3.782311607130623976e+00
-5.926943551769513485e-01
-2.769669836372877114e+00
2.022202578067436640e+00
3.328988892669403121e+00
-2.023155556579794290e+00
2.076979182644378863e+00
1.330818772413673301e+00
2.061569940703321446e+00
-8.393083407371374483e-01
1.954439693357636676e+00
-2.425059915921038423e-01
2.114731867943570265e+00
-6.129285418268241692e+00
4.013667667046969534e+00
-4.502495300860998917e+00
2.079094551974518534e+00
1.791986440065424846e+00
1.961550291859896156e+00
2.003702833057516841e+00
2.104732808604622640e+00
-2.235233007922294846e-01
-2.125546395951587009e+00
2.166321802570633448e+00
1.993984807492354516e+00
1.872851003713223994e+00
-2.504509570616145098e+00
2.150152013844244703e+00
1.900066836112147772e+00
2.067134667067749731e+00
-1.996701943602447349e+00
6.510633682749081275e-02
-2.643877343243725253e+00
-2.021044685828321086e+00
1.998927157984717207e+00
2.207680001623974597e+00
-2.012954053811884858e+00
2.036133628084968450e+00
2.016338512252034754e+00
-3.760471796492125485e+00
-3.295969246290991528e+00
1.899799169449223779e+00
4.641402697902837216e-01
-7.592602867484391282e+00
-5.944419676673409203e-01
3.726983863280778131e+00
2.242800359245245456e+00
1.865846528560495488e+00
-1.952472233850697236e+00
1.974417773858462732e+00
2.031029813412549512e+00
-2.464200209323029189e-01
6.899088321511578359e-01
4.184404755566095008e-02
-1.886146353803033637e+00
1.911907966785259871e+00
1.956637859315782269e+00
-7.405174694351270404e+00
-2.097369195316771684e+00
2.017167231080351009e+00
3.062219699280935181e+00
-5.705773271113323553e-01
1.743129099868195864e-02
1.844026759613835109e+00
2.051047229723205856e+00
-2.168114703535496623e+00
-3.607154906025340058e+00
1.875251006022805145e+00
-1.296194057817621204e-01
2.643013187649585927e+00
-2.460535614528409631e+00
2.221521247836606872e+00
-3.742665643093726069e-01
-3.290528273675805693e+00
1.959974225671160752e+00
1.971746939215209826e+00
1.960660579530067560e+00
1.107097042817310584e+00
5.542518134436760668e+00
1.378936526444464850e+00
-4.872163498913185897e+00
1.692387905859807695e+00
3.773290606668742164e+00
1.967976760737912834e+00
2.711161543828039200e+00
2.428670678974676811e+00
1.947413487028882395e+00
-2.167068416937543596e+00
2.149687625556514270e+00
1.976215926884793639e+00
-1.706010339702050960e-01
-1.001212421625905513e+00
-4.038298763022182492e+00
1.091432973931272254e+00
-7.783215604904927254e-01
-2.157252397664080501e+00
-2.020319626321861239e+00
2.107157990797355218e+00
1.845300757720537810e+00
-1.395576188009892693e+00
-4.319288703896558168e+00
2.830330710993453458e+00
2.019248857018488774e+00
2.545747596638135324e+00
2.129761968211167034e+00
2.028596133131312040e+00
1.976111911910155561e+00
7.525390883315636437e+00
1.978521686603740948e+00
-2.900956897237391807e+00
-6.339139152100412566e-01
2.043354409445028885e+00
2.044530493387226144e+00
-1.931849381505339469e+00
1.964477374197336923e+00
3.492953436616674789e-01
6.905910981495838596e-01
-1.025258371248314593e-01
1.823401607115698653e+00
1.305692876184782580e+00
4.416091514403193585e+00
2.058931412981663378e+00
1.936716725713276466e+00
2.090711310034676362e+00
1.992987147337197840e+00
8.457149714064789991e-01
2.264242548335837935e+00
-3.092649331272101065e+00
1.827246680192324613e+00
2.008653623555955114e+00
2.068500890638486744e+00
-1.980495958336720763e+00
2.026697666934557329e+00
-3.765170377712847127e+00
2.353321574606229039e+00
2.217805230531766369e+00
1.938694535999504032e+00
-2.123488503117899828e+00
-2.036009641104480128e+00
1.402416340429396557e+00
2.287020206421476409e+00
2.080771571344141257e+00
2.028531770675839674e+00
-4.081120283930574910e-01
-6.252096536118774139e+00
-3.648735595400236953e+00
-2.448644119051612389e+00
2.061886047661950272e+00
2.019553242115429192e+00
-1.093443318197804714e+00
-1.646714608515816636e+00
-8.724558669210674688e-01
1.828606919728601454e+00
-1.517227127868138403e+00
-1.999374436028208191e+00
1.983190779677400206e+00
-1.212192277137126961e+00
1.807270858716134798e+00
2.038482582806473875e+00
1.968120700740194629e+00
2.989963868296027449e+00
-5.535679825120577019e-02
1.956058302684367867e+00
-1.584798377549392345e+00
-2.535426976674364674e+00
7.712719048919236542e-02
9.090165957276509223e-01
1.933916633553977471e+00
3.109168656301258271e-01
1.918636937771428741e+00
3.333668639855561278e+00
1.884601616179972794e+00
-1.292593563689141911e+00
-2.187440550561736696e+00
2.184734684863658849e+00
-1.971967672057171495e+00
-1.774838572972736728e+00
-4.463451510327385741e+00
-9.011281083105494583e-01
-1.966126814945700518e+00
2.161012622630388069e+00
2.001184202890972763e+00
1.509614627132053188e+00
1.850608597730581950e+00
-1.846540669153126313e+00
-1.181711479281697397e+00
2.044744630704612653e+00
2.041950433899891504e+00
2.229064316821244951e+00
-7.122026925957559984e-02
-4.615883980106011641e+00
1.980576130284243286e+00
1.534339273405169735e+00
1.955291866956527791e+00
-1.893974716225158117e+00
2.007909561058280445e+00
2.035701664698203572e+00
5.551739759864512180e+00
1.470972586123028947e+00
1.462392968928782011e+00
-1.978626660607360810e+00
-1.846253598851722355e+00
1.968448910081612713e+00
1.950695779309586264e+00
-5.568278530324459741e-01
-2.305057997909109258e+00
2.061988131943463198e+00
-3.691974082331875628e+00
-3.751677863551522663e+00
-1.934314928129007072e+00
-1.974929998230789963e+00
-1.852037823230908486e+00
2.336222721296591587e+00
6.104182878555266534e+00
1.983569745830648046e+00
1.814235610694377332e+00
9.638456731212730055e-01
1.905254983933788449e+00
2.081915384350150333e+00
8.334444666191166418e-01
5.525469836494044662e-01
1.810732400949637499e+00
7.884837616642492719e-01
1.877726866987081467e+00
2.655199955136012591e+00
2.133458089054418139e+00
-6.196973062562157741e-01
1.956843461217590896e+00
-4.481961733630920541e+00
-3.008147143882675678e-01
-3.316591857083978745e+00
2.848414129553680230e-01
1.860147026089674860e+00
3.940797782061054466e+00
1.985608540346881057e+00
6.172320493554712684e+00
2.011772940460117898e+00
-1.136352267551020478e+00
1.403664591279019991e+00
1.947123977362794411e+00
-2.318943065970892059e-01
8.327188258850064528e-01
-1.973006264570553170e-01
1.906416585734052926e+00
-6.719420552101192712e+00
-7.321334191898569710e-01
3.389390006088683904e+00
1.673799993885238369e+00
2.045152335078903594e+00
2.210698688169529191e+00
-1.445812547688868133e+00
-5.944257280249257702e-01
4.474603493307239277e-01
2.054953538021450754e+00
2.992322454039261004e+00
1.022944073635353002e+00
1.917199626948956404e+00
1.473496055866608812e+00
-2.720990936367376989e+00
-3.150620222715365237e+00
1.666270190919978855e+00
1.910326064273401014e+00
2.025436595915982352e+00
1.958566520719793536e+00
-6.316435733304629707e+00
1.282284831183315155e-01
1.424093164239608855e+00
1.982525198770675345e+00
-2.563604406270261649e+00
-3.584857722688693515e-01
2.121093150468893462e+00
8.962048208400390514e-01
1.002258864562207696e+00
-1.428599635777475285e+00
1.319158916960118555e+00
-1.781382584121001145e+00
-5.773145513757025782e+00
-1.306691749505985101e+00
2.148159211834756999e+00
-1.337734687047808402e+00
2.211852887623901420e+00
-3.007547528187826114e-01
1.902778017776065145e+00
-5.963147132675385542e+00
3.561296272631413906e+00
2.002334501872983008e+00
8.562758323880143019e-01
2.013043430627053709e+00
2.602490286051522883e+00
2.117461920884838200e+00
3.829494814069825948e-01
2.036640019727541162e+00
-9.652261737774547878e-02
-1.827628971755680398e-01
1.835019386264790775e+00
-3.872847980698436832e+00
2.301587123116361155e+00
2.127090856263455176e+00
-5.838236363999442347e+00
1.969622645544563566e+00
2.018537889173936950e+00
-3.167563644822375402e+00
-1.965517855059292218e-01
2.054555529034179706e+00
-9.757038147691687868e-01
1.912628983945499517e+00
2.241081029121171575e+00
2.154657571960550300e+00
2.054895471251378503e+00
1.943143213567460004e+00
2.053949278337463991e+00
1.985163413465324211e+00
2.492607260015686776e-01
4.680219641460955593e+00
1.917062617215623321e+00
-1.891756964391700713e+00
1.960023621241195002e+00
1.898729444841450009e+00
-1.900380060088348477e+00
-3.212099603353846256e+00
-5.071881002161588547e+00
1.803624409872579104e+00
1.721675473450458238e+00
1.894833199339062357e+00
5.581896506792096702e-01
-1.871528419360697804e+00
-2.425554094024899854e+00
1.711347376160057276e+00
1.876163711151660918e+00
3.552880275945492272e+00
-1.414481280216084436e+00
-2.804356749997891640e+00
1.991043418515227259e+00
1.939194548484900249e+00
3.375678646991099541e+00
6.842340764045315993e-01
2.219874377956406519e+00
1.886066057938683649e+00
-8.236594934035348370e-01
1.950630110320617838e+00
2.253261115080931631e+00
-1.258541445678009074e+00
2.485761972067669134e+00
-7.224042802881445624e+00
-1.003699149215314446e+00
-1.747454933083952389e+00
-1.764875843439786540e-01
-5.095107860317991122e-01
1.397952986177826595e+00
2.038843291698650084e+00
2.138218822752762094e+00
2.006679326077546843e+00
1.508581800734880130e+00
-5.001120822261571897e-02
2.045779128296744354e+00
-2.127035311988619171e+00
-7.646954357711788219e-01
2.328231619283673837e+00
1.922251641043969839e+00
-1.394851089346758499e+00
-5.984498232998084477e-01
-1.793542073323093344e-01
-1.999802994026670611e+00
-6.021054548850350852e-01
1.847990065748435606e+00
1.978592033127443361e+00
1.724490527555685215e+00
-2.067499788745547296e+00
1.161307127819482421e+00
2.671623082069458199e+00
-1.286686362948918361e-01
1.956071203104184031e+00
2.327848733915842239e+00
2.095599313012271647e+00
1.959118484710112851e+00
-2.184994460501266667e-01
2.042537819726272463e+00
6.814178863242649209e-01
-4.536268490356627048e+00
1.865156790027336253e+00
-7.484648970277199553e-02
-4.957477770693197172e+00
1.244058046558722985e+00
1.975759243830855993e+00
1.870263211212551013e+00
1.930076178622571748e+00
8.995393398581469357e-01
2.078930768300736975e+00
-2.552225777472391322e+00
1.928843209369189404e+00
2.662789950872851197e+00
3.605169852712156509e+00
-5.211829057675276822e+00
-2.812629675876622826e-01
-1.194279061257350893e-01
2.114450220768000932e+00
2.029313055206917848e+00
-9.174262803200087246e-01
1.790879423380647428e-01
1.924865489265466190e+00
-2.802547386437948429e+00
2.104685517031796405e+00
-1.981074090602183091e+00
2.092287983631313075e+00
-3.538772407895772965e+00
2.224986245560182319e+00
-2.312569719838417193e+00
-2.055053686361325571e+00
6.641473752450881562e+00
2.103784411003065014e+00
-1.483052596356249087e+00
-1.859625235535828036e+00
-3.694503568995483045e-01
2.198935649632328015e+00
4.289504252317549060e+00
2.152962757539585326e+00
-3.596681899465196952e-02
-1.859655764213281159e+00
5.011759679369987008e-01
-5.338391836427264892e+00
-2.116286330639300051e+00
1.950957558939526937e+00
-4.192999978844823561e-01
-1.862235756208257653e+00
-2.098286638218440636e+00
-3.805501357596420275e-01
-2.348956844009391642e-01
1.880475317350909226e+00
3.799767209995428274e+00
1.259952976425020132e+00
2.053161521667835832e+00
-1.553920658250279141e+00
-4.804548717369668820e-01
2.057953863572751896e+00
3.619375620687288464e-01
1.988300090890388061e+00
3.754359445441229681e+00
2.090783494163537259e+00
3.711950302843804561e+00
2.206085267890759205e+00
2.068854704751232010e+00
3.502910502371432422e+00
7.131572767840793858e+00
6.475503148689804034e-01
1.892828754316288054e+00
-1.814232535013778069e-01
3.720356455190025002e+00
-5.261535528849761167e-01
1.839098828251892082e+00
1.913201988707554424e+00
3.548355521814829494e+00
1.675744965194698732e+00
2.259902363825923022e+00
-7.832434458263543009e-02
3.703827157328656861e-01
-1.456776352802950925e+00
2.074563659688966943e+00
1.863467165619088650e+00
-6.287206981384082738e+00
1.849774496413526537e+00
1.997514206214123345e+00
1.390347814453753106e+00
-1.846523660852212423e+00
1.615567763908710264e+00
1.772270359608740131e+00
4.673552899253556880e+00
-3.518231924939115185e+00
1.055401682220159731e+00
-5.482164715700205804e+00
3.080507553950639910e+00
9.091755632472733328e-01
-4.191248969889060483e+00
2.798200958972625330e+00
-4.020886628623734360e-01
2.409750806504955545e+00
-1.052914487500826446e-01
1.854525652981964257e+00
1.960351310488525955e+00
1.854082196083730150e+00
2.018009189358188848e+00
-4.759467576301876335e+00
1.940861293677138333e+00
1.077243270263095187e+00
-1.928289503912244074e+00
2.190251601415180271e+00
4.255990345537339903e-01
5.792737359908413097e+00
4.248276655973291405e+00
6.515586460518818512e-01
-5.456836897215029403e+00
2.020205690616000638e+00
-8.417975928188153878e-02
-3.305573500240576834e+00
2.075647613382181955e+00
-6.097177854355511073e-01
-2.612031879430274817e+00
1.055210549551402588e+00
2.010480176075888359e+00
2.026727563570430490e+00
2.143131521955971230e+00
3.536039526176660619e+00
2.559127129100214670e+00
2.319327671684743741e+00
2.023157562248887320e+00
1.195485098730862727e+00
2.071502244793105518e+00
3.696384078725653555e-01
2.049932306806455440e+00
1.977831841999095452e+00
3.286263694727101559e+00
1.986887750032784838e+00
1.970686095836005070e+00
-1.791875380028026044e+00
2.737552738513497452e+00
-6.589795765194605970e+00
1.010898454694062698e+00
2.095070253811758931e+00
4.782616066246712094e+00
-3.024082391637846534e+00
-2.605740818584189711e+00
1.979579932441709378e+00
-2.018777155706454884e+00
-2.012204183578282013e+00
2.042781831109148349e+00
-2.717199389497992446e+00
1.275959826378121553e+00
-8.062193332436672577e+00
3.379586023047711940e+00
3.621978341267587886e+00
5.536817184875835629e+00
1.930279926538866153e+00
-3.429028293506275915e+00
4.031029715675364500e+00
2.086052759126841405e+00
6.501294520672667332e+00
1.973793960720843232e+00
3.497082724908907814e+00
4.432262750027043730e+00
2.029133154932210026e+00
-3.086573276858087134e+00
-1.163953458555006870e+00
-4.178642541129245380e+00
-1.998203201662626105e+00
-1.353907703596774370e+00
2.044939457155503515e+00
-5.295903185998849239e-01
-5.015139311823000767e+00
1.739452615146531267e+00
-2.177847563537039122e+00
-2.150038274115849024e+00
-1.012997049138572470e+00
-2.805017793410442994e+00
-1.576353821007185463e+00
1.917080879957318018e+00
-1.950148683492846535e+00
2.013485563857474236e+00
1.789054096731141241e+00
-1.942559573872759682e+00
-1.773456439210748248e-01
-2.145089432189136502e+00
-1.014220678034860157e+00
-2.088627860753957233e+00
1.900581772350453891e+00
1.913979544467837357e+00
-3.674589203210176791e+00
-8.394588016642217099e-01
2.594409050953626839e+00
-5.430459245086938225e+00
-5.672948960142405461e-01
1.937568727593321993e+00
-1.923076917293787380e+00
-1.761001059723469098e+00
1.914304162557086464e+00
-1.605840840308315087e+00
-2.682558632516709451e+00
-4.072299081248012875e+00
-1.539761625574366022e+00
2.013180274944630810e+00
2.017645116134232364e+00
2.005252618891807614e+00
1.906457899763903452e+00
-1.437457939904796866e+00
5.459480584485751464e+00
2.003577556513724822e+00
2.098345664294661184e+00
-2.174782407639708648e+00
-1.891065122214661942e+00
-6.746998148503697834e-01
-2.544368885773212074e+00
2.002780232569852714e+00
-8.050710377998871792e+00
-9.292204266891303632e+00
1.955139842903154346e+00
1.428114318970869823e+00
-2.194172349511428255e+00
2.050097834802685703e+00
1.494677265418833834e+00
1.393722749504707092e+00
2.137970917408293481e+00
-2.052693955028163320e+00
1.972091625243051594e+00
1.849349155908415643e+00
-8.140301609209272815e-01
1.971593735135402259e+00
2.142463795068459742e+00
1.823755882609428003e+00
2.139816944806360866e+00
2.192994030167572106e+00
2.865271688827098373e+00
-2.280597253905367605e+00
2.242770696421420296e-01
9.408168870014300966e-02
2.047907311353582838e+00
1.960605627382274507e+00
-1.919311430690193054e+00
-7.708461760457803180e+00
-1.958772369957000992e+00
2.032477040154709869e+00
1.832635543387033161e+00
1.864374432103615087e+00
-2.647573964836897886e+00
1.775407254078112507e+00
-1.957891691485964536e+00
-2.074426949835236123e+00
3.076351241217373023e+00
6.212631880528927120e-01
1.004397756082359372e+00
1.851162773056841182e+00
-1.961417037239219674e+00
2.026108364440969645e+00
2.050346726925159846e+00
-7.431292678458607526e+00
4.570506120576441234e+00
-1.356108557751430022e+00
2.063231379257867371e+00
-3.288071636907085704e+00
-5.361123029308711097e+00
2.170176428926180456e+00
1.842961571486136929e+00
1.998059353004795646e+00
3.482891016674727336e-01
-1.561085009154274506e+00
-3.266903654759550690e+00
-2.183893941806495320e+00
2.115345298586221112e+00
-1.702078091031788754e+00
2.058532496538564960e+00
6.842721464499303075e+00
2.636683887466861886e+00
-1.933815864806339269e+00
1.852572732284829549e+00
1.978646124515974769e+00
1.992150491988568417e+00
1.947685150949669541e+00
2.098047255903278341e+00
2.011535543740686993e+00
8.664292309700623029e-01
-2.123871337120455838e+00
5.799030795091603130e-01
8.059020413450617148e-01
2.197193923499481727e+00
2.104028781145709015e+00
-1.185993803880473596e+00
-7.736731295172756540e-02
1.972086316525935912e+00
-1.798466310972452797e+00
1.966697121570506024e+00
-5.050643460786907291e+00
2.128922908174120998e+00
-3.296789239481932587e-01
-7.498729260411904463e+00
1.977147963601984415e+00
2.016741203249978742e+00
3.634013054546644472e+00
2.054944139947170623e+00
1.971854481043092688e+00
1.375406632326158785e-01
-1.975656879923373577e+00
2.136996688875892669e+00
-4.644564704760494322e-01
2.837196265273085771e+00
2.056273961271176898e+00
3.785110255509819943e+00
2.240016102869585080e+00
-1.979302088519063529e+00
-2.304470664972745553e+00
2.075286863832993767e+00
8.613804979225291092e+00
-1.699950208346435065e+00
-4.190812392074020565e+00
-6.712171141947265163e-01
2.048533340467361352e+00
2.834149264960971193e-01
-7.673821897319920149e-01
-2.159347148184828313e+00
1.965893204083852597e+00
1.997102616825457977e+00
1.935146310961057825e+00
9.705359067109393667e-01
4.875982618677521252e+00
3.882017063549946467e+00
1.613129934231826823e+00
2.198568582715125341e+00
-1.377044319821304708e+00
2.032272435278438039e+00
4.552471987294073763e+00
-3.841739688188785973e+00
1.875150730045676006e+00
2.002280608754162028e+00
2.138798878151509264e+00
-6.181094975484496601e+00
2.074860914441078119e+00
1.963326763204182868e+00
1.310676067467071215e+00
-3.231142404772567200e+00
3.357832241667983025e-02
1.878773294127767945e+00
1.854664131613246614e+00
-1.111775044946110746e+01
2.023402996007523935e+00
-1.654548329152021990e+00
1.897495538728450892e+00
1.955142449262869730e+00
5.644275092081210587e+00
1.990247033684954259e+00
9.401196890204093215e-01
1.940274196011068764e+00
-1.134094252975048622e+00
7.503727748649280382e-01
1.829681652055309193e+00
1.935711818539952445e+00
-1.473645154696729076e+00
1.950893484529244493e+00
-1.963288168161615443e+00
2.151836930923270330e+00
2.119032052479932204e+00
7.589116073373265436e-01
-1.916690010622613460e+00
1.563309322233958631e-01
2.970699602652864257e+00
-3.458339981225423188e+00
-2.222040326765185370e+00
3.206480466957438047e+00
2.073916439508527887e+00
4.006988976804944258e+00
1.342601078026384398e+00
2.019995795454733845e+00
1.809681584983308555e+00
4.428360125324849461e-01
-3.053717302943238288e+00
-1.820775728845426933e+00
1.892982133806000666e+00
-7.264617643185250495e-01
1.939266567346354275e+00
-2.098512594493668892e+00
1.980570194382820892e+00
2.052955432558193127e+00
1.502563827824862919e-01
-5.438399592532610072e-01
2.980069660793207120e+00
-1.012372484502114034e+00
2.055101033025679147e+00
1.927598733699853906e+00
3.449075540758316016e+00
1.959460426498712993e+00
2.207026224204253317e+00
6.874222789856940796e-01
-3.672319059756525839e-01
5.415920795373831143e-02
-4.623223781881345751e+00
1.896949979704961375e+00
3.381642932582693106e+00
-4.756033880260604363e+00
2.126923296150491804e+00
-2.591353334629844074e+00
2.203159429463898533e+00
1.936950415145456628e+00
-1.378383190479033349e-01
2.093338702347684599e+00
-1.341947419464584179e+00
2.069713472980345692e+00
-1.333896010402081167e+00
1.983736705179112381e+00
1.995942489956842980e+00
-1.986389943871633701e+00
-1.909011022046933181e+00
1.864797346798611200e+00
2.409452857507608403e+00
1.865004309575201802e+00
-9.325778724790032559e-01
2.319038639808101987e+00
3.460976436848310911e-01
-3.663759676444769298e+00
2.044444452536168022e+00
-8.486544641149192714e+00
1.696825877807040417e+00
-3.824801985745288624e-01
1.897599431043089035e+00
2.113792347503299140e+00
-1.384974645353749034e+00
1.869306886979552162e+00
-3.382667671945488230e+00
4.408159808837922577e-01
-2.028279159251634045e+00
1.844570423998285857e+00
1.999021553257560591e+00
2.120461166949751952e+00
2.109301328469514125e+00
-2.822559299625773122e+00
1.981585434539430146e+00
2.055234401449096637e+00
1.833477463621485892e+00
2.051735886563826661e+00
-2.605870782877733660e+00
1.699138065338787529e+00
-1.856498093883931944e+00
3.993191710502070890e+00
3.506177029367273379e-01
2.210122021087024713e+00
6.814247701550625591e-02
2.644432072702685321e+00
2.147864629357867372e+00
2.786340660678559900e+00
-1.772246792622051759e+00
-6.206003045802891194e+00
-2.635055670217774093e-01
2.022653276191926697e+00
4.829792823528821444e+00
1.877725408161304177e+00
-4.743099341363298471e+00
-1.946775337472600231e+00
2.106836676527346519e+00
2.075685218028626711e+00
1.294275372786682921e+00
8.086589192268992532e-01
-3.108145298972549764e+00
2.854455860022207858e+00
2.193042233473733393e+00
1.982703279535586338e+00
2.116627000797085323e+00
1.973586952261086713e+00
-3.091133707109032791e+00
-2.466595186830526476e+00
2.096548273919923489e+00
-1.292570436332931338e+00
2.356441565509456437e-01
-1.454162757951999119e+00
9.290347887523930925e-01
-1.992964805418713015e+00
3.110633643724197039e+00
2.921915780384170436e+00
2.127706063110520240e+00
1.913286940569125294e+00
-1.944840122416964467e+00
2.061527694821331025e+00
-3.570043986695110583e+00
6.351144772444914377e-01
-3.152834947586686365e+00
-2.112140735543517334e+00
-2.400683072114069283e-01
-6.868077408949739837e-01
-1.849681513384756171e+00
2.012149159823999334e+00
-5.539484802264605712e+00
1.871007921170008803e+00
1.028600351449065475e-01
2.078410102778589952e+00
6.599640503589877305e+00
-5.752195839570072522e+00
1.895553924187855621e+00
-2.827166855124434885e+00
1.923788586732667172e+00
-1.920182073742395801e+00
2.111386933341367733e+00
-1.948608652974365585e+00
5.927259517693199697e-01
9.843188504749000867e-01
1.906649506233591751e+00
2.196180761579228369e-01
1.853516512919430870e+00
1.865732877924529243e+00
7.348448842999432351e+00
1.933497361393752056e+00
2.266025249382288997e+00
-8.580001792287883511e-01
1.937047620418492322e+00
2.219738289627577021e+00
-1.030792685495532490e+00
-3.282274526636343559e+00
4.031754966640861859e+00
-4.907392974730707957e-02
3.759581311788161351e+00
1.793176676577073803e+00
3.604638037019491481e+00
7.295379449314487452e-01
1.995320982695526491e+00
3.857009532474951818e+00
-2.537247579282987164e+00
2.003392060007370024e+00
3.284905398804875087e+00
-2.589261575237078450e+00
2.124481906550487853e+00
1.740394055549150831e+00
2.043767047467865972e+00
-2.444601582179323218e-01
-2.136002924604496034e+00
1.878046974102770106e+00
2.113200740448189396e+00
2.121093771283556695e+00
2.133665166114134593e+00
-1.940570437703993401e+00
-2.572673688991321317e+00
4.717792365430225621e-01
-2.080414698386150452e+00
-2.671978286250902279e+00
-1.017691307320500060e+00
2.045327851057296531e+00
2.104907879782248248e+00
-1.805631473634151440e+00
2.039913497802271269e+00
3.219006394799273973e+00
1.833734653466151165e+00
-2.217774196063412528e+00
1.842976957632358248e+00
1.997491186451024525e+00
-2.588363910204177998e+00
1.903397692980976386e+00
-4.363168525832366029e+00
-1.895372501831406264e+00
-5.286199825493282489e+00
2.003494055727651713e+00
-7.502741209421914803e-01
-6.466822144725191679e-01
1.947028787998307697e+00
1.975156776214132881e+00
2.075072195229928251e+00
2.004560464704542522e+00
2.305537177081240952e+00
1.069485032002081004e+00
1.891627471707837405e+00
1.724171575151678182e+00
-2.805745506767086672e-01
-8.316048774223407936e-01
1.996199014653594395e+00
2.072445690525274831e+00
1.966976010416019216e+00
1.965146974416417835e+00
3.720142627607987418e+00
-1.417572109159249694e+00
-1.941058648551269528e+00
-2.158861350500643983e+00
1.963381940587131558e+00
2.196342812725452232e-01
2.036265494657764741e+00
3.251292127077115346e+00
1.899386698635540327e+00
2.257257221401490099e+00
2.037281702234450709e+00
1.998903984846956972e+00
-2.375233049951282815e+00
-4.928009843291510927e-01
1.284865256513013643e-01
2.002199132809130866e+00
-2.511473805509622181e+00
1.922768154114076644e+00
1.890388076146314045e-01
2.095506129773177850e+00
1.000356633571953813e+00
2.678638797821503381e+00
-1.974190719830027030e+00
2.164194393781421866e+00
1.246071277940353772e+00
-7.731490325320104162e+00
2.209072485986670331e-01
1.953691016914050671e+00
-1.277149745023912875e+00
-1.182202017294453622e+00
-2.481821505966516905e-01
2.013402827129697314e+00
2.055445417117028217e+00
2.156831139019973698e+00
5.896760606557200912e-01
2.083681326988679139e+00
-2.508967041867521175e+00
1.922456833641326135e+00
3.042897829251262287e+00
-2.504428238599055945e+00
2.126900017116971853e+00
1.492670854070312192e+00
-3.048050862857659915e+00
2.136860308561346677e+00
2.006576427881976432e+00
1.127536381995110970e+00
-1.931162448065201209e-01
-5.333904696191738015e-01
-1.625551067438651964e+00
1.842943454798490865e+00
3.071525894862451089e+00
1.817416323714209803e+00
1.496910212944492891e+00
-1.878884981090207740e+00
2.033346580311427676e+00
-2.342388999925017590e+00
-1.889788895285928083e+00
1.758034100911993303e+00
-7.678248736216606751e+00
2.165935596985534506e+00
-1.924657407499705819e-01
1.792862850899374028e+00
3.222608504467940338e-01
-2.942404103280859218e+00
-4.762879829266239540e+00
5.928948451312658907e-01
-1.867405060482429491e+00
2.920711215578497999e+00
1.804686534347512250e+00
-1.878780213734609683e+00
-1.073612351970540502e+00
-2.207996099252283795e+00
1.740640719904684275e+00
3.977440960944904624e+00
9.716687119733460332e-01
-3.142803652983668705e+00
-3.885251393917354079e+00
1.818401876944617745e+00
1.949642971402375080e+00
1.421810491507493057e-01
-1.340258193802392972e+00
-1.938452070993150533e+00
1.914033773545332773e+00
5.401785440898905222e+00
4.910317658218255055e-01
1.118324228264979903e+00
6.248454601422361865e-01
4.216993668062269940e-01
8.134203819597547458e-01
5.884460580184832645e-01
4.089769156062272870e+00
-2.230434284638491693e+00
4.502911095161407085e-01
3.942615049921558423e+00
-1.556687338844188750e-01
-5.020693632547271079e+00
-2.835648891486463263e+00
-1.203162470875049905e+00
1.997318826157584271e+00
-2.064087628734831537e+00
2.001294017617330390e+00
-5.698983671586014488e+00
2.020515412299165536e+00
1.893886144372712632e+00
3.775701292379575413e+00
-1.922339365391898092e+00
-3.523966083789538128e+00
-2.013418396940032939e-01
2.158491772032285816e+00
4.039569829401760792e+00
2.011914251485136695e+00
-1.763084268102516283e+00
-3.190444187006402199e+00
-3.783813964362303217e+00
-1.915439510696347991e+00
1.874385957842310324e+00
1.842262769958331381e+00
2.113046555504386248e+00
2.094472678902359775e+00
2.048125946847501488e+00
1.029916935330622119e+00
-1.091306605908468397e+00
1.173310684606218457e+00
2.011685616374871532e+00
1.991862219705438974e+00
7.454129863652240173e-01
1.921613796258352602e+00
3.960361482034828740e+00
1.066765929014070746e+00
-2.095650070801986065e+00
2.155328471516545719e+00
1.992191594293611701e+00
-1.442174909880059808e+00
3.123448524481611699e+00
2.017976748280666310e+00
1.889724853896050938e+00
1.957163375115691606e+00
1.943877350217714683e+00
-3.135665424513203625e+00
-7.764276783678967231e-01
1.947092787202831188e+00
-2.434389748702956435e+00
-1.710933316386617609e+00
-3.407864080523943517e-01
8.841043404481704338e-01
8.167310543761181485e-01
-2.774245548562705999e+00
-1.384558293541247931e+00
2.897897703895617738e-01
2.571179253409464405e+00
2.085585699836586482e+00
2.078138639256019271e+00
6.244787332942996372e+00
-2.733032910952135186e+00
2.008264090253819134e+00
-5.247547127388507704e+00
1.878888068374914955e+00
1.920935456877963743e+00
-3.944242931472524916e+00
1.979962439244674854e+00
-2.102050858278141643e+00
2.218780187213212240e+00
2.679522984834329602e+00
2.052565131727585257e+00
1.853827023211064517e+00
-1.516246308458190972e+00
2.068272472160748165e+00
-1.868057497448456505e+00
-8.614142790516334802e-01
1.873393885755828325e+00
2.076252791510619922e+00
1.043367292907296573e+00
2.002166823302334642e+00
2.002041098904938199e+00
2.098833889189101853e+00
1.970599352480855160e+00
-3.408181050147915947e+00
2.116875588786508278e+00
2.067358090283688554e+00
1.898041960344773571e+00
2.095614319352731680e+00
1.068216238933243245e+00
1.508336563462821633e+00
3.359628353233528486e+00
-1.303400825718429967e+00
2.137569122969384061e+00
2.304649658356724196e+00
-2.105515792172870881e+00
2.344609238916278038e+00
-1.961003522339779703e+00
1.978876902309194108e+00
2.607670345490734620e-01
-1.936825782328351453e+00
-1.950456363682513405e+00
1.858990007621158069e+00
-3.144875492585929244e+00
2.083613603594877794e+00
-7.044236627001538853e-01
1.964282367664901940e+00
5.017328572382394825e+00
2.018018426614392791e+00
-2.090272789702017686e+00
-2.752650711189994048e+00
1.924377669369373267e+00
1.958018313659712240e+00
-1.023926404029842141e+00
-1.960169791370846459e+00
2.079289320594855717e+00
9.434132307500804338e-01
-4.578831225608772648e+00
1.674947718439892208e+00
2.143230401513886108e+00
1.963103278990632639e+00
-4.535462952594824237e+00
1.833974584364755689e+00
3.113008024402001084e+00
2.044784306240519545e+00
1.952301775629085245e+00
1.174914974302665449e+00
2.004209952262945738e+00
-1.487034970735283679e+00
-1.224324646621085977e+00
-4.667417412688717349e+00
1.098352383509037855e+00
-4.252870350595701510e+00
1.948457936101237742e+00
1.944647531724152945e+00
4.377714782658790327e+00
5.614099672250554701e-02
8.086839163888519977e+00
-3.321922535138035038e+00
-3.798387866481603758e+00
-7.561685712647713276e-01
5.411974672532537056e+00
-1.995371321615640126e+00
-9.868603266204518665e-01
-1.680086946669550274e+00
1.964903719865292553e+00
1.337966616148913435e+00
1.993423387601873431e+00
-2.130863233521588018e+00
2.018489367596787432e+00
1.868567027807678915e+00
1.960992384405474853e+00
-2.299846592862646144e+00
2.012484310142643285e+00
-1.801254345691485126e+00
1.974762613230315100e+00
-8.381938392284036254e+00
2.060593237751140006e+00
4.364212262586807944e-01
-1.971578359872447006e+00
2.009536130861160341e+00
1.926809147025856372e+00
2.886278429987583771e-01
3.694369146001045046e+00
2.015741748470701644e+00
2.029352266850242614e+00
2.009081364022486493e+00
-1.985702124883203190e+00
1.821522697546733793e+00
2.157844105834711534e+00
2.123868360308134307e+00
-3.333339257197381889e-01
1.993500401082824336e+00
2.078918957756738184e+00
-2.095929287811964414e+00
-1.830955691001860508e+00
2.057444420023408771e+00
2.143375054899966603e+00
2.042050526616921768e+00
-2.680350649145786690e+00
1.934958797624099391e+00
6.622233737296732148e-01
-7.987559271976616415e-01
1.834114868293328371e+00
-2.774735939863680834e+00
-2.008533026646504904e+00
3.892852099069854077e+00
4.958666464947585339e+00
1.514381909129742243e-01
4.734941833830379920e+00
2.026065086377004665e+00
2.169140339048656330e+00
-3.487215602532882208e+00
3.682981418110708449e-01
1.990151106461785169e+00
2.075065520710639433e+00
1.944242272357591172e+00
6.754617704377881005e-01
5.173197585562564704e+00
3.240622791981929041e+00
-1.277978488090598885e+00
1.897538233677555253e+00
3.091363760063508437e+00
1.849295944059595964e+00
1.895518570418857962e+00
1.954317854576588687e+00
2.012480655778943195e+00
-1.438157216266858551e+00
-2.774128684856349558e+00
-1.943362113834186555e+00
1.633259912165839545e+00
-1.302522959614713205e+00
2.220626640576171429e+00
2.121888553892207874e+00
5.734538472420953187e-02
2.058742579108643334e+00
1.337645938979636906e+00
-2.141371419574106039e+00
1.976295187025961742e+00
7.514588861723753510e+00
-1.909848672763308386e+00
1.944986928346183142e+00
-2.196998711925697734e+00
2.011338217392685479e+00
1.781746820844238632e+00
3.561335091192213476e+00
2.026332873599202333e+00
1.974419719823939712e+00
-2.959286935925079298e+00
2.037612075488522745e+00
2.045929567855607534e+00
-4.561176999885920402e+00
1.905123700093321215e+00
-2.136375692220775946e+00
-2.074337722140858098e+00
-8.122987521828948232e-01
-2.919242352180158928e+00
-2.858310688143382627e+00
5.480121856665228774e-01
-2.640846534061798700e-01
1.860350442041475372e+00
1.777912383409844477e+00
1.906682165054564226e+00
-1.747176111368419216e+00
-1.105339490873954000e+00
1.872679157930564608e+00
1.594181447297586596e+00
2.162380344434155610e+00
-3.273542317345515595e+00
3.655447233835380061e+00
1.629917474847628611e+00
-1.716858337606936846e+00
-9.445946624327103969e-01
2.041733766747473311e+00
3.425741463065883341e-01
2.105558290931144327e+00
-3.271434297606217179e+00
-1.395589118289706887e+00
2.102221869007867117e+00
1.872484619661249017e+00
2.042852497074816309e+00
-2.351085144839793750e-01
4.498363387392693369e+00
-3.151542980235762403e+00
2.018766610588847321e+00
-4.952555194307981523e-01
2.151246086118785872e+00
2.510593278082718705e+00
-3.485656918803980986e+00
-3.437488715372983616e+00
2.036651309469634796e+00
2.067546456434341096e+00
2.220601669073185569e+00
-6.528459961842177084e-02
-1.982468629871951160e+00
1.846742944901824224e+00
1.933141637955650749e+00
-9.339506007083300254e-01
1.111850821646677978e-01
2.003499971372682431e+00
-2.777226897723308330e+00
1.974321346425189416e+00
-1.303550496234676892e+00
-2.405188993655821061e+00
1.912272989137975276e+00
1.968112197204299640e+00
2.007947786110806376e+00
-1.838405069100697453e+00
-2.369612306983683858e+00
2.042123795158933053e+00
2.021671997378456265e+00
1.957231839569269161e+00
-6.892314258466891719e-01
-1.499756721751384081e+00
-2.144961502944843446e+00
4.089314952617432830e+00
-8.359907162527713265e-01
2.864702092021792712e+00
-2.067972905604525735e+00
4.147199950315145323e+00
3.961315571190927032e-01
1.971477663032147554e+00
-1.329366652420731043e+00
5.253482825518647203e-01
-1.786434505720075006e+00
-1.342303354566820150e+00
2.001124092023908396e+00
1.970322438781977548e+00
-1.459373994243006734e-01
1.906271252583468856e+00
2.097576529910473386e+00
-3.547068631096574443e+00
1.250541513593116383e+00
2.057583720012417849e+00
4.237990535385390833e-01
2.047917684865490973e+00
5.064962907131770997e+00
1.969766045053729542e+00
-3.922029292137341749e-01
4.038953593590660418e+00
-2.075075140453364941e+00
1.981319343389813303e+00
2.255467421629151037e+00
-1.381888538088342555e+00
-3.591049378909112466e+00
-1.117301676675785505e+00
2.710757425335932780e+00
2.039230071057941185e+00
-4.713828951815226986e+00
4.286030871537989118e-01
-1.107772957933383096e-01
3.272275030118927397e+00
-1.604218950292369605e+00
1.326789982587030403e+00
1.956380118968682691e+00
2.003428863168506879e+00
-4.008636191615183364e+00
1.055997858751599010e-02
-3.129766286620838223e+00
2.135994359665911446e+00
5.296484735351032924e+00
2.096854701612801630e+00
1.991188853215676513e+00
1.860365381903418047e+00
7.534371759462960005e-01
2.003600579293197459e+00
-9.759556663179405067e-01
1.937314880325634592e+00
-2.149295254804890920e+00
1.996087019250043948e+00
2.151387656822687955e+00
1.846750975711036302e+00
2.216707519290627704e-01
3.425926258277734782e+00
2.081084910884607009e+00
8.281546538093595977e-01
-1.951224562591215905e+00
-1.726571767802601354e+00
-1.997555684770448536e+00
2.006966891873474879e+00
-7.370684110677000689e+00
1.942353085142163760e+00
-2.705359636955045666e+00
3.991470674739360902e+00
-5.930270871037219393e+00
4.674303637176951298e+00
2.990407153081520608e+00
2.037038759739498772e+00
2.092243673703526152e+00
3.545892759130598648e+00
-3.760190557243115794e+00
1.885003688344074391e+00
-1.441577259610365092e+00
-8.856508878360134229e-01
-5.012318366040915407e+00
2.043200336331084443e+00
1.891557386639442617e+00
-2.282058896261359937e+00
3.990629486690229655e+00
2.850963662912032737e-01
2.441852116159108022e+00
-4.222310031394114205e+00
-8.617187290071104400e-01
2.083442763925077212e+00
-2.379788354781322557e+00
2.070900897883563463e+00
2.372405678424389208e+00
1.966373595397442831e+00
1.994836650226954777e+00
2.042315152584832205e+00
-2.009293039159377958e+00
-3.034728447222954983e+00
-2.150892891430093101e+00
-3.194087835992383440e+00
2.057094675143067430e+00
3.462334501666506803e+00
1.857565690985163664e+00
1.985364220536755431e+00
-2.524248735235524510e+00
-2.476364442158255130e+00
2.069424340147907770e+00
1.826549556421383835e+00
1.967294963280354470e+00
2.005860360470717474e+00
2.979767812436311392e+00
-1.182162809173338491e+00
2.023032859501439518e+00
1.138791171241933853e+00
-1.508035628091577429e+00
1.999899197383564031e+00
-9.523749322058534528e-01
4.885574084493490288e-01
1.887864692127318333e+00
-3.044373740823360652e+00
-2.098121269194759830e-01
-2.614346084517828572e+00
1.919402629980020425e+00
5.236657719876657291e-01
2.019689507531863715e+00
-5.937286443283860127e-01
1.908653543710129963e+00
-1.531396614049728377e+00
1.875533544933199126e+00
1.972753287126317145e+00
2.045642278757752397e+00
2.169985734760116802e+00
3.434761185479397128e+00
1.999375251847325119e+00
2.097921758739371700e+00
-1.868725409084457612e+00
1.897317085492399302e+00
-3.375866223309284209e+00
1.855053928437479183e+00
4.066644436571882348e-01
1.540431135283222286e+00
-9.301593651206716551e-01
1.446989179107508239e+00
1.740425555847671335e+00
3.573670724429006018e+00
5.546230527986444336e-01
1.948822833659904941e+00
2.046641526280171597e+00
9.475538704261631251e-01
1.811395223480634975e+00
2.075417310343856236e+00
-4.395850146839626327e-02
-2.061835445400816536e+00
-2.245776671944038627e-01
1.763163851509899738e+00
5.810281108635654945e+00
4.591183857357760134e-01
-1.322510871885423711e+00
-2.930525637254004057e+00
1.720081692233860871e+00
1.983130756307237119e+00
2.045105191391823229e+00
2.128208280627100102e+00
1.955267487840742113e+00
-3.840117901093759167e-01
2.830930019803027609e+00
2.015190603570681471e+00
1.908881529692086465e+00
1.980640590156504732e+00
1.845705311610548183e+00
1.713768420246467583e+00
-5.090491906057116545e+00
1.477176427891181865e+00
2.005198434076934877e+00
-1.986728066695933936e+00
2.749325989273330717e-01
4.631365355823866992e+00
-7.679787226593426386e-01
-7.745022728316959260e+00
2.112856753913221919e+00
-1.940887828455324815e+00
1.898013099904607870e+00
1.918409958429934781e+00
2.084464616409611004e+00
2.108749883098350431e+00
1.493053124075696125e+00
1.971292842591294558e+00
-9.481319309801894413e-02
-1.343354746980255587e+00
2.033886219621892977e+00
-1.534751781209419796e+00
-5.730334352772064044e-01
2.092772828009007657e+00
4.208282110629781414e+00
3.613595942417698326e-01
2.157698392569269430e+00
