-4.203784660911628057e-01
-2.030917540040785507e+00
1.976919999889011681e+00
4.148602535046890694e+00
-2.303205330784610094e-01
-6.357073466249334448e-01
1.884596786470247087e+00
1.826464844164290779e+00
1.194321264840832786e+00
2.176431157932973814e+00
-2.886426048786069565e+00
-4.803670272828030052e-01
-7.216320084266154566e-01
1.960557682221321540e+00
2.168467025594863262e+00
2.050230375631677315e+00
2.067230032534216999e+00
1.944906462820630955e+00
1.642106933047748907e+00
1.984743035506531195e+00
-4.163602058583899534e+00
2.020452368690316636e+00
4.705522382834821826e+00
-2.266097255112466957e+00
4.624094694873807754e+00
-2.860346752081393440e+00
2.102603504701114900e+00
1.116527927064331349e+00
2.004878642619317031e+00
-6.277589253373219158e-01
1.902615696926979183e+00
-3.367198549742622227e+00
1.802634207294233182e+00
1.811518051432244647e+00
-3.469678572683453588e+00
-2.591397121228255607e+00
-3.315218724064735056e+00
2.011252584708570712e+00
6.207167815236047659e+00
2.086524375399106290e+00
-4.308878909224761244e+00
6.542990649220237209e-01
1.149791971528410173e+00
1.939764620533381168e+00
1.945040416947485307e+00
1.768023399447603783e+00
1.947282003428461250e+00
1.859900159648200768e+00
2.141962756407074231e+00
4.419591077936606549e-01
-1.449571859155129872e+00
-1.378146277376329332e+00
2.065609731409288941e+00
4.185705376221282137e+00
-2.039005310435697993e+00
-2.705604318928457874e-01
-1.978327051543333770e+00
2.373629078243314261e+00
1.487337354301777825e+00
3.101106578133496328e+00
2.001328167705345162e+00
1.967528331482260251e+00
4.397782571159056353e+00
2.062902859321507965e+00
-7.256080316602339653e-02
7.768626960586021424e-01
2.062832014468324537e+00
2.590567699033342386e+00
2.052456165462746007e+00
2.061646231595511747e+00
-1.465894000816511333e+00
-1.984334244466848141e+00
2.117374485581085874e+00
2.038535296415320275e+00
-2.048766174433006793e+00
4.970536930462495784e-01
3.225498974315697431e+00
2.182820080507777316e+00
1.444667198535241948e+00
-2.054167531231077870e+00
2.194854542392536079e+00
2.894106236142391708e+00
2.698123063077670025e+00
-6.289540433700227418e+00
-6.193695932598023646e+00
-2.593790734007965781e+00
1.900319865529683572e+00
-3.385900800384656684e+00
-1.883580053256963982e+00
2.084281916099973930e+00
1.194417469740291171e+00
3.851271053011531276e-01
-3.264386138712666252e+00
1.833170044951677680e+00
2.656627890864252883e+00
1.848145693858502359e+00
-2.024167209433247461e+00
2.028473842873899091e+00
1.840498284344468161e+00
1.994554831808856177e+00
2.814228172748939327e-01
1.948583658535109953e+00
1.961195180842549624e+00
1.193221691673657325e+00
-2.256470279875901319e+00
-1.243052134776652329e+00
5.039842768017379626e+00
1.963501804790014571e+00
2.061480287160923908e+00
2.052603551993955389e+00
-1.833455652819248494e+00
-4.875282590779547731e-01
-3.606053721539276946e+00
1.235325157695183362e+00
3.743413069833928297e+00
-2.214098033934753573e+00
-8.288210007128498091e-01
2.000590836040339049e+00
-2.083734945672929939e+00
1.915272844855282042e+00
1.959475482329565921e+00
1.145282562364200896e+00
-1.578728356662056242e+00
-2.303477231509040990e-01
1.698674028737990449e+00
4.335401014616657278e+00
-3.328660539937449703e-01
2.065919914909748467e+00
2.028602248955573728e+00
-5.274577256299604500e+00
2.055647174003212285e+00
1.942197719196646855e+00
-1.754239653322286374e+00
2.134814318704934433e+00
1.943404216565267406e+00
-2.559329622816258976e+00
2.017703337214181936e+00
-2.454843590475957349e+00
2.125694669683107385e+00
3.297689404406814795e+00
1.991999910720566369e+00
1.942291151654755188e+00
1.976157541088976677e+00
5.079469104850743433e-01
2.018159110877055795e+00
-3.580296187080949544e+00
2.088883566784735635e+00
-6.004060603502221483e+00
-2.077452251739134059e+00
2.025163405860138877e+00
1.932389523345811710e+00
1.996873293812241767e+00
1.918318124384601475e+00
-1.863790160228624426e+00
-6.222439565353805602e-01
1.953700394965223186e+00
-8.542768473235571314e-01
1.014131405691683696e+00
2.044084422828547964e+00
1.997961017039801224e+00
1.834886768176542837e+00
2.058771914144567727e+00
-8.175897319166358646e-01
-2.721625594309839968e+00
-5.037669512028911889e+00
1.939037902290276838e+00
2.458849475799447515e-01
-1.089783253385107287e+00
3.362555881392935042e+00
-1.829399039786265391e+00
1.864017545762361117e+00
2.003913477357382789e+00
-2.156528842806056723e+00
2.057865294060543526e+00
2.017086744414602784e+00
1.942101757984669996e+00
2.082662160026446774e+00
2.146057655931494335e+00
2.064947088373878525e+00
4.026482975455451196e+00
1.581857499516814203e+00
-1.288928882827143685e+00
3.067014554938289450e+00
-2.698432767265624976e-01
1.969896233913833283e+00
1.962452443393182255e+00
-1.530280998532858261e+00
2.833280551122965729e+00
-3.088083149092529567e+00
-1.955786969169379219e+00
-8.299704181362593802e-02
-1.410161310197277862e+00
2.371787093195447671e+00
1.979154938453243862e+00
2.095774424155119497e+00
4.855055202797515790e+00
2.002725583740620596e+00
2.548682418615187295e+00
1.875262154577251206e+00
1.923888470862757938e+00
-3.392974724054087510e-01
-1.829840351908723850e+00
-7.566611111770853437e-01
1.037541191835300802e+00
1.985151049815322422e+00
-3.512245437800412429e+00
6.622550568227052459e-01
-1.783367177352729538e+00
-9.164856094066327341e-02
2.007528501952135169e+00
2.048099895441636509e+00
2.118954239576198884e+00
2.456324387887582894e+00
-4.090773598837698088e+00
-1.781191459118806053e+00
2.425228324701391269e+00
-1.939341534235779152e+00
-1.205590315485079334e+00
1.982152679241284465e+00
1.955200075105199220e+00
-1.100733406972666639e+00
5.383489980157567523e+00
-4.757083985384685576e+00
-3.447488777500797852e+00
3.724047344388448977e+00
6.274175102863237541e-01
2.083812966936483768e+00
-2.079789858710480388e+00
-1.156972955780317114e-01
-3.787771550052712488e+00
2.731648480080191899e+00
-7.205432296901430611e-01
2.131523626254950177e+00
-2.346591533492128789e+00
2.136946074581375310e+00
1.968918743267141558e+00
2.135618791339782607e+00
-2.267365884652506658e+00
2.089637092142357933e+00
-4.161755948249730608e+00
-4.047766121156565894e-02
-4.921095381464852259e-01
-2.953368934896315690e+00
2.130123408548763475e+00
1.958981987848457118e+00
2.128809362781268533e+00
1.818578724733327823e+00
2.056967085685650787e+00
1.850446535334507869e+00
-4.136858953022218288e-01
5.773693313854057152e+00
3.734923079377862720e+00
-2.017160075028679778e+00
3.367325423991830213e+00
1.936501095558438745e+00
8.384615464257080930e+00
2.031258308539744650e+00
-2.018611578536595896e+00
6.959313127340882588e+00
-5.998504303676142513e+00
-2.271888815618229585e-02
2.687620404854465406e+00
-5.933737945374470080e+00
1.574130180855322081e+00
1.824799797819846248e+00
1.180410360273729475e+00
-2.242461151988326851e+00
4.419655364847616674e+00
2.021503144704250410e+00
1.057456715201148478e+00
2.071309910754564498e+00
1.749833311525654578e+00
1.877676058283615168e+00
1.957245616508816788e+00
1.615927222109981409e+00
-3.368858260561402584e+00
2.033338376311505158e+00
2.036270329875689900e+00
1.784460320078819384e+00
-1.969343968240905740e+00
1.989355411138884699e+00
3.909979426102681899e+00
5.474167662048466276e+00
1.852406381775034472e+00
-1.880524938833047166e+00
-3.856991561167754767e+00
2.943146584543724575e+00
-4.975728283189601697e+00
1.559890464587343484e+00
-3.199214978980041035e+00
1.988185368884482607e+00
-1.939775064109378722e+00
1.896683146775461459e+00
2.915962300536276697e+00
5.943297687327468992e-01
2.076760440708437905e+00
2.101868795922019473e+00
1.982614793398569164e+00
-1.554373695542060396e+00
2.358909295426360408e+00
3.409550217505695979e+00
2.070166628087934502e+00
2.313906735611173993e+00
1.934211269605964123e+00
2.087055569870629679e+00
1.896642436681125421e+00
2.050072991049390225e+00
1.753558653265697043e+00
-7.849419268780445380e-01
-2.068670120756396891e+00
1.812660270716197841e+00
2.106826601775066088e+00
2.160192687234514075e+00
-1.707746698589292622e+00
-4.666064339160778118e-01
1.948709772923876038e+00
4.239378162264793914e+00
-7.968598483486923900e-01
2.146768219220041019e+00
1.413500632038699356e+00
-5.052088307702248038e+00
8.850086223325863699e-01
-2.039172680465277665e+00
1.922719101638683981e+00
-5.018362393392439280e-01
-3.462025032970337701e+00
-1.078673700545149661e-01
-3.472745570986251806e+00
-2.471450228114996595e+00
2.374193510574243438e-01
-7.521038725848823159e-01
1.992343092599987875e+00
-1.514509361154769751e+00
-2.118618910899091379e+00
1.689625852212722990e+00
2.024031684553539989e+00
2.019822636200188537e+00
8.031161964846942336e-01
1.752301217879660644e+00
1.878594598130415072e+00
-1.965936114259027923e+00
1.921968095017929645e+00
3.455247144814065141e+00
1.991480708480182882e+00
1.866525669215877814e+00
1.974719693306662638e+00
-1.638820783064915965e+00
1.900925598080307477e+00
-1.651025963246653294e+00
-5.058880505470882305e+00
4.972076713059840003e+00
6.816976347991493546e-01
2.733581249645681499e+00
2.198600496947491933e+00
-2.186642917379676199e+00
-2.746115287759652301e-01
4.868656775042854434e-01
1.749078252070035422e+00
-1.355120482069106735e+00
8.348590935361517307e-01
2.105415636441934524e+00
9.557964951565132983e-02
-1.212959489014189041e+00
2.709123869395967166e+00
2.055990268129313847e+00
-3.403851842097965097e+00
2.000792252908522251e+00
-4.181826004000835262e+00
1.176799023090239871e+00
-2.122840269024959259e+00
-3.316172141960926911e+00
1.872355634097738752e+00
2.089277810425271387e+00
-1.949929562092659330e+00
2.111983830121860084e+00
4.299564371357145198e-01
2.110498550374649618e+00
1.935863716403623869e+00
6.543137571351643977e+00
2.192050615978830663e+00
3.819815033897477896e+00
2.124881158462986974e+00
2.125235337675801972e+00
2.317319591832029069e+00
1.957587366487087532e+00
-1.937273756865983465e+00
1.730180229455677399e+00
1.893460993757139832e+00
-4.519138296995132142e-01
2.009748411894999087e+00
-2.111893457901752758e+00
-4.357107322624754531e+00
1.922711966697526309e+00
3.905591705187436702e-01
2.120999925015492948e+00
2.004843119720687294e+00
2.595518038128333149e+00
-7.456041591278012248e+00
2.144202179611751191e+00
2.019834880026683432e+00
-3.775981730132104808e+00
1.999316436527336593e+00
-1.455419517283217834e+00
-1.659637542396654508e+00
-8.073680604831526608e+00
1.956538897667730925e+00
4.205258071409727627e+00
1.961481577151815037e+00
1.947468603277758614e+00
2.163108864957366873e+00
1.163536330743996317e+00
2.069575185058930789e+00
2.082785663341933269e+00
-2.298642485703324745e+00
-2.057532073131832284e+00
1.997504094928218343e+00
2.126002775056394345e+00
-3.818277042521270315e-02
6.413126326379009257e+00
1.993500685361753400e+00
1.979325957308609496e+00
-2.057076166886036894e+00
1.918668729219309199e+00
1.952174184405446322e+00
2.093446187306651218e+00
-6.389808150477065407e-01
2.098031076384324844e+00
2.201818552334755985e+00
-2.816611314898588958e+00
5.541326088632796854e+00
2.085488123605244049e+00
2.193106417528752683e+00
-1.952917435457755868e+00
1.891044274458006713e+00
1.396452901919230438e+00
-1.987490256156371204e+00
3.451751222604832581e+00
-1.980507087268231992e+00
2.075204322380076238e+00
-2.420009656951132460e+00
2.459659587146599158e+00
1.950650176697903859e+00
2.636057449494360494e+00
-1.177145194982369691e+00
-3.549833845045109015e+00
1.829918463698683162e+00
2.039668297258326657e+00
-4.257655606809296778e+00
2.003943681749171368e+00
2.082842055499397382e+00
-4.011285934740034698e+00
1.903658503394081380e+00
-2.791709682435163931e+00
-1.890461747944953474e+00
5.954366561445359807e+00
1.978282567381826063e+00
-1.987045624930749543e+00
-4.222760891496026403e+00
2.161584610829436759e+00
1.955435424496004382e+00
2.011958217866783194e+00
3.092505714684623985e+00
2.711434154256002316e+00
2.137064295250239887e+00
-1.814012454548828979e+00
2.080302659556585887e+00
1.832539422337471802e+00
-1.027942335061754697e+00
3.391834185605416607e+00
2.017391443296575826e+00
2.143207259532388775e+00
4.199645447008505394e-01
3.005243726453919795e+00
1.995906696327377494e+00
4.920592005574981886e-01
1.954310728900393812e+00
1.974719789962877448e+00
1.936911332773556760e+00
2.018790916062111140e+00
2.551480460770072511e+00
5.550453371038476663e-02
1.926279609937019854e+00
2.090102346718112347e+00
2.005070702216948497e+00
2.125638508595289800e+00
7.586405363542213509e-01
-3.476872170847825849e+00
1.969545712196769438e+00
2.595344475077494550e+00
4.520765236103072127e+00
-4.125844967114545625e+00
4.126185006696571067e-01
-5.867366243187050578e+00
2.108973904445412551e+00
1.964608550693891953e+00
3.273267695769361829e+00
-2.166323030004789763e-01
1.863482496881326611e+00
2.371583056138069079e+00
1.670530366838246739e+00
3.470591983220325361e+00
2.087147424051435607e+00
-5.014204297309559522e+00
1.998412559490237328e+00
-5.487334238875009040e-01
2.835805044858124457e+00
-5.608603271329783979e+00
2.461571746541447503e+00
-1.870144247418931371e+00
4.261507183798189047e+00
2.141379497655802489e+00
-3.185247189420778113e+00
-1.405348383675016688e+00
6.061692643874072584e-01
2.772583422404779174e+00
1.879281159202403684e+00
1.971883932195028333e+00
2.185216295702836931e+00
1.566926215536589506e+00
4.784308934559067694e+00
2.873877606125933237e+00
-4.486879251822438741e-01
-4.763593706278030360e-01
1.302630210519392095e-01
2.097244177897558792e+00
2.003650149423338078e+00
-8.026967837661240779e-01
-1.402726948371955773e+00
3.119058487178163475e+00
-2.099019111776825763e+00
1.996307355302611608e+00
3.197990043311969011e+00
-1.916065073888130854e+00
1.976809969169201819e+00
5.469328777401598618e-01
-2.997979119162443418e+00
6.382174231019579480e+00
2.015773345035090536e+00
-2.099940295419739922e+00
-7.509209657734177146e-01
1.915398802546251389e+00
1.937773935946114578e+00
1.895003084557510320e+00
-1.104910097821018150e-01
2.101505005693151240e+00
-3.443402346349190069e+00
2.111014059552065891e+00
8.507024621699339484e-01
2.563750673365939647e+00
-1.961270557848194818e+00
-1.821538462245507972e+00
-7.486272387012029572e-01
-2.111799007763606184e+00
5.203760429588901726e-01
1.894713476130594598e+00
4.998161420257762888e-01
-5.054512326952593781e+00
1.803183994636600618e+00
1.997021573238781267e+00
1.961107985914490204e+00
1.967709735024574025e+00
1.907206255686588303e+00
-2.377067388141941073e+00
1.873623392241136942e+00
-8.862701439827682659e-01
2.294862905978586998e+00
1.935957862634921867e+00
2.108820201350746437e+00
-3.260425248581793944e+00
9.648497093851627682e+00
-4.189883554143412070e+00
2.785758254783655019e+00
1.916377029371272078e+00
-1.967828598994642908e+00
2.011037967948754890e+00
-6.342057843945412277e-01
2.123170596167015312e+00
2.024595547889068037e+00
1.035890771308693115e+00
-5.419305949683507428e+00
-9.765077119070859624e-01
1.995578933172337699e+00
-9.574348756033665975e-01
2.091224685051528365e+00
2.374356151145954552e+00
2.124191920120787724e+00
-1.987328137191788580e+00
-2.252593342974486212e+00
-1.904398084778227362e+00
2.612125351491150216e+00
-2.176064449423661618e+00
2.055075101964694007e+00
2.022542417543377269e+00
-1.141812038852191735e+00
1.937231675690921140e+00
2.595312629708415475e+00
2.899422355784305738e-01
1.895288224415929257e+00
-1.001897516817524192e+01
-5.205312392437682512e+00
-1.957749489657286901e+00
-1.926788041360392612e+00
-1.304291958368923421e+00
-2.114991305462396110e+00
1.912052692954422373e+00
1.947332144412046828e+00
1.843963034205500895e+00
-1.337132960763498524e+00
1.935790855680329381e+00
2.094024006939313676e+00
-3.351076935924373945e+00
2.015736514913371469e+00
2.095796653021416045e+00
2.195317395553655557e-02
-1.967975219156564481e+00
4.447816684047109170e+00
2.022146595180414952e+00
-5.540825673360592063e+00
1.138519517393868252e+00
3.254164267256288157e-01
2.641482696634914085e+00
1.905520784413022639e+00
-5.171771805487273888e+00
3.031133733147185261e+00
4.500526469978229471e+00
-4.615103566366649979e+00
1.982582610966263204e+00
3.260837824204811497e+00
2.102345394487106667e+00
1.891638019015952299e+00
-4.670092046077087389e+00
1.915134882451766885e+00
-3.146407993813925330e+00
1.763224500572100784e+00
3.572285603041943869e+00
2.750090485419734443e-02
-1.070358675825505257e+00
-3.079643241610984461e+00
-6.495538287047565973e+00
-2.062124018326527253e+00
1.773599099255101397e+00
2.068182033572908196e+00
-1.929483655965399391e+00
-2.543939756345384495e+00
-2.094410788894891962e+00
1.926928410610966758e+00
2.040312719630636984e+00
3.434853848219886707e+00
7.571053318120399833e-01
2.015957519564812728e+00
-2.185372291186837401e+00
-1.804775399415329495e+00
-3.238246774143678675e+00
-2.362807491761575562e+00
-3.121300195005883182e+00
5.357927842479706548e+00
5.311517402246352937e-01
-2.507796285010702952e+00
-6.885729683528292178e-01
-8.566731801429228188e-01
-4.399778230730085227e+00
1.874974915310922752e+00
3.019437047699176979e+00
3.101373687167264137e+00
-2.158536264396091919e+00
1.940782363380257447e+00
1.892732929284211885e+00
-5.119265463419807816e+00
-3.115044500555829821e+00
2.019556668523212917e+00
1.993659976132117206e+00
3.360527165427616314e+00
2.018688153129796881e+00
2.178981375805010501e+00
6.619725776580152043e-01
1.910959566338394477e+00
-3.324522642346972034e+00
3.824444325977307102e+00
1.972966718841689726e+00
-1.860320691380333846e+00
-1.256831077186851831e-01
2.004684661766666487e+00
1.954209255129469192e+00
2.054985431627009973e+00
2.099055850549032876e+00
6.465908218295872700e-01
1.985417903952402252e+00
1.996614568359728406e-02
-1.154962389013997281e+00
-2.908725701132966357e+00
4.296062562019765885e+00
6.147179241708992103e-01
-6.102284239168537461e+00
-5.056246306841803317e+00
2.309411872341910588e+00
-2.310294988636897973e+00
-3.467174407035865435e+00
-2.039812165620165096e+00
-1.766283628669877537e+00
5.361587862848347541e+00
1.552848960559891855e+00
6.358438845373030723e+00
2.031852933366590008e+00
-3.196266007877404114e+00
-6.379499521952604724e+00
3.685476010367730315e-02
5.896556659752480556e+00
5.945788218310845252e+00
2.031960896390295535e+00
-1.736274877088243573e-01
-7.648586620372904710e-01
6.030133754744056995e-01
1.876780405337628466e+00
2.262220275741019915e+00
8.963298568178232339e-02
-6.825997134286650336e+00
2.130353025580725923e+00
1.982045763547999107e+00
-7.383992531867626941e-01
-2.020659429374301652e+00
2.063360869354843086e+00
1.216473442845651842e+00
1.896925557425559683e+00
-2.030410750953391297e+00
-4.387341071999090403e+00
-3.587795179388935551e+00
1.765601612065018866e+00
2.221500921640360282e+00
-1.499990397639054063e+00
-2.062117866398614829e+00
1.922085100045178629e+00
-4.752432486759750496e+00
2.000653346505045782e-01
3.989417087312357779e+00
9.628729691701451987e-01
9.041350101160336439e-02
1.105741583233265768e+00
2.080382103029250196e+00
-1.297462008140020329e+00
-2.068710277251202267e+00
7.351742284706437758e+00
2.012722735978059951e+00
1.904599548740279147e+00
2.155771979731135435e+00
1.729529736573394150e+00
6.010410675287536364e-01
3.083335616206233087e+00
-2.860557559948661233e+00
-4.675398514549236495e+00
1.862665439871004081e+00
-6.839869598082494173e-01
1.188755161191181298e+00
-1.829586010628098114e+00
2.054781075085998054e+00
-8.669024939538583219e-01
2.014051685831685035e+00
2.236122863301826413e+00
-2.094337743149760733e+00
1.458940253256559849e+00
2.023519657599549770e+00
1.392281570173146688e-01
2.125883193696931350e+00
-5.340421263405856322e+00
-3.060612127454059639e+00
-9.007403552506987765e+00
-1.836430406564766082e+00
-1.953907034047277280e+00
7.197371491354890294e-01
1.734449625536405692e+00
-2.127838079000686111e+00
2.551080834943535436e+00
1.927772083023842287e+00
-4.467641475934237327e+00
2.087041931210496415e+00
-4.315206786919280724e+00
1.942594944601792939e+00
-3.734688198336459486e+00
2.928901014906878153e+00
1.910157331476574072e+00
-2.743597039238805935e-01
-3.408364376556944908e+00
-1.687737603958115729e-01
1.946834382351071868e+00
2.007885734000715683e+00
-5.979684030850396681e+00
9.030377105059234077e-01
1.829513302890116488e+00
1.841085759989889770e+00
-1.061917047763020427e+00
-1.455288696604373211e+00
-1.646969118535460908e+00
2.096177339602337319e+00
1.033734492394253968e+00
2.032425212885893284e+00
1.048231551189735100e+00
-2.320731620881993695e+00
-1.566719934350779830e+00
-4.711980729950743019e+00
1.938393486919853359e+00
1.964315747199749662e+00
1.950985016360399671e+00
-9.653750492964986440e-01
-5.282397831596124860e+00
2.089072521982942909e+00
1.994880359218023980e+00
3.669100716822113029e+00
2.043747129177971633e+00
1.961002405961817630e+00
-8.224140151355964212e-01
1.951393774427481853e+00
1.541285803287292477e+00
2.557618731322213623e+00
1.936503073438972322e+00
1.991903348053190914e+00
-1.436091454701487802e+00
-1.710442553745673333e+00
1.875870434914146845e+00
-9.013218832707020622e-02
-3.138089834149124346e+00
1.664251259284943885e+00
2.040608210959374613e+00
-3.558659985891800659e+00
2.639814736768103298e+00
1.874936011575752515e+00
-3.651921007743997305e-01
5.261516958218996898e+00
-1.926307440028002693e+00
5.808147283000132388e-01
-7.407268875595306445e-01
3.835934374653231949e+00
1.943053194757416113e+00
1.975183256998252812e+00
1.873415296602373825e+00
-1.559727390911952227e+00
2.034708129259122256e+00
1.589092194966792437e+00
3.000940235700221059e+00
-6.823986993070411344e+00
1.872977538980557410e+00
-1.035618608771177396e+00
1.853474518908379443e+00
-2.479914750236103860e+00
-2.051976315684902019e+00
1.969649123528841361e+00
2.132701867013453434e+00
-4.434414956586049783e+00
2.081327281206732494e+00
1.774754887384536683e+00
5.473361993573471196e+00
-3.190280078327356161e+00
2.537052809634715800e+00
1.965867860155962321e-01
-2.351571131503242540e-01
-1.748435345341145863e+00
3.382687662411358875e-01
-5.134335777895335795e+00
-2.113614651015084611e+00
-2.043969281216842404e+00
-9.825872773367638757e-01
6.072358454818296281e-01
-8.520920512154491755e-01
1.786581127355317378e+00
1.979074366635332760e+00
4.869780573538351476e+00
-7.457247495904467449e+00
2.089870704393783196e+00
1.893265646400282165e+00
-5.702963668058187441e-01
1.525888975547028126e-02
1.937576667692710197e+00
-2.237856764778011431e+00
-3.815608754725019480e+00
5.333585852398701199e+00
-1.391309202787416766e+00
2.042232738202808484e+00
1.800560543552972126e+00
2.146144161645888282e+00
1.978500121867737382e+00
5.174051357591586076e+00
1.946663294873458794e+00
-6.556129318610346424e-01
7.174137068452978383e+00
1.953354470870792392e+00
1.822557472255563527e+00
-2.655535588585904438e+00
1.960741713953855214e+00
-2.008619623387959852e+00
-4.359806787815387885e+00
3.174771017004490048e+00
1.970124922537205947e+00
1.888337233051411657e+00
-7.865685173459291413e-01
1.952747523770870686e+00
-2.110920192222156100e+00
2.148143300779099540e+00
-1.124288485653442304e+00
1.971657814469790715e+00
-5.764764957755510899e+00
-2.160516470905301745e+00
1.936404692241236347e+00
5.739231762751286325e+00
-2.916608248356719280e+00
-2.041398126571638549e+00
1.979466903493269037e+00
-2.021445959718272345e+00
2.065769091669998669e+00
-9.130318927180449684e-01
2.008647687750987565e+00
-6.725427734364236798e+00
2.421058533248503952e+00
1.906012607729024699e+00
1.997376231369891286e+00
-3.338099322636755240e+00
2.137337187802906158e+00
7.769821522749904119e+00
-6.863139375968654310e-01
-1.818757524853702012e+00
2.031769703392478199e+00
2.015600732279637430e+00
2.027408103389082950e+00
2.040466964875125466e+00
-4.844677881942628161e+00
-1.525855114733628337e+00
2.153189971774514433e+00
-1.377683409725068531e+00
-9.588722912741142190e-01
2.007905644439505366e+00
1.905169883032179490e+00
-7.411948807511366255e-02
1.956713064955291070e+00
-6.455540691048311075e+00
2.089838663004050190e+00
-2.836016516054553627e+00
-1.434972411582437490e-01
2.206965480190583584e+00
8.522660647729757954e+00
2.085184267921140755e+00
-1.464982585371863211e+00
2.070660223895338881e+00
-1.822823317406651045e+00
2.006454501101507581e+00
1.929225366047126133e+00
2.091603442121309442e+00
2.020619574428668130e+00
1.881894390560974850e+00
2.107897145430962293e+00
2.126896470900132119e+00
1.824701552276718708e+00
3.262759474268545290e+00
1.747706942813996633e+00
2.179739326546716871e+00
-2.914762586975987446e+00
1.955536636657868810e+00
2.075571027670449542e+00
1.914464708570524643e+00
1.895501254170018468e+00
1.966788060926639714e+00
-1.962444546297541503e+00
4.745913766243132770e+00
2.194886338157947314e+00
1.912672104640819271e+00
5.255680954939164984e+00
-1.828811552515340777e+00
-4.192803261153718708e+00
2.120107759238794465e+00
2.137648214410323266e+00
-1.793191690631224411e+00
4.030578940771384344e-01
-3.934133994087449793e+00
2.189725777368959125e+00
-3.550967606718719249e+00
6.744585196176211550e-01
-1.211165555928406912e+00
1.268797591395800284e+00
2.118443982221294153e+00
-2.006881416871284962e+00
1.838171781126081150e+00
1.975884470233359336e+00
1.939549507268772288e+00
3.219768997797374688e+00
1.989965027361361827e+00
-5.517090735912731247e+00
-2.941166563633708542e+00
1.871302699295396721e+00
1.637807891948338757e+00
2.202050376291373901e+00
-6.134828671917302856e+00
-1.536365087265149920e-01
2.146975354935828584e+00
2.097423476515382301e+00
-1.708459129092501305e+00
2.122602024850564817e+00
2.286842490009002304e+00
1.391677535180144254e+00
1.833178957085720207e+00
1.078084867310093120e+00
1.323906325372066484e-01
2.272276568972916966e+00
1.984903632657747385e+00
1.865523890500008219e+00
-9.794809213770561129e-01
1.920984816388486394e+00
-1.961694396911872473e-01
2.037222610869743544e+00
2.087158105407393993e+00
-3.251999835091879731e+00
8.400403369444355839e-01
1.959979232222666568e+00
2.066380783900550355e+00
-1.009101966759028635e+00
2.023882572059179097e+00
-2.974031006476747674e+00
1.995398070720195705e+00
2.073346283688936698e+00
2.125448255234989148e+00
2.113703004773509253e+00
1.827968785885369707e+00
-1.813079962681008794e+00
-4.482582264112952686e+00
8.241470657141244160e+00
1.960332566357718020e+00
3.668381847192183187e+00
-2.098580758811781966e+00
7.177592745038698929e-01
-1.941043945415820815e+00
3.255362444305547776e+00
1.045755256746024431e+00
1.967079702484559600e-01
-3.885783176459248534e+00
2.058196370241780926e+00
-1.877516707365926463e+00
2.082521036666749481e+00
-4.165357268467216656e+00
1.376028148576780241e+00
1.902352493641381814e+00
2.031905445668773957e+00
-9.659887738021930570e-01
2.103960591176644357e+00
3.919863522282795443e-01
1.416937524080716049e+00
-2.013455349250845572e+00
1.993818707471143536e+00
-5.743815523859225891e+00
1.728750471930657451e+00
-1.954455121800287687e+00
1.837964503812267614e+00
-5.390828903665869642e-01
2.084514015466282899e+00
2.042010637828316266e+00
7.482131135497159802e-01
-3.051996327901090211e+00
9.541600125528251652e+00
1.887420976971651010e+00
7.592265644273232361e+00
3.844065030214223189e+00
4.469660135345824292e-01
3.359051940762217137e-01
1.916615384470609307e+00
1.328521777612351018e+00
2.092260646633684384e+00
2.070914251488744195e+00
1.969811327945687252e+00
-2.029605921288567760e+00
1.984977514250160890e+00
1.908591943352091702e+00
2.142390788136689483e+00
-1.984040875912486568e+00
2.036471228267801692e+00
3.312234468347468486e+00
1.934914593724317511e+00
2.021802322383343675e+00
1.971716345388798475e+00
2.106618669200214899e+00
-2.168660746290945518e+00
2.598353999402144066e+00
-2.921833528315980644e+00
-4.250410350173614571e-01
1.958803076175744673e+00
1.095879925357534646e+00
3.915051394666974716e+00
2.054096787752132780e+00
2.000442155003582023e+00
2.115893703166372930e+00
1.479537345243052249e+00
-3.810727315595412890e+00
-3.174731256202423690e+00
1.368023758155425096e+00
-2.056305934910115596e+00
1.850298395048805888e+00
2.299934082935926494e+00
-1.202099325589619738e+00
2.392722688898579059e-02
-5.321174955280626229e+00
-3.078033065577068683e+00
-4.212079287114731230e+00
-1.895036654626609529e+00
2.001523294377854256e+00
1.941600695453513881e+00
1.995337478367057216e+00
1.908479089491529779e+00
1.975498448844366095e+00
-1.825714719294731392e+00
-7.616430112367513772e-01
-6.007834774054678917e+00
1.918558917902578376e+00
1.955288023647923978e+00
1.433261676694416557e-03
-6.203729542533236163e-01
2.087517174387993890e+00
-1.939854282723185941e+00
1.998513719222087648e+00
-2.273606519374975043e+00
-2.144534315290838045e+00
2.000185519853841853e+00
5.084406504902855062e+00
1.174663717909382454e-01
-3.751100059449329116e+00
-1.405769093126277181e+00
-2.164238243577479626e+00
-2.037613115736569558e+00
6.118141668174921222e+00
2.126181250348824658e+00
2.031498362712838901e+00
-6.001795004601167882e+00
2.128854568823766169e-01
-1.599417541258348896e+00
1.936694395020346349e+00
1.878878875617615574e+00
-1.546489883933676257e+00
2.491845691405589314e+00
1.487368271599076142e+00
2.169663097487038783e+00
-3.617648932180454135e+00
-7.532109175117001065e-01
1.736389648004383668e+00
2.058513611561615608e+00
3.825329845093734527e+00
2.172826246229103919e+00
-1.676002687150629278e+00
2.581935492257638298e+00
-4.517619123065317766e+00
1.946155052688177234e+00
-4.357427329911913283e+00
1.811106879108790313e+00
4.788142857074590419e-01
1.826677048943855963e+00
1.435054589764705568e+00
1.782176843046544779e+00
-2.258540224042402400e+00
1.861953178183965552e+00
1.858208113820752017e+00
5.207947623433857309e-01
2.035285892485215520e+00
-3.426364378164199032e+00
2.032735774020164143e+00
-4.006153571839279337e+00
-2.097071187892070032e-01
2.153267300152984731e+00
-2.867116198224994417e+00
1.898072487867245695e+00
2.007129426724099996e+00
2.081064957874931842e+00
2.069162219329296004e+00
-2.329363480375493456e+00
4.677478726364791228e+00
-2.340235423694196459e+00
2.055221834207516363e+00
4.014001117218811698e-01
2.075898761453069064e+00
3.078826810785396439e+00
1.827379719551022186e+00
2.039987780994712452e+00
-5.732248854596715404e-01
-2.118341875441493993e+00
1.490749613958897157e+00
1.965024909703801059e+00
5.757460626547293847e-01
6.242320304234031170e+00
2.389795916706946577e-01
1.978367729528146990e+00
2.095521801885741109e+00
7.071061331963588437e+00
2.038538801456437177e+00
5.171593141336812138e-01
-2.040555685768978389e+00
2.137885298200795425e+00
-4.722211449081468615e+00
-1.435932045901133547e+00
1.906046221315245814e+00
1.967665908622593163e+00
-1.674249343628091857e+00
-6.050356549877333734e+00
-3.864487740423143691e-01
2.067177359382038393e+00
-5.773388183893458425e+00
3.643184371963656965e-01
-2.041364510561141543e+00
5.033226723014866621e+00
1.995508902423948738e+00
1.986689923702250615e+00
-2.810176157692203081e+00
2.084414080953556514e+00
5.939901862007982425e-01
2.794517802122615358e+00
-2.454168537133567973e+00
1.474306834782125319e-01
4.272879168816271500e-01
2.536926769282930927e+00
-2.021613975277022579e+00
-1.934616825696922504e+00
3.148178249951999685e+00
-3.641737903897128703e+00
3.224217806226999272e+00
4.170863967969909991e-01
1.749114542155261631e+00
-2.889375988237093740e+00
2.955790855149543539e+00
1.044622288869056170e+00
1.993266870911546862e+00
4.183544122653747976e+00
2.117902611962656501e+00
-6.035487013561960268e+00
-1.862437161734693980e+00
2.860097653783582050e+00
-3.486634439468348390e+00
2.543063863160694549e+00
2.037384974045138186e+00
-1.994314889221114218e+00
2.285018520918049134e+00
2.068367272657956057e+00
2.100861894188789325e+00
-6.885897827038185426e+00
1.858274079060325823e+00
1.463893304603355594e-01
-2.128452973082900268e+00
-2.699680776663377024e+00
1.949022612055631987e+00
1.890112208694172846e+00
1.986874469701248369e+00
-1.415677287328880318e+00
1.978084256866125434e+00
1.996511935218945988e+00
2.390419061055065075e+00
2.116350790278147098e+00
2.128798358770767507e+00
2.060558272718466366e+00
3.423152252535485829e+00
-1.488498389860738236e+00
4.054445679154376592e+00
1.992735591754583702e+00
-1.570448032704513941e-01
-9.286517272002103862e-02
1.912728891173936407e+00
2.070045656389480015e+00
-1.036261179959926393e+00
2.018303794490048375e+00
9.835656972013537835e-01
1.155559535614048228e+00
4.934136285349136841e+00
-1.641656667618903720e+00
2.883316400436702232e+00
-1.369061909783645614e+00
3.761497350437361220e+00
1.252193289594373260e-01
-1.756370012274165671e+00
2.274253901869097927e+00
1.892890938330325623e+00
1.927473076798400520e+00
-2.529857925668503427e+00
3.728359669067764504e+00
3.216514474811948077e+00
1.889453661438496468e+00
2.057998993582178748e+00
2.109923212787467861e+00
-2.040671134320034330e+00
-1.909649560816944813e+00
1.772300374651258670e+00
2.001333429483116877e+00
2.130151982014703016e+00
1.915695386224444574e+00
1.003885629001065594e+00
2.035998001841930805e+00
1.878406610671481847e+00
-1.925541773010844837e+00
-4.931695797067947140e+00
7.959635835834824036e-01
-8.143196942483640344e-01
9.152674765324961825e-01
1.953727610256545733e+00
-3.292090550684383388e+00
2.174509508048072082e+00
1.768733857351065808e+00
1.875089953098750595e+00
1.940399418916785468e+00
1.975347405961631164e+00
-3.485336098669550076e+00
1.825860306676063027e+00
1.834880603853277670e+00
-6.011349800197542947e+00
-1.341133800529128006e+00
2.238305043658261884e+00
-1.531123398939788327e+00
2.022759791161549359e+00
-1.991866359237913331e+00
-3.419616667604358007e+00
-2.283792091778762856e+00
1.718198878380613248e+00
1.989882950239383330e+00
2.014380361909524186e+00
1.973579723075034931e+00
2.032418499659681466e+00
-5.790536759688654778e-01
3.140391272103708165e+00
8.167242841668436171e+00
1.941493976862717297e+00
2.177726623422723939e+00
-1.358930972296417350e+00
-2.129531162446229864e+00
2.043169561652784960e+00
-1.058991369933711194e-02
4.077935340854666357e+00
9.315634716538027937e-02
2.240727801902582250e+00
-1.163781465007551974e+00
2.031913956453685444e+00
-1.382713983969681815e+00
1.903452658442110978e+00
-1.720524610588161529e+00
1.971061900942187917e+00
1.930154597812899109e+00
1.891583039612086292e+00
3.461896836015624146e+00
2.061817120378197643e+00
1.846677061818274845e+00
6.587500601130826361e+00
2.102925460375760114e+00
-1.873072357945832156e+00
1.974173594166390933e+00
-1.082161727987199118e+00
2.089574911840321292e+00
2.827246066125988389e+00
1.477595476050857393e+00
1.876993687896816532e+00
1.975583836504764212e+00
3.495911700950969703e+00
-1.894306423986299004e+00
2.349178570750435568e+00
2.107129898465150752e+00
1.151487234387899537e-02
1.979713323524401325e+00
2.000941577036329022e+00
1.488324114086497785e+00
-1.943847319114609729e+00
-1.415221008641083911e+00
5.570103402473683962e-01
1.969301603652657384e+00
4.814518814326453899e+00
1.892215363193614719e+00
-4.441041684829643010e-01
2.191101463123818149e+00
1.160837786344340206e+00
1.855367139324007431e+00
4.193070789893979189e+00
-9.196669347631001301e-01
2.353893840923035441e+00
2.357151524735610071e+00
2.071491704489227814e+00
1.961762393305166663e+00
1.974623455874780387e+00
1.398339094627598422e+00
1.601813530867891799e+00
-5.265746750573334189e+00
2.030193894939019472e+00
4.199953430774173713e-01
2.079157117427106183e+00
-1.353582607419235639e+00
2.143084954843297751e+00
-5.075170681564738828e+00
1.665744482564399220e+00
-3.557690751386790584e-01
2.048044658569650789e+00
2.013617231576529942e+00
1.870526783121399417e+00
-3.530326213515933009e-01
1.893583924923581296e+00
3.384389909003444608e-01
1.952263592205551790e+00
2.219478612444905519e+00
-1.167522317688948208e-01
4.610994760294525596e-01
2.009367619892181267e+00
1.972805891329323158e+00
2.054890319366646789e+00
-1.951644776716560559e+00
2.076163878073919111e+00
1.356458598453759157e+00
-1.983084369718794315e+00
1.915086114819833041e+00
-8.626591316689726785e-01
1.910930793967348995e+00
-2.535589184872959478e+00
-2.188322150275633593e+00
1.903155379843094686e+00
1.444521049771651633e+00
1.863423415933608274e+00
2.097234035042311540e+00
1.749128813624352352e+00
-4.059718146947270956e-01
-1.626555320074457800e+00
-2.254687882132221155e+00
-2.612317912410168308e+00
2.026402807793259431e+00
4.248752741609778560e+00
2.223037695222939369e+00
-2.165888564565260133e+00
-5.193401767648861966e-01
1.887130040432070555e+00
2.820483846192569644e+00
1.855712568224404002e+00
1.984521269661415621e+00
-2.655111094489771340e+00
2.084103218047775652e+00
3.879883224245813444e+00
2.076311942854849324e+00
-1.858816744026634993e+00
-3.764953452535501732e+00
-1.941280958946051349e+00
1.953694317923934110e+00
2.021410378643876182e+00
8.288685931499883974e-01
2.028921024543449914e+00
2.050137105221548683e+00
4.423106944448051414e-01
2.027089543327318832e+00
5.482213017703897684e+00
1.671332758627591675e+00
1.977710546050475360e+00
2.015223628547500478e+00
-2.033129640783450043e+00
1.972532037440696939e+00
-2.808464727826907481e+00
1.880550575304788863e+00
1.457032155710771271e+00
1.998511489469720681e+00
-2.002885011884047994e+00
-2.937232912904396365e+00
2.199923208518999029e+00
-2.178070850783784262e+00
-7.058380527746076494e-01
5.907247621457207415e-02
-5.309894506572149453e+00
2.191661042532713211e+00
1.876250031291384790e+00
-7.983274030676473787e-01
2.294839640229549005e+00
2.095682100752820798e+00
4.183343787088499077e+00
-2.129051559833654572e+00
-1.972789055138672420e+00
2.030309901273801731e+00
1.909140940917499307e+00
1.914613127301212803e+00
5.377673372725482182e-01
-2.156180569983345396e+00
1.965940738430540735e+00
-2.597289993854983159e+00
3.192936474764354493e+00
-2.062949921992486058e+00
-1.320577276594080196e+00
4.585752591038964598e-01
1.916218752331476871e+00
5.655101827152805072e+00
2.077142160533012483e+00
1.971055396657370284e+00
3.810784137597632792e+00
-2.040991018312872551e+00
-8.512293683682303325e+00
7.605600698132560789e-01
1.939455140389958254e+00
1.990361980280026089e+00
-1.937645359777783627e+00
-4.469254656140781101e+00
2.614091461346738310e+00
-1.521345344403807420e+00
1.371943288678000528e+00
-1.461731767507421953e+00
-3.963606287427825059e+00
5.497286303957366727e+00
2.066985528334715827e+00
2.019150440239950939e+00
2.073022397801998373e+00
1.848343401989171131e+00
2.000162755958022842e+00
1.907122936261416601e+00
1.914780098488238158e+00
-1.996914747572853255e+00
1.957472028325454971e+00
-2.413208712214061080e-01
1.479527493273932404e+00
-2.443493066678023240e+00
-2.001577720658629378e+00
2.138652950036940226e+00
6.745829127177437323e-01
1.929140807834290872e+00
3.885467546050350052e+00
2.175659428573943011e+00
3.351242541605225611e+00
1.834707438667383395e+00
-2.723662730580927338e+00
1.950173572129256350e+00
2.007657298362808262e+00
2.053814768151427383e+00
-4.414670189519931398e+00
-1.987545215028921453e+00
1.992138194949370167e+00
-1.840188233042526100e+00
1.429533072478473388e+00
2.009857610029361918e+00
-7.008743366941773800e+00
1.642884068168182221e+00
1.939480444905302248e+00
2.224089998806916046e+00
5.870365224561588491e+00
-2.290041193570552469e+00
4.092120869502329228e-01
1.970043913556389636e+00
1.986831987941272137e+00
1.812630867830235193e+00
5.541488469348413659e+00
-2.010837970783212025e+00
-1.921033573309382181e+00
2.083004660208023662e+00
1.995288511358431771e+00
-2.687358053540561453e+00
-1.458160622099676562e+00
2.372139115225735839e+00
2.178456288314854383e+00
1.923176536339582077e+00
-2.741317035111986211e+00
2.018947277708312171e+00
-2.332918830272741939e+00
1.892179105416293083e+00
-2.670515418394882268e+00
5.700129971523312022e+00
1.967802248684777044e+00
-6.183062350492329884e-01
-1.125408541997353851e+00
-2.027199582423069746e+00
1.018873398153979259e+00
-2.405845672284806724e+00
2.102695025935205742e+00
1.824002165209759330e+00
-5.463765856678294952e+00
1.827871149672012363e+00
2.853996447285426452e+00
2.011158474498465853e+00
-3.931378108693369455e+00
1.969822556012175596e+00
2.456632691227496945e+00
-4.410391925351094145e+00
2.050664468343944336e+00
-9.652535713080754309e-01
-3.397448084979767802e-01
1.543925407815589512e+00
1.839861478355722557e+00
-2.054353319982295201e+00
1.136819170033388282e+00
-3.189987703705736699e+00
2.086748972850784867e+00
-1.186166543275290142e+00
-2.814734741136758700e+00
2.037277452049625737e+00
-7.483219750307873452e-01
2.128249141791996202e+00
4.531698504090863611e-01
-3.058282817547365084e+00
8.395909399191828770e-01
-1.681515665725586084e+00
2.051443553081128357e+00
1.891723895070437367e+00
2.602105200673831220e+00
7.298777462304714136e-01
-3.009391700751630427e+00
4.012888602791496950e+00
2.099350121906467415e+00
5.411246713348729642e+00
-4.205873470901883238e+00
1.902147615762974642e+00
-2.098388081400282434e+00
1.988506462519778362e+00
-8.501374055676934327e-02
4.309305325300983647e+00
-2.066151982465478820e+00
1.919970543661459361e+00
6.464752994636668859e-02
1.249059426569270048e+00
3.924211185707026761e+00
2.008259887121536025e+00
2.019210164472450941e+00
-4.234022441997847608e+00
-3.592719556377191203e+00
2.151380633313655366e+00
2.392573506073070178e+00
3.142292825478885110e+00
-2.071790903121578875e+00
1.157310838374780992e+00
1.979388111184581245e+00
1.388763130922127553e+00
2.075474930434065168e+00
6.680879243146794266e+00
1.163042071504939656e+00
-4.185237697003897139e+00
1.876033440016354081e+00
2.006602430586800434e+00
-4.388236405824291531e+00
-4.811937581936096997e+00
-2.240613118128554238e+00
4.539003267592502944e+00
-1.461293120990302397e+00
1.966632054910539829e+00
1.698126530699686221e+00
-2.059474251580320825e+00
-6.435766576389158056e-01
2.076972260588501040e+00
-4.069807193143876178e-01
2.813975839661022604e+00
1.972621930615424679e+00
1.917069107093126501e+00
-7.344459338040429941e-01
2.061746660486549754e+00
2.303585260449212857e+00
-1.586656647989171276e+00
5.584352427022682974e-01
2.048219494161006793e+00
-1.989701904999308102e+00
2.000361444512563036e+00
2.079398996760339013e+00
-2.671726445913524817e-01
2.007567024419882884e+00
4.105472765789082157e-01
-1.876651872797996834e+00
1.617512303859864886e+00
1.779369571442059428e+00
2.127692487896653883e+00
2.194361265171169695e+00
-2.034310993107339538e+00
2.119547487563200772e+00
2.020974062782538105e+00
2.418709435102445182e-01
1.893596108630560826e+00
5.381362087427435270e+00
-9.631010681174739574e+00
2.161576079232655268e+00
2.010391194872683585e+00
2.479837780067065678e-01
-2.713604954684059933e+00
-1.756367536395601059e+00
3.497211029516743785e+00
1.740139832395727559e+00
2.856006614598116666e+00
4.595115209362520936e+00
1.890418508040060619e+00
2.097836386560209210e+00
3.324682242318287351e+00
-2.046347668287435084e+00
1.128884087811772741e+00
6.529156166909553249e+00
8.901375142346836800e-01
-1.093778872561257609e+00
2.557917398005948861e+00
1.338965640356843956e+00
1.933050695165277277e+00
2.623004981419661430e+00
1.880338359105210744e+00
-4.402894443752824571e+00
5.244250796103627543e+00
3.774709353134767298e+00
2.270993199469348411e+00
1.982772198369592953e+00
-2.046959262350066311e+00
2.054996969095213455e+00
-1.873890595563289185e+00
2.061312724316588518e+00
5.382135816878780510e+00
-6.768968706505149036e-02
-1.081074084927885204e-01
6.109900155149716738e+00
-2.068230990931249735e+00
-3.852432732576737795e+00
1.920854152100181622e+00
2.136366890369309157e+00
-3.221605232959215415e-01
-4.378948437051016773e-01
1.284413552571920247e+00
2.406204376924221844e+00
-3.774941122846541930e+00
-7.603230568458942129e-02
-4.967658075239231863e+00
-2.076281128618101768e+00
-5.172135784238921730e+00
-2.149969649240011549e+00
2.059673674911738583e+00
1.972223952484802645e+00
2.052774376882094298e+00
-2.011440016484212556e+00
1.903025334372727251e+00
-6.482565761157713879e+00
2.013021877112548097e+00
-1.355822133950283614e+00
2.209128288263979112e+00
-1.637720695399007553e+00
1.931588163286687143e+00
1.966524005229931982e+00
1.775547390941938808e+00
4.129883990150568174e+00
-3.123790962939875460e+00
1.977980224234170192e+00
1.966327827007107620e+00
4.271799485068681790e+00
-2.035038069916370151e+00
2.112554318021008459e+00
1.339219793549537574e-01
2.032003093481100198e+00
3.026776102118641454e+00
2.109768080534782264e+00
2.075581991199374698e+00
-1.980717540470497751e+00
4.748540663626760860e+00
2.085202736450020744e+00
-6.472737021569098914e+00
-1.591036710536728460e-01
2.074445786342371978e+00
-1.949932438233546339e+00
1.920802349934466191e+00
1.982465783940879467e+00
3.398620623497375703e+00
1.925580489245653393e+00
1.043232106202022669e+00
-4.643299554717343014e+00
2.112330023774046328e+00
1.923462912458369090e+00
1.826763554347975660e+00
-2.042418809373405253e+00
1.535674616534551840e+00
1.092645951857921904e+00
-2.916774636170304635e+00
1.768868952443533316e-01
5.109696620834647263e+00
-1.412920605134861285e+00
2.054289856329557296e+00
-1.297447453755620206e+00
8.888360124434098175e-01
8.875000706565640274e-02
2.125087706950433475e+00
1.948442704923683211e+00
2.109101552070059338e+00
-2.641184263778850738e-01
2.098342149422948832e+00
1.846440342941820800e+00
7.400221190529853166e-01
-1.980483439575057680e+00
2.018520118340145331e+00
2.005730406093352958e+00
-1.123694483326717064e+00
-5.759146926410101841e+00
2.957162647567832980e+00
-2.327256986818258266e-01
-6.910763520009517435e-01
-4.701460234711327679e+00
1.922086924463378699e+00
-2.841520974048027393e-01
2.403675840706493982e+00
2.001152612523971364e+00
2.111415046421522668e+00
1.584173539541515296e+00
2.000712856999051326e+00
1.181181180134612374e+00
-2.218846682926726821e+00
5.169989389566160831e-01
1.515101832577840923e+00
-3.416533662376330494e+00
9.618735060862860786e-01
1.925900197121204638e+00
1.727829010845802538e+00
-1.987155403980358059e+00
-4.653607702604567464e+00
3.252316852688138304e+00
-1.280388142037576782e-01
1.995055726191458101e+00
1.959740227885146568e+00
-7.648552994495014801e-01
-1.774143604316548994e-01
3.840216814747666962e+00
-6.927185665293790207e-01
-6.314985899798175595e-01
1.957820006685930814e+00
1.448051131072521924e-01
-2.726779649968658514e+00
2.022567369056651465e+00
2.208107568470311310e+00
2.944460405840244044e-01
5.358621576794080354e+00
2.056557791217700437e+00
-1.031513357300920752e+00
3.261097118304643772e+00
-4.636470421675895182e+00
1.987896834101481103e+00
-1.901815694678494317e+00
2.081269408475401317e+00
2.174264933173870151e+00
1.864906562900269904e+00
-3.235878229496688796e+00
2.106617915639247052e+00
-6.912853282946263889e+00
-4.869681321771839322e+00
1.938076555642214149e+00
-1.051348087104350126e+00
1.965046900604626279e+00
1.893387643487887351e+00
5.894896673044271118e+00
-3.527144603644674969e+00
1.898611746802208566e+00
1.891831467614560447e+00
1.997932368758110977e+00
-7.285875491523555958e+00
-2.724288269182578048e+00
1.978894412009646331e+00
1.839670675895218377e+00
2.106936568934822951e+00
-4.361785261003088721e+00
2.089506151380571275e+00
5.598121550232786348e+00
1.797536490755363703e-01
1.873181963008668127e+00
-2.313490005795836968e+00
5.685081187051636675e+00
1.987189287547166172e+00
-6.282270898794135583e-01
1.517118920820154093e+00
1.729611098518547330e+00
-6.070685206929422595e-01
3.701168372949841689e+00
2.063688732657367186e+00
2.073196214045712082e+00
-1.959255763334353029e+00
1.980675273855144081e+00
2.147750824976925710e+00
1.080102711764507006e+00
2.039060489285045907e+00
1.955245035172104906e+00
1.843195291221683796e+00
-2.958097526864672533e-01
6.232296763951536422e-02
7.776968277342741764e-01
-2.638465547761724928e+00
2.061671560339972231e+00
-2.673884529726544113e+00
2.047232805738643080e+00
-4.016214223499092739e+00
-2.784235704311464499e+00
1.850163437267219990e+00
-1.120202511966753356e+00
-5.957694657942813166e+00
-1.941339691098906695e+00
-3.302890668002110175e+00
-7.688542718429012268e-01
2.879110937275354054e+00
4.526352665541851117e+00
-4.823286066696181873e-01
2.013364311369255866e+00
-1.615484463239104107e+00
-2.558160289608728988e+00
2.032711158501366633e+00
4.245502985673277330e-01
-8.567589462021552027e-01
2.046497126621313001e+00
-1.883147814752487825e+00
4.907090711544515038e+00
1.236433951954541699e-01
7.451001020291907473e-01
3.074604889941205066e+00
-4.011690097966953972e-01
4.701334338926279166e+00
1.933013054997552382e+00
1.710685452242031834e+00
2.029434378866151079e+00
-4.787144712799560331e-01
2.412946198093071537e+00
-2.406278667093052270e+00
3.467613471349035414e+00
-2.204007912449670314e+00
2.617560592676744236e+00
2.073440371673516136e+00
7.552599258066473586e-01
-3.034978846984141221e+00
3.313484593194663042e+00
1.957762343836921604e+00
1.809625433024652397e+00
1.995039840171056067e+00
1.357482996998169877e+00
1.979626223036182298e+00
2.989916965326210541e+00
3.742837362897930120e+00
-1.860720136037004702e+00
-2.779716321319316563e+00
-2.630756300806051051e+00
-1.730899167990096910e+00
2.003048555878931047e+00
4.809137718911432380e+00
1.973814274752639042e+00
-1.763422357043908484e+00
2.068019550094011727e+00
-1.446136766518191452e+00
-7.375981912308166244e+00
2.143723500220121814e+00
1.544218450094013484e+00
7.046390993776563860e+00
1.009526696871362539e+00
-4.780963977536959675e+00
-1.150350594899417267e+00
1.759167812256983598e+00
-1.896703836964984902e+00
2.067285227278341075e+00
2.115889106503408001e+00
1.965698351489759910e+00
2.824202688275642803e+00
2.007947798407771600e+00
3.462328562771668228e+00
-1.372397328754408452e+00
-3.128038723773152618e+00
-2.172701329593368591e+00
-3.503196781588211017e+00
2.077203315381658477e+00
4.077486948507377029e+00
1.918295373034267337e+00
2.980021308009460634e-01
-4.277068721114727801e+00
1.940041034406870368e+00
2.080607506406450646e+00
-1.642632857055598805e+00
2.084775165086109716e+00
3.379461902573888565e+00
2.417309293193945052e+00
-8.863985547910322449e-01
-1.396915207325145403e+00
2.047023856847681955e+00
-6.670171050789335254e+00
2.073510576507811010e+00
1.548075696876262342e+00
3.965279721142126679e+00
3.629639725650594340e+00
-2.068378700530362657e+00
-4.260775305126418000e-01
1.956496669598059013e+00
4.652860193403151712e+00
2.378329954147059944e+00
1.935021215355192892e+00
-1.995900446905119363e+00
1.900673690087165024e+00
-4.868229417167890816e-01
1.886796930493466862e+00
3.712888786030718591e-02
2.048745507939066623e+00
4.945753420255224242e+00
-7.231512455234964776e+00
2.086017508909324025e+00
1.790646209531546518e+00
7.973995443397522420e-01
2.064596127852183383e+00
1.135210909624948528e+00
-1.992292163841531627e+00
2.093344145718995186e+00
2.070104659170104888e+00
2.105735798618866284e+00
8.893948143670702411e-01
-1.192355108938757818e-02
-2.001420832228279600e+00
4.423647965883270139e+00
-3.253759439383320018e+00
2.850082448269442459e+00
-2.037745192010402828e+00
4.748207517546074730e-01
4.092663586175218526e+00
2.067575416134940447e+00
-4.496649153143711386e-01
-1.377235668778522992e+00
-1.583530574743698294e+00
1.866780395645441848e+00
2.144229780199427005e+00
1.955678689937327741e+00
2.087313469769660923e+00
3.180590663127872197e+00
2.025877217499153726e+00
2.046247406071589836e+00
3.883735903271444467e+00
2.036834068291641042e+00
7.871911717541417719e-01
-3.387791721582147364e+00
-1.153737147563318466e+00
3.339578628167294561e+00
1.078615390475655689e+00
2.131933343048968421e+00
8.234918427315084111e-02
5.837953065166653355e-01
2.031028318030354995e+00
-1.991714211424540526e+00
2.122796000816375095e+00
-1.977017970094903765e+00
1.412376019238615221e+00
1.859392279836744155e+00
-2.050947947981180963e+00
-2.068908550105661437e+00
1.809174363437732636e+00
-1.965811926603292736e+00
2.240767273863894182e+00
-3.635286482380562845e+00
1.955605484200385158e+00
2.060003061452766016e+00
2.064730157598747784e+00
2.051170341273916620e+00
3.497804683300700823e+00
1.884217409323500458e+00
2.007221772101579038e+00
1.909309423874908651e+00
2.045077196454009538e+00
3.982757129722737766e+00
1.776018996573978104e+00
2.977219146077332290e+00
2.928379475068576987e+00
1.036905713897202208e+00
2.095579697685830300e+00
-1.078427123971244406e+00
-1.833584149411689568e+00
4.792280363720497149e+00
-2.171082243314612636e+00
2.019562261316326435e+00
2.256056164922989549e+00
-9.392671162505674687e-01
-1.827314660547536551e+00
9.099835869167891556e-01
3.700572498430057422e+00
2.105254840135306615e+00
-2.120880235186559215e+00
1.963080460395365101e+00
1.970315785337915848e+00
-1.962400436083826305e+00
-3.820475325316295967e-01
2.108005829586761859e+00
-3.511775488780694676e+00
4.097802159211243023e+00
2.012924237474064793e+00
-4.209215381564819225e+00
1.969904105127376237e+00
2.145904167703300836e+00
-1.992762297654026460e+00
-1.838720247736065350e+00
-1.975212703084764376e+00
1.288218424218684488e+00
4.245913110626161613e-01
-1.057186511560787912e+00
1.985217279295943715e+00
1.941867087138384296e+00
-2.122255672389963266e+00
5.149175643433754779e+00
-6.592681642551332821e+00
-2.776991495698834189e+00
-5.828902181653827785e-01
1.943171555459834110e+00
-2.266657678239046292e-01
-2.354190103541203172e+00
-1.831501845828297448e+00
-2.090229163446061911e+00
-5.774482329991093010e+00
2.075495639175344020e-01
4.164328034861808359e-01
-6.659276700388476744e-01
7.254394956483778856e+00
2.347518865465062277e+00
1.883763596492348258e+00
1.372714000594643213e+00
-1.923062148758833079e+00
2.039995822417940641e+00
-4.618023071474913976e+00
3.428375129712654124e-01
2.057353195466689044e+00
1.956577573806899562e+00
-4.362047277211112961e-01
-4.328448037237636825e+00
1.634820490486179612e+00
1.349004798110311931e+00
2.016512897573303764e+00
1.982899493999658702e+00
2.001251664820370646e+00
5.926675110556034909e+00
1.890847682391552098e+00
1.760277163911492249e+00
1.979549887917921858e+00
2.092105565620430152e+00
-1.552897928543960804e+00
-2.179818705529505962e+00
-1.441990297077734517e+00
-1.020327514755528631e+00
-2.023220185251207059e+00
1.860784392644408536e+00
-5.617915883690704604e+00
7.280864524416933437e-01
1.986567875431256569e+00
1.948734848303934175e+00
2.143016261713185600e+00
-3.052327808112790253e-01
-9.741323279620926756e-02
1.947524664912251957e+00
3.076017029550243143e-01
-3.895194985752709727e+00
1.836825299662592226e+00
1.956213436127906879e+00
1.884568756409765733e+00
-3.431260011139928068e+00
3.784319587544042296e+00
-1.825956818290945360e+00
-5.878118408538972606e-01
-2.924474379696781590e+00
2.041136631019978331e+00
5.094271664818741385e+00
-3.260991764252453073e+00
2.019136435020630227e+00
-2.958732229233517419e+00
1.902533453264706242e+00
2.040953988651021511e+00
2.153432669665544807e+00
-3.587198607276576023e+00
1.382178458159730949e+00
-3.050683747107577837e+00
2.078254524830829730e+00
2.142208886046113037e+00
1.704303773247703990e+00
-1.638572540623851159e+00
2.069426115248059972e+00
2.010946700870545278e+00
-2.959934201282992561e+00
-2.002127243771934406e+00
-6.856498278255409584e-01
1.772651455453580382e+00
4.885543862322209385e+00
5.481945819873637937e+00
-1.452546539068157561e+00
-1.969962885712656986e+00
1.889376201717478221e+00
1.979086521729211956e+00
-2.086434148228693441e+00
2.063438440622554548e+00
2.061928354071006719e+00
1.936452188998284862e+00
7.529779409907690901e-01
2.010227783885759845e+00
6.448257823857869830e+00
1.893301401716433130e+00
1.917145198788674954e+00
-2.004888960314437085e+00
2.102286987818161368e+00
2.011241940583473387e+00
3.867589056419988847e-01
4.832564952970601624e+00
1.961704615500131421e+00
1.992211684846642017e+00
-1.731831487136235026e-01
-2.095765220180185739e-01
2.080473705600818679e+00
-6.614447212371994400e-01
2.448073067411013604e+00
1.906903555455354615e+00
3.071789310480534496e+00
2.178697985679243221e+00
2.112027382936137787e+00
2.135041684432718245e+00
-5.042062773341488224e+00
-1.128766385900633641e-02
1.331390459853182717e+00
2.009174592269845405e+00
2.105470355750292732e+00
2.008092978614435697e+00
2.087712979680421022e+00
5.069746793828890041e+00
2.067100732180133793e+00
-2.021036410377568426e+00
-2.278659002486635110e+00
8.929670918628989540e+00
1.926445947498770517e+00
4.684867196716765214e+00
4.572700981894481376e-01
2.815584444040428735e+00
-2.421640500911176552e+00
-4.786936316159825289e+00
2.963111467066561477e+00
-1.198216839493062569e+00
-1.778909722151506223e+00
3.019272894926815276e+00
-1.581742710200512603e+00
2.618604797361983039e+00
2.517358467618905582e+00
1.723691589098381272e+00
-2.036325532332268207e+00
1.896393173882912953e+00
2.089377066069706856e+00
-2.027658040482355872e+00
-3.967776860135737937e+00
-1.457666651728225737e+00
-1.474746798693313821e+00
2.056515134942509704e+00
8.814068343766516822e-01
-3.578165401932687839e+00
1.957193177555157870e+00
5.081163999504475726e+00
-8.954319845203966288e-01
5.238824942918799188e+00
-5.185443869601497724e+00
-1.365645028810033690e+00
1.981641403975634930e+00
1.739207474888881388e-01
2.110643581745744068e+00
-8.955617245932812054e+00
1.974305910519423612e+00
-2.147768464343266182e+00
-3.321615663061701973e+00
3.968846453741949887e+00
2.034276482145780829e+00
2.113725585303511068e+00
1.229421573845445481e+00
3.118550242492930114e-01
1.271490127867914710e-01
2.571521653125685258e+00
1.170868162772214616e+00
1.980613362460232230e+00
1.756937647165104366e+00
-1.364459323267284585e+00
1.351784510682196405e+00
-1.190183146214243370e+00
-4.840943358629051119e+00
-1.621954511325240489e+00
2.070032760341105948e+00
1.995451234622571235e+00
1.899614614269788060e+00
1.943766995098855643e+00
1.973456695853472720e+00
2.172766836388617673e+00
7.311608352454452842e-01
4.375823714813385834e+00
-2.076707515390383119e+00
2.099409300238488818e+00
-2.478086703731352258e-01
-2.738895308078437285e+00
-3.883866950175290267e+00
2.083876259236335127e+00
2.021971272885758175e+00
-3.103938769655444574e+00
-1.521230481206693914e-02
1.907764671589079253e+00
-2.936924376778015100e-01
2.138327602029050922e+00
1.763191392630375054e+00
1.847640255817917243e+00
2.073697064586029981e+00
2.724748946282642414e+00
-1.145942152039177708e+00
2.139143008355695486e+00
-3.403630077355222383e+00
-1.826540604382503874e+00
1.857604896541912742e+00
1.843495148355173807e+00
2.856568778695430577e+00
1.951084878907112241e+00
1.497050746550520950e+00
-2.212337845374528378e+00
7.353307671978814852e-01
2.039445996615551149e+00
4.750659648227346210e+00
3.214013429226859841e+00
3.662202828986833580e-01
-2.961124160423870277e-01
-9.664696193569330962e-01
5.091474312037620464e-01
4.379438281144418355e+00
2.050647734099098063e+00
-3.084394867845817956e+00
-9.554609927063799635e-01
1.563671151174333307e+00
2.070416209509116534e+00
7.959978032759520428e-01
-1.580585753259328430e-01
1.996564319424356304e+00
-2.618494339708369090e+00
-2.000281886161369371e+00
1.958233748912038719e+00
2.006043373236498173e+00
1.931289128835516955e+00
-6.091127472232357176e-01
-1.938275442830158068e+00
-5.966474089230486832e-01
2.863678484682795400e+00
1.836161775142641339e+00
2.092645787012822556e+00
1.937837065851517604e+00
1.833912144733741645e+00
-3.309764377827612680e+00
-1.859728506757181377e+00
1.997935245832549667e+00
1.995324080017154778e+00
5.667292632868752733e+00
1.537235035538915717e+00
-3.556250388455976186e+00
-1.518056174540217684e-01
5.208224862189293480e-01
2.281354938609116090e+00
3.119262609757105231e-01
1.844716669572979972e+00
2.091405403365314886e+00
-1.967193273451783186e+00
-3.321926548241336263e-01
1.535423376117601435e-01
1.990591337313400322e+00
9.688123452641248523e-01
-9.485518120734464986e+00
2.210341064367251640e+00
-7.148766769905767759e+00
1.891428628989209715e+00
7.303875302171805028e-01
-1.964089120361315333e+00
4.060086480017733868e-01
-1.746949305545475228e+00
1.907900810662352953e+00
7.476253959802200422e-01
-6.865271117804703227e-01
2.090871189744600400e+00
-1.302022986430083407e+00
2.004599221220466188e+00
1.812494187262467360e+00
-2.025114382137655156e+00
3.705540022605019246e+00
-2.123552513300990263e+00
1.861704609153341794e+00
-2.036325034472033835e+00
-1.951049341818164029e+00
1.780330449911218693e+00
3.272777731562576675e-01
2.015488222628897486e+00
-2.214059721987577500e+00
2.407822476611931606e+00
-6.832355257049258057e+00
8.136958837897257268e+00
3.073491329757917612e+00
-7.031431461112392256e+00
8.962223152517868885e-02
1.877587094032309167e+00
2.084502295368853009e+00
1.933546240476524458e+00
2.156147231504725426e+00
2.036213937827872744e+00
1.942863603619044310e+00
9.071432153297127599e-01
4.356197995114563959e+00
2.204159729148259306e+00
-2.043375252561822286e+00
7.604122618916020482e-01
1.862766944785773982e+00
2.061067924225794545e+00
-1.032065331086180215e+01
2.061914100846340858e+00
-7.230336673441306594e-01
2.043143740008981801e+00
2.092509030310218954e+00
1.986970252332272757e+00
4.215587485821392200e+00
5.378241620220619801e+00
1.888948278262924552e+00
-1.578993309618284879e+00
1.856408458370653936e+00
-2.003584938397481530e+00
-3.970224749731744218e+00
-1.051741516381827779e+00
2.192881307449066952e+00
1.843980518889765552e+00
2.052331276197267407e+00
2.059583596858537646e+00
2.124743052078185812e+00
-1.809002149621917077e+00
-2.830813858096840274e+00
1.911576776053345306e+00
-6.155964667794451284e-01
2.037034161121086484e+00
-3.209482140898457292e+00
-5.647084909890185855e+00
1.875774965232672731e+00
-5.758049327974910092e+00
1.914211561159175012e+00
-1.335358514105877248e+00
2.005642042034578854e+00
3.044793055609431143e+00
-1.406233740931780440e+00
1.810589397960979285e+00
2.026714253620222284e+00
3.283164968439275522e-01
1.081181613842661371e-01
4.405477914938806805e+00
2.084955780296781747e+00
1.904261021419438871e+00
-2.191289425438379013e+00
1.696002182917953072e-01
3.147953520674986905e+00
-1.649809513845595710e+00
2.073006890973448701e+00
2.062946230193444030e+00
4.170092328002665827e-01
-1.951685431532344639e+00
3.131083547094251962e+00
1.942215193064872336e+00
2.467937650640108060e+00
3.333814706587054033e+00
-6.394901762554063396e+00
1.942996336814259317e+00
2.737223868747829414e+00
1.218546249764576705e+00
-1.997542436003687971e+00
2.473522104986446202e+00
1.828333808148588924e+00
-6.131014496133653235e-01
2.016588186119299131e+00
-1.064703199170007553e+00
-3.204626264102612865e+00
2.094522520631309614e+00
-2.052821139792439631e+00
2.203020409128225054e+00
-5.793001094852808563e+00
-3.126401586462639770e+00
1.777533828722363429e+00
-1.417154623879730346e+00
3.499977021192585802e+00
-1.845229890416713481e+00
3.539878980641947059e+00
1.936168982121336368e+00
1.703237691971160039e+00
1.721527117001718343e+00
2.702106320146723917e+00
2.067765928430119970e+00
-2.648697075954773439e+00
2.192499886446391599e+00
-1.925154592721517455e+00
1.228849120185539767e-01
-2.106842704562529978e+00
2.007985342787684591e+00
-2.940833547112987389e+00
2.019123275526702788e+00
2.029741142617497385e+00
1.973786685781864891e+00
4.111466659826739090e+00
-1.962359143130719241e+00
-1.900171093427408087e+00
-1.128518454529275239e+00
2.022400384997580680e+00
-1.955055466072686876e+00
1.939174400866376713e+00
-1.890424785284668951e+00
3.101756227204046201e+00
2.030950639028241689e+00
-1.224887048157496716e+00
2.094187929277681270e+00
-2.112106478472420168e+00
2.214383656374245835e+00
1.578300006173955772e-01
1.877682158761595943e+00
-1.611114197427426231e-01
1.914299966671900721e+00
1.584483652638619233e+00
6.421991193580208757e-01
2.068355226596282570e+00
-2.205305483680301215e+00
3.506267403640388913e+00
2.017151679727509084e+00
1.996339307676985975e+00
1.976231139913614543e+00
7.329275883096277866e-01
-9.382289202020680507e-01
2.495786072439366787e+00
2.125772266783593878e+00
1.921645256541525182e+00
-8.109862563130538771e-01
-1.269524582643910202e-02
2.157870592023458212e+00
-1.931028199768775711e+00
-6.856663432713205886e-01
-1.206132836180093815e+00
7.110750056575597666e-01
-1.659600317771583455e-01
-2.800505721916763058e+00
-9.371411352145715412e-01
1.975799850964743642e+00
1.992243804426621079e+00
-2.046528553232640046e+00
-6.526977928293342668e-01
-2.388931775327531870e+00
1.974887728779970208e+00
-1.891945931954694737e+00
-4.950355267271457471e+00
1.977116415493595847e+00
2.110564810549768744e+00
-4.512119511191506227e+00
5.421148908132578104e-01
9.579460700753705815e-01
1.941796256633317341e+00
-1.832848825460770215e+00
1.942859738638079037e+00
7.570749987564138195e-01
4.256809015344829916e+00
1.267619054678099877e+00
2.040496048620076053e+00
1.958774251624714857e+00
1.991549948629141475e+00
2.023597501911366336e+00
-8.578537694335819364e-01
6.894555622748635315e+00
-8.818062000988661220e-01
2.292614323620790096e+00
-3.562795161333779603e+00
-1.827889781322762364e+00
1.474736935772696933e+00
3.812896214003892226e+00
-2.000731234369840461e+00
2.840150271258089720e+00
1.964581981592687043e+00
2.105575723092453444e+00
1.977007264307792056e+00
-6.414131637192690860e+00
1.950914340856746643e+00
1.808569404464334118e+00
-2.475970499085076160e+00
-1.008294491533664461e+00
1.961911898925208009e+00
2.028449733477457606e+00
-3.036691944846393820e+00
-2.097858983618865025e+00
3.379468407980493083e+00
1.992472163683287834e+00
-1.937510313597506251e+00
1.879141090915207535e+00
-2.220793495276493168e+00
1.939284846232207649e+00
1.887163764173666936e+00
1.970335216321897231e+00
-4.448430794051424497e-01
1.953256784735745377e+00
-2.066934342247373824e+00
-6.679559192114748356e+00
2.119729560653504485e+00
-2.018972795410127752e+00
-1.984052560538463794e+00
-2.714893075473646000e+00
1.843528411718775573e+00
-2.753516513748971994e-01
2.045346219743831462e+00
1.953786587019159970e+00
-3.985992608545229077e-01
2.060834298298737988e+00
-2.105678023639687257e+00
4.269294859606584946e-01
2.147617639720440508e+00
2.220768891453263727e+00
2.112356760516675092e+00
-5.526055797325093444e+00
1.833042944862770085e+00
-4.598663399445793054e+00
2.529585140013319133e+00
-2.011490749446865137e-02
1.947466216381357640e+00
-1.990828172414290442e+00
1.925716897370678415e+00
-3.641899824770613137e+00
-9.688776535940124557e-01
1.900665966517259609e+00
-3.087188868044201229e+00
-8.578803710267225213e+00
1.849355838415708941e+00
-1.996409617445646267e+00
-1.031698248764651549e+00
2.375411267927191705e+00
1.474644680341076874e+00
2.011188079921203187e+00
-2.038647015483515013e+00
2.059391674669442729e+00
-4.560288385868572547e+00
1.769685825846600391e+00
1.755866129328933045e+00
-2.442773324289976067e+00
3.161880837780643549e+00
-1.192060829656979459e+00
1.949682839786198274e+00
1.002887606375558294e+00
2.826641354934380068e+00
-1.255922858716499224e+00
5.283818795832563531e+00
2.076223124996032787e+00
2.509401741305085753e+00
1.966493302695372147e+00
3.644934142725134052e+00
-2.409172646035458776e+00
-3.225470211648165386e-01
4.316964172193099358e+00
-2.825369603999797974e+00
-3.745650435660982658e-01
2.076658634250762248e+00
3.271599661651126922e+00
2.515621908846859434e+00
-2.027040484226343420e+00
2.925858994104108657e+00
-1.632014376703738279e+00
1.972919978145845299e+00
2.150034896062626100e+00
1.972803935344048520e+00
6.500743530411171811e+00
2.005763471601026637e+00
1.113173728047962774e+00
1.922252780170089714e+00
2.261404900117580663e+00
-2.160439724339842993e+00
-4.145630712596782841e-01
2.033037460436061483e+00
2.087402434222484171e+00
-4.416141171162133894e+00
2.074796599268601494e+00
2.105956184955299459e+00
-1.928166342404813882e+00
-1.763561087429894592e+00
2.053483425929129691e+00
4.089669974290059962e+00
-3.109751577212958473e+00
-3.096818538340704863e-01
5.034511712565597819e+00
1.226720915133720502e-01
2.147980363434247586e+00
2.811689843415982715e+00
2.079897674974888311e+00
-1.114589996290181295e+00
-2.165790111371678872e+00
2.149905332178444706e+00
1.910878264044305608e+00
-1.984246108979584644e+00
2.190085690125122664e+00
1.460387381448121413e+00
3.084866649520470627e+00
8.421003443674536015e+00
1.999779596573264095e+00
3.693520553239855175e+00
1.836352990197367863e+00
-1.956642149643029738e+00
-4.458199559788852184e+00
1.876466762700242041e+00
3.144212751830659514e+00
-1.132040969062960922e+00
3.782501536918911889e+00
2.039403999053493788e+00
2.052361272554382943e+00
-1.874971601686828970e+00
-1.598545409517582172e+00
1.864172985117246162e+00
1.850165025093452709e+00
1.898306890341770359e+00
1.909838431060201680e+00
-6.828875208132423325e-02
4.231988801705544034e+00
5.116302718605856281e-01
1.941332272676446147e+00
1.925757983277171626e+00
5.387413915266867193e+00
2.029058335277316161e+00
-1.765135869328015694e+00
-3.497869667108402858e+00
-2.330501234696178869e+00
1.366637414257438010e+00
1.974767364417137072e+00
-5.333600929126806056e-01
-6.072695452454821563e+00
-9.260028281889239876e-01
-1.312005026276917397e+00
-2.354239100849651933e+00
-3.818399901436287269e+00
1.964314554348633335e+00
2.055558347104503802e+00
2.019066467634087036e+00
-9.595650072122298146e-01
-2.225542254659100549e-01
1.909748460762168865e+00
2.045658456444058526e+00
2.031828183405771426e+00
1.892010836308996691e+00
-4.128377553130308186e+00
2.074849191148285144e+00
1.952406617749821383e+00
1.819973655349722552e+00
5.664318822706846390e+00
-8.155712465499236785e+00
-5.762451138270898277e+00
2.545195450901150735e+00
