-2.104859219678829163e+00
-2.987385645271976031e+00
-6.521435601331608822e-01
-2.158206656186743899e+00
-1.875394045175621027e+00
1.980923822480975982e+00
2.321021225016589584e-01
2.145307970811694442e+00
3.386451758202959628e+00
1.956443032944281679e+00
-2.329533098394794610e+00
2.045324737090303380e+00
-2.010742766214058008e+00
2.470178666505870702e+00
-1.923615134336253973e+00
1.915623582328614960e+00
-1.420219850778406678e-01
-5.207882829930918334e+00
2.047136116435952946e+00
-8.159575776559655491e-01
1.967441143239907930e+00
1.950687614903035438e+00
-2.099321682690823199e+00
2.802465942298008716e+00
2.049603307030301469e+00
-2.014524273521044240e+00
3.968967661595856011e+00
1.863146703640926605e+00
2.081507667768735192e+00
-6.654954471362093393e-01
-2.387667480474315429e+00
3.592142692261714565e+00
-2.617035913417676163e+00
-2.008381597933916130e+00
4.397860196897445562e+00
-2.032340687383578093e+00
2.063232502584504413e+00
2.481641991266224423e+00
-6.423801019352684882e+00
-1.309880917129238931e+00
-2.007483655041504278e+00
-1.962278889588876307e+00
1.205357891667952819e+00
-3.021847236848616558e-01
1.913362133332291659e+00
-1.262863613186326062e-01
-3.632004176965614395e+00
7.905225850593838866e-01
2.025921343610936454e+00
2.014984670835952674e+00
1.988371315178113941e+00
2.064930760950911104e+00
1.750873533531700055e+00
3.647113882580141353e-01
2.205251001017444867e+00
-3.847536919368029551e+00
2.026116152961696226e+00
1.167197089104547114e+00
1.806253956786774972e-01
3.745757084901010003e+00
-6.548499928820654681e-01
2.038318252209996295e+00
1.979981829770053769e+00
6.719991153745786816e-01
2.065543806115502257e+00
-3.584205425382758214e+00
1.919726043239972091e+00
-4.726346670954424845e+00
-5.116881784114616138e+00
2.670169432455458569e+00
-8.896784158568490919e-02
-1.264768179085448419e-01
-8.140280288090590011e-01
-2.141681937173849359e+00
-1.999614791369017874e+00
-6.190481652807237056e-01
2.714933721005781120e+00
-4.719129139908105897e-01
1.972462114825300317e+00
2.896508961102866486e+00
1.906643382135592368e+00
1.980596670157489081e+00
-2.232163826786052852e+00
1.846789277299954124e+00
-6.500073130546651257e+00
2.245872163876719618e+00
2.168638962833285611e+00
-1.915636801828648705e+00
1.918231103079337085e+00
2.104997852633118338e+00
2.040708825560531459e+00
9.438778200479585045e-01
1.836868814359517543e+00
2.149005036031057969e+00
2.095555098595145882e+00
3.545681372856955171e+00
1.941719709886606360e+00
2.004622030107347186e+00
2.097974879251784053e+00
-7.767934579172659504e-01
2.997257269771693711e-01
-2.195147277038069333e+00
-1.150785759247715090e+00
-2.389564136589273358e-01
2.000084312414543319e+00
2.089886018844071991e+00
1.909795852162999852e+00
-2.836067221687046835e+00
2.034523942488577042e+00
2.169053087548764136e+00
1.734527478651758159e+00
-2.791190629788946609e+00
1.907573620750117049e+00
-2.639363417868267447e+00
1.865863677070550120e+00
1.509517428788022531e-01
2.199759342361562453e+00
2.096983722834483199e+00
2.063977098234153207e+00
6.001201597002419064e-01
1.988205757572257149e+00
2.169742149213326421e+00
1.825467305414225416e+00
-2.479469947919968220e+00
-1.836236133911234525e+00
6.155221572703781785e-01
1.920725810741549022e+00
2.107182356865749284e+00
-3.391486943238628093e+00
-3.132151933332349536e+00
-2.046446222346495425e+00
-2.282470540599621067e+00
-1.246045234501516052e+00
-2.176737879810794141e+00
1.961722886887027117e+00
4.084481624024943969e+00
-2.634693007874657766e-01
-1.173452269460315112e+00
1.611584612229689295e+00
1.856398644348218108e+00
-5.985013394735180237e-01
-2.975181051839207225e+00
6.860060895059932884e-01
2.122748389640101596e+00
2.205176107921267725e+00
-2.950729433118108869e-01
5.875312769017241976e+00
1.935781069789028086e+00
2.012305760430630919e+00
1.862528036301034806e+00
-5.961840902316076551e+00
4.516075519243090142e+00
1.853233841485409261e+00
-1.798695782603898730e+00
-5.095421927940991580e+00
4.198965444532508862e+00
2.198323037818860293e+00
2.102726995738931404e+00
2.208683076073665763e+00
3.808180451057273652e-01
1.933206057121442889e+00
-2.022903896496737186e+00
4.761572797819736635e+00
2.554003326738746082e+00
-1.996610988319142521e+00
-6.429552095728840122e+00
2.359492628647982260e-01
-1.277846619391881822e+00
3.488550520906504637e+00
-2.293493253261699394e+00
-5.201621626053129610e+00
1.909528516812752263e+00
-2.152217121587281845e+00
-2.040230538679785877e+00
2.093920849014873298e+00
-1.780291192053942151e+00
1.942391977924805779e+00
2.115590563789511158e+00
1.958303375745920949e+00
1.779215932961102142e+00
1.986612089402453707e+00
-4.417783926881180823e-01
2.030979988935859737e+00
3.046600316238915696e+00
1.996426296739965744e+00
2.041002916793911659e+00
1.273313844464066591e+00
2.104434229032848158e+00
4.497805263033693102e+00
1.910024599660115951e+00
-1.373841321238817414e+00
1.958086489916951445e+00
9.885246422809610412e-01
2.072959590979889022e+00
-5.004471240545019128e+00
-1.313857514923528091e+00
1.580440433543411238e+00
1.981878683183153189e+00
-5.067481191923765005e-01
-1.439488092312335654e+00
1.935859076824661518e+00
-1.375975796891950154e+00
4.137571053401957855e+00
5.380964822536130399e+00
7.723098743969112334e+00
-3.294887316903266417e+00
-6.135492390883013902e-01
1.870373113411641919e+00
2.093229745204205017e+00
-1.406931661780058906e+00
2.073875582820399632e+00
4.826705239529284208e-01
3.941191203905472840e+00
1.990218768680560357e+00
1.972194648109045323e+00
2.310513092968621507e+00
1.997894238993881633e+00
-5.522853025560465756e-01
9.092476087637362259e-01
1.844162659976958052e+00
2.062976626459938956e+00
2.046274914028490599e+00
2.028520713929584218e+00
1.857937544310085176e+00
3.915058363396600960e+00
2.181556438804406639e+00
1.242448868834066245e+00
4.628986562150517514e+00
2.112531634697701222e+00
2.241600407447763121e+00
2.263989095661514295e+00
7.327631839846213690e-01
6.630466895700340757e+00
1.984367101173833525e+00
2.073760169667932640e+00
2.601189777428945860e+00
1.978669589150558794e+00
3.455366641217381574e+00
-3.600412950529833012e+00
1.111489626458564972e+00
2.038057176860965658e+00
-1.953414127361577934e-01
1.949748276891608345e+00
2.518516688792456382e+00
-1.111978243834844893e+00
-9.514931502871565305e-01
2.090311132824768325e+00
1.911596477893496182e+00
1.883726167296002396e+00
1.226872245402848449e+00
-1.855955488070361703e+00
-5.147573067165659211e+00
-1.387725762570819921e+00
1.870983399573035832e+00
1.941604846028868181e+00
2.009786951161327551e+00
-7.954479197460812001e-01
-1.122884549263462262e+00
-2.087543077907692446e+00
-2.168254617533877049e+00
1.986240705528029782e+00
6.692822642296853530e+00
-4.062608763885904306e-01
1.309793506556616638e+00
5.480186890781543418e+00
-1.995014924355386965e+00
1.810419366937271013e+00
1.795133389578589700e+00
-1.526438219619633330e+00
1.085608827421589595e+00
1.515305985495434271e+00
2.110703174770776069e+00
-6.617573654750896761e-01
-1.783503030816389279e+00
1.959924146926132371e+00
3.711992352975572729e+00
1.964408700214072656e+00
5.843908749972368533e+00
1.226066057307590107e+00
5.864367510106029968e+00
3.754527614938746871e-01
1.791821573820324698e+00
2.161031550070348306e+00
2.844942655985949198e+00
2.057975187606955192e+00
1.949162544646837469e+00
-1.935340765637703742e+00
2.046130531543644437e+00
1.977959259777402723e+00
-6.581197635814873825e-01
-4.307070089827672810e+00
1.904478435029156369e+00
1.394246439015745409e+00
2.056355742472944392e+00
1.976121265592254650e+00
-2.069697404443465949e+00
2.062429735472542713e+00
-6.438354895675932887e-01
-7.894025074354786398e+00
3.472159041323921169e+00
-2.072137113246909745e+00
2.028224737647855491e+00
2.031339113681961184e+00
5.352558187603033701e-01
3.806804429065143935e+00
2.774333584963067256e+00
2.233122260100032008e+00
2.016350791231893869e+00
-4.045216271483432102e+00
-4.035582849142566708e+00
1.854929898432923219e+00
-3.821161774049170123e+00
2.191121063179938044e+00
9.931505744886071074e-01
2.176877269685055349e+00
-6.993991798924450443e+00
-4.265552572243931806e+00
-2.809429562343447984e+00
-2.046156951509067845e+00
-2.036898026382426785e+00
6.740527281672575866e-01
1.937845965926411562e+00
-1.967372525755207713e+00
-3.461160945486570384e+00
3.216921454150334370e+00
2.070194165197198455e+00
1.972481028634168743e+00
-3.662599985207281028e-01
1.871409554930567376e+00
-4.888803033567167944e+00
3.309212378592659487e+00
2.014528633202559593e+00
-4.931793252060265864e+00
1.883903584672646181e+00
-3.023981128434770849e+00
1.999438679699651944e+00
-3.927662850999248612e+00
6.691015242037047228e-01
2.055816277182288765e+00
-9.505458861790976322e-01
2.023900298458534142e+00
-1.963629561681062841e+00
1.917491321589080977e+00
1.363076591361398249e+00
2.120921229943046882e+00
5.510124088096488570e+00
2.091037565780413665e+00
-1.337593368742794109e+00
-2.733942658878859788e+00
1.947485707881555284e+00
2.443770293366921642e+00
1.995495860203848615e+00
2.040165361305741332e+00
-1.745390651795637682e+00
2.006989375818762689e+00
2.002866966953750438e+00
1.922629035482041227e+00
1.941370392674802936e+00
1.972035892334081053e+00
1.839760754355024730e+00
1.982705633583027760e+00
1.908336944674200231e+00
2.129850223848781088e+00
1.271387653271748519e+00
2.001610085621901458e+00
-1.893797968496698125e+00
2.071749452212499953e+00
1.722776876877151864e+00
-3.326182434564012969e+00
1.977102447794722995e+00
2.425215595653130496e+00
2.043100620998360650e+00
1.938254941345503912e+00
-2.061962280367947820e+00
-3.468661836211586191e+00
1.986566355634852954e+00
1.499176831757238038e+00
-7.010738933115996829e+00
1.916436401379075116e+00
2.890112792387288909e+00
-4.527960698512968563e+00
-1.369725236802279200e+00
-1.113597153860334643e+00
-1.999611265781300329e+00
3.478191371119803588e+00
2.257597192579393841e+00
-3.658134098490904762e+00
4.609496161719717655e+00
5.343991385147176310e+00
1.995603263752553813e+00
1.987730826787936111e+00
2.960663268789055280e+00
1.995308984197607272e+00
1.969098215867312041e+00
-3.086725791546942599e+00
-2.022244549977292749e+00
-7.178968347760427138e-01
-3.641478332713973920e+00
2.054106508500004313e+00
-1.078762263135207400e+00
2.731939828389590819e+00
3.210186375109054691e+00
2.067493501491602714e+00
7.652609457364001333e-01
1.931272471028099957e+00
-1.731797493644457564e+00
-1.662596267488355206e+00
1.130123602739413924e+00
2.138351399080923532e+00
2.105765377012562389e+00
1.829530409502583721e+00
2.117453207000073778e+00
-3.018999740560718514e+00
-3.277305146585871576e+00
-1.537005669969040866e+00
1.981183973713747326e+00
-1.498085036821005800e-01
2.944833862898527110e-01
-1.872071482638453466e+00
5.058066373793113968e+00
1.941329399556075419e+00
-1.375362641924609886e+00
2.941485772047094827e+00
1.999525164551989365e+00
1.777121201587034793e+00
2.249878460938000924e+00
9.130973669352967503e-01
1.860375802279543578e+00
2.054161228903164993e+00
2.451805936636481942e+00
2.628862150574208467e+00
-3.148809754671669126e+00
1.570463730380547318e+00
-1.618034524498864091e+00
5.054541404226896795e+00
2.105734900846176316e+00
1.011802182213203505e+00
-1.500668304089427751e+00
2.876954222310673437e+00
-1.748509217999183019e+00
-1.638925362616319603e+00
2.153618535303561288e+00
1.031164287531392415e-01
4.046465747155350456e+00
-2.158910500682126532e+00
2.142480965258528158e+00
4.277020476057241893e+00
-1.078382760402303298e+00
-3.852412028226545715e+00
2.021500511124155519e+00
-4.528562433691818989e-01
9.540465537219007253e-01
1.972060525335068704e+00
2.340230474952426309e+00
-4.599036921982971649e+00
3.822660294176074558e+00
1.843325940009854502e+00
2.024379185665396097e+00
-1.351763115714053276e+00
1.873461171516419776e+00
1.985264230759716364e+00
1.344092007990169035e+00
1.940390830300646741e+00
1.953633675605324749e+00
2.146928926518605341e+00
1.974964215909706500e+00
1.324779531156801804e+00
1.896406497017683268e+00
3.553722196883677409e+00
2.021699208540054471e+00
1.994070919505057216e+00
-4.896850625568988313e+00
-9.686077571588262991e-01
-1.212230689858820210e+00
1.056890185210142552e-01
-2.658058162450872786e+00
-2.953890453544036010e+00
-1.206136105455774543e-01
2.008766456460583161e+00
1.776742387124116807e+00
1.993763226202303507e+00
1.989151804510572941e+00
6.642736973057926375e-02
1.172612418442640081e+00
2.017045433038680446e+00
-2.672923142125939400e+00
1.926989349943417418e+00
1.985234189201911637e+00
1.914399485286495395e+00
-7.502480466514199975e+00
2.151798839853352074e+00
1.963977716392913075e+00
6.491422494214893035e+00
-2.909357613281326471e-01
2.018011309287194965e+00
1.839740631801794812e+00
1.991192128238891357e+00
-1.684874905921151633e+00
-3.427775596588138907e+00
3.306562863276638176e+00
-1.178654196248972941e+00
2.162410384403193664e+00
-8.333231939932015386e-01
-1.799048846808389279e-01
-1.685537890709541520e+00
2.090149819821866650e+00
-3.610837529649370659e+00
-3.120408848851658146e+00
2.099281941156350584e+00
-2.089978205495002683e+00
3.312926950636858880e-02
-5.488169470742132461e-01
1.704802360963501684e+00
1.930303691558914680e+00
-1.194738363735839304e+00
2.204012024345639809e+00
3.550466034104203139e+00
1.896079106204041409e+00
8.011088623453264113e-01
1.132298822634140834e+00
1.263923015578267695e+00
2.099998599338344984e+00
1.934386985842757145e+00
2.065878600708282331e+00
2.014515649685999499e+00
1.263483960414269580e+00
-2.260333942362722670e+00
-1.291395482903973768e+00
2.041592127049739747e-01
1.960433133545301132e+00
-1.782466680782963941e-01
2.310837493572710510e+00
2.047134879106561556e+00
2.110385248115443257e+00
2.770699746219261073e+00
-7.921944952240544957e-01
-9.420883201644827259e-03
2.026422425902167035e+00
2.112123029381738792e+00
-1.898037613269777157e+00
-4.853873353057339024e+00
2.099179619339805125e+00
1.737435037176984887e+00
2.012676470565832876e+00
3.811120242151399662e+00
-1.567935280148888166e+00
-3.938025510131273332e+00
-1.855559991441227075e+00
1.949163287863915794e+00
2.056398681126298200e+00
7.695258031578015689e+00
-5.253219881989222628e+00
1.992000944415676988e+00
4.203625329457137405e-01
3.298637908608577640e-01
-2.101687177105260762e+00
-1.282827772916247167e+00
2.065163501003188351e+00
4.648008658466576293e+00
2.080133644592763620e+00
-6.281895280406645909e+00
9.547912485854867626e+00
2.070806760908744160e+00
3.919392893034149061e+00
-5.783606594325740424e+00
3.239311305803266983e+00
5.270607133614882978e-01
-1.917698198390755504e+00
-1.617744374693189657e+00
1.900324537414763704e+00
1.868330084006823100e+00
-1.926552072615716149e+00
2.072789428123356537e+00
1.929646846171104491e+00
-2.172336067015248506e+00
2.066268068363866561e+00
2.062723347836560084e+00
1.767314219893649119e+00
-1.801004056170906642e+00
2.894074792869264279e+00
1.926301489493396746e+00
7.586731710497679471e-02
2.108341215560383120e+00
-1.565552240004766560e+00
-5.819105394064385983e+00
-1.239999371878218515e+00
2.729652373800592002e+00
5.040008819336738721e-01
1.898961521526630669e+00
-1.086224825974765107e+00
1.882337770571358204e+00
-2.499625934658279203e+00
3.084166117658273087e+00
-1.962905644543630368e+00
2.918473607654838986e-01
-1.162732451976951076e+00
2.830867344490323401e+00
2.184890396237149535e+00
1.436375966969985596e+00
2.011296706765575593e+00
-9.550180078260107619e-01
2.675893976378556083e+00
1.249500118651916958e-01
-1.948979078152037303e+00
-2.386123853541274875e-01
2.024388041190685605e+00
-2.406390695852035577e+00
-2.494081865442791202e+00
1.887494489640473727e+00
-3.985079590932430804e+00
-5.815731216775152035e+00
1.995037797646817657e+00
6.548950941529612990e+00
-8.969897631801049265e-01
2.010208306274375634e+00
1.637118613685913493e+00
2.101629212500554011e+00
-5.247613037715381346e+00
2.259170757977475574e+00
2.150475960290264332e+00
2.710188850725364862e+00
-2.018880027780082465e+00
-3.932097200826712768e+00
-4.387824702724474335e-01
2.006044867395382347e+00
9.217390778961418452e-01
1.867893234789905099e+00
-1.994757484522287738e+00
1.932497751350923387e+00
2.263559024452608259e+00
-1.212338917344431222e+00
-1.821815441195073770e+00
2.055993240511017728e+00
2.082829370945349812e+00
4.937104734542293594e-01
2.013735353188177424e+00
2.084521614523432653e+00
6.202518091155560798e-02
-4.741975837128769911e+00
1.809356970717280522e+00
-3.969483960868917194e+00
1.879408876677803875e+00
6.024844055379183771e+00
-1.040413726779226167e+00
-1.299261392809293314e+00
9.746806250282351591e-01
-5.655277219191749083e+00
1.860586556675264625e+00
2.011931053225196830e+00
3.857123638696420720e+00
2.175324957423934169e+00
1.913281498717755991e+00
2.455761239468920110e+00
-2.850505894674671303e+00
2.077909753267621618e+00
2.087221222217050975e+00
2.202105508774363063e+00
2.715951043809240240e+00
-5.778321897467247892e-01
-6.016066127910791650e+00
1.954084057138089525e+00
-5.234589761408088293e+00
7.747963407478035691e-01
1.995947134603578865e+00
1.921500058980075476e+00
-2.151128866141760909e+00
5.295824788310435904e-01
1.944228367396068302e+00
9.099107591694299835e-01
3.909134191260880797e+00
-2.555860571206593601e+00
5.541534106173717333e+00
-1.998905911972241878e+00
-2.055055551306135264e+00
1.989360271125333979e+00
1.273156852759078639e+00
1.810877315957926337e+00
-9.349694177396508099e-01
4.051679438456672777e+00
8.162582465564066636e-02
2.133569189730379900e+00
2.199455017724182948e+00
1.988308742350009428e+00
-5.350076431133896082e-02
-1.987493155194920202e+00
-6.019569040124752135e+00
-1.235007580958114470e+00
5.276446638545547074e+00
4.186791593044855153e-01
1.981258441771208467e+00
-2.585266759922951074e+00
2.766458128324377874e+00
-1.934936115298932169e+00
-2.099085580355504632e+00
8.704935168101946008e-01
2.042386858740318001e+00
-4.033976098525220877e+00
2.065765122280635691e+00
8.300949183188151281e-02
2.399015887201743524e+00
1.956591761563353238e+00
-3.513812507119219219e+00
2.127078007756023847e+00
1.691074658651639417e+00
-3.890360500686778633e-01
-2.378264151409058336e+00
-3.224308266809295720e+00
-3.797542359045746885e+00
-2.684963917398429878e+00
2.142969548845550243e+00
-5.064630315111406489e+00
-1.595902583272483799e+00
-5.621646156475391676e-01
2.102519342722175111e+00
1.274766808414425912e+00
-2.269715749219320511e+00
2.001585510301002291e+00
5.026291950791495822e+00
-1.355864350075530300e+00
3.206328806574602064e-01
-2.100600388373861982e+00
6.807419169410087179e-01
2.045836435505016482e+00
9.660563697357756885e-01
2.070232649678714232e+00
3.231373871949164034e+00
2.059375911012205851e+00
-2.434821953360483793e+00
-1.469794358673098600e+00
3.493014486642833205e+00
-9.685102295233700698e-01
2.295371922497496886e+00
1.911394410058142590e+00
-1.969249506829887197e+00
2.021156121608907341e+00
-1.941272909989326001e+00
2.085971272182644221e+00
-8.940917345670988947e-01
-2.002515861871125846e+00
1.392774983976405645e+00
5.181007080426741851e+00
2.111134594902343231e+00
1.976281957928429200e+00
1.968143838939497625e+00
-8.366676245895608988e-01
1.755531663113073737e+00
3.354983307854593200e-01
1.711809634441699091e+00
-1.827943292652881135e+00
4.600188401788528836e+00
-4.352873376556963159e+00
2.021923540609424919e+00
2.018573126832162945e+00
-1.969425613332729474e+00
2.049974474261285096e+00
-4.702634502830350116e-01
-1.702294963666230343e+00
1.086028355383626076e+00
1.569073786703492068e+00
1.957114098943286695e+00
1.894758802094191896e+00
-2.000217943726976699e+00
2.060544281946948608e+00
2.032158503149030793e+00
2.342395927818922696e-01
2.220926880733849806e+00
2.098469454720505389e+00
2.012309390530973907e+00
1.920503800048175114e+00
1.887263089982015085e+00
5.887989841796742674e+00
7.190638655535151746e-02
-1.920708733521363509e+00
1.890914423743025097e+00
-4.057315768855414895e+00
-2.000096286099135590e+00
-8.703412948940763005e-01
2.080855304701685338e+00
1.957312062888933557e+00
2.036360453878629961e+00
2.066253058403568765e+00
-3.270398572967272877e+00
-1.595500143410484850e-01
2.074422071126975631e+00
2.000557871135379084e+00
2.750780990710226082e+00
-2.041619417075439813e+00
1.973775772401826778e+00
1.977393198851129519e+00
2.129377745318189685e+00
2.055458922150127155e+00
2.026181389532774713e+00
1.901724953523244777e+00
1.426151314361854272e+00
-1.938971770137413175e+00
2.085325587240473677e+00
1.918664498031365628e+00
2.131748828270118246e+00
3.130580026576038843e+00
2.112913740520144135e+00
2.058084188388770386e+00
4.058537604814485888e+00
-3.032315339073667015e+00
3.818693206207651042e-02
4.214411540141600021e+00
1.653014187987375427e+00
1.957679702516015752e+00
1.777403896585958432e+00
8.421901062464296484e-01
2.089352640796682703e+00
-3.635050229046007608e+00
2.033403021407730549e+00
-1.767236280344598454e+00
-1.808935725857624632e+00
4.831121162116826184e+00
-9.250183577293683568e-01
-2.006667854238492588e+00
1.838030454203431585e+00
7.073292518667992912e-01
-1.957258062807289978e+00
1.876011469029860823e+00
1.811446611279466046e+00
6.355736867082550035e+00
1.847837452241872791e+00
-1.819626064134616028e+00
2.776789502954231104e-01
1.929327020338305276e+00
2.046325543235071542e+00
2.220612095817779519e+00
1.993450962448786834e+00
-5.328439455804490077e-01
4.416039838723970767e+00
2.240056571979033961e+00
1.560667103932004363e+00
1.902043918630537567e+00
-1.157409862071366646e+00
-2.033529612476555837e+00
1.886011142509018912e+00
1.879595616950753945e+00
2.191228987814398455e+00
1.945367746814901988e+00
2.018675540358881193e+00
5.577511306411024883e-01
1.923341415504590035e+00
-1.919194094241187587e+00
2.102900061454272329e+00
-1.127435547683753869e+00
2.051620283973664360e+00
-2.653433290045791981e+00
-1.910420369071734958e+00
1.969822187967885663e+00
5.005102627939644888e-02
-2.976520794776647882e+00
-1.905891833479646635e+00
-2.785965539104257260e+00
1.948140960470797545e+00
3.111923830766800236e+00
-8.423487671230233120e-01
2.046780187744417390e+00
2.625161070055582524e+00
1.542157641400013546e+00
1.995995124304895896e+00
9.230097281037190626e-01
3.949526024800146917e+00
-2.744523259449921593e+00
-1.995212039946168803e+00
-3.958516521787148079e+00
1.982733752411929284e+00
-2.820073659923296283e+00
1.930466918217054850e+00
-2.209010869608116767e+00
1.856702743509303311e+00
1.376878114192359170e+00
-2.982846155361577267e+00
-2.709367464479146115e+00
-3.611795787708752759e+00
-4.639732148912130705e-01
-2.723951340948479238e+00
1.381172609611360791e+00
-3.341593210705137706e-02
-2.295895771628101989e-01
-2.003913655088535695e+00
-1.788720686070458754e+00
1.958238197437685235e+00
1.986309496319851764e+00
1.967987389113958319e+00
2.026563973091934034e+00
3.245692507920652226e+00
5.440486420101627196e+00
4.265147821902299796e+00
-2.973519570186768934e+00
2.089750331863893251e-01
1.910289133428798358e+00
2.031886481491171903e+00
4.496018826447438776e+00
1.686000967835110886e+00
-1.530286743461347410e+00
6.713373809740346587e+00
-2.076519380342114030e+00
2.032894394186920639e+00
-7.782514782207043957e+00
2.023590433544759648e+00
9.901302516476568893e-01
2.008162050202271676e+00
-2.563020753354647407e+00
-6.014130374649440114e+00
2.070322485259906919e+00
5.846215158797916089e-01
2.117942150303533388e+00
5.770902248929977718e-01
1.925414019976742663e+00
1.741809955027227907e+00
5.794649631016397073e+00
1.883725099831838889e+00
-1.864995388705048329e+00
-3.788981334073492135e+00
1.999873023416119278e+00
1.189322107624762648e+00
2.076174460768885233e+00
2.082648367282633473e+00
2.031235747306375572e+00
1.775033683960885789e+00
-3.822739602383578017e+00
-9.865580587241997712e-01
-1.602386528625821677e-02
1.885798818207057304e+00
1.961649424649378082e+00
1.983807630287642176e+00
-2.614301092898057011e-01
1.352145228641031149e+00
1.977394068628208323e+00
2.067813483140831909e+00
-4.467539543653052947e-01
5.932864861723142980e+00
1.760954618977374153e+00
9.931974879187531746e-01
4.134311878795945638e+00
3.612591146794016161e+00
4.241717336636725122e+00
2.041012000380194813e+00
2.148638750164102440e+00
-4.426063962947272223e+00
1.956863165612256372e+00
-2.071505379487959875e+00
-1.936394119143268089e+00
3.978588902097830449e+00
2.092969712422971806e+00
1.866948317248930511e+00
2.062646705483937026e+00
-7.439412008765778905e-01
-1.956994669045041269e+00
-8.891215283643147949e-01
2.101541242004679955e+00
2.137433232088148394e+00
-1.282043228103884269e+00
1.981018386968584899e+00
1.652503456224156952e+00
-2.040743602414693547e-01
-3.370511526944498737e+00
-2.274281775541681649e-01
-1.775123819686359461e+00
2.631915430101064324e+00
2.000859759707295460e+00
1.248338032353170757e+00
-7.788205090150795762e+00
-1.146374797374760945e-01
2.688536761980070189e+00
-1.398980804402840228e+00
-4.970341872076486034e+00
5.618163063812154689e+00
1.893654096460330782e+00
6.863020622996656606e+00
2.079105479409871116e+00
1.825621513136824969e+00
-3.198006724296142078e+00
-2.049377571412132504e+00
4.591229866753553601e+00
1.831042537846224061e+00
-1.644644513406018582e+00
2.040557047281938985e+00
2.183055972014046553e+00
1.863433293576881367e+00
-1.852569972156214551e+00
2.763521711345949150e+00
-1.976839892824995282e+00
1.929332312154437901e+00
3.414805052694186216e+00
1.940402576334030238e+00
2.173703283505517891e+00
-2.594814887338290799e+00
-4.468971603853201913e+00
2.045981978777038801e+00
-4.615753546269940610e-01
-1.991750204163201809e+00
1.998767739029311707e+00
1.928521830046596497e+00
2.401970404190274078e+00
1.949602922306429065e+00
2.644665691798652407e+00
2.084813146997056776e+00
-9.258370536491445923e-01
1.969258459207320788e+00
1.942665712486744578e+00
-1.469191782145200964e+00
3.399248237072397538e-01
-1.900416810979270732e+00
-4.439551573289852726e-01
-2.597372423215925097e-01
1.977609456706311830e+00
-4.926296176897611900e+00
2.182214825448919537e+00
-1.654306463501712843e+00
3.094606020605331853e+00
1.953217152120357625e+00
-2.373312796683006098e+00
4.001206573550976309e+00
2.070649526957612174e+00
-1.299386277349420693e+00
1.964258552503451494e+00
1.269917210974957689e+00
1.901083902057702391e+00
-5.063631715980672965e+00
2.987988478083862809e+00
8.415490269488103969e-01
1.779167039675713990e+00
-1.792426686734193364e+00
-3.122140691055129147e-01
1.970751453714374879e+00
-1.169580123752165912e+00
5.592213406642885243e-01
1.971637580985613480e+00
4.504892777090367950e+00
1.958609849382307866e+00
6.806799696057009852e-01
-4.580711689202477288e+00
1.917163007255883178e+00
1.902678335920869213e+00
-4.101561288411527784e+00
1.760579948316621124e+00
-1.628110130713878168e-01
2.506302848699865304e+00
-1.571262778672772864e+00
3.100046660466983517e-01
2.100471847557918714e+00
-4.889416167984393935e-01
-6.739504169683270263e-01
1.906700202587963355e+00
1.980799572207226245e+00
1.852676171624951351e+00
1.986409679010305407e+00
2.538774598989492759e+00
1.987872510730722242e+00
2.400677327641665304e+00
4.724446563238924313e+00
1.569278902270283549e+00
-3.348705119522807916e+00
4.150936284548667032e+00
2.146932193263547006e+00
-8.728375357756654740e-01
-1.087366188606320172e+00
1.431570621602181514e+00
1.813183106001381439e+00
4.378328534218049128e+00
1.926639945744491822e+00
2.025634845075850787e+00
1.131221126818923395e+00
-1.758216154259699238e+00
2.145965165647981010e+00
-4.739444382015784996e+00
-1.246879254238856705e+00
1.959283065734597651e+00
6.017254619316862119e+00
-4.607766190588793442e+00
1.906233950108381148e+00
2.744773154172619023e+00
1.754150853746908378e+00
2.026111923291607386e+00
-1.990261609563531042e+00
-3.465321698948101048e+00
-2.015393273620501802e+00
-3.990688477460808237e+00
2.072682784777704068e+00
2.115753782595426902e+00
2.206721611713322595e+00
2.212519738708207395e+00
1.879241177952630348e+00
2.112919224478049696e+00
1.923093412140337799e+00
-2.474205990117708809e-01
1.938961784324026327e+00
2.077248168018940522e+00
-2.140409551528590804e+00
2.011757740565553565e+00
1.990029946086198098e+00
-3.490091027866778717e+00
-3.967628165643209415e-01
-3.790094373294219388e+00
2.042213939369143194e+00
-2.031554230414508222e+00
4.621309068558321798e+00
1.962878698777359210e+00
1.954393455648496758e+00
1.277733377716394836e+00
-7.050840081276741333e-01
1.964707425976091271e+00
-1.758401650038529995e+00
2.249050037776496591e+00
3.012399472315579807e+00
-1.860292184560224493e+00
-2.656153525113466696e+00
-2.269371856276792165e+00
1.972497699277163452e+00
-2.109121380780865529e+00
-2.915996363205535680e+00
-2.300708192955511766e+00
5.109911853297479212e+00
2.112836825566969168e+00
-2.717259265366660514e+00
-3.204935221069286633e-01
2.294705295502327491e+00
1.320761424468982703e+00
2.623369782266755212e+00
4.722779419253987143e+00
-2.606199302473569901e+00
-6.433118511475099055e+00
-1.710082619184391195e+00
-2.368221646886660370e+00
2.106269843226650895e+00
-1.353420067162772966e+00
2.015162568035756774e+00
2.446896541244523160e+00
2.212405823746387501e+00
-2.537445528052461707e+00
-2.047432237729968740e+00
1.232546413353419190e-01
2.041163259601563862e+00
2.390149186846475260e+00
1.817661866500268841e+00
1.793657226938453420e+00
2.063967854791012968e+00
-3.174823073922016792e-01
1.962624791043621419e+00
3.822680046062655101e+00
1.890561599617347266e+00
-1.742833248633382848e+00
-2.621203708908367958e+00
1.770346957713572200e+00
1.835013030030432590e+00
2.065535745748515506e+00
1.509962176794749311e+00
-1.917233878760233212e+00
1.825671370797590898e+00
1.839074736293872414e+00
1.168164996290049551e+00
-5.738049515680204493e+00
-2.184265334031726624e+00
-3.388654291633588667e+00
2.015427222798219287e+00
3.344427018935209439e+00
3.705962359062598410e-01
1.871644239742792371e+00
7.088557429217534622e-02
1.542151944113973605e-01
2.134086303373138094e+00
-9.345770516905487213e-01
-1.990318361708366179e+00
1.971884559602815834e+00
-3.771498879435105422e+00
1.964407437558970182e+00
-4.597483361132111312e+00
1.989057910775066995e+00
2.217547321417855599e+00
1.882379842986481977e+00
3.179672411725599446e+00
1.902219589256383347e+00
1.971569095219319889e+00
6.252683883106391782e+00
-1.903097198503631349e+00
2.060097640733603352e+00
1.904210586597693267e+00
2.038790821942146891e+00
2.008947895724894295e+00
1.889878007766288226e+00
2.089694635043729765e+00
2.412653200720019875e+00
1.956356995001797605e+00
2.011665981031353745e+00
-4.361237673346731736e-01
-2.075645048529444647e+00
-1.774927520054828955e-01
2.030849781533615062e+00
2.013172161844317021e+00
-5.015306354058704841e+00
2.041546293455245298e+00
1.950244375738528158e+00
6.675984932269733996e+00
-2.767019772366198005e+00
-1.132562970865053309e+00
8.875836638156947345e+00
-6.087932406227065663e-01
-1.001697392820313504e-01
3.593005876075162086e-01
1.899679827365122309e+00
-1.707078604342124439e+00
3.358272196919138253e+00
-2.000037843035351592e+00
2.659338517053531081e-01
-1.339856848371931974e+00
1.899465006263605815e+00
1.894248225127465490e+00
1.849217618958168829e+00
6.844631052725114628e+00
1.997286739293295144e+00
1.936188101094389546e+00
2.139080081809319633e+00
6.575257346410285919e+00
2.071618314207957390e+00
-2.229380933402610232e+00
2.078196130529665453e+00
1.911047464497986681e+00
2.006848121679851715e+00
2.216984241647828036e+00
-2.053374030277349327e+00
2.025661424751247441e+00
6.642825936500935669e-01
-4.496448954473471815e+00
5.348291025849535169e-02
-4.319438878061894749e-01
-5.311249565413508122e+00
1.981436824609450031e+00
-7.334773368907759883e-01
-2.025601625887964108e+00
-2.893126297100401256e+00
2.015134593282021935e+00
1.925337686600951281e+00
3.260172432790498398e+00
2.205327495024430817e+00
6.237239754007897208e-01
1.996415527363058606e+00
1.934669082650652516e+00
2.007882012711021513e+00
1.769707640649731628e+00
2.028154531472457833e+00
2.034609458308075602e+00
-3.292530999426342309e+00
-1.847456059202393863e+00
-1.926860643230337899e+00
2.526794981607287660e+00
-2.416970308123957523e+00
1.799986011352036286e+00
2.147914967143841114e+00
2.129284691284004438e+00
1.212031818923943849e+00
1.991069532835463729e+00
-8.263292080591642108e-01
2.524002673526095641e+00
-2.012289446978430263e+00
-3.562688946849529081e+00
-3.689332528980445725e-01
-6.231363487834223669e+00
-5.897460787012112959e+00
5.719970189179437448e-01
1.819592314523089671e+00
1.814311287022395858e+00
1.987472787329112922e+00
-1.810390218733560097e+00
1.921784152033055415e+00
-5.567877580432655016e+00
1.987329680348008054e+00
-1.739845113258096987e+00
1.262142307468117064e+00
-7.933592962635171997e-01
5.321407125239633551e+00
-5.171826287876934103e+00
-3.270112272447266433e-01
-1.858949655179318983e+00
-4.538776346230837255e+00
2.030872384038219014e+00
2.046763921018921906e+00
3.286906765871290936e+00
-2.125533823143757495e+00
-6.441741845053517324e+00
5.348477038125212246e-01
2.101738858204406313e+00
2.069427396437013122e+00
5.845688145097685862e+00
-2.584091571703874379e+00
-1.082676542469676928e+00
1.959066660161625784e+00
-4.920283878783610731e+00
5.272188364063928212e+00
2.130047269776556451e+00
2.581735396333085575e+00
1.286952677018399882e+00
1.860621931191206224e+00
1.903416667568517573e+00
1.982938041885041525e+00
3.196167126465049080e+00
-2.105759537076707044e+00
3.768203093378477003e-02
2.096755279966616037e+00
2.093386778365081469e+00
2.056384303485887521e+00
-4.537185831136671510e+00
-1.969701815219376151e+00
1.866196411364504204e+00
1.934103858607776338e+00
1.949649421848330011e+00
2.881906750182032351e+00
2.068419459582133246e+00
4.710624492914157635e+00
2.014683361012362894e+00
3.690523064350261784e-01
1.893582607796262085e+00
2.965863325768227199e+00
1.413682443239717701e+00
-4.531945363375995406e-01
1.898777055584160989e+00
1.947502069868922714e+00
2.028680187443375527e+00
2.942823948924566224e+00
-1.873007833931540800e+00
2.059726677746982038e+00
-2.085156146179737657e+00
4.243144021885442152e-02
1.928957329589783942e+00
-4.229728556327309263e+00
-7.892535277762333656e-01
1.426701852460847686e-01
3.505371260734458372e-01
2.092150195416123903e+00
-5.526055768540217628e+00
2.179832617183615540e+00
1.910658101171055279e+00
2.955949759598577309e+00
2.052775875552207197e+00
2.004851660156441007e+00
9.851705486004322943e-01
8.614684007598554238e-01
1.159234536535685089e+00
1.722350590366601431e+00
2.091474349484906625e+00
2.049084095215702561e+00
1.961191206675274357e+00
-7.451575341063092495e+00
9.425954720817317778e-01
2.819138436400128178e-01
2.667436699879266016e+00
6.550248257103330474e-01
-2.153133494522140090e+00
9.347014744474567705e-01
6.768555496088131562e+00
-5.622859164469661275e-01
-2.463040306596290030e+00
-3.813272665688970164e+00
5.076871236880744931e+00
-8.641958955084744209e-01
-2.006380294032255041e+00
1.946674296055510567e+00
2.105025718243656474e+00
1.888395847662906801e+00
-2.016707470632148169e+00
-2.221442009593729061e+00
2.425958985446501792e+00
-5.072761981150094357e+00
8.262928134465492569e-01
-3.266225980266567408e+00
1.434063691278226083e+00
-3.425664298367240956e+00
2.121256166712627511e+00
-1.988426410080550433e+00
1.874650599558119746e+00
2.171804292602514064e+00
2.446226399709065191e+00
4.775758671559923840e+00
2.668626729441402112e+00
2.077190333072437056e+00
-1.832899433108083231e+00
2.821752700079326992e+00
1.862715097475465598e+00
2.196520332806092046e+00
5.819967368653724549e-01
-1.929212349673047111e+00
-5.855684071387614598e-01
-4.846263915101723385e-01
4.455619409962421784e+00
-4.013041686638038286e+00
2.126644525258678975e+00
2.087756961252598131e+00
1.941470508899033165e+00
1.940515275699921771e+00
-1.992021600858710606e+00
-1.972350500936582041e+00
4.497631970376230193e+00
1.904311654877343551e+00
2.011593500355613795e+00
1.877692438310129219e+00
-1.660725737194485907e+00
1.917269266475761791e+00
1.966016872911000357e+00
8.652943257973498559e-02
-2.024396644075011409e+00
2.111422574085075166e+00
2.008469778961904595e+00
-1.968403361081699332e+00
-2.051412845086125092e+00
-6.910081918353737862e+00
-4.383070724184237599e-01
-1.899696688465300820e+00
-3.750011199137008866e+00
1.488529399261593111e+00
-2.608346108939291863e+00
-4.885966092977326092e+00
3.403991998590365498e+00
1.965702422170742647e+00
2.124596037380890756e+00
1.982065212716303648e+00
1.905248895120828623e+00
-2.019826325363773378e+00
-4.796571962781694509e+00
-1.220510894865712626e+00
8.635046877924272835e-01
2.112700324905091964e+00
1.003702203785194147e+00
2.989105809674170722e-01
-6.058675056832264261e+00
2.100878885261999951e+00
1.250977665955351092e+00
-1.905239302584099903e+00
7.436834691101671169e+00
1.967171341849861532e+00
2.022922879384819961e+00
-2.209704159353176767e+00
2.078926154627180445e+00
-2.763435875247278517e+00
1.951946498264301777e+00
2.673507323771541877e+00
6.814201690847613291e-01
1.891970326604668129e+00
2.196518920148889720e+00
2.193560296715924451e+00
-4.670540913881410461e+00
2.552868319952155574e+00
2.172523439937825707e+00
1.730196010058443479e+00
-1.040791775034183742e+00
-3.999433578325027328e-01
-5.011361885780178049e+00
-4.328020306066806988e+00
-2.308672093517302848e+00
-4.110683776014887769e+00
1.870917045371684129e+00
-1.968048963531264572e+00
2.992047078041331076e+00
-9.666622790689798350e-01
-1.485744714945406386e+00
3.854445765411125269e-01
2.121032456247153419e+00
2.211813076611257589e+00
4.340060203022407137e+00
1.918100024406060644e+00
2.565077243681811225e+00
-1.980035332093395217e+00
6.870204301046836104e-01
-1.174306337920627996e+00
1.606147554084922158e+00
2.127387546812294250e+00
2.035657738825245922e+00
-3.804548368786097701e+00
-3.673467423905232287e-01
-6.318823273007165398e+00
2.014049194657401287e+00
2.157036177437879232e+00
2.141718135316521110e+00
5.693619982192805740e-01
1.986323947382782951e+00
2.025309399101468344e+00
1.872263909657293945e+00
3.421152516965159762e+00
-8.292725261768517653e-01
-6.144967385742448052e-01
1.960155034262544005e+00
-9.353210144295835970e-01
-8.250105806544623110e-01
-2.078527091074329203e+00
2.030588001096934381e+00
1.954893825493255077e+00
1.581691464047019657e+00
-7.827735967504562353e+00
2.781753873182771120e+00
2.149686034535728041e+00
4.853399287614769131e-01
-1.979343514950425709e+00
1.991150131061351525e+00
-1.874149552202241109e+00
8.392190583519452962e-02
1.952185842408301619e+00
2.181991766657227050e+00
3.475280817233588060e+00
2.338386421952911576e+00
-5.246646627076937186e+00
2.985550098043543432e+00
-3.437948331517671541e+00
-2.105671654502267565e+00
1.996729015926274498e+00
2.727189343175907332e+00
-3.435731401847879951e+00
-2.122808626060926684e+00
-2.103337912474627203e+00
1.875834484340427544e+00
1.958166740398797234e+00
2.034950667949081637e+00
7.009602145440999577e-01
3.924227675075468547e+00
-2.037143476152589727e+00
-9.312015230385832787e-01
2.114984623343008074e+00
-5.825089311024045813e+00
2.338482206381844897e+00
2.070309120844596062e+00
2.013495268244936298e+00
1.968472826127129593e+00
3.058467168305866402e+00
-1.037154785269356561e+00
-2.133567911326773370e+00
5.054982660535873862e+00
1.970336065528711655e+00
-3.014605838624771383e+00
-2.058830939879037647e+00
1.213030898114906719e+00
-1.907469513871215883e+00
1.879272072968625862e+00
-2.125413294283040155e+00
-6.221071656645003195e-02
-7.277316434707621795e+00
-6.281539727773957082e+00
2.026783343858787223e+00
1.868915792367872752e+00
-2.794650027021276184e+00
6.237553769972155049e-01
7.301778983103123011e+00
3.903861661934602267e+00
1.937362588618917192e+00
2.028474834188746190e+00
-3.866897093550979658e+00
6.970694593059462152e-01
-1.397321783230351722e+00
1.978611048222860713e+00
4.997132551366095576e+00
-5.835882575170658448e+00
-5.423944482142745827e+00
1.976518488913234339e+00
-3.343290251774872601e+00
1.936249941854796708e+00
1.882528593969617248e+00
1.984452620442181736e+00
-1.841587284070910657e+00
2.044451348796708867e+00
1.979684045914212209e+00
-3.276633908027129394e+00
1.959162060778790737e+00
2.311501585448858975e+00
4.920946967257981003e-02
2.614447606667895219e+00
-2.274716065489464367e-01
4.025426207499528175e+00
2.003620038014141347e+00
1.993685177120008367e+00
-4.415622525687648903e+00
1.840897316986765397e-01
-5.180937602928067598e+00
5.201226939034777175e+00
5.123908425022797530e+00
-3.508826915898424659e+00
8.083328329254066968e-01
2.058039301289258827e+00
2.055543155204763828e+00
3.969032708078349403e-01
2.051085842043600671e+00
1.918636693264524684e+00
1.937722483680948571e+00
1.919731981378129726e+00
9.263640003160740211e-01
-4.908723834284177912e+00
1.787642820125068532e-01
1.899736274917390721e+00
5.738478737099338423e-01
1.999589543601146158e+00
-2.102721328996268291e+00
-1.975365519869618725e+00
-1.327065316659264749e+00
-3.197852512621613741e+00
1.996389949678925246e+00
1.829911069325138584e+00
2.170500866636582149e+00
4.823619895765758614e-02
-1.904968337723329519e+00
-1.988047897068866643e+00
1.982274696483717236e+00
2.006970839164963660e+00
2.389494399314093798e+00
2.041013930774020935e+00
2.143772453354724217e+00
-8.133329833945979193e-01
2.829037058839321439e+00
-1.906644198620567332e+00
-9.251904592760481494e-01
-8.921065568616774744e-02
-4.331368545123023828e-01
2.072329941889819338e+00
-1.637962712271849641e+00
-4.926289131667742183e+00
-1.847700921788225648e-01
4.576076092501918602e+00
3.915381592398549326e+00
1.309276626055794646e+00
2.106879141875454664e+00
1.885204635572834242e+00
9.169981122385100214e-01
9.831283346451508143e-01
4.319678095622607295e+00
-8.422533253368976958e+00
-2.102144541622700036e+00
1.960674152163514261e+00
6.001767395766274937e+00
3.163384916188324070e+00
-1.198352442436793286e+00
6.067136294274865449e+00
-4.406976707950107652e-01
2.166660749059741597e+00
2.023093961439333732e+00
-3.027526076662708121e+00
2.015979390120551162e+00
2.178908161789669951e+00
-2.006119129434946302e+00
-2.036114239662646153e+00
1.973195389211814366e+00
6.218851980937682100e+00
2.117464957411669513e+00
1.931262123687783161e+00
2.030072200454616116e+00
3.121724068381676265e+00
-2.063793248883786458e+00
2.114155826707619035e+00
1.618060306339636600e+00
1.906964372750498127e+00
1.996293725484881154e+00
-6.622573977415346924e+00
-2.590505105962600307e+00
4.238677876814779033e+00
1.729574878269734661e+00
-1.960509026978844327e+00
4.590644446470683704e+00
2.114997138465241733e+00
-3.278325269497397887e+00
1.898166337627412936e+00
8.608607249502429060e-01
1.846366540349814400e+00
1.893342752465408063e+00
2.220538638738033810e-01
-6.599854908213278470e-01
2.051550404146343265e+00
1.246147701957873499e+00
2.128927821116760821e+00
2.077041434857101798e+00
2.058741279977931438e+00
-1.747347757488903142e+00
2.079326703487712535e+00
1.963220398868796179e+00
1.129467627898886883e+00
1.689083453839602011e+00
2.106688431840677556e+00
-1.935105700397362849e+00
-1.549475494833266520e+00
2.025609924730536804e+00
2.082578159145779040e+00
1.965960423991838901e+00
-2.116606139762444272e+00
1.179062278015235110e+00
2.846939649796333516e+00
1.984955597968687924e+00
3.805963832100320299e-01
1.863828750778636856e+00
1.882932979322627487e+00
2.076141305847244212e+00
2.043901750599445677e+00
1.988686591437082596e+00
2.116418528953393441e+00
1.878912876747778071e+00
2.004148710344740625e+00
6.441635630693573589e+00
-7.125284615656142240e-01
3.200525790655936120e+00
-1.667054783502438076e+00
1.840113903356241032e+00
1.841448081086548560e+00
1.920298173272764863e+00
-1.883521745557093396e+00
-2.695208628358626957e+00
2.064564884939350087e+00
2.718324988333463921e+00
2.147189261859037135e+00
2.013881182280994331e+00
3.338892347032970109e-01
1.879271940050226908e+00
2.173763016776570023e+00
-1.440563090746106889e+00
-9.709840211516935771e-01
-2.419973994442512932e+00
-1.560004014942124595e+00
-1.869310767553428176e+00
2.091340911306319050e+00
2.543954292513920024e+00
-5.140714495455778632e+00
1.812650287742913147e+00
8.403597309302656138e-01
-1.982470075128847320e+00
1.050506750223834551e+00
-4.628171349447303129e+00
5.703797104643686389e+00
2.002586723427304816e-01
-1.988330364484378388e+00
-9.772280808937273022e+00
-3.546465657568307339e+00
-2.091502263065246225e+00
2.061053670837175389e+00
2.059449281645282515e+00
1.926533527344811203e+00
2.510944811633685880e+00
4.611045585476651887e-01
2.134735150173905804e+00
1.797870593416295737e+00
6.485699735905450791e-02
-7.361213855614607837e+00
2.062126933005799856e+00
-3.036694332875355062e+00
-2.129469343407240700e+00
2.071027837565235785e+00
1.182395661708866452e+00
2.212131398511490321e+00
2.076398406316191547e+00
-9.653223571001980086e-02
-2.712953984841006694e+00
1.868099923404667573e+00
2.098016402019605042e+00
2.042199173153482317e+00
-2.026326422995870402e+00
-1.903651312985532806e+00
2.095427554755040056e+00
-1.977823697177922835e+00
1.906776242487222772e+00
2.027491384302404498e+00
8.655812603989225806e-01
1.967929455184996179e+00
4.478654648433446628e-01
-3.847121481440094470e-01
3.469558558473720300e+00
2.212934147907565485e+00
-4.295363728722001007e+00
2.014805916858970480e+00
2.404767769544900791e+00
1.990321592939660489e+00
2.050987508412209781e+00
1.310574900427672329e+00
2.170856054139215452e+00
-2.453707023030669898e+00
2.057691365517818838e+00
2.116679125881265389e+00
1.799863755548301913e+00
-1.793059456694159781e+00
2.058776797753449017e+00
1.286073879043964974e+00
-1.403177928835108945e+00
1.932693816478782134e+00
-4.360866236880077018e+00
1.445165510074728710e+00
-1.345168805626413722e+00
8.291871272183509722e-01
2.133043889130135540e+00
-2.182399983997052040e+00
-6.407792621553170420e+00
3.127270167685664681e+00
2.239762094186943386e+00
3.775402861842978464e+00
2.039862364377819315e+00
9.210490796363413057e-01
5.400706650222620198e+00
-1.499603852260785519e+00
6.172776613858506067e+00
2.102062169392137303e+00
-2.055602531275139810e+00
5.029224089875773629e+00
-1.875971678495722328e+00
-1.377248357752627328e+00
1.885169707450866650e+00
3.320857270542029838e+00
2.727491443790612813e+00
2.865831221344878443e+00
-3.225284368121406953e+00
2.062920265462676372e+00
7.789329858897904302e-01
2.056963081823051542e+00
1.929419581439804077e+00
2.014000233662932793e+00
-2.044456728006554869e+00
2.485033068524381328e+00
-1.835420204004820866e+00
1.632467160922183025e+00
2.202565681019942545e+00
-2.128156660837410286e+00
1.880352685046284167e+00
2.099755649092177823e+00
1.924038892291441094e+00
-2.302039071924116165e+00
-3.842820452867508063e-01
1.824414482059750986e+00
-4.560649193323301986e+00
2.153001726523997128e+00
6.705008637822095885e+00
-2.589874043644416979e+00
-3.372056192599431901e-01
1.476900961612717778e+00
1.931863384088444269e+00
1.816828241470965555e+00
2.432933801642970018e+00
1.872751218162643783e+00
-6.132018714755103073e-01
1.992458878185576321e+00
-8.423640489295749489e-01
1.944301902013396477e+00
-2.914039667223953245e-01
2.003350721859280537e+00
2.057010024260007341e+00
4.012484263122764183e+00
1.987885406693538082e+00
-1.832002833836403610e+00
-3.975959768986535359e+00
1.004832266510644168e+00
2.055176159821835213e+00
1.769752743822384566e+00
1.748660975215138524e+00
1.841331059494926370e+00
2.140602583853119967e+00
2.682452250348508649e+00
7.093167459606547487e-01
-4.213626562965848699e-01
-1.989863010028010581e+00
1.999598157708788904e+00
7.237950063465699024e-01
1.879989757661599814e+00
6.670728153208299815e+00
-2.121610984636392416e+00
-9.674336528890399300e-01
1.821520321616260762e+00
-4.623986899515251103e-01
1.909965139046085669e+00
-2.027520536053034395e+00
1.251607165093275853e+00
-1.932884607683209133e+00
2.051855202647082432e+00
-5.492807483926877010e-01
-7.479094780120409958e-01
-1.996524845302373397e+00
2.560610962563558246e+00
2.000857942857788174e+00
1.881701485044011468e+00
-1.722779073406889738e+00
-4.784474966124101947e+00
2.148653021486809589e+00
-3.046659199745056945e+00
2.011168367814752500e+00
-7.874669541534643491e-01
-7.379133999327815996e-01
-2.707325520698577570e+00
1.796710256208375212e+00
3.306906588223887056e+00
5.226944559237700183e+00
-2.041686316796749168e+00
-1.413083990059985418e+00
2.175898624057158059e+00
2.014789441748978227e+00
-4.821942440131238072e+00
2.026657922694906411e+00
2.023699131115898275e+00
-1.824405513944522106e+00
1.073533407162303055e+00
-3.242183479022014314e+00
2.580362105542234885e-01
-1.853361021498622918e+00
1.176465234516944847e+00
1.877175421465908212e+00
2.003518301120545964e+00
2.108686073167176378e+00
-1.364567014284360447e+00
-2.127869720252603791e+00
4.726156989347894966e-01
1.985998675796374791e+00
5.497413185592985307e-01
5.538920549853067143e+00
2.020171137287982255e+00
5.445535149410839493e-01
2.125633374678931986e+00
6.415637659127668257e+00
3.693031368256519897e+00
-3.338367763283713430e+00
1.895897957784035137e+00
2.164613726401578120e+00
7.978208529992951714e-01
-3.708747392479437188e+00
1.974808308169956561e+00
-3.348123373496946442e+00
-2.309289877920383649e+00
1.187905790506714077e+00
6.166182557273488740e+00
1.972202856871553056e+00
2.059093751027519126e+00
9.327583247349156892e+00
1.825351411894104103e+00
9.706309165720228282e-02
-2.013108053759984806e+00
2.168189271046329303e+00
7.039178559746497310e-01
1.856446612887349357e+00
1.883336937705186731e+00
1.939918456630041810e+00
1.977722748083835302e+00
1.849473319083360989e+00
2.097613702161229998e+00
1.906415505118837617e+00
2.044871301235326122e+00
1.937683924218458253e+00
2.101973884595543129e+00
1.949314649420972323e+00
3.153594190751716653e+00
-1.380487650153448653e+00
-6.080532772759815074e+00
-1.832414990293679491e+00
3.260542509401844313e+00
2.172870711651530229e+00
2.012878002506826913e+00
1.818398485244707707e+00
-2.028292560430636993e+00
1.864737852989172495e+00
-2.331252334124878978e+00
-6.398241652894679277e+00
2.609074777488968877e+00
5.281056094814193802e-01
-1.836020990435513145e+00
1.891676835006543378e+00
3.822957633677656619e-01
-4.725832824649536246e-01
1.957425585259479073e+00
2.125320730872664043e+00
-5.039513188288198720e+00
1.986875452111801721e+00
5.149872917756044277e-01
3.411754100095319431e-01
2.018555909459324837e+00
-4.149073061439593424e+00
4.476988626360878243e+00
-1.229668366969220161e-01
2.027086116599959631e+00
2.153506012796179370e+00
1.973002898532187688e+00
2.785999755330818561e-01
-2.225384112435508044e+00
-1.851794971588416550e+00
2.250047670506193920e-01
1.991885984864334658e+00
-3.137624945031956880e+00
5.114055560179112669e-01
5.118428420787434874e+00
-1.105930007963789707e+00
2.196191153888652714e+00
1.875880617786904070e+00
-1.219354601404624372e+00
2.419075634311552925e+00
1.526600784855547621e+00
2.101317414170766895e+00
2.013634762393716193e-01
1.905533601910069708e+00
-1.977364131421064153e+00
2.084798560740306783e+00
1.378984441732824973e+00
2.000191318036203647e+00
1.988058588099687274e+00
1.887487915890587065e+00
3.178203239238364564e+00
5.471373677179035555e-01
3.648635586762821070e+00
2.054750634705986734e+00
-2.052485556427049662e+00
-5.908105666840162140e-01
2.071049591839593695e+00
3.518765010933057713e+00
2.140603482045268180e+00
-2.796237759792258082e+00
-2.024000313299008535e+00
-2.179894514663911931e+00
-4.718688599553686025e+00
3.511159927511419809e+00
-4.020895583534008999e+00
3.794342029057264920e+00
-1.998987091472780753e+00
8.920812881673993999e-01
-2.068518201809055768e+00
2.102134972454112738e+00
1.970719536715598519e+00
-5.051564273862055643e+00
2.724274637841207714e+00
-1.991635546563934378e+00
2.146349522859893000e+00
-1.704606556712959353e+00
2.075926785821288423e+00
-1.785146967565036658e+00
-8.282276772422284550e-01
-3.283249848912853430e+00
-9.570164018160554065e-01
3.635732775187322741e+00
4.629591827247964808e+00
-1.130962636554854406e+00
2.124987948509968305e+00
2.204766316110341240e+00
2.109034919957749388e+00
-1.904302012806015298e+00
1.964181777139830887e+00
2.582461288457349458e+00
7.542494949232752433e+00
2.160780366905730610e+00
-1.714476318710790759e+00
1.923781729834778353e+00
-1.373069848311635477e+00
9.082936212131409448e-01
-5.804137154773387763e-01
-4.514048221742755551e+00
-2.736505519463450220e+00
1.935300677552515225e+00
1.227828386165005781e-01
8.822521790488549343e+00
-2.330455454653682423e+00
1.943662235980549102e+00
2.128807120005992815e+00
-2.169459079284025371e+00
1.580736010447137740e+00
1.197056538628178846e+00
1.993005739360233619e+00
1.819204476701814954e+00
1.979392298050473231e+00
3.809391638057877394e+00
3.017004069069571415e+00
1.545423818424908058e+00
1.669785418682334210e+00
-2.699262278614424915e+00
1.012667570147828933e+00
2.138895112891128658e+00
1.207272033237655862e+00
2.146174904402358585e+00
5.829167655425992578e+00
-2.003041835103987811e+00
2.205213755853437707e+00
3.989538799498087318e+00
1.946385085644872115e+00
5.894979734298491536e+00
4.331927285921286064e+00
1.877666647474688588e+00
-2.233495931544565494e+00
1.879320353846179348e+00
2.015618458683871683e+00
2.014876849414259041e+00
-1.140121846826319230e+00
-4.881832437981941525e-02
2.823289080182345145e+00
2.548771446005642538e+00
-1.099922884452254390e+00
2.066673599801377659e+00
-2.012673684660168050e+00
5.090423272136612276e+00
1.969445572855593074e+00
-1.809424493038190640e+00
1.281525930005938285e+00
2.047957625008480331e+00
2.051604378626682212e+00
2.156535927575237377e+00
-9.716905002056928087e-01
6.997256517314313085e-01
1.830372097760109007e+00
1.900972516191191453e+00
2.067112193646766016e+00
1.953940462377652620e+00
3.686898327151286736e+00
-1.897445712768534465e+00
1.046303768216967800e+00
2.062437985191483580e+00
6.500300250547716985e+00
1.948067869430755161e+00
2.004648505904916611e+00
-1.912719042809307934e+00
2.042721792208629150e+00
-2.095492378073441575e+00
1.902593738342992280e+00
-5.098959827258720878e+00
2.038854230199350859e+00
5.642898653623001692e+00
-1.016738542648782939e+00
1.953322868047352445e+00
2.165217938299566214e+00
2.043845565924105934e+00
1.890915441324075852e+00
2.073669146394189422e+00
1.111339155209707830e+00
2.037586775753535306e+00
-8.852370891861184310e-01
-7.797960932759029351e-02
2.194890564788730902e+00
2.035818188071448542e+00
2.184956379438802720e+00
1.964771443701293530e+00
1.955032208339253730e+00
3.158752644830230272e-02
1.987816260732009788e+00
2.030667942137321269e+00
1.869257205194823301e+00
-1.788503278804377761e+00
1.994563316847230316e+00
-1.901209262201784878e+00
2.004150919039776824e+00
6.711265678204966223e-01
1.962880002424440828e+00
-2.089926605895925160e+00
1.797890313928071082e+00
7.948395709545119647e-01
1.917418655500025215e+00
-1.873727207396673089e+00
2.958966611913781186e+00
2.043656540005414968e+00
-2.091321824670180352e+00
1.878877680166882946e+00
1.129636425198348837e+00
-1.183378919928810724e+00
1.722642054289409863e+00
-3.194134420492292570e+00
2.055406799227192050e+00
2.009934861540090267e+00
2.228184356128962929e+00
1.867046097483567646e+00
-1.913991759380406998e+00
1.829392911808945144e+00
2.028869491044567486e+00
-3.481110630960523089e+00
1.893605234122499370e+00
1.805285442179064503e+00
2.890936337805202427e+00
1.037199604583489254e+00
2.131161199648749616e+00
6.237654417663208051e+00
1.991451567220541952e+00
3.062775153716049470e+00
1.919628141024044776e+00
3.455944449630105275e+00
1.891672661975806635e+00
-2.076458546431501073e+00
1.895972481691312606e+00
-3.400751708349391556e-01
2.041174825299258977e+00
4.486442278245010851e-01
2.018046373578855412e+00
4.419379818066363264e+00
1.018012749268813355e+00
2.050331523123371635e+00
-1.982840969339567661e+00
8.619725275399126030e-01
1.844466515078851288e+00
1.202830603452313518e+00
-2.273875931837146425e+00
2.232715771273232619e+00
1.986613259566722967e+00
1.742978184893855031e+00
-2.129345900261500724e+00
-2.756685394764614827e+00
2.126056972691496849e+00
3.506616449166013894e+00
-8.057088293040610694e-01
7.066962111997585616e+00
1.794859212092430489e+00
2.012827595857863638e+00
-1.895956811909101702e+00
-2.184208363244430018e+00
7.560085812063118693e-01
-2.633326524588042616e+00
-1.896491381424590061e+00
-1.053600643789635027e+00
1.850831793719136531e+00
-2.025060143313004879e+00
-1.041582065602545126e-01
2.101923746627911260e+00
2.055009691270810901e+00
5.648004775087669849e+00
2.130238441038087238e+00
2.074572199920422744e+00
1.878915182385566984e+00
2.098410473415890376e+00
1.975472144565285415e+00
8.895055249330020564e-01
2.073199272399950832e+00
-1.004702302989777918e+00
-2.189931358287906082e+00
-5.524441146430557614e-01
-6.303396204978634065e-01
2.225167101078540544e+00
2.063792334084508795e+00
-2.969841094284791705e+00
1.887477880592121515e+00
-1.808418942181735378e+00
1.069802911774742515e+00
2.009389625698235982e+00
-6.757133863880746549e-01
3.924247989774359180e+00
1.815026955422450072e+00
-2.658243426930751774e+00
1.114268276054989748e+01
2.263224673631700323e+00
2.671042086015729566e+00
4.507354320938584680e-01
-5.896299354296550277e+00
-5.069628626339993005e+00
-1.032734088651930282e+00
-1.826105332213715293e+00
2.094772096645578507e+00
2.133847839874598584e+00
2.433389158180292000e+00
2.094052468951807633e+00
1.839174364154690267e+00
-1.422633755149255386e+00
1.784068152541071539e+00
-2.622228604240275374e+00
1.531218434521231853e+00
6.820407954116374682e+00
1.964091016336893425e+00
-8.466264239919183865e+00
1.927974246341700004e+00
1.955601512915752238e+00
1.951295280916560460e+00
2.649148708743988223e+00
1.958132653730219053e+00
-1.850924970997684937e+00
1.990093260415342291e+00
2.003035963841573175e-01
-6.122833958092654072e+00
1.821746587643495507e+00
-4.694076002195757269e+00
1.756205398150135322e+00
2.028197892092490573e+00
2.068360038942121726e+00
-1.513319221530696090e+00
-1.181921414190820752e+00
1.914393198742388558e+00
2.907908258220485820e+00
4.249880934784434627e-01
2.245252569163535217e+00
1.853474142609552011e+00
-5.624381293812698246e+00
1.728445116849113283e+00
2.138943205473215148e+00
1.841491125319008049e+00
-1.302218785686078684e-01
-2.044594166944965874e+00
-7.257507315954545013e-02
6.462988733412335485e+00
2.043613743986801179e+00
1.260656212362524897e+00
1.985907221125968958e+00
-1.580384880236320289e+00
2.060948191988199785e+00
2.005904014536313618e+00
-2.036008397679639703e+00
1.896797578109454374e+00
-2.399770512666739464e+00
-2.855126038220470619e+00
3.709790621789791132e+00
-9.244561198448535411e-01
2.029210458518220683e+00
1.952358122585305056e+00
1.976556407533506698e+00
4.873491823156057556e+00
-2.663351395946051081e+00
2.837809550789905932e-01
2.904392751244479487e-01
-1.199749092947769213e+00
8.635982603238087085e-01
1.912425071924033437e+00
-1.813981979337831563e+00
2.128724110428116933e+00
-2.303335460460301576e+00
1.060465163794396481e+00
2.008965103673383990e+00
5.358474407451102373e+00
2.184200099583819554e+00
2.208520734035815281e+00
-7.737032453736358839e+00
-2.295955446782552034e+00
3.190741454152851375e+00
5.954032524444925478e-01
-9.288811275292783165e-01
1.755493907696441758e+00
4.749652244872278883e-01
2.000792445464542713e+00
7.251620992166948332e-01
2.109960912785382448e+00
-4.811360939043468621e-01
1.981365178147591388e+00
2.086094206098119574e+00
-4.030418911984950725e+00
1.892866038712214927e+00
-2.802511013299749276e+00
2.001309590444882769e+00
-2.066260724642812185e+00
1.129099590391453578e+00
-1.086272656772501177e+00
5.062056817221252558e+00
6.594007071076858351e-01
-2.038201064884893832e+00
1.950566588026321657e+00
-2.593866314266521478e+00
1.949193437708936161e+00
1.922201987769420750e+00
1.984252188804551675e+00
1.954700036545792718e+00
1.907384890129777411e+00
2.396182162887214862e+00
-3.946513923463035312e+00
-1.526350370041321902e+00
1.952151528095272592e+00
2.090449178110320716e+00
2.063819024736898378e+00
2.023195174126018792e+00
-3.958060785137267779e+00
-2.318985062091783789e+00
-4.566859852335340975e+00
-1.879961853744642752e+00
-5.569041553644730413e+00
-1.718055061071117384e+00
2.038292004561087722e+00
-6.172969137041072439e-03
1.874458947248694107e+00
-2.126517713308495594e+00
2.100410479594095658e+00
-1.482080466517991635e+00
-2.012884802727322953e+00
2.191421901663806793e+00
-2.820333389969290394e+00
-3.660071133644526853e+00
-3.291467897489697592e+00
-7.339728138099724575e+00
4.045655227245429364e-01
-2.909666175167326951e-01
2.022454493118224672e+00
-2.842422014096314342e+00
2.026322309682575540e+00
-5.993431382243844752e+00
1.987246227260301312e+00
1.145713812058890113e+00
-5.807030411943820969e-01
1.003810666666583806e+00
-4.155870411240984552e+00
1.337397920975653687e+00
2.087877162227725680e+00
-1.061449236578198674e+00
1.978763853775685311e+00
2.099166904758166030e+00
3.653513969780807447e+00
-3.204774196730532321e+00
-4.244432501436752325e-01
-2.105534495023690056e+00
3.878513962068744547e+00
1.875369383039882321e+00
-2.024382725862126975e+00
-2.173889473616368306e+00
1.928049755234904072e+00
2.057167737091042614e+00
3.339111712350399941e+00
5.526088660267833852e+00
2.055526462107105434e+00
-1.991787859827143903e+00
-2.028784286459556885e+00
2.077837186809339709e+00
1.933971281714848889e+00
1.288854242129851446e+00
-1.557910884851176680e+00
1.813049214616140326e+00
2.141591163184019653e+00
1.895130338446403329e+00
6.040166749071129715e+00
4.456309390771648893e+00
6.241238555838080515e+00
2.032351780138133002e+00
9.323880609277441778e-01
1.930163917205756086e+00
2.191128908479263782e+00
-4.115390658750180286e+00
3.603921554976431185e+00
-1.836878257497281952e+00
5.739821255783189358e+00
1.919745101911036755e+00
-5.693222937373366044e+00
2.068572530275902821e+00
-2.835549652827568323e+00
-6.340554102851161389e-01
-3.377711293177944718e+00
-2.217159474435649535e+00
-2.103913710448405361e+00
2.773083303999072324e+00
4.901081988280969526e+00
1.911359248750621687e+00
2.102662542907504317e+00
1.933765572193180127e+00
1.992650103003738016e+00
2.128396107260067893e+00
2.307557080233237912e+00
2.085898554215828593e+00
5.479092094069217822e-01
1.972989882475609802e+00
-5.223827050230241298e+00
1.196520475924536253e+00
-2.621748244112723558e+00
2.718346107137057377e+00
-1.972169089822148003e+00
-2.226497280705408421e+00
1.529065228918700559e+00
1.854242150230466013e+00
1.812399821402193245e+00
-2.193340401305386766e+00
-6.267382186875737560e+00
-2.008224836743642605e+00
1.987323598483619280e+00
-1.743929096688618507e+00
-2.214152064068521386e-01
1.874850165922999246e+00
2.034367069030470709e+00
1.802245383534110346e+00
1.145955075483578112e+00
3.084182719491113556e+00
4.226767736621816596e+00
4.913412035231683461e+00
2.063081536581929054e+00
2.784629262085375423e+00
2.003912092036681081e+00
-3.672390286795947034e+00
2.158534642339937637e+00
-2.248432917175518853e+00
6.451491757295171325e-01
2.011365993935768870e+00
1.975563616269766287e+00
1.961569274094797422e+00
2.168827842059948718e+00
-4.188829573647310373e-02
2.031408005179048182e+00
2.042956863605944751e+00
2.042029023917794284e+00
1.901736404744557296e+00
2.032299432585797039e+00
1.826334508768404419e+00
2.022623460370887916e+00
-2.873730416176454749e+00
-4.891986952357688878e+00
1.005009462259240371e-01
2.722706295180949976e+00
5.747445131834960641e+00
1.824295387226003484e+00
1.921426813064938122e+00
8.523904370159485211e+00
1.371602349921411945e-01
1.991520817515013642e+00
1.948621676758416799e+00
-4.775976859220099513e+00
2.165178175970381425e+00
2.040628577953393030e+00
2.825748181955836991e+00
-1.989635843040053809e+00
1.992231151081442331e+00
-1.801410458737216835e+00
-1.962468973707859554e+00
3.749679131059622250e-01
-2.065806180664605307e+00
1.950382385132445773e+00
5.950608641484916639e+00
1.101152378080496597e+00
1.987468438672764348e+00
2.111946370312996368e+00
-1.943669654350252074e+00
1.986618956939830705e+00
-2.000596492043574592e+00
2.311679183738417187e+00
1.769338831565513859e+00
-3.993890979620306592e+00
-1.180188980140886246e+00
1.994955723723627505e+00
1.947106859123985734e+00
1.820605157676152164e+00
2.994000262098786891e+00
-1.950459761923984514e+00
-6.482717462180263901e+00
2.020104075848317748e+00
5.793638892945534025e+00
1.790113504075103279e+00
-2.929179336384503674e-01
-2.287487505567394663e+00
1.161262105158142210e+00
1.758454673141786939e+00
-5.474188313417162055e-01
2.006607581979001687e+00
2.926154680833494837e+00
3.867797158890611264e-01
1.035483861140578998e+00
7.677598409394750689e+00
-2.913693734571217053e+00
7.598581739570808846e-01
2.043627389000993055e+00
-2.142855264195683063e+00
7.820002785861979167e-01
-8.184373865078350407e-01
-2.049345761612292538e+00
-6.276788838292851613e-01
-1.535774552950988081e+00
-1.862540738210416991e-01
2.054131053536927265e+00
1.740087627078206634e+00
2.152623262118495528e+00
-1.152739108586406491e+00
2.098684768199549744e+00
-2.021538726251856488e+00
-8.906000847040973500e-01
-9.387960553044658041e-02
-2.213322002487445594e+00
1.912770833562257300e+00
-1.951701595549205859e+00
1.955432728149924415e+00
7.472667097519225976e+00
-3.492712277662694209e+00
2.362023376578261225e+00
3.670308289908945198e+00
-1.567519036091432838e+00
2.065721905368984146e+00
1.973333297963450361e+00
-2.170436646728727936e+00
-4.004418174054370283e+00
4.408502190586254810e-01
-1.105301255241628589e+00
1.318783240310482219e+00
-1.930931390141374493e+00
2.112969484313378388e+00
2.093442690375816539e+00
-3.985019676305113556e+00
2.032464307620108546e+00
-4.791771710176168320e+00
-6.584158851466026974e+00
1.856526581121080932e+00
-4.216264150173724801e+00
3.857419370032608263e+00
2.032004197238897802e+00
2.105986051871953535e+00
-1.982528117673278079e+00
1.978484546899773155e+00
3.598842813345128455e+00
-2.040170446555471973e+00
-1.980923163315674307e+00
1.363210540753145184e+00
3.916518976441263789e+00
2.292523847623795241e+00
1.981286994483753672e+00
1.866474803139799965e+00
5.271252352182974832e+00
2.029815471990488174e+00
-2.705585817390295578e+00
1.060038328551274889e+00
-4.737306856326330085e+00
-5.207393547518368582e-01
-4.572980745720997220e+00
-4.585450730707004041e+00
-7.895807059995829658e-01
1.795370733451910228e+00
-1.967211110483484626e+00
-1.751776286391135251e+00
2.008184780097348465e+00
1.929118273674750084e+00
2.209809758960338044e+00
2.001916579421807896e+00
1.987491332395677102e+00
-2.654462516259197713e+00
-3.591652439841276134e+00
-3.292769965370035301e+00
-1.962518194364817559e+00
5.613177551338388582e+00
4.349919477939492851e-01
5.589935117236077389e+00
-1.422091925108959432e+00
1.996682434394836614e+00
-3.549253375508185648e+00
1.982722457548664829e+00
-1.731797492265889415e+00
-4.595995686881500397e+00
-1.976903003978559781e+00
-3.972794145786918030e+00
2.427743359117499722e+00
2.584540267619688692e+00
-2.307728732437816177e+00
-1.918204795901518489e+00
3.786689128848077956e+00
-2.786363838529497539e-01
-1.605038163057565637e+00
1.931391679237948855e+00
2.083684867571417243e+00
1.879419211355665142e+00
2.109448410575571309e+00
1.981769610205447840e+00
-3.952618716186788728e-01
1.975088880112898293e+00
7.340261001612771383e-03
2.187288933733134044e+00
-1.294698082921259263e-01
1.913559834299649598e+00
2.049644152223955018e+00
-7.511232147035855622e-01
1.767224072402646673e+00
1.842161468372552902e+00
7.100034939667813738e+00
2.169406126151798286e+00
2.107214493797084032e+00
2.093539947053260075e+00
-1.997866050078721534e+00
2.121873815160020715e+00
2.790226647640418278e+00
1.316171862872503429e+00
1.718197216346243561e+00
2.592371780616835597e+00
2.364235961402671560e+00
3.082283313241727996e+00
2.044406386397908726e+00
-3.802132634860678095e+00
-5.112179959091767145e+00
-4.068639660633962762e+00
4.625383236578060497e+00
2.056165689038149225e+00
4.240906471169803460e+00
-1.819496759914269290e+00
1.944017676219681245e+00
1.975231080838648401e+00
2.070934315076705001e+00
-8.378638129364494869e-02
-1.886475661675711457e+00
2.884209912899185824e+00
6.992034244399425447e+00
1.951280137339626464e+00
-3.508593685168135551e-02
-2.081972310866456066e+00
-3.818371527852857827e+00
5.510294455559143767e-01
-1.863012142575420249e+00
1.898254431869467407e+00
-2.437033719545580013e+00
1.960797216065918835e+00
1.786538395248240985e+00
1.824135685229346882e+00
-3.528393287219286023e+00
-1.215011202214282271e+00
1.783750389259994851e+00
2.002168169710144330e+00
-2.078607344270616775e+00
1.472537125790178258e+00
1.974565244678815557e+00
8.507195750607556839e-01
2.038734224822467578e+00
9.094072580536834982e-01
-1.615713546169373460e+00
1.934842791810231333e+00
4.152980300886512488e+00
-2.106077730439930740e+00
4.362651872263977326e-01
1.825912428336129878e+00
2.016347499439306912e+00
-8.546087405748047372e-01
9.666095170034647577e-01
7.418810302194240869e-01
-1.934206384543442514e+00
-4.996349320352153178e+00
2.941448964119230514e+00
1.864375460227026826e+00
-1.954047572664239896e+00
-4.256797899330421187e-01
1.963915833118399012e+00
2.181659336314441866e+00
2.115997791630579883e+00
1.828417350312601997e+00
-3.751869691010190078e-01
-3.827301389451216895e+00
2.051611975075927408e+00
2.005544493566749686e+00
1.962317894464942647e+00
1.330099878637955590e-01
-1.223233520141590924e+00
1.907803340055054697e+00
