2.094068459759447887e+00
2.045044757685490211e+00
1.950641795763003561e+00
2.068312628167087830e+00
1.159000720546685681e+00
2.076666679604016075e+00
2.346425021100483566e+00
1.917260815594502565e+00
1.251227731447664970e-01
-5.281053550539606789e+00
-4.948265854310337275e+00
1.996745398382997916e+00
1.743324535475437642e+00
4.144780221908845319e-01
-5.426543298348641464e+00
-1.444803289686320769e+00
2.113901855524019435e+00
-3.631861463144049118e+00
-1.979465293919616231e+00
6.474388000440614022e+00
1.999520171788724543e+00
-1.736089443829889056e+00
1.986297143222669925e+00
2.076998347671524581e+00
1.877790114592715165e+00
1.989322357109884809e+00
2.019820827304313671e+00
-1.938390236348208173e+00
1.733740346407811161e+00
2.135755247755921626e+00
2.040665944195089399e+00
1.049202036866527576e+00
-2.024231174493214436e+00
-1.744785794772995224e+00
-5.268885666092424813e+00
1.874764505601700826e+00
1.353898054658349448e+00
1.120016248370615752e+00
2.083567953099513481e+00
-2.137462495885786851e+00
-2.632442147346908179e+00
1.819752041406860643e+00
-1.678280387844380828e+00
-6.548922471393505695e-01
-1.641071334114577729e+00
-2.043059431311124552e+00
-1.039376104812737456e+00
-4.178824461956864411e+00
5.528743771641934757e+00
-2.915757754926262546e+00
4.132170921371141503e+00
-2.615571518113257721e+00
1.902056055220474384e+00
1.837258187678669552e+00
1.564357686330680064e+00
1.889931437799117653e+00
2.863152804318778166e+00
2.138361928885257335e+00
2.065653402743986788e+00
2.207299196330334112e+00
1.970746642388288672e+00
1.995907893787185916e+00
2.090920599330101215e+00
1.924568506746264118e+00
1.522975709570671299e+00
-1.832502688140077884e+00
-4.614892801899926345e-01
3.220974873416443174e+00
1.959797863126108153e+00
1.843346621432126131e+00
4.997479656876435694e-01
-5.041113151587786056e-01
2.036256265552180977e+00
2.117719797821641325e+00
-3.935456152950611575e+00
-1.970465588408298885e+00
2.100214395842838755e+00
1.851503096551791350e+00
-8.871173196614636325e+00
-1.972774116547120205e+00
-2.063465429194198286e+00
2.076042617754533470e+00
-1.936846914093125704e+00
-1.283796301449526389e+00
1.905651482424914001e+00
1.992349073824398964e+00
-2.027705793242039256e+00
-1.993280335106132117e+00
2.040013235450183426e+00
-9.404305912596322425e-02
2.125353190098884237e+00
-2.944798179370115676e+00
-2.022650541889829068e+00
-2.641135982155756512e+00
-5.471415068257634573e-01
-1.741030292277207514e-01
-1.980805908550645311e+00
-1.487290409809202574e+00
1.924915741044637807e+00
2.032122308464627825e+00
2.389294657283942414e+00
-2.898745864393982963e+00
-5.420869596528765655e+00
3.185059179258376005e+00
2.045484495266589597e+00
-2.833525723571697075e+00
1.840424646805507880e+00
1.982977987921698659e+00
8.050953407018892616e-01
-2.985781716202503766e+00
1.621554574694147766e+00
7.407358016987678262e+00
1.874765708419596777e+00
3.459488105366949284e+00
2.004747817964320777e+00
1.946289734225842505e+00
2.039214758499269919e+00
-6.654449997572090325e+00
3.858424264349634925e+00
-1.655955983839559886e-01
3.215377338409137198e-01
-2.414026871838940380e+00
-4.004172401726437514e+00
-1.904797622048306716e+00
-2.068733833535809641e+00
1.945187469581994399e+00
-1.864672311878773137e+00
6.317097223606342460e-02
1.881005419543519519e+00
2.055700220790804167e+00
-1.859941370977534980e+00
-6.637483491214975828e+00
-3.698784634299708163e+00
1.859524396534340651e+00
2.105371444300924377e+00
2.601525964696553839e-01
1.866369821924120265e+00
3.735661440201997863e+00
-6.375118780544640984e+00
-1.760399918653961837e+00
-3.679021252164170086e+00
2.097145065737479275e+00
-4.913140482447195367e+00
-1.790264701974793260e+00
1.877068884324619047e+00
1.828246420722356547e+00
1.942387765253643650e+00
1.666841723082071458e-01
-2.063649884481942642e+00
-2.037545664586797756e+00
-4.443754310848625488e-01
1.998720582767596676e+00
-2.350631193107400208e+00
2.426941693942761269e+00
1.947449732520130539e+00
1.939271160727901400e+00
-3.495033064465229988e-01
-8.615266911040044828e-01
2.002780933608986125e+00
-5.986268511221097377e+00
-2.027130926442050729e+00
-2.027111254650435512e+00
3.625858627400998513e-01
1.986453301564406804e+00
2.062965078822398102e+00
-1.009513065499859419e+00
1.976861530527861621e+00
-6.886669995791670829e+00
2.958563151155098936e+00
4.671090662024822038e+00
2.074069042626305759e+00
7.391264518215849844e-01
-4.121935024414608573e-01
2.117580415967395879e+00
4.285181600686840397e+00
1.965031878383300956e+00
-2.421863660852378253e+00
5.720838777868395120e+00
1.328098231414679642e+00
-6.200944445535315985e+00
3.925794221562065811e+00
1.184894352049453037e+00
1.979993036741031442e+00
-9.551107494207583537e-02
1.971931099766146334e+00
2.142207201421912899e+00
1.923134420535399958e+00
2.051400314325430241e+00
-2.281634984620620976e+00
8.941130655396700710e-01
-1.830761317469243199e+00
1.468468724876862863e+00
-1.593687899536384567e+00
2.012471371479834126e+00
1.987738519539789195e+00
1.940662691692681019e+00
1.537156060012490499e+00
1.780056082839884590e+00
1.541741017559754567e+00
8.426175037039071114e+00
1.975317624780626724e-01
4.922324482713957283e-01
5.062278959266954814e+00
3.642627983054003496e-03
-1.176134367950187887e+00
7.419166776841320754e+00
2.217480104850596767e+00
8.412530764670483885e-01
1.961525115184225010e+00
-7.076477326833044978e-01
-1.025662956059240072e+00
1.763487623845589658e+00
4.338719456041078004e+00
-2.669117598751348908e+00
-1.147875773497223362e+00
2.114258035211642905e+00
1.984810422320002488e+00
-4.772080972930978326e+00
2.418495343052187163e+00
2.048516074744923809e+00
-1.701615423544029948e+00
1.263150067864088788e+00
7.592557039832130705e-01
-5.053142205949760601e+00
-1.064488593890306145e+00
2.910852460641398132e+00
2.056415672888999957e+00
-2.024564956873155630e+00
8.312923244142085277e-01
2.102933301054634718e+00
1.939641899846718198e+00
1.874526322810404322e+00
1.913869621494802775e+00
1.933346591214952337e+00
1.989768281026554009e+00
2.036223544447538281e+00
1.246130579423646356e+00
-3.788148613213430771e+00
-1.890502255358510242e+00
-1.658913641165124631e+00
1.527108328211488342e+00
4.742175467088071805e+00
2.109716096236099681e+00
2.033391972511868762e+00
2.934531440655847589e+00
1.885348240998688141e+00
2.239546076046674106e+00
-3.115089148672586017e+00
3.679768452612990792e+00
1.975968912172620717e+00
1.614908501108877070e-01
2.318942867426941223e+00
2.129111663805942634e+00
2.055269041038504163e+00
-1.797774820556796715e+00
5.111911323317569256e+00
-9.795760489630516155e-01
3.974423965879275045e+00
4.213452493904114249e+00
1.809171369274904961e+00
1.852736987853428552e+00
1.914738380416218133e+00
1.944387915642409315e+00
1.923129681794593981e+00
1.910614431720644824e+00
2.096863201766804963e+00
1.907889240390362673e+00
9.648188933470914774e-01
-6.297056984096276011e+00
1.889361603447083371e-01
-9.030032714995284149e-01
4.375319880539223938e+00
-2.303851617362925097e+00
1.808198377478042351e+00
1.983344100853567937e+00
2.082200193536203336e+00
-2.878429063943105382e-01
5.019480833829595312e+00
1.891415191917862337e+00
8.524923590472199830e-01
1.220588491327654568e+00
1.886549319693680893e+00
2.055098606278170870e+00
5.014982738838843490e-01
2.097653110359718021e+00
4.233702617766727655e-02
1.941053278251592351e+00
2.074203156255851610e+00
2.070347321643545957e+00
-2.672608980177725968e+00
5.480708899596749895e+00
1.954485599604443458e+00
2.097775433076853879e+00
-2.002299307376316673e+00
2.082732304815246405e+00
1.990087372674434585e+00
2.112370626512373839e+00
-1.624527914913449722e+00
-1.070948752570954454e+00
1.985360018503618429e+00
-2.774496105847038763e+00
2.082135640375539332e+00
2.035300748238618507e+00
-7.216798467178094922e-01
-4.881952538472209113e+00
2.031373325189302026e+00
1.837049513047146476e+00
-2.053815048460419845e+00
1.151151390628005089e+00
-1.996692884087923225e+00
-1.884052314637734149e+00
2.079118696263577704e+00
1.972578101981480314e+00
8.874427657784003998e+00
-2.631237707592491981e-01
-2.026650815869954769e+00
2.110043763287986263e+00
-1.942557713653725537e+00
1.821986769892895985e+00
1.816351520503942218e+00
-7.807645846627634389e-01
1.699297019742654069e-01
-1.958307048875209455e+00
-2.179424385578841328e+00
-1.933219531460635743e+00
2.215828734956861279e+00
2.062051700752030481e+00
2.139405023829136443e+00
2.072602017255928519e+00
-1.860521037692074664e+00
4.047029934602727863e+00
-2.129289549616845356e+00
-8.521038037642060248e-01
-1.694708702759105012e+00
2.405794478033341233e-01
5.260739895621080464e-01
2.044840201162359428e+00
1.879918124746997599e+00
1.984920342901854040e+00
1.932798850831138004e+00
-6.083042067490366245e-01
5.423765724006199829e-01
6.178486230863987627e-01
-1.940315150313652870e+00
1.894326349069576088e+00
2.076881361243445578e+00
2.009536399839494170e+00
2.189196563327081790e+00
2.063399652239490401e+00
-1.276668378798412995e+00
2.020141267177953281e+00
-8.146566089515815401e-01
1.772759410406984149e+00
7.056111262636861614e-01
6.871188080317512936e-01
2.062024643953622505e+00
-9.037040569567951209e-01
4.188461727688412850e+00
2.020876104257644190e+00
4.097976616267798633e+00
1.783261459790365100e+00
1.976800731893367136e+00
2.018332337272466415e+00
-2.025927095865413197e+00
-1.308191610060203569e+00
1.889725276166034362e+00
-1.871114589944147921e+00
2.161071616224309544e+00
3.975567214378836201e-01
1.872815357498965216e+00
1.377595410521475605e+00
-1.048930576741773146e+00
1.943261642554579893e+00
-1.766125693679881259e+00
2.000933796171028956e+00
3.889850674963986954e+00
2.046805567409806237e+00
-1.127484732896649966e+00
-1.551326946138511076e+00
2.509466108102115900e+00
6.609885541442801937e+00
1.877956358233111134e+00
2.070288754001176734e+00
-1.957224402651451811e+00
-1.500501929168683635e+00
1.278010510982573011e+00
2.006363888539837603e+00
7.460118844030151353e-01
1.159684331933911183e+00
3.013505802291366109e+00
2.018447967648472563e+00
2.042572955619978536e+00
1.955308656538027101e+00
1.959561707716568124e+00
2.108034130165291398e+00
7.832428546520039170e+00
1.678491442544416956e-01
2.552979493321612114e+00
2.021436321723506069e+00
2.000289994189110576e+00
-8.159520470179326690e-01
-2.200597774028886899e+00
2.004953389883589843e+00
1.978190220669634902e+00
2.029059848349213713e+00
1.971477876754194725e+00
-1.645030924208267464e+00
2.127625976861936330e+00
-2.095981944476835501e+00
-6.019530254886973353e+00
-2.046498366782564471e+00
2.129959545031792523e+00
1.900933546000055374e+00
1.917079650075810271e+00
-4.622291818534353780e+00
-9.154184135937139644e+00
-1.731099131417610515e+00
-4.418419952080890667e+00
-1.203644635693883469e+00
3.729775077560563146e-01
1.942389695128214244e+00
-1.981824855568785848e+00
1.999612136045249011e+00
2.038631289045000017e+00
5.021226125324850464e+00
-6.428364364809522336e+00
2.064247054123166336e+00
2.352470072567110382e+00
2.548321733265790812e+00
2.697530604704854618e+00
-2.231711499013189659e+00
1.392066705793709946e+00
3.890010455691585989e+00
1.985845754145506792e+00
2.794165719298354666e+00
1.895785108938724539e+00
2.555375744165787388e+00
-5.470365990795760247e+00
2.127613168509459918e+00
-1.062210986762188725e+00
-3.324910819539089069e+00
2.752743811721972911e+00
-1.813792282081367446e+00
2.020211852468015046e+00
2.048250473270822436e+00
2.211991277849981952e+00
2.101520278431109556e+00
2.086227700548556552e+00
1.994362551782763449e+00
1.868275030563764538e+00
6.478833934658625893e+00
1.923039726268807481e+00
1.987002834603748269e+00
-4.428606422539090204e+00
-2.812816523139127778e+00
1.841712467898562133e+00
-2.944057686107414806e+00
2.079307483633484388e+00
2.125731898264462849e+00
-2.151785737946422472e+00
1.976694395845028707e+00
1.870964149226518325e+00
1.922063906965562952e+00
1.908979164575602017e+00
-7.174273619510049826e-01
-2.009577086872573748e+00
1.979838919333488878e+00
1.973727134680895778e+00
1.986675425994980593e+00
1.946743710306254593e+00
2.038478896010368135e+00
-1.943118301940997217e+00
2.041994777043822040e+00
3.363460484082995139e-01
-3.096761603471602342e+00
1.928649174588326742e+00
3.122589979119556047e-01
1.106247026175130266e+00
-4.107894764620883876e+00
1.426364752872808062e+00
-3.510554029244299379e-01
-2.113962238471920774e+00
2.548777421095925977e+00
3.957258366713888087e+00
3.032490948419932497e-01
2.056764772190205370e+00
3.145379183523207001e+00
1.999292321757302204e+00
1.612100835002335808e-01
1.991473055151998517e-01
-1.666919724274318337e+00
-4.122930729368269875e-01
1.159710029191375780e+00
1.572526963114993404e+00
-2.023607746245083661e+00
9.841700467752959591e-01
-3.182156187122159530e+00
-1.517843011510749740e+00
1.802088515227642684e+00
2.074155710200127789e+00
-2.396534016243023757e+00
5.299986482904284202e-01
3.187259591558013194e-01
2.065991949536391648e+00
-9.933985134409477613e-01
1.933153137647256603e+00
-2.225278061823058096e+00
-4.697700968674257460e+00
2.082056955509743901e+00
-1.599079318302686348e+00
2.048856511264116609e+00
4.753799256781194416e+00
-2.022458345843522132e+00
2.117944900954970677e+00
1.935376592907620985e+00
-2.496788287967067976e+00
7.752780122211639924e-01
2.613495008625563165e-01
-1.379633515851070857e+00
1.895423510107187015e+00
-3.035251016784291878e+00
2.142663244365333508e+00
2.005056101466890617e+00
-1.390991154312454459e+00
-4.191410832559065991e-01
-1.338030652031799494e+00
-5.886786749635323446e+00
1.970265718708284375e+00
2.005726732764323117e+00
-1.905668829783731866e+00
1.981921583918648366e+00
-3.675663777280444577e-01
1.722957634917810232e-01
2.050588994569523482e+00
4.456994807225280297e+00
1.179711233011197402e+00
2.104003667766404462e+00
-1.179153981039671173e+00
-8.568874509426512853e-01
-4.867562170702819380e-01
-1.873705927862403531e+00
2.059020039853657114e+00
2.113838640744000852e+00
-2.964369906288712553e+00
-2.135906500600134983e+00
1.970678614664624684e+00
2.104737545979563862e+00
-1.991449457603692297e+00
-2.423241145738312063e+00
-2.246538474970867227e+00
-4.925400316389739075e+00
2.011928479805196179e+00
-3.565336447256495234e+00
-4.241214984575016445e+00
4.106125951390269258e+00
2.033565566618802389e+00
3.368909829085676155e-01
-5.525855369693879027e+00
2.008218811309002483e+00
2.393240402234431130e+00
1.402014826747161713e+00
2.666187913916582719e+00
8.741143467487941798e-01
1.983387483541533491e+00
2.172100302577947062e+00
1.827058660639462540e+00
1.824875871559763940e+00
-5.035893539936348029e-01
2.228779766916113125e+00
1.986579807664650366e+00
2.028617157570473228e+00
1.889531748421420687e+00
1.921511278355725549e+00
1.916665671529143689e+00
2.331563205220536616e+00
-1.445119842166564306e+00
-2.871023585455703686e-01
2.016288898010082153e+00
2.012992681646860404e+00
1.800965355054371386e+00
6.228037501145348154e-01
1.972948009543380010e+00
3.296732536188085483e+00
2.036589179755515566e+00
1.911666138871478848e+00
3.792358268474682603e+00
1.739277545972501837e+00
-2.087556341138248950e+00
-1.889091520040200867e-01
1.784955925761572804e+00
1.875415274734047344e+00
2.003087775615421062e+00
-1.910446591010355188e+00
1.593163321811769784e+00
-9.626944247436877156e-01
2.011916440901857062e+00
-1.422899398776300117e+00
2.043621854972659690e+00
-2.139268424063499818e+00
1.976528837589647258e+00
1.992518741715373132e+00
2.069328064259387645e+00
2.142901987388379226e+00
2.037001924954868315e+00
-7.173980725535731295e+00
9.655109113265005760e-01
-1.963676642395379091e+00
2.559095604494754927e-01
-2.775631270625260161e+00
1.940908956650055694e+00
-1.314085865269580822e+00
1.306345879701610313e+00
8.661973404117410957e-02
1.866546190681159789e-01
1.900904923082515463e+00
1.971360850846502810e+00
-2.086093527575534345e+00
1.875639025058503773e+00
-2.113267794189937376e+00
-5.233534907019862237e-01
2.011235987644064416e+00
-1.992867386853564682e+00
-4.896833572280583358e-01
2.065322057379622489e+00
1.061194730205069270e+00
-2.007424870006999651e+00
3.729646625639479574e+00
3.984025797970090377e+00
-2.012835467957142299e+00
2.017374585167987622e+00
2.067377982246875412e+00
4.004936612725344403e-01
-5.033347674454941689e+00
1.839657158290769826e-02
2.117646204042379909e-01
-1.737541476364733217e+00
1.911470844986110862e+00
1.953539525783245079e+00
-2.971363776358241893e+00
1.906293150166564532e+00
1.961803651081341693e+00
2.159399349351968755e+00
2.089738674144413721e+00
2.097859335768626821e+00
1.976662484185511381e+00
2.001784104244244133e+00
-2.637332303087081886e+00
-2.088765472145341473e+00
-1.758882251553335330e-01
2.079922748776301678e+00
1.597399824952647318e+00
-1.884397348959329532e+00
-4.613180518905168892e-01
-1.309469441494666819e+00
1.881260625618957016e+00
1.892406610229520947e+00
8.028546769343650524e+00
1.924317892229482130e+00
9.767593866031638594e-01
4.672167353749005159e+00
1.362990556763674088e-01
2.115378907993089364e+00
1.172938511953657059e+00
2.093887996607983748e+00
1.980877435237792472e+00
-3.432102763165127080e+00
1.951619431812598560e+00
-1.934036529600626997e+00
-2.007566664356889241e+00
2.081828204908295898e+00
-2.059654072157158566e+00
2.788944779424939568e+00
-1.832231683972315395e+00
1.958105059251060265e+00
7.117468033396761040e-01
2.064803071922788114e+00
2.505390847968232304e+00
-1.875460821625821728e+00
2.053440387283219870e+00
-3.842719169765065779e+00
2.029085990403547868e+00
1.876855136276663227e+00
1.037893452077794931e+00
2.000088555177086391e+00
2.085262736097596825e+00
-5.740642549515621695e+00
-1.677819155416302888e+00
4.232538946123428403e+00
1.971523558126246023e+00
1.666274088430279798e+00
1.902739020907233902e+00
-3.941276116243181971e+00
2.075984791714433175e+00
2.197933217797278793e+00
-8.336046171065689236e+00
1.879934691025403781e+00
2.013445744931651848e+00
1.986934344013474130e+00
3.643629684712889727e+00
-1.791532997457269794e+00
2.009249561588375421e+00
1.951902102208493250e+00
-6.302674124800686783e+00
-8.466678968757083368e+00
2.150732049878061325e+00
2.028859205243656039e+00
1.874306940977590763e+00
-4.372990034556325512e+00
2.160936315796289087e+00
-2.375194455764396917e+00
-4.462484675288212799e+00
-1.739335778958714718e+00
2.114241873743130107e+00
1.979342552770621655e+00
1.850026094184099135e+00
3.248571135136282706e+00
6.545672052021812348e+00
5.208507569188211006e-01
2.120920142561263599e+00
-1.811696938684658198e+00
3.720428536652522489e+00
-5.067603720612838814e+00
-3.148980076932707206e+00
1.929435707791040677e-01
-3.776228690360089679e+00
2.001377079985110274e+00
-1.281002985806219296e+00
-2.768801811200061191e+00
-2.130755668649698897e+00
9.750007679316343712e+00
1.747190489344261799e+00
-2.182350348250168715e+00
2.139411122835453760e+00
1.332172048008707366e+00
4.811465399040569801e-01
2.001560019027977422e+00
9.789390419666140764e-01
-1.696235939804942028e+00
1.935606412756419648e+00
-4.342580396576463997e+00
2.068109208505468199e+00
-2.780355197493997288e+00
-4.419806021115553207e+00
-4.327975028723528794e+00
6.621411639250000647e+00
5.274453990910478396e+00
-4.141946518511842035e-01
-1.978342848880473070e+00
3.639157497577392597e+00
-1.830676908261043900e+00
1.920125124777371184e+00
-5.564003375985574484e-01
1.282713792366848349e+00
-2.014064083595591637e+00
-7.381043875857991043e-01
-2.001416405106255958e+00
-1.077125796627054433e+00
1.256568136921113243e+00
2.045288738508659332e+00
1.717957097758473273e+00
1.531783954208853604e+00
7.800857919160956166e-01
-2.015283196429588308e+00
6.438936626513136474e+00
-7.886496861827371418e+00
1.000928917707766264e+00
2.213175475606263820e+00
2.105916804171332757e+00
5.581968823803382662e+00
1.771635125052396065e+00
-6.562193498319031093e-01
-2.045778749666278706e+00
-5.100139939993520777e+00
-1.985106335357074814e+00
2.029840297341313882e+00
2.399306534545766034e+00
1.138876732390909252e+00
-4.812628335224926168e+00
2.026931014597181058e+00
3.268014007423992950e+00
2.098488282837284835e+00
2.121561274024363897e+00
2.075561677126886995e+00
1.884474965100173094e+00
2.001330297584877904e+00
-1.511225493584491542e+00
1.982115998239068588e+00
8.722680750863693877e-01
1.075619669297806391e+00
2.640579248144693914e+00
-2.641710182088804704e+00
2.181766985270456427e+00
2.063939792120250694e+00
8.090921962212133112e-01
1.951959185030681665e+00
2.063065077839472572e+00
1.943265110351189096e+00
2.128538396829433577e+00
-1.049210287453517632e+00
1.849932368528142357e+00
1.993556823294320823e+00
3.846127859420440664e+00
1.893542643455781993e-01
-7.612358459096655317e-01
2.980798558798009257e+00
1.059151501313306376e+00
1.961188814291364713e+00
2.103810931482817725e+00
-3.936244700993285939e+00
8.473319955150760308e+00
-1.823203001382459387e+00
1.846665814619929069e+00
1.464385138951893595e-01
-6.405730324933629483e+00
4.397010237236610664e+00
-1.623822644594272280e+00
-4.460662652886670188e+00
3.585356389018264256e+00
4.128497069690551413e+00
-2.126232607980008016e+00
5.464222664562273124e+00
2.053539574457370787e+00
2.028340993604620834e+00
2.097039448480265911e+00
-2.993732628070563950e-01
1.940862330633340127e+00
1.940359440388940371e+00
3.188956661183901531e+00
2.868658111526253052e+00
2.521781032757516083e+00
1.874768945709062606e+00
-4.586025084134000451e+00
2.013131327543595805e+00
2.161329654330042871e+00
1.909901638024659398e+00
-1.918024016491245654e+00
-5.129592711975826447e+00
-1.913653265380471424e+00
-3.313123518308904281e+00
-2.363714406324321504e-01
2.365894383119105271e+00
2.030714464854109114e+00
-2.121512045921406742e+00
-2.107831028259293582e+00
-2.057528938265833496e+00
-1.812852263279085108e+00
-1.323019030423301157e+00
1.975375045330051593e+00
-2.254377796267961642e+00
-1.914732614614241157e+00
-2.077798418254090951e+00
-2.189289749707269639e+00
2.229847323717363050e+00
1.878044407720995235e+00
-2.095239538670165214e+00
-1.321896916343282324e+00
2.170938769415407865e+00
-2.547993897555962395e-01
2.227861050127889708e+00
1.873028714216845581e+00
7.506262791939180445e+00
-7.263533578350253705e+00
1.928731792050914828e+00
5.325857186007564970e+00
2.042252758858182027e+00
-1.808374133717504328e+00
4.933196386907690467e+00
-1.172495286106395085e+00
2.132782206076430764e+00
2.056855313502842897e+00
2.044075906996092318e+00
-6.658219265421321253e-01
3.678208553113186952e+00
-2.284093704753753062e+00
-1.774162966219687831e+00
9.953660898675129598e-01
-3.442067834144024729e+00
7.563352107212348852e-01
2.249906435853206155e+00
2.080330192369336473e+00
-2.195445853028307859e+00
2.814384385215173090e+00
1.099916111363546278e+00
3.508191118082903515e+00
1.947021640905727935e+00
-1.004576395765157670e-01
1.762011692080622138e+00
3.078721409343426751e-01
6.462393884757653417e-01
1.791670965265893534e+00
3.417152468490378681e+00
2.133309491387501033e+00
2.315891811013494284e+00
-1.863813376734352989e+00
-6.244771104294611908e-01
2.832227635920985698e+00
-2.952283295506202165e+00
1.857340435913902521e+00
-5.649238939877822274e-02
2.322279290144956931e+00
-2.240641431303161291e+00
-1.941817770981667080e+00
-1.974706703555000331e+00
-3.183332910796693227e+00
-3.397706991780197194e-01
-2.933687111711723361e+00
2.067864459078001982e+00
4.805078880418037990e+00
1.894501003328049160e+00
1.845804973457056963e+00
2.087409346110273400e+00
-1.974946779560698307e+00
4.447613888552504946e+00
-3.342706824621076933e+00
5.699785568550757020e-01
1.557210040477650548e+00
2.169550078114810265e+00
-1.370323688777902671e+00
2.068619587609423327e+00
1.173948761363734716e+00
5.265696716883098816e+00
-2.371524062875586925e+00
-4.409831919333853101e+00
1.990066555477125521e+00
2.088956472332745840e+00
-5.487339185015856380e+00
1.979817638366665022e+00
2.032661853487547354e+00
1.980455481622845015e+00
-7.378379908399840259e-01
1.929318870236734318e+00
-2.037486929220933884e+00
1.903681592125690880e+00
4.250194725988006184e+00
2.021298733008475956e+00
3.689825488305994661e+00
2.874554269577519250e+00
2.067277578338211352e+00
2.029042594279960809e+00
-1.896852897782506542e+00
-4.047735483506571974e+00
-2.202139586117293657e+00
-6.981820490410195035e+00
1.248630736290849308e+00
-5.024053863210004245e+00
2.115842230600067264e+00
-1.799756189813833007e+00
1.856088531136273367e+00
-6.729756829710084709e+00
1.938312627349354722e+00
1.737509084363314305e+00
-1.867305795597802520e+00
-1.833784242409545850e+00
-2.772430698996587228e+00
1.941952254979121717e+00
1.911812132712305434e+00
1.715589427612345563e+00
-1.393498261003483174e+00
1.926229371609048169e+00
-3.926773634318165840e+00
1.870731305137712130e+00
4.346647641322674005e+00
5.168198464077101484e+00
7.461278474496430668e+00
8.427111705291592259e-01
4.857915875560972374e+00
-3.650517867618352064e+00
2.159117610193992842e+00
1.910462492908685084e+00
1.825855686723186988e+00
-9.517849926384460701e-01
2.511815114387504488e-01
4.374598346450301989e+00
1.978385875637488356e+00
2.053670869841003555e+00
-1.637754869964295867e+00
-3.378922059524963051e-01
1.540161261912063928e+00
1.910889124348433166e+00
2.278255598067858989e-01
4.821392950901897123e+00
-3.740560034390747024e+00
-3.353589347525254283e+00
1.947950682232694630e+00
2.023943925936329435e+00
2.119065363191451556e+00
-2.104886996235211694e+00
2.380760800268707289e+00
8.679227594960796655e-01
6.003506088977824007e+00
2.084793693801196390e+00
-1.938744101744446002e+00
-1.895693749201043277e+00
-1.409281881076841492e+00
-2.803058330752719485e+00
-2.048623604316254898e+00
-2.059519074472483613e+00
1.902759361743759925e+00
1.466629329390513048e+00
-1.794979198652800090e+00
-2.613254898345898081e+00
9.966905642626816553e-01
4.406956141714927000e+00
1.953037408213574855e+00
3.205077392616283993e-01
1.995307865697279137e+00
1.044581888558163474e+00
9.193413145142842469e-02
-4.169737082737412059e+00
2.084567008198437765e+00
1.877914705526432915e+00
1.948342681375105689e+00
-7.699803094849999141e+00
2.008015308703159363e+00
-2.034283128657470741e+00
1.715145056950204694e+00
-6.348940549305164271e-01
1.773088329893375059e+00
-2.617988140509522665e+00
2.109039442606281067e+00
-3.238837653655457061e+00
1.911825672915892449e+00
2.069474447694626740e+00
1.885446980095771163e+00
-4.149357086475270684e+00
1.886757838487243211e+00
1.291493719283622221e+00
2.086005005646860866e+00
-1.508927777868982689e+00
2.832843279181441076e+00
2.058564375968859217e+00
-1.659759753334937027e-02
-2.533049676248195325e+00
-2.265452436426770078e+00
-1.599358274833101445e+00
1.883796901050635242e+00
1.965989113415228307e+00
1.440243163626334866e+00
2.131957912187002258e+00
2.059032172884668110e+00
-1.096510922753065387e+00
-1.427539939762265675e+00
1.959112942458844486e+00
-1.512674388521250135e+00
2.123386042593117473e+00
2.391799193027325521e-01
-3.161216340993584062e+00
-6.240325016640729805e-02
-4.092598630847716912e+00
3.636238377508756336e+00
1.023159616561065910e+00
-1.379355275665604674e+00
-4.546166930335598266e+00
3.100888463355984115e+00
-1.473639357811803663e+00
1.929189200915168989e+00
1.333084186268972182e+00
1.954024162286964295e+00
-1.283305838861439119e+00
-2.173075599681403069e+00
-1.527521826209894407e+00
2.093157597552060434e+00
2.081235924706926532e+00
3.822935133236282201e+00
2.453490409494714974e+00
2.465396508487637472e+00
1.848530548971824228e+00
-4.594119109921457778e+00
1.994527083729856765e+00
1.197463077078029681e+00
1.825150190889456070e+00
3.516781309489293572e-01
3.580651039864097829e+00
-8.225234738086412145e-01
4.113173853625083254e+00
2.011857620622350851e+00
2.096858710638207057e+00
2.375005501219055404e+00
2.174612399576231425e+00
2.158349367074319236e+00
1.986708602825796532e+00
-1.792321404828034925e+00
1.957992254709161051e+00
2.070325947125266186e+00
-2.232464373861765328e+00
2.050968010358577676e+00
7.906312301478304327e-01
7.764807930210494424e-01
-2.497578204423878123e+00
4.240994375632119451e-01
3.578125842912226184e-02
-2.006022892660123347e+00
-2.399725820963691802e+00
-5.686750964139243081e+00
-5.904572318491609906e-01
-2.210547923995826558e+00
-6.254300976692833691e-01
3.828157198156737495e-01
-2.215420016446582263e+00
2.009562530614923404e+00
-3.686722006152711728e+00
1.838643067767363748e+00
-7.411578140341665843e-01
-1.904747637282357076e+00
2.007225548149682570e+00
-3.195214127819976380e+00
-2.560977472210884454e+00
2.157792632976337277e+00
2.274967502483927984e+00
3.919618570111810030e+00
-5.297727449369006969e+00
-1.910996471661130292e+00
-4.749113112835531503e+00
2.228486788779092453e+00
2.022292144844171080e+00
6.577620466656632914e-01
-1.506514530350599568e+00
5.222744860858886007e+00
2.084933110870306638e+00
-6.657930987993259109e+00
2.107468895558891386e+00
2.018003130184496285e+00
2.059056197027983259e+00
-2.114348938674384115e+00
-1.816046585622590248e+00
-4.595565421286209151e+00
1.995823313451708048e+00
1.787796690548759004e+00
-3.171052681336715473e+00
2.549557829059791558e+00
2.877006658484476453e+00
2.137610562319319119e+00
-4.752932499647289255e+00
6.500719088375127797e+00
-1.859521020319199192e+00
1.941775582951597023e+00
-9.091347822571023141e-01
-1.973441561997665961e+00
1.045166681303648648e+00
-9.669459319705946854e+00
-4.924874673001869319e+00
-2.703877404210999646e+00
-2.208954227743060272e+00
-5.796026900053460551e+00
1.981514216490312785e+00
3.040352278790202867e+00
5.700359313031728270e+00
1.772551043253999037e+00
-1.940862883024067509e+00
1.657179045140584783e+00
-1.205996689272720523e+00
2.280453703942352472e+00
2.103247648856167995e+00
1.975260492100835652e+00
1.005170630638831275e+00
-1.957685536694804052e+00
2.233454425899143114e+00
1.996390465755770727e+00
3.118888998520858102e+00
2.122789089793683193e+00
2.070402334054816329e+00
1.778305580872949099e+00
-4.292174042787998189e+00
2.018150566753525776e+00
-6.235526160295150611e-01
3.910563132595048064e+00
-2.121308970142669281e+00
4.521397717009241646e+00
-2.904132981791894608e+00
-3.068249846092323097e+00
7.578119714021623210e+00
2.236761927382351356e+00
1.909906593538979180e+00
2.082667998231185091e+00
2.084738735178548907e+00
3.233343514948122666e-01
1.186280343083310651e+00
2.153398785775149982e+00
1.917375645759902492e+00
-1.915886278775889906e+00
1.913010898781204228e+00
2.106166346197653638e+00
-9.680215620531613663e-01
1.412631531578432353e+00
1.914049115712511018e+00
2.224499513904121706e+00
2.152521142401448095e+00
3.865070485476837514e-01
-2.928652080161356253e+00
-2.102289655943856417e+00
-2.040531879790611125e+00
-2.065830975807468661e+00
1.019511113055615148e+00
-7.153073002483164577e-01
2.024819665377325162e+00
1.979257968487122543e+00
-1.573335988098810256e+00
9.142964681234395652e-01
2.142725459520266273e+00
2.118133743740398867e+00
-2.119312770276356339e+00
8.574840322247464508e-01
-1.586227644318573216e+00
2.070159628990465794e+00
-1.305505244181964564e+00
2.219768162192610639e+00
-2.120397282731367739e+00
-1.222504045845401510e+00
-1.977221360298905939e+00
1.908882625692069013e+00
1.783521677980496323e+00
2.057823305678807113e+00
2.039933325393359809e+00
-2.189261410458128054e+00
2.097858648100305423e+00
-2.099944638544966491e+00
-2.101034732356422907e+00
-9.935402706470852774e-01
2.008747591864146642e+00
1.862715331032703148e+00
1.339882304979843397e+00
-1.391534503297933378e+00
1.964138022228256730e-01
-9.088641567095956386e-02
1.953719564005077958e+00
2.064430120026069737e+00
-2.164044285683354829e+00
2.164292996938459002e+00
-1.049175981766437671e+00
-5.656950549830218611e-01
1.944065354908603549e+00
1.939316855176262733e+00
2.067133318140114362e+00
1.178605733356096197e+00
2.102353954982421058e+00
2.008923810134580545e+00
-1.689087781920871834e+00
1.875762115706310462e+00
-2.138536502943477746e+00
-2.064066539352254370e+00
2.181380117784119221e+00
-4.624926698651397050e-01
1.825318308499516373e+00
8.634912968735488192e+00
1.908278588650553331e+00
4.491892335202416042e+00
-1.622759849012909372e+00
2.900449474932055960e+00
1.933047319497058103e+00
1.326736742927760559e+00
1.952907072061986327e+00
2.109393153130824317e+00
-8.157476315588988447e-01
-7.990362738251610697e-01
-2.547839008592258203e+00
1.976618153973124237e+00
1.150480581302637750e+00
-5.078352214311840029e+00
-2.034924380044085712e+00
2.102295643533536929e+00
1.998489490733170060e+00
2.129942991214506254e+00
-1.838640428915798264e+00
2.049100113304675119e+00
1.864206261565523270e+00
-3.306839868881384703e+00
1.874003032128420454e+00
1.983187582302835095e+00
1.860716358380654967e+00
-1.887345652467301349e+00
2.128798431482586739e+00
-4.339166719832570074e+00
-2.061123091788663153e+00
2.050502173506469905e+00
1.853246447456682766e+00
1.911224665031235670e+00
1.977763417462074846e+00
3.261743080586916588e-02
2.049014401067506430e+00
1.873775306614878122e+00
2.003750669668949769e+00
2.157741729654492069e+00
-6.546750475432805590e-03
1.995653194083015558e+00
6.313173785992516329e-01
3.901846876309937318e-01
-1.492287405692110713e+00
-2.119290530798445094e+00
-1.985417791261160803e+00
2.132243761472149224e+00
2.043682147247369407e+00
1.968249194281664227e+00
-3.900607142118003079e+00
1.915405380510534661e+00
2.116068800537766581e+00
4.976724080783930804e-01
-1.988830730703861738e+00
1.987229696149001912e+00
1.820593284112131061e+00
-8.420137781675097743e-01
1.826771045731262699e+00
-3.177678018985863773e+00
5.666367983913594975e-01
2.001170889079407100e+00
2.098037515844828338e+00
-1.164346783421681547e-01
-3.520730143192386530e-01
2.955821437141528674e-01
5.242482930469050117e-01
3.201324603063429031e+00
-1.602356384253087462e+00
1.157701092112962238e+00
1.707330964725552569e+00
3.630154442471761556e+00
3.489942046661532515e+00
-2.665640126914412988e+00
-1.676929115723312450e-02
-6.011152408769147470e+00
3.411185550694708191e+00
1.583353520203766296e+00
1.927143125191684403e+00
2.150162439902713274e+00
1.898775116608101499e+00
-6.193906778726411488e+00
-3.235160213433639242e+00
2.347764599729917911e-01
2.043499503741845302e+00
2.013066922528624847e+00
2.130858765936340937e+00
3.119821933129084179e+00
2.999406961681970518e+00
2.135737897546974295e+00
1.902239985794295318e+00
-1.878114550869959487e+00
8.648508707695496511e+00
2.121499158631246384e+00
5.505272088748343506e+00
2.151118522122981602e+00
3.092037009332594621e+00
6.887601431791566808e-01
-5.091749604331234913e+00
1.948427600559778039e+00
1.179913105423959774e+00
-8.475435672387867214e+00
2.178346146479293477e+00
2.075683542066286691e+00
5.112157075505839865e-01
2.715163420836560704e+00
1.240583742002290268e+00
1.302865832104099786e+00
-3.940600072075524096e+00
-2.114074581198231773e+00
1.849743315479202677e+00
1.691705796314463051e+00
3.032053164738411688e+00
2.010108814315111125e+00
4.092270826943748219e+00
1.976059893972507142e+00
-1.935517817192556667e+00
8.887068770163664144e-01
1.864994201644087468e+00
-1.958523334855919895e+00
1.900772079668457515e+00
-3.076641324463644800e+00
2.217333400978317659e+00
1.863566878375081171e+00
2.689129699495911852e-01
-2.834966430045499308e+00
1.552924404075384235e+00
-8.563187913952289065e+00
2.032008834854834856e+00
2.022572529533672281e+00
1.943978570147874896e+00
-2.938432593960191408e+00
2.053963466657849679e+00
3.207402106632445182e+00
4.623960863610598437e+00
-2.418676012217813920e+00
1.920953680812055531e+00
1.980348077650763594e+00
2.198585824495508323e+00
3.713728918154053815e+00
2.008065691599267399e+00
2.154045916718587250e+00
-2.084279847636563598e+00
6.568436124893450412e+00
-2.348332143024727259e+00
-2.345569300251708178e+00
3.803583415301166504e+00
1.995702171336934949e+00
3.131372235147611427e+00
1.979394992509886597e+00
1.897279683880680690e+00
1.584424606372937250e+00
5.158813959360282198e-01
-2.602355688850492843e-01
1.980397607765427725e+00
1.178429010277873168e+00
2.037481303970634983e+00
2.079007372555350841e+00
2.089665088351736255e+00
2.023452106480330581e+00
2.026417964103684355e+00
7.977386020347644324e-01
-2.018321666321463148e+00
2.141653971283088875e+00
1.948654348222395249e+00
2.082127731434316953e+00
-8.947757292371283366e-01
-7.425080319400843010e-01
1.967776069054710808e+00
1.986157197765686666e+00
2.828786665032331449e+00
-7.433760700369879126e-02
1.997895568354888240e+00
2.005792382675798624e+00
-4.194428549092038772e+00
5.130578427292208782e-02
2.061341279372839175e+00
2.705570009739505899e+00
1.946499974892481832e+00
-4.551033042246833027e+00
1.816172655965522909e+00
1.972792855817920854e+00
-1.228465611296146731e+00
2.157159557369076719e+00
3.806429989571959105e+00
2.683087172163725942e+00
1.515054093873503316e+00
5.945435465677149089e+00
2.010621136873466330e+00
3.259677533949380202e+00
2.049165935120947690e+00
1.994012518221017327e+00
-8.645564411711694763e-01
2.035897371673972334e+00
-2.379598061217522986e-01
-1.936977762600585962e+00
2.025946910829296232e+00
2.978876437490987517e+00
1.212101801080168073e+00
-2.148585712204392095e+00
-2.090756046473916108e+00
6.691898633200403790e-01
2.722091022236798885e-01
-1.995221808192681801e+00
2.025491705673180043e+00
4.738719080685270812e-01
1.942063163727732356e+00
2.129180678720624442e+00
-1.944309302609597223e+00
-1.942858250395537834e+00
-2.551783052659504225e+00
2.037853467851151734e+00
-1.795673927553337768e+00
2.159064669232370282e+00
-2.009210008469936248e+00
1.779765224268743173e+00
2.328504705487957072e+00
1.998319960361868652e+00
4.544045167295770682e+00
2.126032865020860196e+00
3.116051152358313647e+00
1.900764942990424977e+00
2.039936087142142807e+00
-1.876253514184808235e+00
-3.911471424594570756e+00
2.088692375039194360e+00
-1.181093039550717094e+00
-3.759957570364401036e+00
-2.048650317908675245e+00
2.127654139286419444e+00
-1.630861614121010161e+00
5.649909834140621534e+00
1.947178105900366107e+00
4.741244981480031706e-01
3.397904766431661727e+00
2.847164738935421990e+00
2.175933963269849336e+00
-2.096080875050970072e+00
2.010167036667539264e+00
1.972164145515024947e+00
1.972592815520940013e+00
1.930535211757350433e+00
1.954442282554040622e+00
1.987840747754126003e+00
2.016603111450100627e+00
2.191620850245079577e+00
-1.305188744005734591e+00
2.169865099736436598e+00
-4.000871427757025423e+00
1.010202364334485292e+00
-1.989480081757250662e+00
-2.312349109805427627e+00
-1.976516049917099727e+00
-2.667768069705780842e+00
-4.640457181862626790e+00
1.947665134666308751e+00
-1.941818720984379798e+00
2.024729078436211083e+00
8.585677363335149082e-01
1.881426354958945613e+00
-6.048523308223700212e+00
2.198746139116222853e+00
-2.104154973100966775e-01
5.763813279281152502e-01
-2.616380489122977160e+00
3.465285408318719451e+00
1.365792235344323702e+00
2.066167292919460774e+00
2.063617521522585374e+00
-1.852147696186249748e+00
3.102281184044158202e+00
2.155508580708783040e+00
2.003515570123967748e+00
-2.943461182821162758e+00
1.976569471985358151e+00
1.951854349492976759e+00
-3.137751917655611678e+00
2.190270493654403072e+00
3.325638406853440587e-01
2.015832389296398741e+00
2.008462036781178295e+00
1.919063883357316147e+00
1.934566685895150240e+00
1.904081967090858196e+00
2.060990609266058371e+00
-5.246230846509326362e+00
-1.392969684004105702e+00
2.821971396622520167e+00
1.930542681318800247e+00
-9.420521364657717944e-01
5.618965536628707014e+00
-3.115623866848372003e+00
2.153861234747703968e+00
1.934206063561053845e+00
9.093322216356880539e-01
1.954991220609151092e+00
9.476930861174298615e-02
-3.676431392779093699e+00
4.453495363948112296e-01
2.089305593479880319e+00
1.916399331457086852e+00
2.306238381415703920e+00
2.034314175646092515e+00
-2.194786688997312218e+00
2.044515569274538702e+00
7.377313150090374805e+00
2.173839935099824761e+00
1.843894810294454789e+00
2.051943500841357793e+00
7.938862827752903861e+00
1.875006981388621874e+00
-3.262779977240465534e+00
1.769367282542871678e+00
2.091250797823704932e+00
2.094746043771702038e+00
3.068622858779933793e+00
2.030139331482229761e-02
-5.988409443102158392e-01
1.999987553159478626e+00
2.050505198117162919e+00
-5.148111269263419665e+00
1.796586398510785498e+00
-8.986734953231260148e-01
2.099245463853734783e+00
1.918780900380447463e+00
2.203229603412271587e+00
-6.960379414173002433e-01
3.367394195875218266e+00
3.572455905248197894e+00
4.920415932297425243e+00
-2.289238833313426813e+00
1.861099004599577444e+00
2.270087209118985427e+00
2.038518219095458495e+00
2.180867611234003078e+00
1.956010483333551653e+00
6.220322755563660877e+00
-2.194005863585264393e+00
1.124906006174544615e+00
1.415195355720486603e-01
-3.866678910668003066e+00
2.065486617253724955e+00
1.916810599373367285e+00
1.975779357804913428e+00
1.962648201200525300e+00
1.992070769803510499e+00
9.243892682070803390e-02
3.862371311109376926e+00
-1.977831768225152276e+00
7.786318364146709747e+00
1.785728403229893235e+00
-5.412089895610295853e-01
-1.852679620367380320e+00
2.086296924570934408e+00
2.056849229106713306e+00
1.947650826956480286e+00
6.732573309326380651e-01
-2.002426654801082950e+00
-1.913451958093383087e+00
4.858449590070760271e-01
-1.992247770936858231e+00
1.906569650973523489e+00
-8.644770310646705536e-01
-1.892948474944683657e+00
-1.442865668846408760e-02
1.963013977228756923e+00
2.017622192232661149e+00
1.891390432585616121e+00
-3.293093342467078077e+00
1.921111895991538310e+00
9.828301199505775632e-01
2.004294110833342302e+00
-2.356023338989296168e+00
9.433702130912944295e-01
4.782222790824572023e+00
-1.898125845276149137e+00
-2.897713496270530875e-01
2.053780453299380859e+00
1.206975653595621534e+00
2.020644753431715568e+00
2.028144174620954310e+00
-4.582003125165965862e+00
1.903544186165259999e+00
2.872582847043021026e+00
-1.179590048902786625e+00
-2.127643260474851417e+00
3.760768017026790977e-01
-1.856792388262278548e+00
-2.950270410069414595e+00
-3.954781033554013447e+00
2.376724985147859126e+00
1.606006505408114515e+00
2.051661179111460509e+00
1.966583222966743705e+00
-3.014710003052496035e+00
-1.159041014911617484e+00
-8.811944134085833435e-02
-8.318329515983166611e-02
1.936576548761787642e+00
-2.016058446686043393e+00
2.294157236453774562e+00
1.990883268443473408e+00
4.346726384910263086e+00
-1.988544398356765885e+00
1.974375294516137469e+00
-2.941909380243893146e+00
1.869074821635761996e+00
1.933235175666715877e+00
-1.950299557476582901e+00
3.413659696948123212e+00
2.003448932507459368e+00
1.983693417623771271e+00
-9.663045422700324849e-01
2.340031880539129860e-01
-1.157890311508295023e+00
-3.389917772545633312e+00
-8.414591685559718037e-01
2.071087860479708276e+00
-3.529486267531876109e-01
-2.068628209760863257e+00
1.979035659895547639e+00
2.222626995338711442e+00
-1.212897309222703335e+00
2.122541106154466561e+00
-2.485411110323056061e+00
1.951950070959131978e+00
2.146504200026502662e+00
-1.712211807073586112e+00
-2.006422692989599188e+00
-2.026976186910024236e+00
2.089307539360907295e+00
3.224532369317519631e+00
2.071891837041204720e+00
1.950054068845422872e+00
-1.901516911803791343e+00
2.162522076357635825e+00
-2.276704628043785483e+00
2.044839357278261716e+00
1.817701491627031984e+00
4.327674810732117017e+00
-9.025773659037423791e-01
-1.753211228418285472e+00
5.919619463007141036e+00
2.048259891592894011e+00
1.558642897544493255e+00
1.938169269642245451e+00
4.227816381533916257e+00
-1.813163022488263887e-01
7.330320470699508428e-02
1.983600696545503306e+00
2.023834429605869012e+00
1.967783772632655914e+00
1.950661495047180782e+00
-4.772582821529660180e+00
-1.924734148207287276e+00
3.004137828040239100e+00
1.564933788528912739e-01
2.075980550643096390e+00
9.140242868365675566e-01
1.983665175179042617e+00
-3.665299810394444968e+00
1.995344523240794476e+00
2.003182952973282749e+00
2.043139248186855550e+00
-3.723536600217311143e+00
-1.309054294116360984e+00
1.967793491750377211e+00
2.088538891780864493e+00
-3.530664501248083731e+00
-4.867155132067959578e+00
2.144602067202524776e+00
1.911573856182870568e+00
1.987464392504131871e-01
4.909116584391852278e+00
1.862654313034475040e+00
1.481441310030391367e+00
-1.424296898718833582e+00
-3.740544296122839008e+00
1.929395732989993784e+00
2.019528917594066719e+00
2.042682515849351343e+00
3.715523746799019644e+00
-1.892614369029674837e+00
4.472056990454795766e+00
2.159866108620716041e+00
4.305082421046347640e+00
1.759214867313799946e+00
2.087439795239751650e+00
-1.946233635847483878e+00
1.787175936292651146e+00
2.015449535553607951e+00
-1.446450371124135881e+00
-1.050611303548566244e+00
1.762615524888170082e+00
4.046506382281005898e+00
2.029465332253620691e+00
7.507951944817953915e+00
2.039496751275324815e+00
2.595684044675414803e+00
3.294459581787503311e+00
3.031813896366691630e+00
1.907483737956615188e+00
-1.622849989136714299e+00
2.059092233520587456e+00
4.688154419550857988e+00
2.568985450396920278e+00
1.784700720611461122e+00
1.977045146976596612e+00
-2.949695513882879538e+00
-2.610599579101466006e+00
-5.180979269093866080e-01
9.087719384252539445e-01
1.929423592475802751e+00
2.079924323727825097e+00
3.905284783865067832e-01
1.819072109097739975e+00
1.898473706492913804e+00
2.576671310079625132e-01
4.349293860321995275e+00
1.945679271952750700e+00
2.743592202557503801e-01
1.982058135605501370e+00
1.850478107422062646e+00
1.954957538509787929e+00
6.193741653772569800e-01
-3.755581809790611292e+00
-8.923497708857366373e-01
-4.774448721429919829e+00
2.125709390876310501e+00
1.976348320666890146e+00
1.983719868316502932e+00
2.101013028888670586e+00
-4.922660955092325707e+00
-4.634772678678267255e+00
1.520644688574739778e+00
2.688980836356096304e-01
-5.757749221235632930e+00
1.934394019376079354e+00
2.184354718354427849e+00
2.094827563306946416e+00
2.394312149484536079e+00
5.664810068671522814e+00
1.822433479137376189e+00
3.967313145075174852e+00
1.214817465555325882e+00
-1.124364279375391407e+00
1.487445138502974995e+00
-2.621377251773035155e+00
-4.223709015495255015e-01
2.033035341138113239e+00
-1.821793551054773364e+00
2.026102331183802452e+00
-1.969045511574086138e+00
3.932556611250275780e-01
-7.202517976192952809e-02
-2.575206261314596734e+00
-4.181644563563316375e+00
3.952497615225072813e+00
2.112510326848597852e+00
3.983139222229791443e+00
2.070679040673827576e+00
1.375142079552652996e+00
-5.807556904620369664e+00
-5.109867642883103578e-01
-1.496435374652688388e+00
1.952276717979128717e+00
-8.107340267312450610e-01
-1.893815218609958606e+00
3.176137799743633749e+00
-2.092460022642459450e+00
1.267680903420871363e+00
1.530577405644854228e+00
-1.220294691649179142e-01
-1.911835966388687025e+00
1.956370983320926848e+00
1.997863683317731898e+00
2.043012018433563615e+00
-2.441244903177751113e-01
1.533034410152443128e+00
1.006673082625003879e+00
2.070803675074385453e+00
7.929019905173275706e-01
2.079234618991965267e+00
-2.045256689163411856e+00
-6.554118295289452778e-01
2.049799940030382128e+00
2.049124843709016819e+00
6.128679123684616092e-01
3.095358593669148561e-01
3.622672551320555101e+00
-5.494758483062477161e+00
-2.015391558379570291e+00
1.984749009189156421e+00
1.960982349984222273e+00
2.774450496715472170e+00
2.043509133008943657e+00
-5.017823016439480810e+00
-2.641770988813937571e+00
1.665341588145953233e+00
-3.802150539552187514e+00
5.318988695970035430e+00
-2.365619732842135114e+00
1.929759398938384329e+00
1.934258148999309590e+00
2.117777128793074670e+00
1.915334799628165774e+00
-2.258662096099885552e+00
1.948638840024019769e+00
-1.367967111711343886e+00
3.538246020909302514e-01
2.055709689500722526e+00
2.193664800180973984e+00
3.036418096317370363e+00
-2.575482496569195145e+00
-4.767639438750460812e+00
5.010963489248243530e-01
-5.022831971117184047e+00
2.106279118987362420e+00
1.975815786080288072e+00
2.027353273257321842e+00
-3.690483942977373033e+00
1.827079301324864513e+00
2.100051062238594834e+00
-3.414982842823830467e+00
1.902443752816007638e+00
-1.977899760955289299e+00
1.952257627966239584e+00
3.613204120498909155e+00
2.149353347299441275e+00
-3.144353680446963395e+00
3.409578024146145303e+00
-1.471418797644138188e+00
-1.292655304739676714e+00
-2.068479607441964685e+00
-2.214721812804016032e+00
-6.797699330142350505e+00
2.103052485215727518e+00
1.930326251803397231e+00
5.359004732501596813e+00
-3.102205185175065161e+00
-7.241191546186480643e+00
1.001052792365666244e+00
1.298892853046687001e+00
-4.454878518651231190e+00
1.910096909998233450e+00
-1.938418640888224909e+00
2.050226430514693554e+00
1.892090275196159244e+00
1.925833986125923492e+00
3.634506365063708166e+00
-2.266770226534077892e+00
-6.215515756869123720e+00
1.974812032092628789e+00
-3.532979994211183694e+00
3.932711550397901323e+00
2.093371117681365856e+00
1.921769905421918168e+00
-1.924391811938146013e+00
2.058773541848472721e+00
-4.923714998003988264e+00
2.042101723539916147e+00
2.002704329602762012e+00
4.566021714707207413e-01
2.760841440648452716e-01
-3.040330830748680935e+00
1.944873630894716543e+00
1.767942377413115773e+00
2.153342491210844756e+00
4.315113057313347156e+00
1.614361827053850007e+00
2.064357134979374120e+00
-9.426219500760145698e-01
-2.074431338339550734e-01
3.360995318261568165e+00
6.362819780144318926e+00
-1.911789248263887409e+00
4.058165396955140558e+00
-4.131663468496414637e+00
1.037036307828536508e+00
3.320493074514093701e-01
1.514153392970412959e+00
2.246855212145511427e+00
1.867312520359599493e+00
1.948056565417256358e+00
3.457878123460142561e+00
2.096540351861576390e+00
-6.433735226507381277e+00
6.307666369536018003e-01
2.169056858317759406e+00
-2.179098614920881583e-01
-1.717069640902574079e+00
2.011358368680617570e+00
2.112872382541528982e+00
5.333421558989630107e+00
1.792796607560244837e+00
1.773291492252734969e+00
1.963626005676126995e+00
5.477348085946062817e+00
1.957622486579209120e+00
1.902985892247694544e+00
2.196857091142943474e+00
2.036927685080960337e+00
-1.456651407778250418e+00
-1.997387628663086057e+00
2.021515251784763212e+00
1.942887672092673768e+00
3.626590672105519442e+00
1.934744849525418253e+00
-2.245229129019856273e+00
-1.923609476347920122e+00
2.065042606685959736e+00
-2.815495778088185297e+00
1.968975508219817705e+00
-2.001010364151758036e+00
6.064381754213302500e+00
1.984139924209006756e+00
-2.614780440867891631e+00
2.020499124574014260e+00
-2.754741314684387987e+00
2.087021078604208491e+00
2.998491895582296340e+00
7.423458240283908438e+00
-2.345172629219012705e+00
1.997133731938025125e+00
7.869775046959942566e-02
4.321849032696581716e+00
2.951793560385916226e+00
-2.097393578428627947e+00
2.025392015605531615e+00
1.012231730894263215e+00
1.526452972760205418e+00
2.023802155710335615e+00
3.180352277873717437e+00
1.369153406082720847e+00
2.054151112744294405e+00
3.802534350636926241e+00
1.983350438882209632e+00
2.049929192403934231e+00
2.149379329584634402e+00
2.995649927811846469e-01
6.784236354490877918e-01
2.006873125901607491e+00
-2.068519152749921375e+00
1.907747175988979027e+00
3.171204902985519603e+00
-2.359724864328589966e+00
1.937785667482787133e+00
-2.400985554836819524e+00
-2.427028169893433507e+00
9.902383176747963089e-01
-2.419059272948659522e+00
-2.954016694070540794e+00
4.960259298596499944e-01
-4.887916105845400594e+00
3.044695415522382653e+00
-2.099176489096920672e+00
2.073325381810221302e+00
-4.286494567214282014e+00
2.567274175803877956e+00
2.107579439077925887e+00
-4.443013600902109062e+00
-6.276951439143285683e+00
2.087509703173970443e+00
2.002891819469692525e+00
7.728110847172191544e-01
1.917663591933460365e+00
-3.106661278283595173e+00
-3.053295417568084869e-01
1.989119870410407165e+00
-1.980910900754160764e+00
-6.608497295015009598e+00
-5.920490551895165598e-01
-3.378115579202882746e-01
2.025759608913143328e+00
-1.589100254668141532e-01
-2.210870680102914321e+00
2.543033042339992278e+00
-5.494354230899269886e-01
1.924617095527886956e+00
-1.943203954374036924e+00
-1.792094649390211902e+00
3.853806254411080268e+00
-2.078140632153793188e+00
2.082810588386552642e+00
1.136032287517939832e+00
-2.128390851956689644e+00
-3.106988063284581436e+00
2.201803820976799830e+00
-2.033396935502530312e+00
-1.842673181363335910e+00
2.013275692302455511e+00
-2.946751931371986544e+00
1.860678722203802593e+00
1.957901167627948746e+00
4.467210887073699510e+00
1.945515906373638804e-01
-1.925151342284979306e+00
2.270847648708063660e-01
-4.736269296702326492e-02
-2.498719731387724075e+00
-2.933320045730031467e+00
3.159102118528927416e+00
-2.352846471639330694e+00
4.704850726254842463e+00
5.709348651387979423e+00
1.667352072497121362e-01
-5.412250703384382078e+00
2.229636602250242738e+00
1.872346423507822211e+00
2.023697937834555649e+00
-3.143279594492798257e+00
1.874834708432719044e+00
-3.497056488120622753e+00
1.116243516592803076e+00
4.479131554199342613e-01
-1.683802900717845386e-01
-2.405091481675807330e+00
1.906829806335963884e+00
-2.162511140363859052e+00
7.063910551904961643e-01
1.324300478771265333e+00
2.543703720086242459e+00
3.421558098765619782e+00
2.112479622896077824e+00
2.681927721308504431e+00
4.807543827571691963e-01
4.808204435694763745e+00
7.353159769306330418e+00
1.764609577638908577e+00
2.999695807824441562e+00
1.984387416202854304e+00
1.588911294553637887e+00
2.091480574022988925e+00
-1.169562603256492708e-02
-5.472582435515297439e-01
-1.255965749472852222e+00
-1.961073193078902044e+00
-3.785423847333405867e+00
1.881962708793105676e+00
3.912668115996212226e+00
2.345209487736234610e+00
-2.068176458978852938e+00
1.522993056230807829e+00
4.481321709463222724e+00
-1.905139580273123467e+00
1.979620290632945645e+00
1.838472671324746788e+00
1.965035688229535449e+00
3.516929723418568798e+00
-2.740875658269325221e+00
1.913892106702106410e+00
7.478522324152933054e-01
-3.625269309671376727e-01
-2.045547714268906248e+00
-1.562084616904611867e+00
3.329723424343959681e-02
1.987457140227000929e+00
2.120891756228691527e+00
1.825517842651714906e+00
2.081487146575169866e+00
-1.965244065091706016e+00
-1.048316681743284740e+00
6.875616529584903658e-01
-2.174427518635334011e-01
-2.803233724308795694e+00
2.331346319991113081e+00
-1.409070705928118894e+00
2.121693030550908965e+00
-6.601634653041370981e+00
2.044155537207333340e-01
1.759063695238963998e+00
1.927471563785905451e+00
-1.037709369472895160e+00
-1.963000598700612720e+00
-4.668415793350050080e+00
1.987194259954569109e+00
2.065023532717568777e+00
-4.793901138370749715e-01
-1.360564026968221985e+00
3.859308294891003577e+00
-1.816901406020072773e+00
-2.023452369130309236e+00
7.705985187035585549e-01
4.154581584815607798e+00
-1.106270474005122573e+00
3.815541488846875273e-01
3.126721635224560814e+00
-5.775806492447879137e-01
-8.643506238507537853e-01
-2.079424826260718451e+00
2.057728757075508952e+00
2.101302384226109154e+00
-1.382212232042701716e+00
-2.625744824433863478e+00
-2.240156945758153384e+00
-1.000156394742496291e+00
7.584587525511233608e+00
-2.113913482195874494e+00
-2.311950690562702693e-01
2.132658353440494814e+00
2.110796705269735618e+00
1.940394320056025634e+00
2.081351800037813504e+00
-1.958722921022525654e+00
2.033915640366523281e+00
-3.537145770597545091e-01
-3.877447004028986122e+00
1.805143860837177483e+00
-2.245484102385217451e+00
-1.536116699553250253e+00
-5.105188756297424746e+00
-1.918243011076899318e+00
-4.556399081965416542e+00
1.199426421713723823e+00
2.027506182357531106e+00
2.177779654774447238e+00
6.083884687905605215e-01
-4.308723315267381504e-01
1.352412853400266179e+00
-8.553509356071846703e-01
1.955150826958441890e+00
1.373171859531356453e+00
4.159659362462257093e+00
2.185007366877727453e+00
2.032607171405683033e+00
-3.480389032068654243e-01
1.995862421637183637e+00
1.908725629312174377e+00
-3.014048293996046901e+00
-1.860329064677881949e-01
-3.704448260253235148e+00
2.135726035766539077e+00
1.933729883512153247e+00
2.194551571124691680e+00
1.880683988593844225e+00
2.032832438999095270e+00
-6.465460529267113898e+00
-5.980887735418015660e-01
-8.306927716029411934e-01
2.008526260211610293e+00
2.138362530469668510e+00
1.932006645860883332e+00
2.025452939073022485e+00
2.034365999068636910e+00
-2.037022294696786862e+00
-1.595430082433207719e+00
1.423588341085608944e+00
2.119527676191804044e+00
-1.779167875934223098e+00
-4.211722071054065708e+00
1.998139932593254287e+00
1.975086655213917464e+00
2.046553503082528369e+00
4.917785961173414933e+00
-1.607577607778266915e-02
2.289317259526525650e+00
-2.125080729662709889e+00
-1.431531695431634166e+00
-1.825024924438870100e+00
1.991168997481162606e+00
1.947746772985893271e+00
1.959378655524357526e+00
-4.214086424878071391e+00
-1.948672623397536663e+00
1.901719689479427267e+00
2.084822032929915636e+00
2.127571945005313658e+00
2.128625494444831734e+00
1.906543049507271270e+00
2.111540395861168928e+00
2.126848073602989331e+00
-2.667088460491445767e-01
2.118655846614044158e+00
8.889608602295458795e+00
1.992878670593319912e+00
-3.094508801500733153e+00
2.002773928828074812e+00
2.003234702546440094e+00
5.169370324611186618e-01
2.096185629008401108e+00
-8.201459453869879290e-01
1.962552977984480584e+00
-1.443471507897169825e+00
-4.726321304096811282e+00
1.913647109710545635e+00
-1.823602899780006004e+00
-4.017576042745598208e+00
1.992036663648622419e+00
-3.413120834542547222e+00
4.710653691257002507e+00
1.950607586286798423e+00
1.976810814964358398e+00
2.779300298878447428e+00
1.801493428249103079e+00
1.144596686175894273e+00
1.694866563613313781e+00
-1.951007687037188187e+00
2.030162093229373799e+00
-1.392213925676776265e+00
2.903959134496714611e+00
2.254157899170425861e+00
1.801200843597914325e+00
2.272984985263208024e+00
-5.817262628685069409e-02
-2.102317091931055870e+00
-2.108723394843548427e+00
2.207408936477127881e+00
4.319648166525427158e+00
-2.943947887809670760e+00
1.958859755473228104e+00
1.917454607350356888e+00
-2.060857129602109872e+00
2.055563596910960467e+00
2.190246924037797971e+00
-1.950593093626609820e+00
1.828175367767737480e+00
-1.532750871042588336e+00
-1.841474558318905164e-01
-2.041464585878670412e+00
-4.232698087254811448e+00
1.149807890288639278e+00
1.838715068579295009e+00
2.027059555937324564e+00
1.192371767274325256e+00
-7.142115764387171328e-01
2.079918990240662957e+00
2.914867437797955763e+00
-2.610354694496200167e+00
2.096627547193816721e+00
-4.307628613371816684e+00
-1.265148527840862069e+00
1.945709864387224597e+00
5.613424649596455707e-01
3.448320531671352218e-01
-2.033865348190865951e+00
1.956827840316253564e+00
-4.709446352334310859e+00
-2.535903780016450337e+00
-1.918058810267259773e+00
-1.865843513265817100e+00
-2.025484669443242680e+00
-4.750760337691724899e+00
1.911507163680758348e+00
9.635360617952640538e+00
2.017888836128387986e+00
1.902539304736408532e+00
2.290712069649935234e+00
2.063203540850671480e+00
1.833694994762932851e+00
-2.229707008649070232e+00
3.287781659486386232e+00
1.597971526189421621e+00
3.717086893103834555e+00
1.991344264777783923e+00
-1.736271929667099867e+00
-2.623887868911852550e+00
9.977607828510620669e-01
2.011229156695687692e+00
1.252429689764959608e+00
-4.288048758562285734e+00
-2.252088207025002120e+00
-4.244069778535830562e-01
-6.103241742587339758e+00
-5.073465667540866697e+00
-2.021210682521088042e+00
-3.642568635597248417e+00
1.848691228289353727e+00
-8.822048339420132113e-01
1.886605716225685292e+00
2.455934123559875282e-01
-3.808915107054083204e+00
2.000872935130634023e+00
1.075868780763920673e+00
2.026511729020429531e+00
-2.213732736133011247e+00
1.255312696957958218e+00
1.425347236364824299e+00
-1.983367590690753079e+00
1.294831017387164884e+00
3.731902819903666568e+00
-2.063210432344641188e+00
4.288522315019727138e-01
4.860823526493888380e+00
1.955294171155355532e+00
8.060658522052139840e-01
4.262565099179371764e-01
-3.794301932511588760e+00
2.019141829577942193e+00
-1.902252164468025919e+00
-6.299554612519002728e-01
2.165815624701300735e+00
-3.210493445070559559e+00
2.030436222035482352e+00
1.125220476911903855e+00
2.055136694982146128e+00
1.397509020966332116e+00
1.982183034405149868e+00
2.181265271047910126e+00
1.587961490677374243e+00
2.088751051788219293e+00
5.588630026318412547e+00
-1.974949933973193295e+00
-1.962647265589674728e+00
2.113955329456635113e+00
1.942653240921621727e+00
-4.219689252633751053e+00
2.108845813773814193e+00
2.092570395965762664e+00
4.176006100156212320e+00
4.503823915806977052e-01
-1.584006698591712503e+00
2.017849006460596062e+00
2.224800881419792375e+00
1.908499312498676437e+00
-9.942401638198998803e-01
2.107608242409952037e+00
1.868456767744090863e+00
2.699856403165670660e+00
2.157607306243294776e+00
2.012859906677822774e+00
-3.840439982224665982e-01
2.018745217437647010e+00
-3.974706427425793720e+00
3.617005873790791082e+00
1.905916736001554979e+00
1.954517680520338585e+00
3.132927406422185257e+00
1.992337199907472156e+00
-2.711423074509868858e-01
1.685669557105034633e+00
1.940951441200637007e+00
2.052137992355232754e+00
-4.457104253741860589e+00
2.156914808214727586e+00
3.726169585656394778e-01
1.917830464823601311e+00
2.258393730329829818e+00
-3.631650323870853292e+00
2.005434323714269329e+00
-1.391155095003268061e+00
-1.995245150228859732e+00
1.950297556032827284e+00
4.184305885183380314e-01
2.652094928471849578e+00
3.212441218799467535e+00
2.105379496127961492e+00
-1.336202193669071780e+00
2.091943797589044696e+00
2.128781331525403164e+00
-1.819266992327927879e+00
1.876921824842337827e+00
-8.701156446187136240e+00
2.488559280507959826e-01
1.875512297778844761e+00
2.066562634960408928e+00
3.887203249072959554e+00
-3.640287807591965352e-01
1.899019500966873775e+00
2.082057152377675635e+00
1.241318494220389201e+00
2.552999697367453358e+00
-4.112984992298685860e+00
-1.124496387809755360e+00
2.210897311496361262e+00
1.938635888770752880e+00
-2.156904784244362716e+00
2.146853570820190349e+00
2.136373172065255677e+00
-4.736994878515762508e+00
2.014961647122181176e+00
-3.546765361929045679e-01
2.031400769189572131e+00
2.094440980264183239e+00
-2.147743749178864903e+00
2.143981499145886094e+00
1.810670483169455336e+00
2.007105088149338634e+00
2.393726175695429781e-01
-2.507264575095339953e+00
1.612269087524628164e-01
-7.585428439629970931e-01
2.258498817464714481e+00
1.963548130876873632e+00
2.102225526102306397e+00
-4.033423619775738267e+00
2.028377787541567834e+00
-2.236992087200737167e+00
-3.429942084502138222e+00
2.154289375871772272e+00
2.048519543109175167e+00
2.037091379324466711e+00
2.053023934340363787e+00
-1.256552039064207094e+00
1.894523593630752067e+00
1.902423760563119792e+00
2.064864200158743834e+00
-3.326914462655496396e-01
4.693297538317035555e-01
2.116272296389961394e+00
-3.647273111532533640e+00
-4.053910486982379879e+00
-4.132814798878523987e+00
-8.190931046351381806e-01
-1.793337038786618542e+00
9.031386402530828736e-03
2.091285415238653300e+00
2.146682649130813303e+00
-1.852743313565440753e+00
2.032370882940080836e+00
-7.585136735616861831e-03
1.817045806186517787e+00
-1.986786982796874490e+00
-1.411885385333161713e-01
1.938378760569393400e+00
-2.001891464331889470e+00
2.378609687362147174e+00
-1.818981694941495864e+00
3.326611528726886924e+00
2.283893785100809204e+00
1.978682376110337815e+00
1.700066908860148551e+00
1.846717674720795177e+00
-2.043894532281040011e+00
1.153305534385358211e+00
1.922762068835740301e+00
1.030173484293614994e+00
3.602777690487468654e-02
-2.316952752369025426e+00
-8.342638482977252634e-01
1.145773171148320557e+00
-5.924448535569865726e+00
2.013388584012846927e+00
2.543882584413204029e+00
-3.919591573675948126e+00
-2.785319359158038743e+00
1.821653402849281456e+00
2.017542817075991035e+00
2.107401621179713747e+00
-1.625880192119171896e+00
-1.350029887819002683e+00
-2.139674095649021446e+00
-2.128796389507340070e+00
1.994984473528167435e+00
2.077307738868936937e+00
2.174521963544194580e+00
-1.860871741419260761e-01
1.832636671897002634e+00
1.721536084995694882e+00
-9.508405696181572164e-01
1.906503734974141384e+00
-6.508807217187087879e+00
4.307171073400727579e+00
-2.188272156162186288e+00
-7.255466119860052299e-01
1.827092560328106963e+00
-3.193159016739075096e+00
2.102863917742547883e+00
2.058475961604325999e+00
2.003975035623535739e+00
-1.855094461247826843e+00
-5.985847246817646017e-01
-3.564764306253536574e+00
1.166577374888416507e+00
-1.992174595372021129e+00
1.997940013189211328e+00
-4.044463721740888529e-01
4.340086919362227569e+00
1.338221344850126338e+00
3.611403447489908158e-01
6.073880963307658476e+00
1.382428568003224001e+00
2.060840057780093382e+00
-4.441139452076378724e+00
-3.029000512330652040e+00
-1.800828311464639064e+00
-1.464535677444686712e+00
-2.055483741176152179e+00
2.052111852674574077e+00
1.960865907946671038e+00
1.857984918776413252e+00
-4.405496786791658792e+00
1.794646027172128067e+00
3.001870771194847798e+00
4.820730107873636427e+00
-1.946478179671252695e+00
3.028793741046523991e+00
1.073668732147982363e-01
-2.996970565333016978e+00
2.081613360450261130e+00
1.902372575364075225e+00
-6.430542278179883775e-01
-2.085920642013211257e+00
1.335011508849669182e-02
1.886014590881801789e+00
8.935709128630061476e-03
2.034924019143177887e+00
-1.917468909092345575e+00
3.078281995129970916e+00
2.056205076347454863e+00
-4.450722286974674313e-01
2.257829159461593349e+00
-1.706200586599114777e-01
3.246905215978863168e+00
4.200001819424842076e+00
1.927911225375089854e+00
3.470311909978685438e+00
1.858626067458246212e+00
-8.709533818389221249e-01
1.814146932030693105e+00
-5.469381799086829865e+00
1.906011696221612706e+00
-3.178872235320917561e+00
-1.899015452214834809e+00
-3.360884404130068392e-01
-3.224590803079221857e+00
1.973428122923606365e+00
-3.814396615404136881e+00
1.993778323874121572e+00
1.904470106590171019e+00
-3.248747776115245234e+00
1.443995606403247201e-01
2.113206449378487228e+00
-8.174297688041988474e-02
5.138253492953182011e+00
4.558964559505840342e+00
2.177420038040041472e+00
-4.890209141625476708e-01
9.799581045072815189e-02
1.939567830094021339e+00
9.334483766773760127e-01
2.097517256491061133e+00
1.715215363988760178e+00
-3.979207720592606634e+00
-4.641602778116969974e-01
-1.972285486419909084e+00
2.559800604878287977e+00
1.816071288819686380e+00
2.056046478523560150e+00
-1.736428123610296859e-01
-2.721237394263250842e+00
-2.163072719842703329e+00
5.132806538713037270e+00
1.914768434242624107e+00
-1.902167692102940677e+00
3.725813541795692796e+00
1.967468683650079875e+00
2.031304769827708245e+00
3.675993520372143664e+00
4.488729151366410708e-01
2.998925730922028521e+00
-2.089920145310693478e+00
-3.752473243538605896e+00
1.851123999707010581e+00
-1.996309174428592792e+00
-8.776860600657599987e-01
-8.417167494831525598e-01
2.181427872622618391e+00
2.047162214292927107e+00
-3.638475067260107387e+00
-8.551652529338833464e-01
-2.034468416965476756e+00
2.123872344638590093e+00
-2.894580031120023378e+00
1.910311984108114869e+00
2.030797656905413362e+00
2.005526704490311563e+00
-9.859441409757496722e-01
-2.504208492149555543e+00
1.711600425432019179e+00
4.905847363035185538e+00
2.832616992672913891e+00
2.134888448578968756e+00
2.025840613072030116e+00
-1.791978312761546066e+00
-8.573770807232312940e-02
1.985059416296412804e+00
1.390628321588611160e-01
2.025682189967830560e+00
-1.926577392098250519e+00
1.079259090003511945e+00
1.941652740968409674e+00
2.164106218012147309e+00
1.891115238722576697e+00
3.077451322298669023e+00
1.103786314645807565e+00
2.088028001704919312e+00
-9.245584807769404723e-01
2.444586884463058496e+00
1.955526519750948822e+00
2.026507772609785984e+00
2.266441038833757915e+00
4.739953954697492478e+00
2.046179408493502550e+00
1.921417326363745515e+00
1.931916278265930709e+00
1.889485702576779724e+00
-5.685570867811940765e+00
3.479131672144211151e+00
3.903377516949553705e+00
-8.218413628979286401e-01
-5.011211897911493907e+00
-1.341583564423230457e-01
-2.144810568274265083e+00
1.925563363699551722e+00
2.115818609797073702e+00
7.523352951079353090e+00
2.158613484947997208e+00
1.823572818047609179e+00
1.990814311847932672e+00
1.146015135390021200e+00
-1.982254611547296763e+00
4.440654849677358129e+00
1.843013514586343771e+00
6.629321276724950529e+00
7.866457900046442964e-01
2.123930829033313650e+00
3.446987414217997925e-01
-4.999640211223577602e+00
4.422293772867964989e+00
1.998084508568298112e+00
2.099214571430567222e+00
-1.409729541329988622e+00
2.147289685756505140e+00
1.944501008857888458e+00
-1.020619708649169288e+00
5.890744448931824806e+00
1.962827656428870471e+00
1.963513898046549633e+00
-3.568118685921566752e-02
2.120710897757513980e+00
2.085217226650831535e+00
-9.582811250644416301e-01
-2.542013171681629657e+00
1.916319534552087811e+00
1.945010529489754392e+00
1.936110532758144709e+00
2.092691811261547574e+00
-1.215120167450744360e+00
1.006307074850821159e+00
2.203856253299152357e+00
-1.398289850487030694e+00
1.942732276120603396e+00
1.929297637620627226e+00
3.496605711629342750e+00
2.150091987133291305e+00
2.150417439838490985e+00
-1.084194239333084120e+00
1.958552869813289243e+00
2.135297058887140498e+00
-3.883118032101430028e+00
-1.929586633483774127e+00
4.589841120606049429e+00
-1.677268555218435653e+00
1.980342929148658060e+00
2.073326349484743147e+00
1.987356912083148242e+00
-2.634906525708871960e+00
-1.968488160214013405e+00
