-1.151979164143392409e-01
5.537441357922809893e-01
2.121540241516657765e+00
4.953185911114151629e+00
3.506908555419991358e-01
4.657602783236804100e+00
-4.865162574025828635e-01
-1.428591590244148168e+00
-1.974635811459992674e+00
2.821538948711930228e+00
2.122002999759973640e+00
2.925007007914814494e+00
-2.554858502474488979e+00
-4.834741280431590127e+00
-4.976653998966712678e+00
-3.803188419257742314e+00
1.956578515033645438e+00
8.168939570336096745e-01
-4.411115632011072485e+00
2.093425317651764761e+00
-1.954109548141231167e+00
3.205831986745214301e+00
2.053063695691268009e+00
2.556649661729682999e-01
-2.603362615244249945e+00
-1.055087574967376707e+00
-2.044208765001611638e+00
-4.534239125225413503e+00
-3.174096107884614160e+00
-4.995350902592518239e+00
-2.113992721500954186e+00
-2.641174738352865869e+00
1.019317809993093960e+00
2.012946302146715993e+00
2.185735323686851750e+00
1.966366270298547825e+00
2.090317300007609180e+00
7.738692727469094201e-01
2.084457400209868361e+00
2.108139209919668300e+00
1.979048687360768222e+00
2.426520804362093386e+00
-2.133521734755509325e+00
-2.872261039405282101e+00
-2.593234080027874811e+00
1.231402210672632780e+00
-1.734689159702273109e+00
-1.799472116545253852e+00
1.970562269358379082e+00
2.013117979591274587e+00
-1.893388420356164836e+00
1.906319834020026471e+00
2.033255853525800294e+00
6.026540202512779831e-02
-3.985898805703433911e-01
2.070676623920872039e+00
2.948654078736002937e+00
1.725058840417540651e+00
-6.276011952152339646e+00
1.805724429143323650e+00
-4.556470300533451478e+00
-2.697888379838385031e+00
-3.338166847755903888e+00
2.542229834192962112e+00
-1.735702894300541921e+00
1.554395004940214209e+00
1.967738167550385553e+00
-4.820221182619729428e-01
2.235951189883043533e+00
5.770954793260880678e+00
1.977837445693481966e+00
6.124093337884289889e-01
-1.570322370305998749e+00
1.967013067631010026e+00
-1.652025269953038666e+00
-1.101677392910643594e+00
3.551076049367316578e-01
-1.197746690111317847e+00
-3.817547835685867419e+00
-7.076285966923923088e-01
2.066466660994523696e+00
1.962342957465498250e+00
-2.036627667761887306e+00
1.903435546825752223e+00
-2.969667556120870522e+00
4.620091069283532859e-02
-1.447611647240211852e+00
2.815471802574375459e+00
3.501829773775440025e-01
-2.771761846997800038e-01
2.062841162480653523e+00
2.152634210039302776e+00
2.110387598520364172e+00
8.723939376487177544e-01
3.022786816296672896e+00
-7.210568632152764001e-01
-4.190457491398024814e+00
2.011754443444665252e+00
6.886206133213843561e-01
-1.973816052760386297e+00
1.851006031464013102e+00
-2.708573986658953658e-01
5.777879369769182150e-01
-4.847985426618058646e+00
2.119655977118376722e+00
1.359389383270181328e+00
1.907767887998884415e+00
-2.408349343912285168e+00
2.023088345211875527e+00
7.764312654709295103e+00
-4.195378015442823710e-03
2.053452628039284189e+00
-4.641940204486842414e-01
2.185095829958298985e+00
2.027420442391873578e+00
-9.606222896862399718e-01
-1.274613687978517262e+00
-1.584295617919142529e+00
2.116668987993803874e+00
2.500170832559480250e+00
1.967275015809606398e+00
2.021914323361018173e+00
1.894401715317062918e+00
-2.666261754533040929e+00
-4.269121123026632936e-01
1.294361495542041940e+00
-1.965080010338108529e+00
2.102410728907609272e+00
2.056975462617097072e+00
2.031732239389316241e+00
-1.434832686058758355e+00
-4.516443254466442347e+00
1.661734533668330904e+00
2.046759642109299282e+00
3.349709941918137091e+00
2.027067485748704545e+00
3.613267899640790759e+00
2.111216954649005384e+00
-1.915043452365484900e+00
-2.554119243178552434e+00
-3.164866526815450776e+00
4.744241797530103222e-01
2.012114252548826698e+00
3.222565746022659994e+00
-2.941151090162053894e+00
-3.178737927555506992e+00
-1.316504258327670707e+00
2.102448509210428362e+00
1.930328193193431519e+00
2.971382000274685353e+00
4.125286514656349990e-01
1.995788532690874861e+00
-4.152247436110683559e-02
2.055613003611669320e+00
-5.834269056983149015e-01
-2.047513636501726797e+00
-2.733169122055725264e-01
-2.898989202116089459e+00
1.353365951446897641e+00
2.000677639721141432e+00
3.071304128836306990e+00
-2.415267204805708445e+00
-3.172566359124588953e+00
5.007057003004772966e+00
2.001554997768566491e+00
-6.025831612960601269e-02
-4.226708862263605759e+00
2.146182965424171307e+00
-4.089959242091288694e+00
3.233589542427143915e+00
1.829975866924186345e+00
2.068594618216306191e+00
-2.608624948517477282e+00
1.940915155356884858e+00
-1.751574402593729651e+00
2.642827027813471563e+00
2.103555090214047851e+00
-2.299235145881502351e+00
1.981082610831118362e+00
-3.144289583611659111e-01
1.875180827939803674e+00
2.064840775079495483e+00
2.134624221540261768e+00
1.640692215508890106e+00
1.102911496562845484e+00
2.061140408373435484e+00
2.122347952851371122e+00
4.169136018162164170e+00
2.051899643675556995e+00
1.975607719558753361e+00
-1.660432577993908865e+00
5.898717863154796959e+00
-1.925586544938874045e+00
2.081830360887221065e+00
1.791637947781771434e+00
3.897435613673109422e+00
2.155770015199730771e+00
1.908573749806369735e+00
1.966345992502130491e+00
-9.242992411808625963e-01
-1.861707876645140036e+00
2.905852736940485403e+00
5.011698328017820003e+00
3.130926712567154269e+00
1.930160290541920842e+00
1.934091713022769055e+00
7.690223980207060439e-01
2.089569665458064218e+00
6.899886176678328153e-01
-2.584478648198813566e+00
2.370216650526430158e+00
6.014118296920786477e+00
-1.059131019238230387e+00
3.510038534600133930e-01
2.937404910354330489e+00
-5.059348912769243700e-01
5.867849795392310330e-01
1.911302647622065365e+00
4.505098913544806072e-01
4.203558354286776044e+00
4.460288825519117317e+00
-9.079551849993398038e-01
2.147358909475792554e+00
-4.931137138702609946e+00
2.737170476808565400e+00
1.873452433117559712e+00
-1.943336824054593404e+00
-2.731118209142973985e+00
2.120755984668678096e+00
2.199116621786393555e+00
3.015050974200463862e+00
2.065195338400099168e+00
-9.084558687408078592e-01
2.075834601641105781e+00
2.070809046650456509e+00
2.078464514180603739e+00
-2.061553872281983502e+00
2.085005228397279975e+00
-7.625660772538738197e-01
1.971024433388754549e+00
2.128603525959015030e+00
1.734673289543355867e+00
-1.314085909217179715e+00
2.027295639340121358e+00
2.041187902624656214e+00
2.847207536807532691e+00
-2.025178225567025869e+00
2.054414546353267479e+00
3.627917624484078285e+00
7.521689944471983580e+00
2.130391692919647806e+00
2.151187977493644876e+00
1.634185850661410200e+00
1.945559448171350514e+00
-4.982624194104434689e-01
2.081648700887061665e+00
2.157277374454068308e+00
2.084874145645743582e+00
-3.221283522505812513e+00
2.176573224705485643e+00
1.925829562624135960e+00
2.067970749004118591e+00
-2.092605758953504758e+00
-2.093265358828422684e+00
1.874838223935134440e+00
-2.285080163256706154e+00
-1.980477566183899141e+00
2.018166140993778779e+00
1.993036277352277397e+00
1.068316084252225018e+00
4.616546004956692428e+00
2.031550732303254669e+00
1.889616038413646670e+00
-5.206647053961510618e-01
-6.732442549940489407e-01
3.525154507957325656e+00
2.110390194936409003e+00
3.537799437748496700e+00
2.174550040278514285e+00
2.127484802563023081e+00
-4.326893298161754942e+00
1.989568124013632255e+00
2.056437058452444955e+00
-3.433463634387081242e+00
-1.628183500308121978e+00
1.981702169343086073e+00
1.263243869735109604e+00
1.427961834945063568e+00
-3.826933929682692082e-01
1.968354601253856639e+00
2.075931621844985031e+00
1.756556310097081131e+00
-3.270626943636750550e+00
1.974871533421851177e+00
2.063540304307923012e+00
1.925654387631450692e+00
-1.982606710694235774e+00
-2.647527528870948554e+00
2.077950324382734415e+00
-1.969075199797101217e+00
2.235033241431005013e+00
4.507282559123785282e-01
2.886186604471584705e+00
1.878538006456715426e+00
-1.431394542945118864e-01
2.052630343838394822e+00
1.896960230805379233e+00
2.100597610969420881e+00
-1.992402513837337130e+00
-2.540365804585454912e-01
2.776653343987772193e-01
-2.709209982964434271e+00
1.979236554462099118e+00
1.928299569667270230e+00
1.709925688604281957e+00
-2.044160510350954141e+00
2.084027818806867050e+00
-6.893647758841154882e+00
3.570360459451185964e+00
1.980970015389780681e+00
2.233458354543216284e+00
-1.407747102963883279e-01
-1.312436572723086226e+00
-1.978093941457196747e+00
2.055446363774654728e+00
-4.481994665960319146e+00
1.980417939496532664e+00
-7.329596963518255848e+00
-4.601515296699594249e-01
1.996700392160592807e+00
-3.398805409666002753e+00
-2.899692419964889911e+00
1.338539895914254041e+00
3.151687440929674122e-01
1.949378940010056516e+00
5.438776926396683642e+00
2.003796301354770826e+00
2.007492081095292757e+00
8.380942123392286502e-01
1.303644119475679153e+00
4.363248879740692310e+00
-1.983237644516440579e+00
3.055059857572239412e+00
5.872023324152281232e-02
3.394417996964207873e+00
1.909292381043092846e+00
-2.077409066515937930e+00
2.184833308705677712e+00
1.963403945446220211e+00
2.164462937384737717e+00
-2.709433146305900486e+00
-8.092381651139635146e-01
2.074478804997290204e+00
1.905992209475296129e+00
1.964760841810892833e+00
1.782803508622411881e+00
2.076526836209751092e+00
1.428776588857336272e+00
6.809215706621407627e-01
2.070786203804652281e+00
-3.541825396784178182e+00
2.033465147819951024e+00
2.003678648277857910e+00
4.897585254376046748e+00
2.064878245600696882e+00
3.475696389449757007e+00
4.712640369067097046e-01
4.455784233325902122e+00
1.673306807919353822e+00
2.058951003307375682e+00
2.834456300049241761e+00
1.953139524567225838e+00
6.736084091297922072e+00
1.817059958722456514e+00
2.041492783872932204e+00
9.287386967789021952e-01
4.412457142622681516e+00
-4.376608360889496119e+00
1.456344325782074955e+00
1.848372497862328823e+00
3.069970116082663125e+00
-1.994612794250594234e+00
-1.615188376486516031e+00
1.035945646933805087e+00
2.014360701296572742e+00
-2.030291921587314974e+00
2.145057947364195972e+00
1.946883077199882850e+00
2.004457319664811887e+00
-5.268252206970286622e+00
-8.020654521535557357e-01
2.097774565252902068e+00
2.005472649730791534e+00
2.149509589656011244e+00
3.149438259196536416e-01
-6.364144717688473563e-01
-1.852394535723341118e+00
-2.301632270929453217e+00
-2.960297341951690697e+00
6.151008223657880691e+00
1.894592641666731581e+00
1.898040308657867437e+00
2.009966421424647098e+00
1.936260440816829353e+00
1.986469882786503938e+00
-2.002187954604967679e+00
-6.868083126586074227e-01
2.263790204642988524e+00
-2.085158335355979276e+00
-3.667884113693579806e+00
2.083759796090910221e+00
-8.222911546154441087e-01
5.984707283875976280e-01
2.306898854433378609e+00
1.620801937270615944e+00
2.009965136775873074e+00
-2.614867557556612709e-01
5.480116429273342860e+00
-1.488564772921226798e+00
-5.874332748085735467e+00
1.188539709683820611e+00
2.040590926985033526e+00
6.356471607195651741e-01
1.996957863761074092e+00
-2.299315712486281527e+00
-2.762180931754563140e+00
6.337981096480637122e-01
1.055080161091500823e+00
1.975520329103041428e+00
6.125946807274992523e+00
2.293252193804338646e+00
-1.957920015019788629e+00
1.295640816772130943e+00
-4.004722248106316940e+00
-1.823785878729875742e+00
4.191481778458453489e-01
4.568122535546181168e-02
2.808397887680707861e+00
-2.046825008554690850e+00
1.987854494242860204e+00
1.989933238573335261e+00
5.332069722365568865e+00
2.117749663435150254e+00
1.949030594838680575e+00
-1.889130113141416434e+00
5.351539775835287838e-01
3.973542369243971528e+00
2.443241426193459187e+00
-2.031955928895780250e+00
3.323577982720588686e+00
-6.298650017095662967e+00
1.987931485855865876e+00
1.995090271363434198e+00
-8.352797301745946257e+00
2.175295912030531298e+00
2.048529933939578829e+00
1.962892177241916114e+00
-1.998467746418674640e+00
1.152955588142180243e+00
4.304800028405770362e+00
2.013304960264950871e+00
1.906967698127840061e+00
4.130799532035934973e+00
3.061707941659464360e+00
1.930390472435070448e+00
1.898312533664956669e+00
-2.439564981048585768e+00
-2.416992707580186028e+00
1.968182506774882601e+00
3.611526406770801945e+00
1.338654147722444510e+00
3.209356435551704578e-01
-2.119296451663282621e+00
-2.039627112998871450e+00
1.220673436677443435e+00
-8.976256924080956434e-01
1.886931277306254318e+00
1.915429573182743095e+00
2.002644417504040764e+00
-2.176543926128959860e+00
1.934170941232447705e+00
2.426837492982348188e+00
1.336178005582660200e+00
1.931244668192617642e+00
2.070348479565268018e+00
2.894021398319784222e+00
1.961630766930958725e+00
-2.456887047726323381e+00
2.072338535860618780e+00
-5.008654522233111361e-01
-4.367420972626043785e-01
2.130057679763591949e+00
2.612680136897669314e+00
1.874608566445580271e+00
-1.134704553764917456e+01
2.205967862298765958e+00
2.164758186225002934e+00
-1.779377559568622758e+00
-2.488829209488617522e+00
-3.065161595113211401e+00
4.690657799336959144e+00
-3.206452116167652910e+00
-2.978264245408763777e+00
-2.299585435928663379e+00
1.916508801767949688e+00
1.991609786227196643e+00
2.075489240289017268e+00
2.052958265859097242e+00
1.971364626207803949e+00
-1.968424637206460215e+00
-1.862861808336834013e+00
3.323778711581828027e+00
2.127565895635137760e+00
2.227572684954104432e+00
-6.144852648924937766e-01
-2.530833008916621107e+00
2.136652093365461358e+00
2.999668746991639434e-01
1.301487727985713772e+00
-1.602584942446841007e-02
2.155913137166055815e+00
1.765579306975593399e+00
1.407461736486152748e-01
-1.791276724137307763e+00
2.084197115273515699e+00
-9.848693035315212452e-01
1.808492523513398176e+00
-2.958703322454982576e+00
-2.161401044668121774e+00
3.185143927642848816e+00
2.032238051974078807e+00
-3.090560921225684154e+00
-3.094580458126120703e+00
1.084908313737995345e+00
1.869958401993514929e+00
1.550367753155521777e+00
-2.036106207165943260e+00
2.054830617950092364e+00
-1.075243633519805897e+00
-2.138973468824451718e+00
-1.951716260515266255e+00
2.120941489627819365e+00
9.686398183891127278e-01
-2.204832108863819418e+00
2.004906402700706192e+00
4.005416836430145011e+00
-3.942616198301433617e+00
1.787212877922780496e+00
-4.844057039098323081e+00
-1.054970006801788873e+00
6.181996177662162362e-01
-8.895393521082016974e+00
5.872225581269141514e-01
-1.895598849025728061e+00
1.810110191171668159e+00
-1.454350805911189148e+00
2.099225028801654069e+00
1.981791384607037410e+00
2.251516527684504609e+00
1.971499568192194296e+00
-6.535586920511872400e+00
3.555027365149152629e+00
2.022767327217763089e+00
-4.528303239798257884e+00
-1.011175758142427661e+00
1.991407363602582192e+00
8.705935570088521591e-02
-7.406765226326933238e+00
-2.540169313682824281e+00
2.452655907480812303e+00
1.966946972517292558e+00
-1.236148769023351024e+00
2.016143386036262974e+00
1.943608118788969108e+00
-1.821399106453489569e+00
-3.987712494208986769e+00
-3.557518256699581549e+00
5.202795996236395659e+00
2.038138696806058636e+00
2.061391344788046531e+00
2.902305498351934965e+00
-2.092784287004649357e+00
1.772875157012336444e+00
2.180896860263317194e+00
-1.843217775861252461e+00
1.896002889110072864e+00
-1.880686773584000493e+00
2.236718284052630068e+00
-2.114484681081870487e+00
-2.031542294903641466e+00
3.339568006914569676e+00
7.101722292823737792e-01
1.960136943359785722e+00
1.799628910413007210e+00
1.977447675686211159e+00
5.526655692968688527e+00
-4.811124484538974677e+00
-2.162271344280109364e+00
1.826306649001105065e+00
5.804250238874695711e+00
3.297051559270091303e+00
2.983002829670417633e+00
-1.144229821889423349e+00
2.011888175558565806e+00
2.094823259741513954e+00
-3.941749715263066278e+00
-1.904310347932404834e+00
-1.992080591145824142e+00
4.010334047060752916e+00
2.010291642589965733e+00
-7.020434329181496347e-01
1.994014689687620079e+00
-2.486515201299568378e+00
-8.636701951204102112e-01
1.942584095078739637e+00
-4.876261895716045736e+00
4.186218668133150800e+00
2.050567173743638172e+00
2.122653286339737377e+00
2.193214728810207514e+00
3.138318570366742222e+00
1.924935823584061012e+00
-2.000703165001234130e+00
1.930247641270492309e+00
6.622689466355815568e+00
-4.614017923867178794e+00
-1.202554750342719858e+00
1.896285239468722628e+00
2.651812715021637512e+00
-5.504789833208372229e+00
1.916321846942851348e+00
-2.011339392873328080e+00
1.978055582098809523e-02
2.100098816055584017e+00
1.864109585157907478e+00
2.003846888886309241e+00
5.623442136437146743e-01
1.967820780985344076e+00
1.973586207102092649e+00
1.269339642106559252e+00
1.976717822963507176e+00
-5.025167781532459799e+00
2.019820034356744287e+00
5.575508184584208049e-01
7.471737696949134033e+00
-2.041539300408110158e+00
3.934978252380547659e-01
-1.774037817692756924e+00
1.972547354835100020e+00
3.254720252416748671e+00
1.835915638651353321e+00
4.928801473888484885e+00
1.469305909117784026e+00
1.915740758593287740e+00
7.911822651913709148e-01
-5.416872698458188751e+00
8.072611574629981135e+00
2.043342476689353759e+00
-2.312756892331814029e+00
-3.107140188635699296e+00
2.602974225680691145e+00
1.840614130965200879e+00
1.813121975662613128e+00
1.917630973805165784e+00
2.810743564675933115e+00
-2.054232754798805516e+00
-1.977726127426310709e+00
-6.682176863703085390e-01
-1.994126146534675792e+00
-8.564376731961496958e+00
-4.613203852316912545e+00
6.414913265751425175e-01
-2.032874775249006449e-01
1.919834689842295994e+00
2.034156706768790457e+00
-1.918190919687668305e+00
2.821627000175087829e+00
-1.673013753778222146e+00
3.829555889415736658e+00
2.090449018418864213e+00
2.075454941485615379e+00
1.974053378143632242e+00
-2.576236497313718843e+00
-1.092345206706098137e+00
2.042411948033191038e+00
-2.032642783529544861e+00
2.283015085289811008e+00
8.907809827335095854e-01
-7.784075142370537881e-01
1.027794158004167846e+00
1.211113261222759530e+00
-6.082174823009388609e-01
3.866332855025346404e+00
2.038950159642702875e+00
-2.498921942473738333e+00
5.800452700665001404e-02
5.885544891795785105e+00
-1.768655193386531099e+00
2.180617478204495807e+00
2.345785573925359465e-03
1.972548885276992792e+00
-1.425042523249528070e+00
-4.090467733125315308e-01
6.122682225921012300e-01
2.180012337986482862e+00
4.502630381498041956e+00
1.941772255383473089e+00
1.877601190360727923e+00
-6.892248183238186554e-01
-2.012050699251165753e+00
-1.626175791655150027e-01
-2.287298828588947508e+00
-1.816046721886385829e+00
2.414529397427014779e+00
2.036316690223088255e+00
-1.980942298651077849e+00
1.911750375026914472e+00
2.003375172991043396e+00
1.996688252379948292e+00
4.822092499966225354e+00
-3.344064141198115347e-01
2.143233280669655016e+00
7.026137201751276873e-01
-1.901003379536799098e+00
3.957913572934447455e+00
2.092212293328237216e+00
1.915282372176731140e+00
-2.367604944146184387e+00
1.915847293293993614e+00
2.077744612256132051e+00
-1.811232251894435707e+00
2.226043129547274013e+00
1.859690566481416951e+00
2.996733157371260337e+00
1.565388366928663233e+00
5.588416145887492581e-01
5.391580041956318958e-02
5.545768859432612885e+00
-4.823888924158130642e+00
6.584813052871704153e-01
1.921056799623805489e+00
1.737617551321273490e+00
3.586084507475321148e-01
-6.544025928349188614e-01
1.049910485388013015e+00
1.974811558134818901e+00
3.228756048196896877e+00
1.930523654645537546e+00
2.032454201901282342e+00
5.005008174557894485e-01
2.032792916374075443e+00
-2.011810956409346929e+00
2.697332061651821711e+00
2.061354318501517735e+00
-8.509921813500104237e-02
1.850881565881908886e+00
2.080083286109503327e+00
-1.947153352624775735e+00
4.435348676699482517e+00
1.761192123795158881e+00
4.803984485631358492e-01
-3.369972991805259888e+00
-2.473352393065927135e+00
-1.772733464449783636e+00
3.700235678508859705e-01
2.000110274430618507e+00
3.905633561932217557e+00
1.964126973627494888e+00
-7.414703213113271740e-01
-3.947941580897285085e+00
6.395896382876069985e+00
2.027076569971201003e+00
-1.003576106794728251e-01
2.105371170044024964e+00
-7.043012623096490676e-01
2.112085063163141818e+00
-4.616594239705349434e-01
3.094570729704550494e-01
2.042885258753990740e+00
2.462062199690335795e+00
1.941180397900150512e+00
1.871175730866086795e+00
4.637455727506920589e-01
-9.418845657164624185e+00
-1.020380231923794456e+00
4.777832166653258605e-01
1.908380010322917597e+00
4.633807746953904072e+00
2.037312229895699822e+00
3.041662968930763711e+00
-1.330321264137576565e+00
1.883742924620324777e+00
2.277906838179552196e+00
2.175977126388917604e+00
5.325369533368103925e-01
4.753235543057843238e+00
2.609785547107364767e+00
2.190373665134691894e+00
-3.568821946364481690e+00
1.951374057863435318e+00
1.966732481820002931e+00
6.939630216734760104e+00
-2.166899586635787078e-01
-8.902756597508120207e-01
1.944071389886881107e+00
1.936484482444306598e+00
-1.988174436598651784e+00
2.022827902214682450e+00
1.974290651440658628e+00
-3.330517300321219842e+00
1.022849932101292936e+00
-1.915853243019455920e+00
-5.365289812298602357e+00
1.983795804438021948e+00
5.036918468450781283e+00
3.182619451327748372e+00
-2.302926454613159812e+00
-4.462663521625506724e-02
2.033197524181814764e+00
1.962341842374620393e+00
5.029680489747506700e-01
-3.797129172438907796e-01
-1.830886378683888482e+00
1.917456062705642950e+00
-3.054296311219106386e+00
-1.997706412048239510e+00
1.985390268910882883e+00
-2.116920103161409106e+00
3.724238729226080125e+00
1.893423862531600221e+00
6.067146315344077445e-01
1.916500221945860449e+00
-6.667168626404919030e-01
3.787638025588738966e+00
-1.783283896447557471e+00
2.571722219523162600e-01
-3.004451249206392838e+00
-4.849724731139598011e-01
1.908156765723121318e+00
-1.845052573610103108e+00
-2.353918047800447333e+00
2.074101820567562537e+00
-1.762874483995634789e-01
2.655762058384692814e+00
1.586974279902194418e+00
9.397608008182134487e-01
2.187843981728642362e+00
-7.164779458933639766e+00
-2.003533160733519836e+00
-1.703341003060339531e+00
2.090383228484530065e+00
-3.808788373844120834e+00
2.210466929206337916e+00
2.136717844372032271e+00
-3.974656588720415051e+00
-1.962515428487334956e+00
1.922563093810243151e+00
-1.915802871584567635e+00
2.005050489054020613e+00
2.068364947609744764e+00
-2.874737031232074802e+00
-2.471971040815153398e+00
1.442637796197487887e+00
-2.101160599732391887e+00
-5.268019248267041377e+00
-1.341189020858800429e+00
2.254751003723693970e+00
1.974146907692656550e+00
2.041208832019065778e+00
-2.142914392407459623e+00
1.990025686327243859e+00
1.866037280704561097e+00
1.893331845186378093e+00
-7.392520804950749591e-01
2.028849458334144096e+00
1.944175897806741382e+00
2.143835833930487045e+00
2.047117545980427167e+00
1.997412576867643175e+00
2.288834879242554798e+00
-2.034292425489104161e+00
2.010345379911238517e+00
1.925423808100266143e+00
2.338892432446190384e+00
7.397676738244624017e-01
1.776496269457700450e+00
2.335426162364697689e+00
1.296929905149800444e+00
1.810260034427816800e+00
6.469452229779995012e-01
2.569807058404587785e+00
-4.704269466472461581e+00
-9.730633928872163274e-01
-6.351344173599050791e+00
-8.134435637720228485e+00
-5.567052791048375582e+00
2.094262026458912462e+00
1.898798323816875966e+00
-2.048314868702143965e+00
-1.072799767776118518e+00
-2.037941361515018812e+00
1.957956533462118065e+00
-1.992574835055870963e+00
1.970897327130380905e+00
2.048101038169288568e+00
1.967803220175922352e+00
1.932215304607465045e+00
1.167244544441481402e+00
5.837146559754161634e-01
4.009602581661836140e+00
1.989633991346532405e+00
3.301091372708791383e+00
2.023821881861402883e+00
2.057977197760573862e+00
-2.544017875193566702e+00
2.063031964524002060e+00
-7.851112855778517030e+00
2.081664428364317310e+00
1.854196827736076525e+00
5.646995978772565428e-01
1.063439887817474894e+00
-2.798102690526893532e+00
8.289275764127743695e-01
2.182163495686480381e+00
1.925981017568028308e+00
-1.970466735299592376e+00
1.952479319175405070e+00
-1.949438490711695060e+00
-1.383530910973456818e+00
2.184836476908596392e+00
3.810944092876470624e+00
4.004702098865418058e-01
2.045054811085940116e+00
1.866655644614876097e+00
1.869102532290707552e+00
-2.248176997287933965e+00
1.903962138307393914e+00
1.934220841050133588e+00
2.039394358079055447e+00
2.033502954286117159e+00
6.436991425024118030e+00
1.024039417277784025e+00
-2.176898330508403312e+00
2.135288132559792107e+00
1.989342480802881008e+00
2.764381647009408027e+00
-2.523122932685345265e+00
2.323507509798178994e+00
1.522326392883447399e-01
2.024309789685047267e+00
2.019178538443388682e+00
-1.910049298596900869e+00
-9.409932347250262730e-01
-3.699377914159628133e+00
-1.285288265878143932e+00
2.003618980777617686e+00
2.549043312037394315e+00
2.050448229347622942e+00
-3.912166098027992867e+00
4.076502957149419348e-01
4.876769962527452984e-01
-7.940037732785424351e-01
2.013504255467019721e+00
2.004117352639783967e+00
-2.679108644168493925e+00
8.874861731847623059e-01
2.055341013224873059e+00
2.330804345918970899e+00
1.886637912587102228e+00
2.068937097710551676e+00
1.891671992671838387e+00
1.917230596034881440e+00
1.742445304450192634e+00
1.980515149688507615e+00
-2.890900635818688613e+00
2.056279521608500804e+00
-8.132699099405026333e-01
1.851954240857900835e+00
2.035635346544887536e+00
-6.322369832737644302e+00
3.847075995303532725e+00
5.567500886020393391e-01
2.793698859149317482e+00
-4.647449335247419100e+00
1.116243969234234523e+00
1.673768062179853189e+00
2.373013176654385603e+00
-2.152360551029980140e+00
1.268074420046791717e+00
1.882156915416527632e+00
8.458118507205812930e-01
1.836055281548542695e+00
2.162248068709396343e+00
-2.801902436222873938e+00
-2.049424216911925889e+00
-1.924659110626419700e+00
1.086765853457722475e+00
-1.670904687273846889e+00
1.923561412922150993e+00
-1.174740121545552851e+00
3.657002381662369572e+00
1.907970158927877469e+00
-1.532287326576357245e+00
2.196221029155059234e+00
-7.418290384050598263e+00
-8.926577449448290791e-01
-2.034272551446806965e+00
3.931822495970002773e+00
2.023312871819814340e+00
-1.417461177183299448e+00
2.113346872095641871e+00
-2.031248690262663636e+00
2.057018711361174645e+00
1.940958698610437017e+00
-1.904016839494019120e+00
-2.355471151022646037e+00
1.991685672989742306e+00
-1.920205217129672626e+00
1.895049248807871844e+00
2.010996145536287028e+00
2.027856303727347598e+00
2.807373280028020446e+00
-1.100714359284908239e+00
2.243132874148624278e+00
2.579976989900385938e-03
-1.027363624809949805e+00
-1.027308481166636200e+00
2.012688852544333606e+00
-2.040614193097664231e+00
2.079012060720990984e+00
-2.575017314200314988e+00
2.049877180807286869e+00
2.047628136654046305e+00
1.913666555823389404e+00
2.773080624438508224e+00
-2.736874649942278914e+00
2.508759963176937724e+00
-2.139961967223371175e+00
-1.092394076284971982e+00
2.217498412718124534e+00
-3.323220389209123660e+00
2.039189670353040107e+00
2.019603425502356941e+00
-1.868809664227997880e+00
1.869247403256801165e+00
1.997699319802832330e+00
-6.314651821656647179e+00
2.759588304452289975e+00
-4.992568853705961374e+00
-2.198900239255781486e+00
1.937763937641691525e+00
2.146161589238911205e+00
1.495070045685308324e+00
-5.456397554996409660e+00
-1.300221961189683029e+00
4.740201269615193502e-01
2.029584110118108686e+00
9.347411157470386645e-01
-1.276187531900795369e+00
8.679175596351410005e-03
2.024941771449122019e+00
2.172395823153008276e+00
1.859105187829629635e+00
1.921058959144715361e+00
1.009010877812531959e+00
-2.700355142741187819e+00
1.990156684661950726e+00
-2.012388623248283270e+00
1.723080116417341046e+00
2.131835052554004850e+00
1.934956177213644546e+00
-6.682820740889823696e+00
2.013316037037145012e+00
6.353307842725911314e+00
3.217734270829099241e+00
-2.015986027054722740e+00
2.096659658995590370e+00
1.974723647191867659e+00
-6.893866867055871150e-01
2.173113066726528597e+00
-3.929747472899857375e+00
2.062902686609763947e+00
-2.580352896915244720e+00
1.250794627566589878e-01
1.899671879035210953e+00
-3.577039952651051458e+00
1.911118526297165277e+00
2.147733708282073106e+00
2.064565221712805432e+00
1.959702834906829505e+00
-2.204884610742726014e+00
-2.054322570411691640e+00
1.925002881697455148e+00
1.983226510324189062e+00
1.862914175772682812e+00
2.130378515215210822e+00
1.965976896322449985e+00
4.909791406285223481e+00
1.949570680269279377e+00
1.798067531659964136e+00
-3.290238788527133806e+00
7.978901230105172715e+00
8.691395072091649965e-01
-1.970179558363814865e+00
2.009922268885448116e+00
3.581842122323843469e+00
6.020841189409574801e-01
2.002320126002961054e+00
1.964675566571033150e+00
1.876004556874524276e+00
2.051103724569248943e+00
2.038424370162210675e+00
1.958810704264058344e+00
3.363500991576723997e+00
1.975300166097165411e+00
5.402362195942627565e+00
-2.035857570739237676e+00
4.483162337122557517e+00
1.857439223515756854e+00
-2.034837069523577124e+00
4.558628991274261466e+00
-7.203591284871629918e-01
-2.254509261283758614e-01
7.662903806074459201e-01
-5.982222910312550823e+00
1.948436764617223815e+00
2.041545283387348420e+00
2.131248565883558488e+00
-1.811083454711109431e+00
1.970252882863604560e+00
1.829181836122388827e+00
1.088116484396815631e+00
7.855257087358862300e-01
-1.876586526437437286e+00
4.419257545830788558e+00
2.970741187306487507e+00
1.867883675580764180e+00
-2.650359602032248851e+00
2.043468473866944635e+00
-2.072797189709553400e+00
2.097832931662840572e+00
1.780278420431706810e+00
-3.044989689645107411e+00
2.251522137628794162e-01
-1.812953468418188496e+00
3.097405755133939009e-01
1.099698635043586004e+00
1.909547845396653898e+00
1.607735208224145396e+00
2.766983042664881154e+00
4.830366339080918614e+00
-2.045475504002514988e+00
-1.958335938906711426e+00
2.047460631579328005e+00
-4.171201221815179494e+00
-2.061828746320510497e+00
1.995744524334186032e+00
-4.692092148404367613e+00
-1.221597173254077129e+00
7.159696207839181259e-01
-3.050983366454011136e+00
8.944587632080729378e-01
-1.912528729230284164e+00
-1.971716294220251964e+00
1.845245266133685114e+00
2.059059081817379067e+00
1.972781749316406597e+00
1.989467078448345028e+00
-2.120623411259277002e+00
1.990553638981458651e+00
-2.251426802793323745e+00
2.059234498150444459e+00
2.165254795621970985e+00
-4.319684749650985367e+00
-8.633236198641811576e-01
2.115054034402514382e+00
-2.345244571717921112e+00
2.139377535821140430e+00
1.871761695816867466e+00
2.014785215117922412e+00
-2.960239606396873668e+00
1.893411941681295785e+00
1.905645927891913560e+00
-4.807454004210607312e-01
2.072178863093914192e+00
-5.925634132286956568e-01
8.628364295880555090e-01
2.116231828607816112e+00
1.974672888584670272e+00
2.759836369036928749e-01
-5.990696637406947467e+00
-7.125117897556245694e-01
-2.045754589877981200e+00
-1.211393718334189407e+00
1.947216768015672006e+00
-3.594383542900234207e+00
-1.908463439754973123e+00
4.059849103107260326e+00
2.148049051852568780e+00
1.905972179298373037e+00
-3.331725870201649009e+00
1.716223827535731772e+00
1.890373102330035415e+00
-2.115593665629341036e+00
-1.473558845812591445e-01
3.052501171193870988e+00
4.014724934155110975e-02
3.975378529787515269e+00
1.980475428212478572e+00
1.825970022662565695e+00
-2.229370537561252696e+00
-3.663391427058773075e-01
1.093200334936387463e+00
-4.399147772094436526e+00
1.964878735879315830e+00
2.024145407441805489e+00
1.948614623586873762e+00
4.556321252719262027e+00
1.922071564034712576e+00
8.985886820472063219e-01
-1.979000254702332429e+00
-1.806490939721010491e+00
3.032188018207864211e+00
4.986952416046925407e+00
-1.818330670627528178e+00
3.033851898481275455e+00
5.144261989442061589e-01
-2.126616271542676628e+00
-1.966641651675928415e+00
2.025979168821796961e+00
1.994296367775592937e+00
3.553711024812462871e-02
-8.254001370092447498e-01
1.016271542012517903e-01
-1.923760732011406738e+00
3.971591351421134508e+00
2.149805031687438195e+00
1.993271983400892733e+00
2.784072976514496145e-01
-1.036505268396802570e+00
-1.466693437290310431e+00
-6.135441802357390895e-01
-2.425499032988775117e+00
2.029303542892677115e+00
1.268721403167559214e-01
1.996115188515646510e+00
2.029502327709225895e+00
2.978356695213925764e+00
2.113681448465137613e+00
4.495537214733601239e+00
6.641753503968687022e-01
-1.977305911586981324e+00
2.007593540790323150e+00
1.997687737065374947e+00
2.091942675568092547e+00
1.893503839094844876e+00
1.884171271164457817e+00
-2.235230466711875863e+00
-2.101394935515894069e+00
1.751539546411847503e+00
1.102965348640067234e+00
1.920034298759427882e+00
-9.593209842499073048e-01
7.492031563193112476e+00
-4.873085679402245907e-01
-2.233716526813580572e+00
1.956776466312605711e+00
8.400862968397426300e+00
-7.745416567891325599e-01
2.078174501347477499e+00
1.973217517319817871e+00
1.978738978690886663e+00
2.099222173918105394e+00
1.805408518642534155e+00
-2.021438778312044438e+00
1.947994221865587683e+00
2.009875835625819285e+00
2.070887858991683039e+00
-5.959235615208971382e+00
1.109671369822916143e+00
2.002187117052702359e+00
2.049565982118904728e+00
8.360100107820485960e+00
-2.331116254649029162e+00
2.047620757062527996e+00
1.845297440057060090e+00
1.970904612423008295e+00
-2.069288974748204168e+00
2.227147583006094500e+00
-3.639516052023953563e+00
-5.627358868639732670e+00
3.123367810723595372e+00
2.654472149466177378e+00
1.962299675402915611e+00
1.726507039945895272e+00
4.757372488754490369e+00
4.440002108808100978e+00
3.228957392047842934e+00
-4.291524166684547836e+00
8.755527142882630898e-01
1.940235305467562066e+00
2.485727741684469194e+00
2.050952437074385237e+00
2.632187154152549446e+00
-7.058571241205949809e-01
3.045249456218098949e+00
1.950954197770191190e+00
1.794527655927800947e+00
-3.369725029818992468e+00
1.885963139781332565e+00
2.154225954367730012e+00
1.714075548925574344e+00
3.189904969098483534e+00
-8.785192049200212239e-01
-3.418422675518633547e+00
4.115694321965376545e+00
-2.026101075204941537e+00
-1.375476443625980760e+00
-1.953012685429825979e+00
5.589989680161884245e+00
-6.920544978371691691e+00
-2.010958536358800952e+00
1.921728107865165791e+00
-1.402324711128861923e+00
-3.151398970707446789e+00
2.202665796831619893e+00
1.851245172531690741e+00
3.748486832619255971e+00
-9.380741691042545627e-01
2.116645484582805992e+00
1.933425558831783020e+00
2.002015340185998582e+00
1.838866429981213191e+00
1.319208637512588878e-01
-3.988357811850993251e+00
-4.514452257714209438e+00
1.994028083495658299e+00
-3.520781634591680032e+00
-1.399572501807604841e+00
1.546288962670395062e+00
-2.789693803042031739e+00
2.064175812881750893e+00
1.960943562448546729e+00
-7.097390230177134107e-01
-2.723131440571270545e+00
1.953386208094930909e+00
5.629667265158085909e-01
3.844100825289760159e+00
1.910983000748691429e+00
8.864048199546246121e-01
-1.169781816306806554e+00
-2.047016832362908545e+00
1.885801177097208514e+00
7.774636869710394027e-01
-2.942341717916147736e+00
1.982935402868908570e+00
2.020520605473051123e+00
2.168469665732236873e+00
3.573485449710831929e+00
2.015049009129129765e+00
1.864455610352062198e+00
2.961336468729344196e-01
-2.263495163600755866e+00
1.954111232542933951e+00
-4.101081401763710943e+00
1.950271301287286319e+00
2.778270150994396198e-02
-2.084596815319325724e+00
7.332559700051876073e-01
1.878438247784322446e+00
1.973870454388097162e+00
-2.780838483839437991e+00
1.913808100084783526e+00
-2.566350355445054632e+00
1.510394915029874552e+00
2.090640209401111616e+00
-2.009988171185388861e+00
-3.507120353220425923e-01
2.133681799848380134e+00
1.920868439738364852e+00
1.973411220048684633e+00
-3.948631772217698899e-01
2.185439741766441735e+00
2.060623972806586046e+00
1.340932147210842196e+00
-8.641036282267328117e-02
2.831041276794876715e+00
3.016789000796449294e-01
-2.237277764129499857e+00
1.968726337999977760e+00
1.896452420624162638e+00
-2.752706600232694090e+00
-7.586922974606790104e-01
-8.415615464416690283e-01
1.984352857833383998e+00
5.342484420898149899e+00
-1.859962427989937828e+00
2.126143724206301489e+00
-5.706954579340426825e+00
8.253112357245142583e-01
-1.394631997705250370e+00
-1.009701456910994999e+00
1.972335871058754853e+00
2.130631696752449677e+00
2.081403949758584560e+00
1.900538889400507303e+00
-1.734533730763639703e+00
1.997994029073870914e+00
2.101752886852629842e+00
-8.099969962131336132e+00
-5.250282047405864461e+00
-3.209832527070560992e+00
1.933889393475154428e+00
-2.060247690210591731e+00
7.401005120096882939e-01
-1.887574320100338099e+00
-3.114651106960227178e+00
2.002116265154723962e+00
-2.702671459068696214e-01
-1.095207258020945096e+00
-2.533499096615275670e-02
1.966685670856677337e+00
-1.890741104073803802e+00
2.307559135253010929e+00
2.149171317533157488e+00
-9.752128350986839500e-01
-3.176948730456631287e-01
2.015386338814026512e+00
-3.374232226215231556e+00
-2.237202628476721689e+00
1.935126092559876554e+00
2.137912257853736175e+00
-3.964514370896138118e+00
-1.747819635952425621e+00
-2.049230809062129399e+00
-2.877463422795380144e+00
-3.669268945490015144e-01
1.867639741274397691e+00
1.108418360552325677e+00
1.957630910974613059e+00
3.202293190956447155e+00
-3.769356548063972134e+00
5.042260136409042914e+00
1.811324526778290700e+00
1.812456484998658635e+00
2.206410303491892488e+00
1.831725380121609126e+00
-5.273083189303704899e+00
1.982994727056071049e+00
-3.986357340774085989e-01
-1.215543910529903959e+00
-1.048341057960574751e+00
2.527965281626828542e+00
-4.357279520665195971e-01
1.361080238610253290e-01
-3.080719967523673830e+00
1.901151069099153990e+00
1.937856037546299648e+00
2.526868520564196974e+00
-1.621408355802662182e+00
1.937981246236428756e+00
2.081130888741550500e+00
1.916994354399179423e+00
2.171732597939979748e+00
8.784461770228726429e-01
3.244241214343084767e+00
1.850942436801457536e+00
-4.531215961678777049e+00
1.847833553234023540e+00
-2.056986456548968611e+00
-6.078125367906400456e+00
-9.937128612887234924e-01
1.031517434280531109e+00
-3.439045273270122216e+00
1.686603572280983787e+00
-2.206359140883617176e+00
1.847225540665587973e+00
2.991376558144693387e+00
-9.413107525116167551e+00
1.920633153216290800e+00
1.985884998375968324e+00
1.985303798208001513e+00
-1.187247663769695150e+00
1.933812762956908182e+00
2.058025894317045523e+00
2.080672691915942618e+00
2.084247422473628042e+00
3.725132057858591139e+00
-2.594845825463965028e+00
2.043442695049697111e+00
4.544377163999087976e+00
1.905998214624282872e+00
1.764182683113320271e+00
5.770552182790460449e-01
3.742919102091105898e+00
-1.980886381099841387e+00
2.220753562701978989e+00
2.056965972414504851e+00
7.487688299846041451e-01
2.107165188441582515e+00
1.062115792269477943e+00
7.976933062349318426e-01
-4.725023642561497539e+00
-1.913579637865946648e+00
2.031597538657702540e+00
2.083153069507422739e+00
3.801950460451207547e+00
2.159505954003321015e+00
2.323853389650935020e-01
-2.320226184273268544e+00
-1.513332447956492910e+00
2.125158432175858536e+00
1.095561093825172083e+00
-1.383253350934843251e+00
1.984656184598278861e+00
3.430093114630811124e-01
2.020442096712444791e+00
-2.169885865507235945e+00
-5.501361772606234712e-01
1.353536551001154775e+00
-3.264217424535710954e+00
-4.847698928380460792e+00
2.273626545190545745e+00
1.567400087365252159e-01
1.858450671797328146e+00
4.747199669077132533e+00
-6.296924762942379239e+00
2.041900787661914407e+00
4.073946269808736531e+00
2.019531880512418276e+00
1.784308363632583383e+00
1.895601926108307689e+00
2.004814183169064901e+00
-2.131717708481411844e+00
1.958887067050134378e+00
-3.349999526557389196e+00
2.186062468788877666e+00
-2.032156534697534322e+00
3.994438281000330715e+00
5.421072905704867051e-02
-1.916320575032646190e+00
-5.105621779653414904e+00
-2.162720800073838046e+00
2.030733862317211535e+00
-4.197608086590037257e-01
1.966291471181365713e+00
1.976710478708905150e+00
-2.338131431247479686e+00
1.960038055532374646e+00
-1.945697907786901659e+00
-1.487384797954400817e+00
1.211219770526288819e+00
1.522418515848044329e+00
-1.416322245861182827e+00
-1.981128657719103625e+00
-4.948500060379947385e+00
3.248870040811505433e+00
2.013778305857933049e+00
2.116108534120771267e+00
1.987427655979525642e+00
2.115589515996611158e+00
1.834060654783445043e+00
-9.729446814734875604e-01
-1.450735977799374909e+00
-2.232783856395208044e+00
-5.328833598585856812e+00
5.752314433894897938e+00
-7.878189372777830157e-02
8.171342104516470251e-01
-4.583835104954248507e+00
2.033989990652118163e+00
1.308051092282739747e+00
3.614581557849236404e+00
5.601519477196876817e-01
1.926661567036561884e+00
-5.884399752261101901e-02
3.317830297391542338e+00
1.860223990471151501e+00
2.093158451251088792e+00
-6.648045248625257031e+00
1.861001218706857196e+00
1.972801913331595491e+00
-6.271606039334562954e-01
-2.083187907466013566e+00
2.101830359614332622e+00
1.562536655221444942e-02
1.926008414713921812e+00
2.079649471884811085e+00
-4.385684256602621289e+00
1.877890820681146877e+00
-2.759966153677287704e+00
2.058184210617810095e+00
-5.759162220700053680e-01
2.093463263898007742e+00
2.043540816045977149e+00
9.482480097563370514e-01
2.152845270103929565e+00
2.086969407110529140e+00
2.028328852443859187e+00
-2.753250785609828721e+00
2.030025642855195933e+00
1.939204912008436477e+00
2.296227427029640555e+00
-1.996311754871466615e+00
1.868867246185355491e+00
1.804087520046704807e+00
2.142369645822379987e+00
1.872616792039098366e+00
-3.891958824748055434e+00
-2.023119323869356112e+00
1.547363082607790874e+00
-3.424358057119877841e-01
3.277318463879311139e+00
2.139347132997258427e+00
1.893027687714716079e+00
1.339214118929927810e+00
2.084534209010685757e+00
-1.848911749713004982e+00
-1.265107261813672057e+00
1.963781334949636026e+00
-6.762844005306557493e-01
-2.021217813494271098e+00
-2.013100729537715239e+00
-3.879082109934760547e-01
-8.634932244763362519e-01
2.051677283016368758e+00
1.786863836640988135e+00
1.602773586857179300e+00
1.698990809732249252e+00
-4.640754026207008387e+00
7.478106416640523113e-01
2.091343835200485834e+00
-1.858066743274832566e+00
1.019576812120298381e+00
2.086280569038486021e+00
-2.608260840821181592e-01
1.701824217638012726e+00
2.090513913327925799e+00
-1.024062027172547296e-01
-7.248488242938497250e-02
1.105766259361419951e-01
-2.014580247404218927e+00
4.879299209631762224e+00
1.893825757942486643e+00
4.180033002369405004e+00
2.008117118489713970e+00
-1.945321952812247623e+00
4.351753350049079927e+00
-5.037680769372007816e+00
5.250333541961804684e+00
-1.977288602603750389e+00
1.953581789612753028e-01
2.164222332310353991e+00
-1.846168735909840208e+00
3.367890400070122414e+00
2.024933026320270724e+00
5.611236558546934816e+00
1.971831316463755535e+00
1.967107122709923273e+00
2.020183264574014981e+00
-1.026588468773261376e+00
2.024150611663663835e+00
-2.080589003291046346e+00
2.035200299713267214e+00
1.898859089915503784e+00
-2.520968970228575134e+00
-4.019101535312728402e+00
7.890324947991778082e+00
1.513104484375709324e+00
-1.414497548632615453e+00
1.979243378620668459e+00
6.907382377966424514e+00
1.842956830389400613e+00
1.811536246946130246e+00
-4.307600793130339945e+00
1.940409663268887863e+00
2.156721140914224843e+00
-2.597350789411788874e+00
-2.566453277956505463e+00
-2.002203862740422835e+00
-2.946777557860055463e+00
1.958585718144183030e+00
5.448719854222929371e+00
2.059407955794908318e+00
1.982422287186513810e+00
2.077191878083720855e+00
-4.652281046925740959e+00
-2.039954245013201994e+00
-4.447693179007654152e+00
-5.451508841829174612e-01
-1.946544871995200765e+00
1.812031116633871175e+00
1.862632701405460889e+00
1.970052256458187490e+00
1.996887384098168461e+00
-3.084979506260493221e+00
2.019742214452817652e+00
1.911558078156164964e+00
-4.324341542555345086e+00
4.053666854953789311e+00
-1.484551913656091404e+00
-4.224691313142892923e+00
-1.169115099626364840e+00
1.303735025138026971e-01
2.563538493834225829e+00
1.992502162119130782e+00
-1.865830895926004374e+00
2.025587227374484378e+00
2.062183312162018112e+00
-2.445173173503512043e+00
1.429395134878003182e-01
-3.446606102775159997e+00
-5.289706380477153580e+00
1.656339613987086956e+00
-6.419292897163245470e+00
1.787195455659163379e+00
7.339524873989464182e-02
1.902411909204433815e+00
2.622904090463193394e-01
-3.979671351821977510e+00
3.204762594396252773e+00
2.111239910584849611e+00
-2.094895995559737489e+00
-1.964840163227528080e+00
1.940673427283424513e+00
-5.096672503499034335e+00
8.108049010958967573e-01
4.097681821782904521e+00
2.045273744549129802e+00
-1.008717575672278127e-01
2.074994943449322005e+00
-4.904988794959718179e-01
3.081826548956261846e-01
1.786668489555562012e+00
-1.775577369846736087e+00
-1.986342303997071568e+00
-1.749294006415751113e-01
2.072026679782848380e+00
2.051702352956598308e+00
2.037611135772384063e+00
2.164161966975650664e+00
-2.071187862581365113e+00
-4.536543853559420469e+00
-3.120971297616784490e+00
2.072219815621787919e+00
2.170089882308414708e+00
1.968376467432867205e+00
-5.231401508673829248e+00
-1.846112351568293952e-01
1.882738261323759321e+00
3.504481007158922523e+00
1.313762554336842747e+00
-9.466849230308640450e-01
-6.573204551517446426e+00
-3.792652669628353124e+00
2.069721990607589213e+00
3.056939912177621288e+00
2.011335011980859289e+00
2.024514868844689008e+00
-5.814889112536682170e+00
2.019393432914332376e+00
2.057304591774936853e+00
1.698905719777373147e+00
1.985862809816474117e+00
2.919363241116900154e-01
-9.504255283826594791e-01
3.254291783563663110e-01
1.915013262124529714e+00
2.051742836697382888e+00
4.435374689098004808e+00
6.701900306011985275e-01
2.169145382768495445e+00
2.070877240378516504e+00
4.848181301721915304e+00
-7.275810309004597798e-01
1.960409634313873939e+00
4.198563044621766993e-01
-8.921352372007900211e-01
1.937349005748747244e+00
2.042182754299051606e+00
-6.841540102141412394e-01
1.185298476102123022e+00
-8.271275321017026450e-01
1.878315426112649345e+00
1.252223688372379740e-01
2.081231185977833853e+00
-1.955359929158873245e+00
5.276578864209390929e+00
2.012651396787904279e+00
1.823687716535493886e+00
1.853033989129377890e+00
-2.164186333911338966e+00
-6.360123837962856908e-02
8.910766876781888168e-01
2.015318132250097261e+00
1.941115725633698608e+00
-4.558709048711472533e+00
2.663118084156614884e+00
2.029471002160869286e+00
5.101513565293180896e-01
3.464363738096047640e-02
2.049728357084749764e+00
2.023106255895559702e+00
1.906320919084758980e+00
2.074627048359086956e+00
2.118217924569034682e+00
5.958484775193823246e+00
8.083400939952791742e-01
-1.095781605881998910e+00
3.093070563670131001e+00
2.009356842914340913e+00
1.944125046219312036e+00
-1.875843143392137424e+00
3.930407343566624689e+00
1.959191244866313575e+00
3.787122503801697349e+00
-1.802952297244849955e+00
3.059898629208670950e+00
-1.850565997724272105e+00
-2.951535932243339211e+00
2.110635855735146116e+00
2.100614640535777955e+00
2.037112916897224846e+00
1.953364826384138331e+00
2.003188554611641248e+00
4.930886045967493914e+00
6.364745731853414412e+00
-2.360610798323260262e+00
-1.887608340257372008e+00
2.685226119801884526e+00
3.807220528723481490e+00
6.515202516893024987e-01
2.036905458617191300e+00
1.970836464694295076e+00
-2.310342734157538880e-01
1.917733258640281324e+00
1.920166755403643233e+00
5.108836863102567349e+00
1.841928237885123387e+00
3.773604126019693972e+00
3.402342703323817830e+00
2.017748376491801388e+00
1.989467436168030012e+00
-1.287488052612845157e-01
2.079997256911016557e+00
3.026887026433841665e+00
-1.915866842175208085e+00
2.480677510628533255e+00
-1.217961220628954316e-01
-3.385207368157672203e+00
5.449521276046175089e+00
1.919837697980913971e+00
-4.677277893512624019e+00
6.529581164458968523e-01
3.160939547043186137e-01
2.131809885623587864e-01
1.979096761870843491e+00
-1.827081920498826673e+00
2.116745884608129735e+00
1.922086627254535163e+00
-6.469371677894830697e+00
-1.373671301177548987e+00
-1.805417319013629118e+00
1.373751214969145318e+00
-1.874437808064426170e+00
1.951369527108694379e+00
-2.085761016371825871e+00
-2.184914698646426068e+00
5.471639629745222999e-01
1.989123632206349912e+00
-5.871089996027958335e-01
-2.146846109793106028e-02
2.036910982570774742e+00
1.959872894877103811e+00
-6.850012385626265132e-01
1.045081766316861671e+00
1.959097711039456957e+00
5.301833548591416978e-01
-2.015255174092196899e+00
2.184174220406059241e+00
-2.745230968869521337e+00
-1.126568774237512560e+00
-5.278453513825063226e+00
-7.455399074287922812e-01
-2.000577771997495091e+00
3.384416625446960980e-01
4.592583435322607599e+00
1.421460882708328821e+00
-1.980823033046936521e+00
-8.275975807401202144e-02
-1.876212219249105528e+00
-6.306944881926034085e+00
2.530306211444555142e+00
-3.622423304769215147e+00
2.047874892922506795e+00
2.996678300003200235e+00
1.982967589974636402e+00
4.584664421903264397e+00
2.143512841361517651e+00
-5.017570241824424571e+00
1.994896339423727127e+00
-1.854427950332944608e+00
1.888884673348807164e+00
1.919291268146075868e+00
-7.330301912491707483e+00
2.079575911441305713e+00
-4.528308859357844440e+00
-1.727055452177064243e+00
2.247487240575350320e+00
1.966728493639093411e+00
-1.166695901756351184e+00
1.824622440831037196e+00
-1.893024125006403935e+00
5.101459523772324367e+00
-5.098818909901096319e+00
-3.212027303499206177e+00
1.305862474745675295e+00
1.985013691580371109e+00
2.044111025872208831e+00
2.106956816114717856e+00
3.571520012514774578e+00
1.351619903588653138e+00
2.071455516422502363e+00
2.083497549824697703e+00
5.136277186130281391e-01
2.004797757215461829e+00
2.929919399730207097e+00
1.826872228947588273e+00
5.927575470777676769e-02
1.923648909231960413e+00
-4.426168182901634163e-01
-2.791920775125350751e+00
-1.914050866425697439e+00
2.984469933619949611e+00
-1.447844505134962212e+00
-5.527795896001940434e+00
-1.962480482841329810e+00
-2.353845860010162383e+00
-2.562152360371421356e+00
-1.844837730672943543e+00
-4.818002419409841863e+00
2.167053808556047567e+00
1.871686067452835500e+00
-3.512991429956650591e-01
-1.327064956887669789e+00
-1.917977383561954019e+00
-1.227518282976200137e+00
-3.813127582506388613e+00
1.916387071999263725e+00
-1.749380299716864595e+00
1.850320881985547394e-01
2.021902173407131187e+00
1.953325036261074787e+00
-2.941106575027916836e+00
-1.849086838083603190e+00
-2.009261950417709830e+00
-3.654981862894740030e-01
-4.522226816726663046e+00
6.938065447345631576e+00
-1.115808331801475539e+00
1.937974317516062195e+00
2.041003492016646437e+00
2.095694465663708872e+00
2.084052501824086967e+00
3.593868941098298464e+00
-2.082403284804562382e+00
1.777113785469208729e+00
1.925526360447707530e+00
2.114470812098056651e+00
1.363333755590008245e+00
2.642711338748600092e+00
1.925853235552692722e+00
8.776255385341026616e-03
2.135648639605137067e+00
2.049140433233917591e+00
-2.100842234525674979e+00
-2.053470543848230356e-01
1.978829601395408311e+00
1.873385802644161879e+00
1.548223410012065315e+00
2.844551301181341696e+00
2.070532178626011355e+00
-3.599389119743198417e+00
2.901742196297058540e-01
2.067175197821139676e+00
-1.362100178236465009e+00
-1.778600386455531090e+00
-2.947910315294278938e+00
1.814453417350958553e+00
1.986106923729920926e+00
1.950181360815800291e+00
1.939929160314110890e+00
1.339059110850379319e+00
1.584679566961558539e+00
-1.017793099212306984e+00
1.924957592926154426e+00
2.071981925317714524e+00
2.158204907066611167e+00
1.043217814218214912e+00
-3.440854710381096027e-01
3.558591759729307302e+00
1.769010158832987178e+00
1.989771332010836558e+00
-2.245424548294170819e+00
4.012417411067582762e+00
4.178460454566957916e-01
1.979763963340697819e+00
-3.670599178425882236e+00
-1.237546918953483566e+00
-2.018162627084883365e+00
2.068155222139364813e-01
-3.033920245598404897e+00
2.157545053454230199e+00
7.232090147834927762e+00
-3.108167373083964513e+00
-2.556388749667771521e+00
-2.066691342142795929e+00
-4.550616562227814688e-02
-8.488011694749639791e-01
2.071735766317768679e+00
1.872710980056575991e+00
2.447242525608785968e+00
-1.657273869428191215e+00
2.700019838227348146e+00
1.075957437392452753e+00
2.009411969743418069e+00
2.085826049526871007e+00
2.795624778031512214e+00
-1.420337988083647751e+00
-3.891325821113607829e-03
-2.145109874300170638e+00
2.011081595504722319e+00
-2.388984870733755983e+00
2.052660790772121935e+00
2.862733194702489659e+00
-2.135588071228081475e+00
-1.977032749585559745e+00
2.952112699983761690e+00
6.143907420145764409e-01
1.621348267576099289e+00
-1.244922443203594131e+00
2.112006303043659772e-01
2.161942394096608044e+00
-2.934005226247318188e+00
-4.194448290976738214e+00
2.059916397107629304e+00
-2.038550230825922682e+00
1.865362051504516838e+00
7.837145671836692751e-01
2.133918358534491411e+00
-3.120158371996268443e+00
2.074820293146883099e+00
3.885675366693574162e+00
-1.694974126410188298e+00
-1.810117516061096943e+00
-1.722593750902133625e+00
2.062243578010099387e+00
8.870113734191594546e+00
3.089264477797698305e+00
-2.000450858723360703e+00
1.975233808751981623e+00
6.982299976085077020e+00
1.967174641292888104e+00
2.121710186481868821e+00
3.347141944600315888e+00
-2.356492864679485821e-01
1.942173443442798852e+00
1.989450062048975454e+00
1.964045412448726768e+00
3.701318798545880639e+00
1.986628533031852717e+00
1.919324585956224682e+00
-1.210481148790969241e+00
1.836442244057519213e+00
3.290796335075863333e+00
1.019237911610638564e-01
-2.298492257947406969e+00
2.088066853474429774e+00
2.049132464075200666e+00
-3.643728852175782240e+00
2.077697712845970379e+00
1.967590558825628833e+00
1.656199145503405301e+00
2.036553671162121687e-02
2.190075327857258003e+00
2.172800396342636997e+00
-8.967567105701019781e-01
2.167796312612191301e+00
1.963011805469627280e+00
-1.292732660331602279e+00
1.135452792050431592e+00
2.002563997087876135e+00
1.855331645282454645e+00
1.956869410681764343e+00
1.747067523077215911e-01
2.161925322970231544e+00
-1.816399754683355461e+00
3.831857244146160468e+00
1.173447523889780797e+00
2.192381151981273479e+00
-7.634616246152049479e-01
-2.020484237477168765e+00
-3.569594812538066098e-01
-2.185194131294402986e+00
-4.032630545954621226e+00
-1.740621708439001658e+00
2.651123520494665264e+00
-2.223610874747637300e+00
1.917848595522582356e+00
5.253638276028676835e+00
2.218387686486875232e+00
1.993576521802937984e+00
2.169673336455094859e+00
3.260618524740462654e+00
-4.691494602831599359e+00
2.893899742900845951e+00
-1.276206503423028327e+00
2.645756366146670979e-01
2.784107041413173445e+00
2.498188286419607440e+00
2.061276195902505215e+00
2.782642495264544102e+00
1.312130090525262860e+00
1.840714022313570952e-01
2.093553746969290863e+00
2.009715131064452986e+00
-7.498783666392436764e-01
2.136731441765507888e+00
-3.189689001376857513e-01
9.589051748557391175e-01
8.670396398087814038e-01
1.916601719762183631e+00
1.982609977822737513e+00
2.056112899921866077e+00
1.899908972352866821e+00
1.711812562148469219e-01
1.968000404167998152e+00
-5.192105833995074304e-01
7.154473291425715864e-01
1.858617572071763924e+00
2.060767253020152179e+00
-2.107625062341633715e+00
2.214066751123731080e+00
2.020282193463465603e+00
4.833847420203377432e+00
1.967502754409225618e+00
5.265016347010955666e-01
3.330282771777872242e+00
1.281591966336563360e+00
2.032482555194852214e+00
-4.932793460718473133e-01
-2.005485660859851027e+00
3.608048738151203416e+00
2.420379343211034318e+00
2.130383038001906204e+00
-6.898011655611433035e+00
-1.875290843113843087e+00
2.101217718062092565e+00
1.939916638991843634e+00
1.923581041491484012e+00
-1.919836298356171200e+00
6.850554921634839367e-01
-1.992882009168855273e+00
2.054066166447612307e+00
-4.433862265236530043e+00
5.055191934663304743e+00
2.097703499568762453e+00
2.066901292003950452e+00
2.032608141594641538e+00
-2.069373834667908696e+00
-3.120715300295085481e-01
2.096886517629247493e+00
-1.957384588952825411e+00
-5.648427872180138420e-01
2.031443780230188789e+00
1.952135039658006388e+00
1.911696160317404747e+00
2.165874463035180941e+00
1.931460080324727269e+00
2.006938777812629748e+00
-3.034004650905267608e-01
3.331053063547159798e+00
-7.330531032899532118e-01
-3.115792643405762341e+00
-5.826742808472127333e-01
2.454119894857380579e+00
1.986231997540431005e+00
2.047945929050398295e+00
2.052818566848931159e+00
-2.521959196581579299e+00
1.807291553543619811e+00
1.816852480563790895e+00
1.768787509388521917e+00
1.930496934879869952e+00
-2.512394283449992827e+00
1.939752584751254005e+00
2.033388721272184618e+00
-7.643605570851751407e-01
-2.013516834270264955e+00
1.512384873957783427e+00
2.049532967482983636e+00
3.048109303961711980e+00
2.120673898806312074e+00
-7.008031128433026558e-01
-2.130052916422632947e+00
5.557047445463290103e+00
2.058319040851618098e+00
1.960610149334336860e+00
2.036472847477088344e+00
1.610857620797243150e+00
2.166421415005948425e+00
-4.604479336863128713e-01
2.136865868896046905e+00
6.785662369626326296e-01
-2.145433785393586312e+00
1.986123614716113428e+00
-1.519272642120343964e+00
1.910331006201791304e+00
-2.152795299001954099e+00
1.948968677621897960e+00
1.722971601909883521e+00
3.516067411635597217e+00
3.749216102614059132e+00
1.937164460780127273e+00
1.878346683908831416e+00
2.782859250807048657e+00
1.534793707747138081e+00
1.396936566075557717e+00
1.778928910549495424e+00
-1.826914895605901368e+00
-4.017044988570604436e-01
2.132325691646568266e+00
2.040617434644357076e+00
4.180745055850134673e-01
8.300105524812859681e-01
7.237428784074861454e+00
3.040282822136086249e+00
2.022774815048915986e+00
6.872647779109499311e+00
3.215065001180358095e+00
-1.853606860152188229e+00
-6.290868679874010994e-01
1.979836838719844394e+00
2.149110038840715386e+00
2.848280039779076844e+00
-2.123704638443474124e+00
1.985633864639442914e+00
-4.323495488751445848e+00
-1.914351100043754306e+00
-2.504928458722224249e+00
3.105408278289686130e+00
1.385470165704582035e+00
1.989352809729578508e+00
1.350484396177659363e+00
2.324815068864628742e+00
1.344920509457949942e+00
-3.467500520393201668e+00
-1.992142823626865900e+00
2.001894678557415652e+00
2.133416321095632284e+00
1.934901244232859030e+00
-7.481077168208277506e+00
1.869796964054871280e+00
1.153878302854865368e+00
6.568035273122396767e-01
-6.039581042786900333e+00
1.879061449591413968e+00
-2.580190310771236284e+00
4.957793223387835901e+00
2.925300821848013655e+00
2.025178571506468295e+00
5.350861178004254093e+00
1.954848233933717649e+00
2.016504369758125748e+00
2.023948018459102549e+00
2.616664077305533631e+00
-1.489998039526170895e-02
2.103301000072885341e+00
2.059837504534068664e+00
-7.742557956177691381e-01
-4.084899554013115441e+00
-2.853366695033324185e-01
2.153206961870367309e+00
1.956948047640361787e+00
-5.396899576537857179e-02
2.633878579481514492e+00
-8.275113419814655202e+00
-6.566993483900692041e+00
2.135682006187809456e+00
1.891931996830522600e+00
7.318948911251203171e+00
-3.360935267355979583e+00
2.283434308267979773e+00
1.879110871338071087e+00
1.849849388572551767e+00
-2.598777406303905302e+00
-8.488026082103221626e+00
-1.931856058763343986e+00
2.050511822080992363e+00
1.106650626552107275e-01
2.452863907987357983e+00
-2.753306901343869129e+00
-2.372160777779592333e+00
2.082778008671607228e+00
2.898567347388825710e-01
-1.014655435586219401e+00
-2.669251379712854977e+00
4.182200281002421249e+00
6.826570341469675451e-01
-2.068337088284334602e+00
-2.101563259769268388e+00
1.972896068731244235e+00
5.454146407221994730e-01
5.450883250880796282e+00
-4.645853601482611062e+00
-2.029106156403360117e+00
2.047988565120772098e+00
-1.147954515598260894e+00
-2.011154214341621671e+00
-1.936474459622530953e+00
1.908399839739602033e+00
2.200838132762049426e+00
1.910820280395439497e+00
-4.148536749534541990e+00
5.848720358059680713e+00
3.508796449924191485e+00
-2.025659474825768136e+00
1.918479263586462036e+00
-1.991660665166046229e+00
2.059629902946555902e+00
1.910699022914643663e+00
4.315104792931534483e-01
2.023370103617309734e+00
2.259233489425895303e-01
1.265352623419498723e+00
-1.830292140030304271e+00
1.988227604738994181e+00
2.297517022261396646e-01
2.009553578650301375e+00
2.007698935330031631e+00
1.857447119936053603e+00
2.176404522889473725e+00
-2.232292483637742464e+00
1.635775550009413770e+00
2.040746703522065886e+00
-1.872382872426824996e+00
2.062784647439219299e+00
-5.676073437006866840e+00
-2.110927586921049759e+00
1.883281097458688436e+00
2.171270760640770181e+00
1.920348489095593969e+00
3.054133493477115824e+00
-2.804623309995130320e+00
1.633850363387740590e+00
2.309854711814025574e+00
-4.434506116428502676e-01
-4.266864894532427677e+00
1.897024306636336588e+00
2.001486320897077231e+00
3.096170532569139766e+00
2.094831360541395515e+00
1.881273498312631798e+00
3.202945035489800141e+00
1.950609841878720774e+00
-2.084526993652826565e+00
2.234009453680447788e+00
2.010036295050297905e+00
3.155723325722777695e+00
1.933789719675095942e+00
-7.331398136253862718e-01
2.028990500981902922e+00
4.561732805909480826e-01
2.078134853384733471e+00
3.086036091067522413e+00
1.715064598633390114e+00
1.964596870814708574e+00
1.925720140230192445e+00
-8.066606188510876407e-01
1.968732773463370389e+00
4.216202398445283883e+00
-5.946428774991946442e-01
1.940350667958537834e+00
2.084811142620540902e+00
2.080957884760993526e+00
-5.682275446840914235e-01
2.090499810100044709e+00
1.897824498685665606e+00
1.961766469994928430e+00
2.045283974769426472e+00
2.066645722029761600e+00
2.072570687121030986e+00
6.238915121847808720e+00
1.860982403023610399e+00
2.036330720745839429e+00
3.511343988355942081e+00
5.534811659189491806e+00
2.040214011293317142e+00
1.961774978529691849e+00
2.402261792137367458e+00
-2.997272876830604282e+00
-1.070903891090866228e-01
4.946729612036893542e+00
2.128508993648886349e+00
2.033546837681262875e+00
-1.153483137823586580e-01
4.309094270572433771e+00
2.496485251483511636e+00
2.052759322320582669e+00
1.823466655385222568e+00
2.169078736875925895e+00
1.960820800731173597e+00
2.039639260647085006e+00
1.895604586589817675e+00
1.479867680560682741e+00
-7.010648468489898200e+00
3.955667427616865961e+00
1.878709464495299242e-01
1.947662152266956603e+00
2.035449583282656238e+00
2.084415361942404399e+00
4.409807913531258450e+00
3.572607778809051560e+00
1.922502591598397759e+00
-4.331492318922879337e-01
-1.669919541089943671e+00
-2.919935213102666349e+00
-6.051137271738334933e-01
-5.071927295842978411e-01
2.087798288740728925e+00
2.026798993349996802e+00
-2.400043803956401156e+00
-1.563869322891152880e+00
-1.897616911227979264e+00
3.434518910821264370e+00
2.170464465038885571e+00
1.373583967422764285e-01
2.131098677253732365e+00
-5.411360628260964978e-01
1.897076451849789125e+00
-8.312647267085281066e-02
2.000463920405241680e+00
3.227946671948110691e+00
6.171503466588335485e+00
-1.538585663184276697e+00
-9.113113556510714641e-01
2.154035964966532823e+00
3.422851772738142451e+00
1.998681086688939956e+00
2.236371593333804420e+00
1.829174660515492157e+00
-2.484757640124955813e+00
-1.930171367244501557e+00
-4.366422247918403943e-01
4.872472041057725356e+00
1.986510411824327749e+00
1.978952742807471354e+00
2.074604998379831144e+00
-4.814875639870487944e+00
1.981463949420176229e+00
2.112789715577680472e+00
2.019119425050730499e+00
1.171088790586774508e-01
-1.981594765395804925e-01
2.070950620723946312e+00
1.884324445585764396e+00
-1.014901426667143669e+00
-1.044249246139782983e+00
1.983571074474431706e+00
1.979183799780317221e+00
4.281543961287926692e+00
-6.940154987917773743e-02
2.010143225546108248e+00
5.851433156558239368e+00
2.042771126425646067e+00
-1.654488935587763887e+00
-2.443682081058891065e+00
-2.570230732901082948e+00
-1.991418713585412670e+00
8.338882816770569306e+00
-2.592834525781743338e+00
-3.357163080754030360e-01
2.158145083976407808e+00
-1.936247616790291781e+00
2.063258655834877331e+00
2.000884074907945731e+00
-3.099328380336397348e+00
1.816137312909995583e+00
-1.173694106606205656e+00
-2.367939688379664176e+00
-6.859844937239347740e-01
2.030913952850127213e+00
-3.681967985525546716e+00
2.118259005231978520e+00
-1.999399053966543383e+00
2.628137147069491419e-01
2.002392109863081249e+00
1.893781020740472387e+00
-2.020479721831435427e+00
-3.174636675261932162e+00
-2.177688969978170519e+00
2.127433005715871683e+00
3.817821068301106568e-01
-1.935648562685637453e+00
-9.153983375817178469e-01
3.930383803643514362e+00
2.007698163405201797e+00
-1.715903679880769861e+00
-7.694757656812911684e-01
2.270309669873916913e+00
2.109367082582561004e+00
2.009216864232643118e+00
2.819515175748855462e+00
-4.195278763712366743e-01
1.930813447814890171e+00
2.130115964026441766e+00
1.939955641772409090e+00
2.035006773752441767e+00
-1.761694962968331168e+00
-4.781631585852260891e+00
2.012853760542912429e+00
2.081058302051997710e+00
2.402653814254107623e+00
2.086942513759397766e+00
-1.786369144258883601e+00
2.084993636453033705e+00
-2.325659271776317816e+00
-2.804613397293274968e+00
-2.510431432619327552e+00
-3.325471960465324450e+00
-2.056586899836127635e+00
1.975784916577348449e+00
2.084810009990004431e+00
4.750528467917408904e+00
-1.069442569503657792e+00
-1.594350492409357667e+00
2.024661561141625210e+00
1.893350992876098982e+00
1.994635574895689656e+00
2.291623180462508902e+00
-2.041299761289182779e+00
1.863494503668279734e+00
2.043571661405102269e+00
1.967549099675099278e+00
1.281173439036782824e+00
1.958957112150655044e+00
2.673141124322361950e+00
2.004163656400482108e+00
-3.136668755813372123e+00
2.481562282341827519e+00
-5.795286894132273048e+00
2.066575845109283271e+00
-8.816100165956017309e-02
-3.699473912031980838e+00
-2.585502840885854248e+00
-4.567293177946425864e+00
2.010615968264757303e+00
2.029823789669887191e+00
-5.772725606815689581e+00
-2.131068602246310562e+00
2.204797385288979505e+00
2.272919132665785824e+00
5.422665421633332539e-01
2.014219539363371503e+00
6.285761205703922272e+00
2.047691738979482867e+00
2.125628557519223083e+00
-1.396787729009996148e+00
-3.028197940372954644e+00
2.013456289246468245e+00
1.802762990999007053e+00
-2.081923737676227848e+00
3.753235862856270089e+00
5.519454399847083970e+00
-1.927189738749352621e+00
2.086919378584807916e+00
-4.297405979058458669e+00
-2.967162394137579096e-01
2.251902102401811323e+00
-1.061694891231658389e+00
6.360743578527680020e-01
-1.614769118642412238e+00
1.538254661306093896e+00
-2.002239968286277705e+00
-2.521040097531390134e-01
1.821603135500475146e+00
-8.401005197897307153e-02
-2.713922687027589653e+00
2.094936599374682018e+00
1.899791650132212517e+00
2.072313344402182622e+00
1.628480384826117344e+00
1.826527531771569457e+00
-3.229471705652677826e-01
2.697736846960137935e+00
3.193733042895555707e-01
-4.694906099712986780e+00
-2.129106749392767117e+00
2.020113217858993782e+00
2.292118116789742643e+00
-1.948749402401702691e+00
2.006533628118010615e+00
-1.921283841629822575e+00
3.170539056154971114e+00
1.944681028108403931e+00
-2.353879304572535247e+00
1.845536655389403924e+00
2.049736853040167173e+00
4.222153948234841359e-01
2.002652516130317917e+00
1.302233536333592401e+00
-2.178417119375472666e+00
-2.103349952016157598e+00
2.063307802820582459e+00
-2.514975544219447023e+00
2.161212845954949113e+00
-2.068350625474970172e+00
-3.818605061427379210e-01
-1.203404250663412389e+00
1.850212242230873327e+00
1.865714510493049205e-01
-4.268943772335658249e-01
1.896543452179344280e+00
3.335774778886483993e+00
2.038500999047324846e+00
-2.341085776312846090e+00
2.864693798680585157e+00
2.239638715532595192e+00
-2.904687488274922291e+00
2.023503218070169751e+00
-6.795491718544163895e+00
1.987292631146297506e+00
-2.092002867704020552e+00
2.039436712434414822e+00
1.988242457537611863e+00
-2.266904228676094868e-01
-2.204222543400275569e+00
-9.591291124788183797e-01
4.351332498750132949e+00
1.792192107064825901e+00
-1.887120471135318223e+00
-3.148144415248976369e+00
2.991701507239516999e+00
-2.053275933414949073e+00
-3.864877815407937955e+00
1.161433785725115353e+00
-6.191530583166917623e+00
2.082604670038472605e+00
4.049617472509253746e-01
4.486340019511197319e+00
5.995514380571322910e+00
9.989294873626292093e-02
2.191506598498382363e+00
-1.382025620335362692e+00
2.067429270488558402e+00
1.833485060538021516e+00
2.505675048887206824e+00
2.028751636262332791e+00
3.814289969874802289e+00
-3.110925895733302582e+00
-1.914527620809612696e+00
2.046458851459572514e+00
2.235305592748076720e+00
-1.564430645706303302e+00
5.270092616208051695e+00
1.874097205376056952e+00
1.942586125840024103e+00
1.929742212387353995e+00
-3.614308771923909980e+00
2.101539818747978350e-01
-1.076860703937412511e+00
-2.496486022814514261e+00
2.008184090616343287e+00
1.918102608221909033e+00
1.764766603237446052e+00
1.494645710604148192e+00
2.025708396653596477e+00
-1.744427034560420697e+00
7.944294348709924236e+00
2.122282089146821260e+00
-3.305625317547429276e+00
1.123903124939857445e+00
2.086323539963567342e+00
1.896021288477489630e+00
-1.023875768583097035e+00
2.096454113303988009e+00
1.854844128888673449e+00
3.625653231512197650e+00
2.982979892361274921e+00
2.096261744657297310e+00
1.147127915107840845e+00
1.860896834465392224e+00
1.804153390166141069e+00
6.133935736375704550e+00
1.867256954524783463e+00
-4.966961097639361000e+00
1.870393457097901724e+00
2.033168606581326809e+00
4.479271562511659255e+00
-4.317966724560352576e-01
