-2.435556273492343493e+00
-5.007514154521844674e+00
-1.661679579252773875e-01
2.919778139425014629e+00
1.283284476154611831e+00
-2.235860178980351609e+00
2.715761853282730787e+00
1.917133038003492995e+00
4.004368600116884558e+00
2.068016538279149774e+00
-1.152879403108645739e+01
1.912147110571928987e+00
-3.237905859446932766e+00
-3.948568091567182137e+00
3.889422603418646318e+00
2.056065848938982921e+00
-2.113821464374278758e+00
2.083085252765001449e+00
8.732652957460461385e-02
-4.317904882568425862e+00
2.036033665998577380e+00
2.058055710415064077e+00
-6.178662641051802851e+00
-1.880736061413124993e+00
1.888032705483175366e+00
2.012605180791255499e+00
1.285530431486408665e+00
-2.040988474869403824e+00
1.839454299299754236e+00
-2.842351896708623649e-01
-1.012478107852791132e+00
-1.057647875252315073e+00
-7.926464330949141157e+00
1.937296990977195321e+00
2.146734288540853353e+00
5.007586178226690610e-01
4.907210024837625362e+00
1.880949316248466952e+00
-3.098615717800584646e-01
1.933068461727019960e+00
-3.117318784373505736e+00
3.660055268985948906e+00
8.084910606348834072e-01
2.022420710668130006e+00
-2.642946679487724104e+00
-3.798644557498254137e+00
1.967043199326509617e+00
-1.126462749716840017e+00
2.231854730002915232e+00
3.219453645968987310e+00
-1.250078201944899714e-01
1.752290115558732264e+00
1.977724749942796123e+00
3.218856690173242718e+00
1.898461388457011401e+00
1.918565285605485560e+00
1.176473034422443442e+00
-1.451891002298429267e+00
-1.925890834340754587e+00
2.536135857352508793e+00
-8.314467252339055037e+00
2.025798058238273747e+00
-6.239233345729591207e+00
-2.160237787582406366e+00
-3.413591385809738199e+00
1.036292644473702618e+00
1.058408578509096643e+00
-1.382697142726079687e+00
1.907328592615290086e+00
2.054186710528870030e+00
1.866293225304949566e+00
1.724385703556573501e+00
-1.977943298867916644e+00
-4.393738144245067367e+00
2.676237689156399036e+00
2.029926099849323151e+00
-2.082434085500675991e+00
-1.242732678787023204e+00
1.917410305122946301e+00
2.115363623402160442e+00
1.951866960286556596e+00
1.928122896264727881e+00
2.079284284942680916e+00
5.335452703050003187e-01
-5.697746733152097676e+00
-2.015588358214361886e+00
1.950205716167943581e+00
-2.130818071651223278e+00
2.022537240793235824e+00
1.129769073268432233e+00
1.588805055621213658e+00
2.111095651796157657e+00
4.660926793177941896e+00
2.855092345203301019e+00
-7.590891117953959544e-01
1.982365374573266781e+00
-4.497696423779747654e+00
-7.228575504366321347e-01
9.281766244499031204e-01
-1.300451760353187047e-01
2.180305976448784211e+00
1.841970005487010287e+00
1.933347184168092037e+00
2.561085891286694949e+00
2.634834859729340728e+00
2.533843956728602631e+00
-2.095878709475929469e+00
5.491218650501515697e+00
-4.609877133185916520e+00
-3.986957546356014070e+00
-3.598444700489099313e-02
4.733302001981545826e-01
1.155801206187839991e+00
-2.362806969296798731e-01
1.959129084337220661e+00
3.931124679673886901e-01
1.558530078388570717e+00
2.035202884710618942e+00
-3.686793037534630280e+00
-2.569305308639615149e+00
1.848569557835882282e+00
-4.318643132345190594e+00
2.045478439201678711e+00
2.001545934542585226e+00
-4.533371086135668526e-01
8.641507920983308999e-01
7.250699139375972990e+00
3.026657934491808533e+00
-5.224128454089179696e-01
1.747446912684141651e+00
-1.750378683392487034e+00
-3.310821730388453510e-01
-8.637222537195196614e-02
2.090569687080725991e+00
5.731994238417056353e-01
2.023138853741598631e+00
6.329556100502888860e-01
1.928984693740258827e+00
1.984609633327826028e+00
-8.932125800263952531e-01
2.111520376950646316e+00
-1.161410527320493546e+00
-7.742479088189302416e+00
-4.104404550358541570e+00
2.044886113127039717e+00
1.974783204960944838e+00
1.969062127801903817e+00
-2.035656524094235920e+00
2.101618780016461407e+00
2.078954427759050372e+00
-2.926706106086653381e-01
-5.127804638950591354e+00
-7.672256957370958697e-01
-2.343860571562926598e+00
-1.957000939737226108e+00
1.962477400174668540e+00
-2.087308566963899104e+00
2.724931772777124950e-01
-1.850697941695613302e+00
1.858960474708123867e+00
2.044478609511072964e+00
1.205986572525919343e+00
-2.869772212701952263e+00
-4.142759775214623907e+00
1.903364591191496258e+00
1.331066896962916468e+00
3.434106349301172312e+00
2.080254804304857430e+00
-1.950455940746814942e+00
-1.326011182921984499e+00
1.922120243994751565e+00
-7.349946506397759816e-01
-2.217907201968807307e-01
3.062192350541878660e+00
2.025748401599308579e+00
-6.186071730086510900e-01
-5.623920837854348154e-01
1.490186918547601991e+00
2.508812485279779736e+00
3.756038068217947945e+00
2.110840538430480251e+00
-3.547098800896454351e-01
-2.250881278120963724e+00
1.968635077963966307e+00
1.893702337337095587e+00
6.335314872288019816e-02
-2.844998403859810399e+00
1.964142505326352817e+00
2.028451061105102760e+00
2.106104770544484861e+00
1.957701285323914853e+00
-2.765574862161690906e+00
1.054712456757723515e+00
2.245235501301459102e+00
-1.893386758118023039e+00
7.025398751290709676e+00
2.038871910830903467e+00
2.953806017144250617e+00
2.025854203808296283e+00
-9.137230940509921684e-01
-1.614299282951673353e+00
1.928703254172556392e+00
2.038481008203286926e+00
1.930938052451142362e+00
-2.034876726797362423e+00
2.140904215405527555e+00
-1.990775306527545085e+00
2.905541858300934699e+00
1.965096700550270192e+00
1.935759145515716151e+00
1.795987222382572357e+00
1.889748456802215371e+00
1.520560030391705730e+00
2.024626605518189848e+00
2.168815789966060503e+00
-6.941106923110780258e-01
2.049136879317640769e+00
2.164071260348162440e+00
1.899148457810382329e+00
-1.957822864033430088e+00
1.817436602624389774e+00
-4.757175877465997793e+00
1.788719894480565342e+00
2.044069720293289816e+00
-2.360165437879482742e+00
-7.280151459220309818e+00
-4.100262696384911365e+00
2.149191472685964222e+00
3.247642136117111278e+00
1.957084977240105994e+00
1.880677442412445721e+00
1.511645816238523787e+00
4.910911189325235959e+00
7.744551777350392463e-01
4.492093250775333502e+00
1.926989416762819873e+00
8.004212131605565883e-01
2.149434414175264152e+00
1.948549212233018357e+00
1.895487301131770552e+00
-5.323043175727719678e+00
1.975512058070652222e+00
2.261609955973042041e+00
-2.949779950001032880e+00
-7.827556478311115118e-01
-4.959250083873904535e-01
1.857982687505710384e+00
3.419904759313202036e-01
1.977865458792720688e+00
1.912192380252268897e+00
-4.023902074752383484e+00
1.997405919863368240e+00
-7.043684895041240068e+00
1.924311315623587593e+00
-2.082602241157612610e+00
2.123062333573640270e+00
2.067708392667875206e+00
2.127928788280804007e+00
1.966333371627648985e+00
-3.892026878578482396e+00
-2.176696062851230185e+00
4.485335147963712132e-01
4.536544699415337445e-01
-2.975621142916526018e+00
2.034602430905791071e+00
1.937019416660963111e+00
2.944300934247533252e+00
2.026481036259442536e+00
1.360882436679451135e-01
1.935649483140236216e+00
4.428091580690528772e+00
1.974096713723557439e+00
2.697041267459249436e+00
-7.265407769400786808e-01
-1.953395551308375389e+00
1.221610625953563511e+00
-2.149808778283981869e+00
-3.883091948380273717e+00
-1.675685809031967732e+00
2.029842097577548632e+00
-4.958083407323568892e+00
8.193172250505917908e-01
7.000218164430942025e+00
6.755054227950550327e+00
-2.012947397395749238e+00
-5.032815953384088825e-01
-2.900009754585076927e+00
1.281471209248173260e+00
3.985058234567763424e+00
2.779558378455460499e+00
2.030901819763565541e+00
1.988389457476967159e+00
1.924338411356182110e+00
2.071244858728451543e+00
2.038286093480951244e+00
-3.312708113079854577e+00
2.028876087138040685e+00
-2.517675557470618219e+00
3.623147116968470915e-01
4.544714817784065275e+00
2.091300711150335445e+00
-4.544408963685352632e+00
2.036521126339462473e+00
-1.970100390275990154e+00
1.768005261233242642e+00
1.874571299309539363e+00
1.988378676343667717e+00
2.085066225291376085e+00
-2.211471931481864495e+00
6.446906187168043978e+00
-1.925908210928120923e+00
2.165032674486666142e+00
5.397993861437940799e-01
-1.916266861056258097e+00
-2.547498931226240160e+00
1.773504896699000799e+00
1.965921323653019859e-01
-2.045082725792523259e+00
-1.953065049598552205e+00
-2.070346947789424519e+00
2.151026343919407058e+00
4.013659563056137247e-01
-1.330355537044468406e+00
4.361456507950882688e+00
-2.166793587026861978e+00
-1.919092547253802294e+00
2.000225273195351150e+00
-6.975962734321243808e-01
2.832788278907030666e+00
-1.909872098251884642e+00
4.606168913538905230e+00
2.547761479522775208e+00
2.034757629806796864e+00
2.100772488761833756e+00
2.066274624670298099e+00
1.990774595486308307e+00
2.140227043221432979e+00
6.004343773259583905e+00
-4.436341739729600775e+00
-3.122342562594598636e+00
3.830391920568685826e+00
1.998432312638563246e+00
1.968380420513970996e+00
2.119360547955983609e+00
2.717253410647609280e-01
3.242879409663747658e+00
5.049620190162888989e+00
-1.205425755825048961e+00
5.494544129427415768e+00
1.963765571436958624e+00
3.463459296417499722e+00
-4.875021263112674141e+00
-7.675161604666327353e-01
-1.868835458512951408e+00
2.000229326023791554e+00
1.897004641848212048e+00
-3.463478197847366324e+00
2.002636638808420688e+00
-4.102609745374371508e-01
-9.184789377631539242e-01
-1.987217702570478250e+00
2.105335128707142900e+00
-1.322593811555104582e+00
-6.411035730857118864e+00
1.927562417061461808e+00
1.917954843792521125e+00
9.813382943390719371e-01
-5.328782533102694785e+00
-1.931587156112074544e+00
5.561981021904937705e+00
-1.630006687474652383e+00
-2.045682386800443897e+00
-2.012789726489107700e+00
2.023190692744871733e+00
2.044176900172760103e+00
-9.976111010520902905e-03
-2.006996121000574007e+00
2.112973876694955955e+00
1.895181127012312894e+00
-2.371355642662346247e-02
2.112281320528702988e+00
-2.079613099736863369e+00
7.955659131038643750e+00
3.101132949116357729e+00
-3.839574625593470181e+00
1.351755499391102733e+00
-1.838570924045187294e+00
-2.988611552951080386e-01
2.264106545830956829e+00
-2.189553704435073023e+00
1.977466495706288852e+00
-4.761199893106728531e+00
2.197574291895010856e-01
-1.056874400474824061e+00
2.105647314206831933e+00
1.902533625897119274e+00
2.071239758251912644e+00
1.370296293369932972e+00
1.899283523132837548e+00
-2.054036476848999371e+00
-4.148649206978703319e+00
-1.068013933593692677e+00
1.935026778052010288e+00
2.019180631305090401e+00
1.226876989684514641e+00
3.967243853157957467e+00
4.073125534776304235e+00
3.159758738783622900e-01
5.801082748904525799e-01
-1.482836783220973009e+00
-5.037794737020121261e+00
4.728829242822093493e-01
2.107920644152065481e+00
2.107945380296428084e+00
1.953137468877152561e+00
2.159033843848546519e-01
1.977975559495012137e+00
3.217067833857956138e+00
-1.869826925931096895e+00
-2.766042482733294339e+00
2.112175195429330188e+00
1.942282799052245768e+00
1.933743851809626602e+00
-3.014107062826265171e+00
-2.054981114031843692e+00
3.336414129819042174e+00
1.940049945445935675e+00
2.096327068504461266e+00
7.542757380346607476e-01
2.504954770616187876e-01
1.275361267878188709e+00
4.312215986393170830e-01
2.774927907495175816e+00
2.108335958530184406e+00
-2.719828235196632971e+00
4.605177567807709593e+00
1.986840177261248286e+00
2.169396168346680476e+00
1.959248585295176426e+00
-2.270425239128868622e+00
-2.607302480041381099e+00
2.131686846774234478e-01
2.091779661088297715e+00
1.929245465742550847e+00
-1.999731387997169652e+00
4.046987940620379476e+00
-2.256531472917338910e+00
-1.927926130084057998e+00
2.243428096173167852e+00
2.257353672202080830e+00
2.486618864779383209e+00
-2.429454306091408666e-01
1.976423219144536780e+00
1.956619097743426794e+00
1.894869898947961318e+00
-2.305653922722865623e+00
2.118999923960126708e+00
2.073106785971412069e+00
1.732379078936873817e+00
1.707828670600871401e+00
2.064108355353412083e+00
4.454075115919648553e+00
2.086608256618490032e+00
-1.933866874276374936e+00
2.767848431340457438e+00
1.964482944143170373e+00
1.447386409520892148e+00
-2.838861279272625104e+00
1.969882989318684441e+00
1.820563899651303608e+00
2.088974199647846586e+00
2.755046747543904662e+00
-9.314900279682658546e-01
2.096920877957537677e+00
-3.695647913816946684e+00
1.944212201769674797e+00
1.929752281182279816e+00
1.926031380482299049e+00
2.080684267827519918e+00
-2.004781337045894229e+00
-2.023050322606907425e+00
4.596597886269436550e+00
-1.518537706456208614e-01
-3.399362551573348767e+00
2.214471165568384858e+00
-1.949862535885857895e+00
1.931259203289571458e+00
2.092034888346014032e+00
2.010234571528339842e+00
1.816374043577305031e+00
2.063975942625126070e+00
1.892851724562900628e+00
1.903871582102840465e+00
-7.743000590360489266e-01
1.825245628630332462e+00
8.295168058320954996e-02
1.975985646756136083e+00
-2.446096531347514980e-01
2.004222080575618570e+00
1.903276124419035487e+00
-2.228283468713615267e+00
-4.503111604222780784e+00
1.967261656676907222e+00
2.558639613750542718e+00
-3.026354890958620203e+00
2.039885980749115202e+00
5.878356347506018265e-02
1.978844857003144941e+00
-3.869969532193206607e+00
1.875158604431926168e+00
4.566918825135625193e-01
-1.802766541791027688e-01
-7.259585686961251838e-01
1.997717303183163207e+00
2.168087547283817695e+00
-1.976154933260825031e+00
-1.188783212732904104e+00
-2.074391887556434444e+00
2.433703241874612289e+00
-4.521651386140557172e+00
-4.490083800273975134e-01
-3.080006098924165769e+00
2.027695595738132184e+00
1.840472685688012255e+00
1.889734706791767804e+00
-2.331620159786237600e+00
-8.039131629399064449e-01
2.836513376610227399e-01
2.084274540814216259e+00
1.920288113177706757e+00
5.920472274755281816e+00
3.654733786774261084e+00
-3.131201287281644596e+00
-2.354713154132145991e+00
-5.504173596289334558e-01
1.154435852957000630e-01
-5.440889456691962778e+00
-2.076425016103103260e+00
-2.743078839679197412e+00
-1.065750580725388197e+00
-4.737763098162536046e+00
1.973270048408164001e+00
-5.154732661350573675e-02
2.149235199469459179e+00
-1.868590193760096163e+00
1.669487431666104582e-01
9.025179591006358137e-01
2.075654982800285708e+00
1.927024006108343679e+00
-2.104472325459246562e+00
-5.668878775546446036e+00
2.328999227085691182e+00
-6.055956825859203363e+00
4.008590218185813514e-01
2.151713929771173206e-01
2.423383794479719189e+00
4.905440894309293087e-01
2.445482672964173876e+00
2.118263338554887909e+00
2.193859331980681837e+00
2.012378299159505612e+00
2.074316539104732016e+00
-4.802643492137815828e-01
-2.076639141231205965e+00
-4.643693427680471331e+00
-2.016461232534713766e+00
1.995609976170420907e+00
3.056927536758651698e+00
2.188859082974020431e+00
-5.408222646273009637e+00
-7.370528256839039116e+00
-1.959853027829868921e+00
4.610165512679493816e+00
2.146703558021018754e+00
2.827983896885547521e-01
-6.502003899195432979e+00
2.791873139148663974e+00
-3.278480079799599878e+00
1.379333129123952784e+00
2.042734964956850252e+00
-1.452844048253401077e+00
1.965416361947019519e+00
2.696172673655784280e+00
2.064973676065033903e+00
-1.230799772738529585e+00
-5.016681085905499993e-02
2.125423418734743386e+00
-2.060880664804458640e+00
1.309418772419641330e+00
5.358134299052420557e-01
1.123796369112961990e+00
-2.110582735842065905e+00
2.078590603787924262e+00
2.105287122213013618e+00
1.776267593630382668e+00
1.708228415577930814e+00
5.328057546198530225e+00
-3.491033519384460604e+00
1.985910059943194028e+00
2.026368311944704015e+00
-5.625100822553502411e+00
-1.714777995322272819e+00
-3.946468854633655710e+00
-3.245834418540273436e+00
2.143115033647603251e+00
-1.285302251835938936e+00
1.846667849980395681e+00
-2.642598287545091296e+00
1.870950965901989171e+00
2.025962694021558708e+00
1.942278210357295087e+00
1.167763309753429457e+00
2.017733672989109106e+00
2.055328281805326451e+00
2.011118769784686400e+00
1.930477960728216313e+00
2.272438035111923327e+00
1.833518281433758279e+00
1.660904410171104573e+00
-2.172694024893489395e+00
2.011876110217300173e+00
7.827931500109258645e-02
-3.737850235803539700e+00
-2.121097158410257588e+00
2.077870631903995680e+00
-3.156515604667862185e-01
2.094918404552452262e+00
-1.156598488590872886e+00
-5.636069967311740925e+00
2.826215651216927860e+00
1.402645998377091696e-01
1.996212085733774177e+00
-6.672349939072550785e-03
6.443787258365816228e-01
-1.952147752693696781e+00
2.087274147975878069e+00
-7.736967626649223773e-01
2.060761406138063467e+00
-1.598122856422986349e+00
-7.623274991475235962e-02
2.041895903926241651e+00
8.245179672060990450e-01
2.105757788719381463e+00
1.877629162091744908e+00
7.223756026663050278e+00
-2.255990234151244778e+00
2.580243238971430930e+00
3.637900364425955324e+00
1.949600568065635642e+00
3.097855441474604010e-01
-4.937770933125332107e+00
6.145723318024035597e-01
1.987113579149564657e+00
1.990954842455108453e+00
1.906592619507468722e+00
-1.843259405788583383e+00
4.646556638624632640e+00
-8.331265514832345564e-01
-6.101210361406251836e-01
2.065256533442482834e+00
1.022311617613339996e+00
-4.053962074166213014e+00
-1.406030935282932992e+00
-6.113189377189173213e-01
-3.948963079548835076e-01
7.973380523573338208e-02
1.852437229771994875e+00
-1.953301601702384538e+00
2.962377226494898874e+00
-3.890506608132969779e-01
2.256363908270962781e+00
1.872477800182184682e+00
1.067000961535269354e+00
-1.286788427382806521e+00
-1.868218295639025417e+00
-8.614976224628815293e-01
1.714869916859518062e+00
2.024826406930336109e+00
5.152371142626356537e+00
2.380749163116032463e+00
-1.430894615330629671e+00
2.178921817121126203e+00
-4.627770269954361027e-01
1.982853922484887343e+00
-1.872824787533085900e+00
-7.952714889662774178e-01
2.225481765814167012e+00
2.076303758938703670e+00
-2.928913616511079621e+00
-1.009564535510077077e+00
3.199652498032317105e-01
1.899174237037275059e+00
2.104647074602289170e+00
3.300643844955635786e-01
-1.787329346460010182e+00
1.966945774888858134e+00
-1.936456112196655255e+00
1.877040315351878430e+00
-1.949617743295288363e+00
-4.007721765597541674e-01
2.685542118086356123e+00
5.847982694424917582e+00
2.016884730493508027e+00
1.866610966696760521e+00
-6.735408934947954007e-01
2.117634198806392476e+00
1.991439938280189503e+00
-3.272400452499230283e+00
1.987132227397097051e+00
-4.064207688918759054e+00
-9.663759514745078327e-01
2.183807224812902792e+00
2.036556642485189972e+00
-1.844536932548039854e+00
-1.846354111028050138e+00
1.835229895424226321e+00
6.907271256604686771e-01
1.960683340584250089e+00
1.089726205714377782e-01
6.915496237355023279e-01
-1.169147703201017574e+00
4.491067039742230094e+00
-2.468828140542819405e+00
1.043474375117291242e+00
5.372459693818656401e-01
2.110642676280054975e+00
-5.482114517919091767e+00
-7.118460317080849142e-01
1.893768311703968088e+00
6.374619377186791169e+00
-5.948518245758794620e+00
-8.745235349392280755e-01
-3.190449552896238217e+00
1.289537380867623595e+00
1.941271098510085169e+00
3.656299101375286020e-01
-1.950391641604674264e+00
9.112654320059150603e-02
-2.105658638733710619e-01
3.731458820235374674e+00
2.195707947111220193e+00
-2.181196411877195818e+00
-2.276107595114220672e+00
4.187363720186175087e+00
1.929517108343436815e+00
1.882553460296625847e+00
2.218559676761137633e-01
1.914619505253805531e+00
-2.063029552883219431e+00
2.130316425769786637e+00
2.152547333543435304e+00
1.209111834513310502e+00
2.213880003370839233e+00
2.079413667819984379e+00
7.622367442095387968e-01
2.639420029574201632e+00
-1.058129957460898662e+00
2.860031460979486351e+00
1.882557630584094088e+00
-4.564747412953019889e+00
-3.914199939041569820e+00
2.028964249841925582e+00
-3.516776944498978708e+00
-2.053791455731169169e+00
-2.008563024625809046e+00
1.649774297913110033e+00
6.216009630327459234e+00
1.590919883401973545e+00
1.895203446253650448e+00
1.718516783391956793e+00
1.858379087970483123e+00
-5.806394276708980229e+00
1.966044684233253070e+00
1.969346121740446653e+00
2.036327394790154788e+00
-7.805210304206356753e+00
1.849308213168946446e+00
-1.992725661867654097e+00
1.087100823642842995e+00
7.393322128250461311e-01
1.953826182362848218e+00
1.926388331245200813e+00
1.913567130621535162e+00
1.986971426031533206e+00
-2.037178428974588229e+00
2.170869177213277545e+00
1.966149958527562580e+00
1.831366926826353492e+00
-4.692958539627127557e-02
2.025079573337225991e+00
-1.983455628461927578e+00
2.027795101587784643e+00
2.007570929645435598e+00
-1.943824569416878756e+00
-5.019322032508113374e+00
1.904649193636564597e+00
2.083982650518720003e+00
3.002007610584428221e+00
1.972740492645318255e+00
-2.199417141845436685e+00
1.944238536472948642e+00
8.163407066518665878e-02
-3.988425893338891082e-01
2.098256052861728893e+00
3.604687366579928387e+00
-2.404721141843598087e+00
1.940235363340486963e+00
2.179741202900506991e+00
2.107314113318466742e+00
-2.571445342185350036e+00
2.182403353989940786e+00
-4.188687138017542111e+00
1.851712890435613712e+00
-7.829352573845570207e-02
5.533919749230314933e-01
4.598910764086440395e+00
1.959549845206247420e+00
-1.434174752670239972e+00
1.885737020601186753e+00
1.889821867848213932e+00
1.962294422185199450e+00
2.602998531963251150e+00
-5.701426706695587043e-01
5.147322625592511969e+00
1.481307773169493691e+00
-5.267581966521428516e-01
-6.123591376855129553e+00
-4.731152317836300192e-01
1.881879339231042447e+00
-2.323928718983097053e-01
-4.610423633419352463e+00
2.906930151442017163e+00
1.888753800056291787e+00
1.942409829644706543e+00
2.021878655211774234e+00
-1.427414926313655297e+00
-4.749768766623207128e+00
2.019921473006967005e+00
-2.467296242164878084e-01
2.666454287802851209e+00
-1.862156105007873652e+00
-4.359858960809573247e+00
2.011243162939559070e+00
-1.886574328339581108e-01
-4.761733701048023626e+00
2.001280042416023530e+00
1.810934262208697021e+00
1.955024477886504020e+00
2.330705911047268319e+00
-6.732098257224810922e+00
1.892871435848136885e+00
-3.247591344978450589e+00
1.997219606400575165e+00
1.925596416761685470e+00
1.939508850873701729e+00
1.267725008523381991e+00
2.105512584295252676e+00
-3.841564063460873424e+00
1.819784164267730819e+00
1.977799101933116699e+00
1.993007399495963394e+00
2.028781021159949738e+00
2.042677734944271073e+00
1.967656242905349462e+00
2.079512495492340740e+00
1.982243863549816076e+00
-7.070833202161432851e-01
2.009646878672716408e+00
2.576616310590574166e+00
2.127174828425267172e+00
2.104950668480050080e+00
-3.745707042967222122e+00
-6.095212737149200422e+00
-5.952604559697083353e-01
-2.970497143445881338e+00
1.892830048486624062e+00
3.039089350578528581e+00
-3.699557193178835135e+00
-2.586776437832687847e+00
1.984877519329623974e+00
1.810773416891414023e+00
2.022144267229409653e+00
-3.785394000821002081e+00
-4.597071373313859510e+00
1.949128287411787674e+00
1.972917489379206968e+00
-2.616670353662811088e-01
4.564023413574858523e+00
2.023592026317531545e+00
1.438896790805169523e+00
2.193054626840751808e+00
3.416129369076402966e+00
-2.452305296271794166e+00
1.826493613344497113e+00
1.880265361236260757e+00
-4.479736307290794528e+00
-1.957273115830890919e+00
1.907142431808027894e+00
1.775192319387813633e+00
-3.833482508161297764e-01
-1.882379842006608239e+00
1.597809698938482903e+00
2.006192117777874095e+00
2.926142680120403572e+00
2.004506009714239312e+00
2.152336181817086747e+00
7.058263621639597751e-01
1.962053371025199278e+00
1.857746172937032370e+00
6.804995868693195504e-01
1.917678225951547244e+00
2.150721272303044440e+00
-2.110582227299580449e+00
2.318994350503102098e+00
7.749757716314617184e+00
-4.523008051210563041e-01
2.002156850640214980e+00
1.831479752665334138e+00
1.496860766420393674e+00
8.827559626986358765e-01
1.855198331757904384e+00
2.008949232842072607e+00
2.176017565641485518e+00
2.111937475353963478e+00
2.035025047804980503e+00
-6.017919811182089518e+00
7.401209980233600660e-01
1.028837002007259027e+00
1.415743900022794266e+00
1.075488197553114755e+00
-3.092564487143324214e+00
2.202225199304613135e+00
2.047694345238348035e+00
2.865959338398629264e+00
1.386605060896081820e+00
-1.972717525216143519e+00
-1.728185076052171310e+00
-2.966038055130571394e+00
-2.042292206611303840e+00
3.974224617902246237e+00
1.425459729676227028e+00
-3.251125562997487783e+00
1.124884452740007257e+00
1.976493307691572499e+00
-7.226414642446619130e-01
-3.055999773049522972e+00
9.316037880505652069e-01
1.906814427537370404e+00
8.473316243839106310e-01
6.429814642717885498e+00
4.101331448677283831e+00
-3.204179060334296114e+00
2.133556523689724482e+00
1.920800420393890429e+00
1.959858239456115703e+00
-1.103374303988684080e+00
-2.030582775342921309e+00
8.772051660113554306e+00
1.930882278221582204e+00
2.063947108478223047e+00
2.085534474024082652e+00
-5.435336090582068014e-01
2.068515748484855532e+00
-3.112505004649769091e+00
-1.135757478177303881e+00
2.248490204029573558e+00
1.795552746934405697e+00
-2.844086317582887879e-01
-3.393552888984384452e+00
8.282755679446874852e-01
2.028537868276482747e+00
1.812277659420243214e+00
4.087801092701289107e+00
-1.973202007169736705e+00
-2.591238551221668907e+00
1.622704044722128369e+00
3.193244645694491624e+00
6.982757064410276548e-01
2.011933884339561551e+00
2.128179171707800688e+00
1.976588683151678127e+00
-1.927914751616473188e+00
1.381493160111809448e+00
2.755820474520449537e+00
2.173282895584539798e+00
1.957114860297390679e+00
1.891761992383348190e+00
2.010350567338068384e+00
1.793768046878079447e+00
2.105771685701266271e+00
2.008530301413094410e+00
5.461916336953593465e+00
-3.393484406327596403e+00
4.355392438259832133e+00
2.334202642862523547e+00
2.669341666545477221e+00
5.025015958457595744e+00
-3.019333215979015161e+00
7.999080833247522726e-01
2.015676060224403709e+00
-2.367308423329816947e-01
1.976727962226658253e+00
-1.841460560491655629e+00
-4.443346753303323293e-01
4.072990358974592162e+00
2.010132176124548753e+00
1.949680004634870567e+00
3.080862314258995482e+00
1.892326961438289601e+00
-5.602392640372652721e+00
-2.048444597035270931e+00
-1.338513308508961552e+00
8.804033232456701441e+00
2.202993602198179079e+00
1.979279347550821688e+00
5.513255456675674182e+00
-1.920718811226717504e+00
1.989222229167917133e+00
3.462274555227880413e+00
2.098975050895707462e+00
-1.997142968628691229e+00
-2.444673763008972323e+00
1.955025792551723596e+00
3.220714094054733856e+00
-4.305300652328472033e+00
-1.938851191839900956e+00
3.688529390352120796e+00
-1.092555593416428827e-01
1.986267028389382849e+00
1.828369288011464144e+00
2.010232640128942538e+00
1.758259390622079366e+00
1.177371807461446318e+00
-4.363775012865996672e+00
1.904361415645238642e+00
1.987222863045169152e+00
1.785143542138434070e+00
-2.157374782962720783e+00
1.513825626475298503e+00
1.315330029486327268e+00
2.010430789010718033e+00
8.579749029382968128e-01
1.964796904320882831e+00
3.607723507564478016e+00
2.102047965241828020e+00
-1.510256151295201743e+00
-3.427463616995837792e-01
1.884892255306195308e-01
2.101248532379124345e+00
2.504147880695779094e+00
8.310604460828827200e+00
-2.193867925703171906e+00
2.045503401253902176e+00
-1.946485808132371265e+00
-1.740179355902771619e+00
-2.087739156088197490e+00
-2.326007591077524417e+00
2.024206436842169055e+00
-1.010301907061022852e+00
-3.010000161389600137e+00
-3.583799429659549673e+00
2.051506635033023329e+00
8.219942442227434753e-01
-1.853238779476035436e+00
2.147268193237124478e+00
1.823444316493411321e+00
2.252336746127165945e+00
-2.277828271216371547e+00
1.120811460087006273e+00
2.943971240194058314e+00
6.667620436961433583e+00
1.866599713678247507e+00
2.046686287061718623e+00
2.737048239279213924e+00
9.064049396685214255e-01
5.653418689124275254e+00
1.957849826401025339e+00
-5.405235653992235267e-02
-2.264625819570338816e+00
-2.439715760253534427e+00
7.893543444824755007e+00
4.553366203268039425e-01
1.988285974954238089e+00
2.069734687503137938e+00
7.194498257533841201e-01
-2.774177733368655030e+00
7.326972475205819624e-01
-5.008967993469301661e+00
-2.914169298838734878e+00
-1.331498233068424630e+00
1.967139564938494845e+00
1.889780033827130890e+00
1.971998490599627285e+00
2.048763783454679466e+00
1.876617772026729192e+00
-1.873386531863423521e+00
4.962522634507485902e-02
1.963950694223153048e+00
1.920795186725309023e+00
-3.712536203915329125e+00
-5.950805004036631374e+00
1.822966204832402237e+00
2.025627206308497463e+00
1.932335243028324712e+00
-2.042548395947383355e+00
2.086970862578735098e+00
1.745731361002015758e+00
1.977134765459061416e+00
1.850258476734302215e+00
1.906329771034068532e+00
1.906483288984364588e+00
-1.296665037089378636e+00
-3.531372982114862058e-01
1.938258793159846727e+00
1.653916530120783213e+00
-1.576320109850742224e+00
5.021049161975986941e+00
1.736468318450361537e+00
4.977255734967101830e+00
1.922664084628832981e+00
3.656609389325577553e+00
-2.626412340904391574e-01
2.086654103278134720e+00
2.140831936615602338e+00
2.024473165687044940e+00
3.858613481698269787e+00
4.725638807836522126e+00
2.026371091805926561e+00
1.860933292796254523e+00
1.809374162207916692e+00
-9.343045206613767029e-01
1.083639663065486314e+00
5.994270036936083512e-01
1.985340711677469505e+00
1.892027893488362977e+00
2.033625756974936305e+00
1.981670455442872791e+00
-1.920190594380181359e+00
-5.948078557855176474e-01
-3.604255349148526300e+00
1.920533493596312979e+00
4.118678909312219361e+00
2.112498279142792423e+00
4.398732480141102741e+00
1.679647015747288252e+00
2.061162675212016016e+00
-1.882437725620058178e+00
1.863735554055169885e+00
1.969359179435637097e+00
-2.067901350012347539e+00
6.292626134402946825e+00
2.162349728715718733e+00
-1.714229837880655527e+00
-3.609986185213580057e-01
4.347692423112310856e+00
6.208577844477104479e-01
-2.019050766563485144e+00
6.173430996466563458e-01
-2.008808729286266637e+00
1.976078454391545725e+00
4.890343191053526661e-01
-5.595600816450808423e+00
3.017204875805168385e+00
-1.856796151741091361e-01
7.626194737186005046e-01
1.966305194196139361e+00
7.180035953691381589e-01
5.184812493504710851e+00
5.006787200432286866e+00
1.801136361590637058e+00
1.486599967532171052e+00
1.945484829730657506e+00
2.064798905119974215e+00
2.096316967677526844e+00
2.128997641823034304e+00
2.526930565153626684e+00
-3.979741420839030042e+00
-4.193211181155479750e+00
2.106784400901703158e+00
1.777199584321614401e+00
3.352435931272125913e+00
2.012647003549104863e+00
-2.672929190980423142e-01
-9.062596740147685903e-01
1.954523282800866291e+00
3.104272925993475374e-01
6.613476006453113953e+00
1.818056404701719586e+00
-6.690611999380430275e-01
2.659562801019728973e+00
-2.559420894602834617e-02
1.004692113295390321e+00
-1.328732559147032255e-01
1.905510933402771334e+00
4.764215702114279472e-01
-1.051240305955598142e+00
2.959645462643593739e+00
9.211735948968229337e-01
3.096585479715076250e+00
2.011635782535431627e+00
-1.881856770367194009e+00
-4.705871037165789694e-01
-2.134673243614937377e+00
2.142162700062258729e+00
2.021127838309335623e+00
1.986143826200476248e+00
9.196670552763346329e-01
5.265420028468886571e+00
2.047926712721047871e+00
-1.376783165235585304e+00
3.148070243169773796e+00
2.016801337192591248e+00
1.959388490983287712e+00
1.474826926436438868e+00
1.988494509392288334e+00
-5.828418611897899504e-02
-3.506137781152689037e+00
-2.320860240370916650e+00
-3.849693484932488197e-01
-1.981639078948894905e+00
2.086069306393574685e+00
1.939092292635508974e+00
2.082749321813750498e+00
4.179033959818239552e+00
1.889651853518857116e+00
-2.668354360376217649e+00
2.051028038814504573e+00
-6.602921292705861145e-01
2.137067889120370268e+00
1.893921875542341038e+00
1.316012773157970939e+00
2.140716261426583333e+00
-2.122736145639537497e+00
2.354808358173067884e+00
-5.862612091079363097e+00
1.974143466815944770e+00
2.066161773189970408e+00
-2.039484030895928335e+00
1.992865644041591278e+00
2.678219182017233524e-01
2.024790220450884970e+00
-4.736478469352265463e+00
1.588182588664756700e+00
-1.085006614541702552e+00
-6.126767441241870449e-01
-2.228102627410789349e+00
1.991501343679344282e+00
-1.975980424531279533e+00
4.350045653624508013e+00
2.084296575260659701e+00
-1.601726198976776150e+00
7.276306261307946555e-01
-3.411950431689949603e+00
-6.506011252274699785e+00
2.037947044137875086e+00
1.949826446586164330e+00
4.036094114842025959e+00
1.842523660244510531e+00
-2.554566008900693852e+00
5.618446959383748052e+00
1.900888478040633878e+00
1.986360566924594284e+00
-1.846326924716648332e-01
4.349918898751295337e+00
2.141663537750141177e+00
2.095500412566746906e+00
-2.031441390112036505e+00
1.923749363447824434e+00
2.020300751621893376e+00
1.134181027575984269e+00
-2.207738025655916481e+00
1.552664645262444632e+00
-2.056856608464478597e+00
2.192363713227109656e+00
-3.538300325257336176e+00
1.891302733358249055e+00
2.079692946869890147e+00
2.278645515815206135e+00
-2.060680550610253459e+00
1.892746063390530420e+00
3.047845140247004370e+00
3.938029020701959704e-01
-1.945611720553689805e+00
-2.075721812190801097e-01
-2.880332732303458432e+00
2.339172175450478175e+00
2.080821643443852231e+00
1.931097407122745135e+00
2.057959737878085615e+00
-1.558273613787382050e+00
1.974176717144050963e+00
5.319759627549147218e+00
2.113899745116414763e+00
-2.028489344619531565e+00
1.947716993747493630e+00
8.150696622906694611e-02
-7.278900077473723224e-03
2.749877268544484110e+00
2.944549614940312754e+00
1.975500398974949334e+00
-1.904950373839239264e+00
2.005923907514381099e+00
-1.587494010900042607e+00
1.906843089457441520e+00
2.022984396303687760e+00
-3.314362647988906119e+00
2.069177855596645799e+00
-1.926075606962340259e-01
-3.481967760858185379e+00
2.074880694935201220e+00
2.095680016481915597e+00
8.382455177784260414e-01
-1.127699242485029174e+00
1.873978029580412485e+00
-2.195684990577228213e+00
2.222171913297155132e+00
2.062291448747170186e+00
-1.636914673306872903e+00
-3.847275532255003405e+00
2.008776566235942251e+00
-2.130244195113569550e+00
-2.136189944908449156e+00
1.479052589390718264e+00
1.571058315414178175e+00
1.018743547027032847e-01
2.016233566719728643e+00
2.006195346175423833e+00
-2.512126762796575985e-01
1.844217238924192648e+00
2.098430564876514914e+00
1.868505106021888018e+00
3.267695960571437297e-01
1.889835946882362006e+00
2.856427673688762825e-01
-3.656533188481347896e-01
1.907849373470029475e+00
2.108106093069418652e+00
-3.704763451347131031e+00
1.516692383549327783e+00
2.075829317745002456e+00
1.970768600246570967e+00
-2.044532511382344264e+00
2.107343758691655022e+00
2.048697647914535125e+00
2.888521542577956680e+00
2.263427825905854451e+00
1.922922707145866994e+00
2.515553377817381087e+00
3.715792473427585119e+00
2.012533028734606155e+00
1.816058816167005485e+00
-1.517892339433481119e+00
-1.865026773067830490e+00
1.915785257754414106e+00
-7.208105524470932446e-01
-1.869559184076076797e+00
1.982483547939168256e+00
-1.311949326766513435e+00
1.869416555679509262e+00
-2.072757702622991083e+00
1.953835271442915245e+00
1.008933179151361825e+00
1.933566525499110123e+00
2.014872765614224903e+00
1.861196827932190878e+00
2.030022297315313473e+00
1.780809615521404599e+00
-1.837884701207577409e+00
1.232763241833094270e+00
-1.774236305377186795e+00
-6.814216052278680991e+00
-6.972865319494638836e-01
-1.673155567090449658e+00
1.886467525250139277e+00
-2.532957011433693673e+00
-1.779738536732548670e+00
1.896891767553476660e+00
2.080906832432049214e+00
2.301993552383952757e+00
-1.944074239016255090e+00
1.920509414932570991e+00
1.838191347005044385e+00
-8.043447954496690144e+00
2.047422775487555135e+00
2.117464063328573065e+00
1.999193789468757476e+00
1.183225215874419867e+00
8.913161591153964114e-01
1.965906163410279461e+00
1.952794286013272762e+00
2.192992239140669319e+00
1.343493277267771457e+00
-1.952500188740459386e+00
2.184092441452976097e+00
3.577137245376485364e+00
1.885650122965012443e+00
-2.774085979775987365e+00
2.032527724081141240e+00
-2.269634857890576729e-01
-2.051568736750923883e+00
5.316694950159432054e+00
2.067582494896120782e+00
2.070530416805576479e+00
2.163140098432278169e+00
-1.765205044558502356e+00
-5.016041834759528584e+00
1.882870312278195790e+00
-1.787706657980327130e+00
4.261162576187174977e+00
-2.237524431698786120e+00
1.664025746264453653e+00
-2.054437281829677442e+00
1.971789471017926676e+00
8.474094701577600253e-02
5.727337927274754215e+00
2.655977755992904310e-01
-2.000704756934903017e+00
4.475906210135518037e+00
3.424406054512941555e+00
1.188686439801556860e+00
1.975023293785954870e+00
1.929189585004543073e+00
-2.002322756717404229e+00
1.878887950763680426e+00
2.082473168330060354e+00
2.004448284218046883e+00
8.306248097546941045e-01
4.376876897825471957e+00
-4.014889829001511146e-01
-2.637472241077496005e+00
4.149450220542064471e+00
-1.669487465329053233e+00
2.019312802502505555e+00
1.888550586770226358e+00
1.944113967327488757e+00
4.628392332711109169e+00
1.936420611404757297e+00
3.161214996888996431e+00
2.014514831049586618e+00
3.318695872928321688e-01
1.837930546067320758e+00
-4.210524988462850393e-01
-2.541157643340741235e+00
-1.928713351820505739e+00
-4.166803708695287156e+00
-8.020597829109309407e-01
2.016420105794101580e+00
9.778333231084190835e-02
2.036824520855589959e+00
2.973963746141051079e+00
1.872168843158496854e+00
1.245655415935768451e+00
3.580916368787785409e+00
1.743543218417151319e+00
2.040005529241063709e+00
-2.762134812651062532e+00
2.137237142319190042e+00
4.779061414277624986e-01
-4.986889865465466420e-01
-7.490013868597928948e-01
-8.128428790576074370e-01
2.013802313726441362e+00
-4.504946302552263582e+00
2.619175252787097286e+00
5.368045525485444003e+00
1.976546948368673284e+00
5.542085818805086994e+00
2.082380735155704432e+00
5.841382046901045122e+00
1.935965844454123230e+00
3.082983002129688010e+00
1.929699698558013710e+00
1.348709907088110560e+00
2.127288210847764649e+00
1.858150684333466751e+00
2.379116683976139068e+00
-2.071369203337448450e+00
2.015479788812540196e+00
1.951068832901732053e+00
2.108171193482669459e+00
2.024765374278687080e+00
-1.839675207254980904e+00
1.918594711531220298e+00
2.099996639145576438e+00
2.098231804880190232e+00
-1.376598901128943897e+00
-2.248428685536453031e+00
-2.022759090233182455e+00
2.330541251582594509e+00
-2.844331857627654947e-01
-2.007331649012851216e+00
3.947427391711660682e+00
1.142029416256511887e+00
-1.911250906430265850e+00
2.224242276770029836e+00
1.809440645705925776e+00
-1.805542531205195589e+00
1.966173921364821942e+00
-9.091113167961073493e-01
1.720442489468295033e+00
-3.541475288631059648e+00
2.092480389956102638e+00
2.054096052145673923e+00
2.022784542761775661e+00
2.065757018309831439e-01
2.137392925481195860e+00
-4.867144356211922762e+00
1.910382070123960219e+00
-1.268702366610501509e+00
3.621660189000755814e+00
1.894579172284133861e+00
-1.906598438521247552e+00
-7.816849374757026681e-01
2.107788174259758840e+00
2.063497620561363988e+00
2.127141731310915329e+00
1.788460834868601523e+00
2.016056319061727553e+00
1.838398028354070624e+00
-1.176332579953561996e+00
1.904781358235940081e+00
1.808737187245347044e+00
-4.619900710553859202e-01
1.912981838105721977e+00
1.345747877620989907e+00
1.932338167953634001e+00
-1.389077877462791877e+00
-8.521330063810253819e+00
-1.704308579387776357e+00
-2.199548957746340960e+00
1.349291149077698204e+00
1.390731488237809010e+00
7.546917713249225557e+00
2.169571728706733982e+00
1.124895881226577243e+00
1.440494487762138176e+00
-1.753095139531083424e+00
-3.700339778138907465e-01
7.462000961122130960e+00
-1.027839926454546360e+00
4.324207450919338669e+00
3.190110925765699879e+00
2.078408269985771994e+00
1.848003003874055583e+00
1.957715068913223666e+00
3.879162687429377865e+00
-4.262504301706386833e-01
-2.242915825339335534e+00
5.025895548319170736e+00
1.812999230659810834e+00
-4.037753692476488965e+00
-5.951538494552995218e+00
-4.948896746083059739e+00
1.951407474522640184e+00
6.697882347131235425e-01
1.884145268658404149e+00
-1.736903815208629798e+00
1.776987281784577322e+00
2.821499680110446384e+00
2.134633498718428779e+00
-8.655846867898036034e-01
-2.419341420742549431e+00
-3.930867632268584266e+00
1.968489424372479091e+00
2.531736417797836758e+00
3.670160813087814944e+00
2.888431545604521755e-01
1.869283847371274954e+00
-2.738783709005103706e+00
-2.249603330095545139e+00
2.351311900918896303e+00
1.127544651704899925e+00
-7.953515564520845516e-01
1.930830048805900478e+00
7.915514755145205417e-01
2.059863288633706713e+00
2.030503061148581256e+00
1.905674440134066172e+00
-1.158393506485689617e+00
-1.090276782264292255e+00
1.530684820118271561e-01
1.847030310442743239e+00
1.929468204053301772e+00
7.201691210192276316e+00
3.933653889596968156e+00
1.972319329191554171e+00
-1.819008488218498032e+00
2.070218383182910848e+00
-5.107504612073844541e+00
1.917867371454180292e+00
2.196711309378991839e+00
1.855855214708695300e+00
-4.299769773732799116e+00
6.821847031777168446e-01
2.106472396528530133e+00
1.115562895213281669e+00
2.057613917944074000e+00
2.902934359276585496e+00
4.378796395812945441e+00
2.220210783234788821e+00
2.176121936620700748e+00
-2.042676303369075352e+00
-5.455535332047988462e+00
2.128233068837685149e+00
-8.310768137131814282e-01
-3.368277469371741439e+00
1.826372538417134983e+00
-2.091866212731343211e+00
4.370476832671466028e+00
1.925425146014694500e+00
2.041806652507330178e+00
-4.245180828287989927e-01
2.722141464366187424e+00
1.974666362549697185e+00
1.765741350452916913e+00
-2.212305144969918480e+00
-3.297804984988436772e+00
1.996739749727423074e+00
1.699841338274655334e+00
1.798316992125155167e+00
4.618611479091262240e+00
-1.380009312941794741e+00
2.051369771723419166e+00
4.066547419524295659e-01
8.760468698038268442e-01
-4.287502050717710844e+00
1.609594218589875503e+00
9.947885704221860748e-02
1.146978240983716368e+00
-1.000370698589201801e+00
8.572101929233710393e+00
-1.964114183344555453e+00
3.699213355951333604e+00
1.993550018161972082e+00
1.936116834616009363e+00
1.796851278530386509e+00
2.131030098858929911e+00
-1.181280801912265366e+00
-5.331256714324439372e+00
2.106453593872781305e+00
1.967604833931665187e+00
-3.178041095914441172e+00
1.876228534178894458e+00
2.110042751309239684e+00
2.648818046268556436e+00
2.102191848145911646e+00
1.987815804818890530e+00
4.104253315790221457e+00
1.431889765165492934e+00
1.888167168345739055e+00
1.712096040054425394e+00
1.959605897893863302e+00
-1.984391389798487282e+00
1.999264258121641102e+00
-1.936611442172198272e+00
1.978423896587385711e+00
2.296821019616972492e+00
1.944521372798164949e+00
8.685465985030931257e-01
-9.654585012733375438e-01
2.017794499467769231e+00
2.741718090720620449e+00
-3.659694391041705686e+00
-2.025134879542908717e+00
2.229072794296387716e+00
1.079876325243700474e+00
9.644239302597730212e-01
2.540232996294719658e+00
2.267936927508233058e+00
6.060371966871171523e+00
2.996232953826862833e+00
1.854583617130774353e+00
-2.134501755387194777e+00
2.179054392380844973e+00
4.226607930300669280e-01
7.279259375002197885e+00
-1.713554620429124320e+00
2.099740444547385732e+00
-3.511898049869120464e-01
-2.048281139592352140e+00
2.100580376877880795e+00
-2.229136080772484152e-02
-3.205942895791519476e+00
-2.413129491954798311e+00
8.393156500275123832e+00
2.153241708636957075e+00
1.984395905329848109e+00
-1.843096553298034124e+00
2.057088321192433344e+00
5.396407750258324754e+00
6.941698758996588836e+00
2.140703455175499315e+00
1.931945722484387673e+00
1.921891516307258740e+00
3.475095844455426519e+00
-1.916586556629356286e+00
1.898908569524935031e+00
4.302178573221621782e+00
2.070015367477372692e+00
-2.112859398970813984e+00
-3.733561783209024654e+00
6.260743726363120487e+00
-5.982647079552674274e-01
-7.131524949691836479e-01
3.871067424388956013e+00
-4.874096998915653067e+00
-2.118240775623903005e+00
-4.708790037311691989e+00
7.460682268399553285e-01
4.168343386823387675e-01
2.044173381229997144e+00
1.913667036709981728e+00
2.082643503071723856e+00
1.979329873418612218e+00
7.438984387216331928e-01
-1.085290703149403457e+00
3.866690144357213921e+00
1.936107749366196451e+00
1.845818902007470008e+00
-9.631673343474660420e-01
2.124792805791246852e+00
1.887097309982786353e+00
1.705252940159579289e+00
-3.306090562569213631e+00
1.992602220092325682e+00
-6.703680554909169587e+00
3.251450525420072957e+00
1.457148573423878934e+00
4.703302490051397555e+00
-3.869718405236142189e+00
2.019952144039101505e+00
6.261927831355913909e+00
5.538609685412392014e-02
1.273149150300622479e+00
-1.837354846562724298e+00
1.804077172211404179e+00
-2.904302585846094686e+00
2.893492239928155296e+00
-1.132049241739522927e+00
5.148403933490261153e+00
-8.888876155749647623e-01
3.122188756800584386e+00
2.202891631214694890e+00
2.932387379272666017e+00
-2.552987550494990820e+00
2.161660771356667787e+00
2.020468331428349362e+00
1.933442388694153635e+00
-6.279084231186473630e+00
2.040800663285782246e+00
-5.272977733056787741e+00
2.108298381219368522e+00
-6.334375476935452554e+00
-1.890629135405311523e+00
2.170038035348205607e+00
1.974855648036205613e+00
2.029941251406491620e+00
5.681274550681970625e-01
1.615602032982075720e+00
-3.261322988774735698e+00
-2.009279467863414936e+00
-1.201660808467571062e+00
2.843192443264023872e+00
9.318078012727293302e-02
1.075368319180471932e+00
-7.898121564681820361e-01
2.058546349357468053e+00
-5.936320020273916143e+00
2.037670799949565570e+00
1.947224646803063841e+00
-1.980993296416009741e+00
1.913466190336355011e+00
-9.628708095400473344e-01
1.907137995658389595e+00
2.781559543822548441e+00
-3.521712520028752902e+00
-4.503776655475575375e+00
-4.226225665060027836e+00
1.959603744386549939e+00
1.917880081058243036e+00
-5.468753642638369827e-01
1.940329452617724382e+00
2.026980183558169113e+00
-9.484958316251852484e-01
1.481737775353355158e+00
-5.777124092796699806e+00
-1.929507563098181722e+00
-1.645894508618657603e+00
1.828006642274121241e+00
1.969708130438903471e+00
-2.070892508765561857e+00
1.867147646509863090e+00
5.521961053118182861e+00
1.961229245356448159e+00
2.031402050964675521e+00
-2.044270296743099458e+00
1.962111008918091093e+00
1.726455545821531379e+00
1.823232115537138487e+00
2.043439548969599340e+00
2.024238235275210851e+00
2.067526445091188769e+00
3.182905313930231017e+00
2.115796485448578235e+00
2.002259598288615106e+00
-1.931629419000882031e+00
1.916048658056909382e+00
1.880815275047912349e+00
-2.654992100811958800e+00
-4.037815032570129858e+00
1.892019279187078906e+00
2.088515378079347506e+00
-7.027597062839238129e-01
-2.156412388852784190e+00
3.675959394012231485e+00
1.981332038056266232e+00
1.924605997566136040e+00
-6.603107180919915997e-01
1.547258694073831542e+00
1.926291223530240071e+00
-2.883966398009425003e+00
2.370443570175346897e-03
-2.065992555185892421e+00
-3.239784145276836114e+00
-4.746975720362639706e+00
2.162084711911842927e+00
2.046175189808034478e+00
6.066987078158518898e-01
-2.759144509450231819e+00
2.026585086561592863e+00
-1.993577677021496575e+00
1.927255686890293251e+00
-4.275272945994667673e+00
1.483241709236451378e+00
4.061769094120612600e+00
-3.343819342080182722e+00
-4.131315258306499594e+00
-1.444328930940393496e+00
2.513359540781878732e+00
-2.895751753881524060e+00
1.365536944778757311e+00
-1.949304357641135965e+00
2.017051103068452367e+00
-2.034475481995653201e+00
2.049228953852439084e+00
2.123764431000436659e+00
-8.000963478883953428e-01
1.943352461113097895e+00
1.937827979654119126e+00
1.616596704634759130e+00
5.025455562676413024e-01
-2.583476422480926793e+00
-9.226439683651541657e-01
1.903445381287407701e+00
-1.601638927642372590e+00
-5.753575459890901023e+00
7.393454826184294726e-01
-2.221224185905447401e-01
1.871686597693570153e+00
-3.109739084120927366e+00
-2.053827960039920963e+00
4.647951601055534177e+00
-1.931720331621545661e+00
2.065609071077303849e+00
5.068549540384449159e+00
-2.097346305646712317e+00
-5.001888620544097108e-01
2.025560985557111060e+00
1.992605797990751215e+00
-3.270921474536709894e+00
-3.921900944166946679e-01
-1.239092383836831512e+00
-3.693261936474692142e+00
-1.308660277035073594e-01
1.894657055541981938e+00
1.961030763164513857e+00
-7.090602010882628647e+00
-1.430112653629120656e+00
1.804282173046133364e+00
-7.722207332008973468e-01
2.713816439764562993e+00
-4.457379135958493777e+00
-2.016104364715643360e+00
2.112928669575516505e+00
1.963566489964605699e+00
-1.971582797695808686e+00
1.778788127399283603e+00
-2.004026860697774470e+00
4.467010918553041776e+00
2.079319108859879250e+00
-4.160102088389026953e+00
2.011027996512505744e+00
-1.913516339245876718e+00
1.961296855890045876e+00
-2.682663436229390186e+00
-2.011818084528145700e+00
2.000957297458790585e+00
1.701936767270148865e+00
3.065315243731934203e+00
-2.831353623903413719e-01
2.048687098546656760e+00
-9.370389512572346868e-01
1.966649890254155819e+00
-4.152626032760800889e+00
1.756533175565979432e+00
4.111975809152268013e+00
1.967537992149543724e+00
1.922537129956917390e+00
1.029123515360654384e+00
-2.068576045189264079e+00
3.837175378494888101e+00
-2.719792030111387593e+00
1.959787554861359693e+00
1.361057140615977268e+00
3.358721859560863443e+00
2.039263003081159376e+00
2.070805803231977826e+00
-2.019136051906785578e+00
3.098029025118006707e+00
1.882034113733775271e+00
3.077923359881789445e+00
-2.099410549247809232e+00
2.595244713522909308e+00
2.030152571519746374e+00
1.965055525667871672e+00
-1.926187648613469028e+00
8.109088482305538692e-01
-3.462735759073241049e+00
-2.025493854341465561e+00
1.049408957406671838e+00
-1.799303863631379841e+00
-1.996706227790562060e+00
1.017000294984227171e+00
1.716180607642253886e+00
2.075813124407729138e+00
2.029611569364780266e+00
-2.504691722055385039e+00
2.264211727930489637e+00
-1.356257448494810447e+00
2.066991431927085010e+00
-2.375584577231870220e+00
2.053396049076282814e+00
1.913320639160482450e+00
1.937621521495113353e+00
1.986411431638266833e+00
2.452640191721185747e+00
-4.731545990911695476e+00
1.829607307715525488e+00
2.006818640374155471e+00
-2.542178068155801718e+00
1.869130471093429779e+00
-2.257579349112848632e+00
2.029783118608074588e+00
-1.667060227954346274e+00
-1.883087148255731202e+00
5.049839299613318566e+00
1.968918467400730066e+00
1.862543413035392170e+00
2.106325244309168898e+00
2.109030546862671329e+00
5.973161389245381869e+00
-6.765727083232784267e-01
1.803253565699299843e+00
2.167573138570860536e+00
-3.738843669187724039e+00
2.256008089803728467e+00
1.989737886525465571e+00
4.531240029041164519e+00
1.953126547826645520e+00
-1.858332773974600505e+00
5.528715827551239359e-01
-5.058305022694313813e-01
-3.603363765687645603e+00
2.515495581898087973e+00
1.910525765640506357e+00
-3.993004085871779463e+00
-7.303453114342151054e+00
7.490013380270119647e+00
-4.161280706252492578e+00
2.063789810210151288e+00
3.141660585310733778e-01
2.020877755563073475e+00
9.999983191096332158e-01
1.911887833314076079e+00
1.532506558549842968e+00
-2.051437853028046376e+00
2.510759654245533490e+00
2.102350109657865396e+00
1.920190755150579243e+00
-2.235486103009319159e+00
-3.139660296699734232e+00
1.837764079882352908e+00
-5.673841684126548768e-02
-1.390680800600648803e+00
2.020329545483205980e+00
-2.630075812871954355e+00
-2.236975558295549504e+00
-8.257301887146837327e-01
1.905402789588067192e+00
1.993708848736453598e+00
2.120831979395353617e+00
-1.313048378507177594e+00
1.888298342932150709e+00
1.965081250469904006e+00
-2.860270361022068997e+00
-1.916557888247917729e+00
1.999845117266694228e+00
-4.161549917767845663e+00
-1.802625498283247252e+00
2.321973211361805234e+00
-1.123381964172252001e+00
2.026066650300467842e+00
3.787793371394536646e-01
1.955306391632867014e+00
8.395462610552675287e-01
2.041768095109003589e+00
3.078572833897883498e+00
-4.476714933762361071e+00
4.801876216606607350e+00
2.180589148674460631e+00
-9.356894521297752787e-01
-2.251398618631458515e+00
-3.939872683881513904e+00
-3.559317848883718938e+00
1.362379003014830170e+00
2.213179869327611460e+00
3.614237014970051454e-01
-2.451425928009483446e+00
1.761716452092003449e+00
2.970821403883224576e+00
1.987293523691025410e+00
1.920753728914413871e+00
8.713015079102455207e-01
-4.325295842008864966e+00
2.032597978605625411e+00
2.172281357730847962e+00
2.859645923960332237e+00
1.969153089226669984e+00
2.054669636415132672e+00
-1.782371789887050362e+00
1.862777967241576071e+00
5.977262032296316363e+00
1.950669025828682290e+00
1.922484521884811670e+00
7.393431731027553244e-01
2.993723448477575988e-01
1.941158622919265220e+00
1.882040327971251648e+00
1.912063170141719448e+00
2.088903241069488992e+00
2.008359886737483002e+00
1.990409738945727813e+00
-1.389848895072371748e+00
1.924942498943637004e+00
2.238720324694370323e+00
2.043368453676793095e+00
-2.320644225089693938e-02
2.010502171975496744e+00
1.608376568893699510e+00
1.869394473338974683e+00
-4.876580862762790458e-01
2.565542728438049203e+00
-1.031129234283587916e-02
2.009816975476331091e+00
1.933034820746497351e+00
-8.768083461366053655e+00
2.790727992353005948e+00
-1.724446029161756488e+00
-1.967252114261643259e+00
2.131614823688204652e+00
1.921141315947179073e+00
-3.356983831622502468e+00
2.042372286340428111e+00
-6.062542653636489476e+00
2.031198725830898333e+00
4.060448396637456270e+00
5.236246997599060649e+00
1.034728506209397825e+00
-1.079038322356510538e+00
2.835657500600555103e+00
1.907200372342706229e+00
2.067602283554551335e+00
1.413148625045617779e+00
-1.804093060147264005e+00
-1.403937844359824938e+00
-1.995485782220135951e+00
1.299577330567474487e+00
1.914636112607334351e+00
1.985572147478334326e+00
2.036127672314761661e+00
1.979629950428671403e+00
1.941099014667717615e+00
-7.655279094313750754e+00
2.052405078656315052e+00
-1.531154433467356579e+00
4.354176972365017662e+00
6.180360208465864869e-01
1.973139365833429970e+00
-2.601798830405023466e+00
1.371787419115656714e+00
2.177104910087673151e+00
7.446883531428393210e-01
1.988484860487339301e+00
5.466614063108594657e-01
2.024313719223899799e+00
-6.212699595856191692e+00
-1.151805619666514957e+00
-5.718445393985789327e-01
-8.026833363719482861e+00
1.581595443671745205e+00
-1.937546522324937959e+00
2.082012360413119989e+00
5.790491748091326940e+00
-2.719346546992419622e+00
4.177352376353304919e+00
-1.877726447391258935e+00
2.073311107164860001e+00
-2.763780860290706798e+00
4.017811820479352924e+00
2.098277819545490974e+00
1.660798685804051544e+00
-2.007423210155776516e+00
1.744039471995561641e+00
-1.013972607749271004e+00
2.076441756614753054e+00
6.698204688411290242e+00
-1.182061812607858142e+00
2.007408375672567580e+00
-2.173908732705802649e-01
1.914910344974516399e+00
2.027335639682326995e+00
3.812321997085856395e+00
-2.533995229883140965e+00
-7.473228547552951406e-01
-8.025994975217130012e-01
1.847845570059312825e+00
1.957576187912173138e+00
1.478520444834048764e+00
1.101564213858718055e+00
3.506459123780200748e+00
2.757681144485273350e+00
1.954596756264847857e+00
1.972590805086916976e+00
1.953938874541039095e+00
-6.309121983565745273e-01
1.887856149535207750e+00
2.001116358175976107e+00
2.004711637834578397e+00
2.016806847416376502e+00
-2.915194132185651821e+00
1.961931213106297145e+00
8.706566196240020372e-02
3.858095555663582310e+00
2.159963891205731734e+00
1.978616069020655788e+00
-1.924119988828767891e+00
1.804576573401378781e+00
2.041618943613538573e+00
-2.416135546194350781e+00
2.083126492144180997e+00
2.158365251663279416e+00
5.609839237810318124e+00
7.745742145761780328e-01
2.053544092759348683e+00
-2.091889456140707537e+00
5.518576909822392018e+00
3.047638645744699559e+00
1.735704509540847873e+00
2.033300589919952106e+00
2.546028477351377273e+00
-2.045123735580879121e+00
4.160266530975579302e-01
-6.506839955164440692e-01
2.002409922341879422e+00
2.003998484491670951e+00
-3.234574145879319573e+00
2.110807907294777408e+00
-3.020518115595727249e-01
-2.370384065132146389e+00
-1.253959998091676242e+00
-2.997143042368506372e+00
1.927704179947347107e+00
-2.977730857859326452e+00
1.214895739585831080e+00
-1.146748543990160629e-01
2.128150954933468064e+00
-2.229553528728478895e+00
-2.942762344886618031e+00
4.842365027894828700e+00
-3.972389101481979878e+00
1.182475106929599562e+00
2.122116849868460164e+00
-1.986860491399625950e+00
-1.221047653554159673e+00
-1.065855825479775021e+01
2.302930798776717580e+00
2.110074312805737762e+00
2.106360776692129733e+00
2.038074112573612595e+00
2.025575261224704882e+00
1.954364896474984903e+00
2.040878732962386977e+00
1.796425760108291581e+00
-1.986187486650091039e+00
-1.804914795792635918e+00
1.185798763959730259e-02
2.136692813878593444e+00
1.316596927636031866e+00
2.754895603148926231e+00
1.967119399626786169e+00
-2.123462222416355072e+00
4.330211475469068816e+00
1.841299414520739530e+00
-1.842279326447096466e+00
-4.647045240689394952e+00
-5.166795431870642830e+00
-1.160198026859021070e+00
-6.717782893398345223e+00
-6.437140499724964826e+00
-2.008587296326092453e+00
-1.856337108263607316e+00
-2.018373469708169665e+00
2.100805280433997169e+00
2.040722158640865480e+00
-3.960977216956047542e+00
2.125229977119609703e+00
-2.015684010327230435e+00
5.144369161365715648e+00
-3.205929879456340004e+00
2.032521972535930921e+00
1.719340566477861598e-01
4.515962152935331653e-01
2.016163394742076953e+00
1.233271437424500405e+00
1.407064836327100332e+00
1.964814287893536404e+00
-5.487788792953326222e+00
-6.203410400481640607e+00
-1.920357911527479811e+00
1.268837607395026046e+00
1.853847434071992595e+00
2.494856254227922676e+00
1.906152164329992793e+00
-3.383305313995416785e+00
-2.062372922136955111e+00
1.926762596337121547e+00
-5.062979618960911310e+00
-2.136736642412649267e+00
-2.689539671695742484e+00
4.576031471154351493e+00
2.142595083249144938e+00
2.944168618237857693e+00
2.130859960003774756e+00
-1.953419950721708709e+00
1.953505304920430286e+00
1.981880467318664074e+00
-3.388126616502028288e+00
2.203142679620457400e+00
1.953511837288842479e+00
-2.046739279998201599e+00
-3.863685551811669061e+00
-2.949883720869249659e-01
7.190456142931539674e+00
-1.398906239599926771e+00
1.739733854015149905e+00
7.440502828495216825e-01
2.027299297791293586e+00
-1.558410033072567202e+00
-5.756601137488244202e-01
1.933827502521579644e+00
1.089800716983744922e+00
6.428977563194081535e-01
1.990536230452728095e+00
-2.972052455284071026e+00
-1.928638968023642652e+00
1.966631194238183111e+00
2.137252280101099799e+00
5.682992023521113545e+00
2.045365594006197885e+00
-2.000200514302047150e+00
2.086110874924050229e+00
1.978484448558491815e+00
-1.878432281943982707e+00
2.033305267874553568e+00
1.950288048936202445e+00
6.494557214808347467e-01
2.832783014456922821e+00
3.464680921980066941e+00
-2.029738227865718780e+00
-2.097487827795038395e+00
5.089355802297441222e+00
2.071807235338175346e+00
5.044358988895758955e+00
-3.861156262909034353e+00
2.051192679134307362e+00
-1.833969073452262899e+00
3.163890304757555061e+00
7.894078737897736175e-01
5.643966293919747912e+00
2.022625387004217679e+00
-2.662131298085171682e+00
1.592526775290002305e+00
2.034793262135868641e+00
-2.175573045442052766e+00
1.915301900681447789e+00
1.872745270221310099e+00
1.986684412171505931e+00
-2.155491026619976491e+00
3.427352439209353729e+00
-1.859271051172498579e+00
2.980795438695359456e-01
3.344945589149995069e+00
-1.990004984329151849e+00
1.976338213890554085e+00
2.087221293910027420e+00
-2.921559228235055983e+00
1.913434964332684451e+00
-2.096221913932122316e+00
1.935066108135898189e+00
-3.691221865919813272e+00
1.989843096001033151e+00
2.030325602587438549e+00
2.540355846145611274e+00
3.308245228661996329e+00
2.004775724633215628e+00
1.943744800399705319e+00
-1.564839773974867065e-01
3.004188597314486064e-01
2.035458061062290547e+00
2.160124322538854891e+00
-4.952598310422474448e+00
1.882313702871396544e+00
1.605911004755963045e+00
-9.908978164749193684e-01
2.095980902131759027e+00
1.814054620085457481e+00
2.502806394576690519e+00
-1.883677865674924901e+00
-1.923629592262897425e+00
3.157061709286097084e+00
4.024018537084248948e+00
1.895634357561355010e+00
2.001491788234651903e+00
-1.905704355897517743e+00
1.960849348051573848e+00
2.120467741991523880e+00
2.133462168268376313e+00
-9.240712942785665393e-03
1.029894824584864088e-01
9.673763347745757413e-01
-3.720298872350899178e+00
2.098942198596890130e+00
1.683204950927701393e+00
3.844374484643595213e+00
2.208223450479320338e+00
-1.950871984069151299e+00
-2.050430962562740600e+00
4.390181520157138806e+00
2.183738206705347018e+00
-4.281154686469784920e+00
2.054708735616542992e+00
-3.142240128882376027e+00
-5.799920228728390192e-01
3.650721592420976158e+00
-2.303601412904212165e+00
-2.089633891893871276e+00
2.546423401841792167e+00
3.208632186923648932e-01
2.268189231939885975e+00
-6.362014100687505280e-01
1.959297872824985687e+00
6.164988858655985338e-01
-6.960058289460239189e-01
-1.917346134632630372e+00
3.489700868930392552e+00
2.030845701667122416e+00
4.930232527984213853e+00
1.131396515669118141e+00
7.411520895450948165e-01
-3.344999551249069114e+00
1.979204807908530706e+00
4.852836563645985812e-01
2.176028605472887012e+00
-1.901548312352584924e+00
2.316617752116141293e-01
-2.146235253848398639e+00
1.469172736789947198e+00
2.125897004994187434e+00
2.010391082800655038e+00
-5.035265371365034603e+00
1.771240596481181040e+00
2.027873344767997743e+00
1.913276668351059584e+00
1.929250561086738092e+00
-9.783968774145322955e-01
2.000767345660155794e+00
2.055475934175714059e+00
-4.766734116868587834e-01
2.135517676569954393e+00
-1.547705682166599761e+00
2.230033534946925133e+00
1.990337709279443423e+00
-2.092508461121194596e+00
3.816139454513906681e+00
-2.192544011194843545e+00
-4.452369862408535051e-01
2.057454281428516829e+00
5.259093684521490841e-01
-3.703869474269861684e+00
-2.031135668049341092e+00
6.335676009355645233e-01
1.605390814715621506e+00
1.334671932243713721e+00
2.116844623397661440e+00
-1.368710019002641054e-01
2.062838628866849433e+00
5.351404230233337778e+00
-1.849792201414307280e-01
1.974126930670214053e+00
2.027340604838430593e+00
2.056231960642025403e+00
2.105176513777581082e+00
1.820793684962730863e+00
-2.214749856304471631e+00
-3.674681843035837225e+00
1.151105202503409419e+00
1.462060143245174526e+00
1.918014165094078738e+00
3.574356698672223054e+00
-3.325165877317597385e+00
-2.480682200835224727e+00
2.069687608242806842e+00
2.271327806984599462e+00
2.013156495077849328e+00
2.030052170667426381e+00
1.952500124930953929e+00
2.147858069832108807e+00
2.138935243887405413e+00
-8.536635629668187786e-01
-2.837662790338825847e+00
1.850082274295178575e+00
-6.897033453528211844e-01
1.912749745498700582e+00
-1.516367462849885994e+00
2.064018785692680158e+00
2.092732642200767934e+00
1.847017786367345149e+00
2.065428419104383462e+00
1.439830981435276325e+00
1.916461243701802708e+00
2.035561198615986722e+00
-1.919889671287577482e+00
2.022358448553862598e+00
1.820769312257781047e+00
-4.985372294917821634e+00
2.011809334527323578e+00
1.900835115929690122e+00
1.781586154698508784e+00
1.959673568723136361e+00
2.346262115602140153e+00
-1.356003924466608002e+00
-1.624240231489085529e-01
-3.892322143081906383e+00
1.954631414189186067e+00
1.916294139368782679e+00
8.509150768207637272e-01
-3.409156297273432945e-01
2.086404075066879749e+00
-2.516790794575121559e+00
1.986062671121124668e+00
-2.517169399678949038e+00
6.723479828436437211e-01
2.190055266595700711e+00
1.900416813227935764e+00
-2.062010321066796159e+00
1.960487582540873408e+00
2.056042193849794142e+00
2.596571201209643687e-01
4.298863313218079796e+00
3.198986592700291176e+00
-1.915012888883606657e+00
-1.896788928596787827e+00
2.106101139419831458e+00
-5.424365405340091151e+00
2.011158557225697141e+00
1.241827434717690748e+00
1.853507559380593861e+00
5.475842698324628888e-01
-8.534971591055835749e-02
-2.150320043391685587e+00
-7.041435280664166685e-01
2.151986381440476936e+00
-1.758218403114530481e+00
-5.303994484173546020e+00
3.670393288602329829e+00
-4.959466820421273070e+00
-4.050527085043079012e+00
3.018832577307311027e+00
-3.495395241448440160e+00
1.436231189277876075e+00
1.265632148542447766e+00
-1.240961218433935143e+00
2.090305431915282952e+00
2.541374446147927291e+00
-2.938929381793605522e+00
3.505025218703470280e+00
1.897243508331389883e+00
-8.880335258933691023e+00
8.884693418719848135e-02
-3.213458248468832767e+00
3.568811847595329212e+00
1.960131772659474469e+00
2.167773712961676980e-01
-1.570924869326958628e+00
-1.244579022480869268e+00
1.679897771758574798e+00
-2.905954593238259775e+00
-1.911158357186861334e+00
1.979372101040428600e+00
-2.073952628756036143e-01
2.232815462066444212e+00
-4.058366543243298707e+00
4.133465436798676507e+00
-4.361046266266294325e+00
1.642225359421531028e+00
-5.156441458590938609e+00
-2.424402605052939919e+00
-1.527336703779555327e+00
-7.625836993212787185e+00
-2.019440707650510092e+00
2.087236355154667322e+00
2.004263327261512018e+00
-3.169203057977315385e+00
-2.163199698883772726e+00
-2.098975012941296292e+00
1.954497258733475684e+00
-2.377070170504540947e+00
-9.440656145599248816e-01
5.005216765753969232e-01
-2.464473256372444077e+00
3.728111458145879187e+00
1.931691556562309398e+00
2.099586820990409830e+00
1.999731213427602627e+00
1.993904694476692496e+00
2.005278200251515042e+00
-2.058119430731302213e+00
2.183665197452095086e+00
1.956438493428419356e+00
2.176081345877221906e+00
2.089283006516544194e+00
1.895303114923234888e+00
5.894044677505996810e-02
2.182121967288076281e+00
2.029243461584570696e+00
2.107348856347146082e+00
-1.395312197791617859e+00
-6.696325999762205328e+00
1.858967954898073316e+00
2.090559162938534499e+00
1.893981270127610639e+00
-4.743856603600341337e+00
1.972556706021792117e+00
-1.706975316218912075e+00
1.952333278407950568e+00
-1.969136252651164209e+00
1.401612040467185460e+00
1.943401407648362111e+00
2.010305934478993084e+00
5.679671653270121912e-01
1.742725731356582042e+00
-2.069078883457241336e+00
-4.243077748757274392e+00
2.173969914059780795e+00
2.716065092279405402e+00
-1.138811020859054723e+00
2.032786992355840372e+00
1.624185677291212659e+00
-2.214967932639037573e-01
-1.188966552222734396e+00
-1.376067564027354972e+00
4.898618165016193515e+00
2.037931426431573545e+00
1.892008964598720810e+00
2.077759706725140987e+00
-2.997107946092922859e-01
1.951885549446473966e+00
2.031053983772927118e+00
2.061171395333593725e+00
-5.275406380798015604e+00
4.633880247380223416e+00
2.072622911974305815e+00
-3.574067830203746521e+00
2.029387120548451939e+00
-1.737463395844557112e+00
-1.187138597419839181e+00
4.169321883990071420e+00
-2.209304674825532722e+00
1.931954409568909403e+00
-2.938019377858279491e+00
2.011267093550615392e+00
-5.966759964493702911e-02
1.986165140127745143e+00
5.023072139149638460e+00
-1.820081070740258378e+00
-4.354037371778432863e+00
4.071468934770269499e+00
-2.282075807486151575e+00
-3.691154754181791287e-01
2.184116752211386014e+00
-1.937175313461982684e+00
3.244361138531062783e-01
2.091961849347318658e+00
1.847397055590281667e+00
4.969700486282490060e-01
2.109600444127840202e+00
1.995185433398972696e+00
-2.164382186780331008e+00
2.000069445774972365e+00
2.005134514098398046e+00
1.728954804084685160e+00
-5.964773689662379752e+00
1.952819812439075653e+00
2.062755253334490391e+00
2.427833310598648708e+00
1.948730429878005488e+00
-3.404141563153738614e-01
-3.014885367662590854e-01
-6.557411133714722951e+00
-1.076029715279793963e+00
4.264180998221391405e+00
1.271136775958371601e+00
2.056687452959158779e+00
2.055929081020282378e+00
-2.016493821962132227e+00
1.849305002379774132e-01
-5.959354842613352687e+00
2.161492241525879265e+00
-2.044199048933807106e+00
2.111736876661137963e+00
-8.670982859145884847e-01
-1.793868072754632559e+00
-5.732806829034842178e-01
-3.620582995119655756e+00
-2.080921224172326500e+00
2.008331764049542834e+00
1.999368506448546912e+00
7.631529789843447542e-01
2.155711797251356643e+00
2.124713596861360632e+00
-1.890760624128394740e+00
-6.460390533880862041e-01
-2.067626534964681184e+00
2.028826152900053081e+00
5.262861354956522852e+00
1.925074325348719473e+00
1.957191051440335006e+00
1.369183306810743517e+00
-1.754030764593762726e+00
2.020807464744245330e+00
1.857279485802020957e+00
2.022597204260640602e+00
2.915897495454591315e-01
1.840674213333824083e+00
3.220586478842574429e+00
-6.343803971969338207e+00
2.062328319581375524e+00
3.044973341450465831e+00
1.460573480597698870e+00
1.399047024583031318e+00
-2.018780646854534844e+00
1.805540461288100751e+00
2.132710883479310038e+00
2.383996756142630957e+00
2.094120785445055422e+00
1.867958998233325119e+00
-1.949531319974803889e+00
1.178068817650823386e+00
2.234323255838511990e+00
-5.797243780085363785e-01
2.079234680076961883e+00
2.327364803403980886e+00
1.836115124466055182e+00
1.969904434582884001e+00
-1.233497760879356919e+00
1.200291472372571278e+00
1.870204625872381676e+00
1.723563950453127713e+00
1.885616624844004052e+00
2.270217407502760132e+00
-1.905506751028214207e+00
3.257829700709948817e+00
-4.253062696479197879e-01
2.120825161563379080e+00
-3.797116551635018600e-02
-2.042543785538514900e+00
-1.962388967466649259e+00
-6.067546817150117899e-01
7.897657993561363554e+00
1.267526721888680985e+00
